[2022-11-28T23:47:11.467+0000] {processor.py:154} INFO - Started process (PID=188) to work on /opt/airflow/dags/twitter_dags.py
[2022-11-28T23:47:11.468+0000] {processor.py:756} INFO - Processing file /opt/airflow/dags/twitter_dags.py for tasks to queue
[2022-11-28T23:47:11.468+0000] {logging_mixin.py:137} INFO - [2022-11-28T23:47:11.468+0000] {dagbag.py:537} INFO - Filling up the DagBag from /opt/airflow/dags/twitter_dags.py
[2022-11-28T23:47:11.499+0000] {processor.py:766} INFO - DAG(s) dict_keys(['twitter_etl']) retrieved from /opt/airflow/dags/twitter_dags.py
[2022-11-28T23:47:11.711+0000] {logging_mixin.py:137} INFO - [2022-11-28T23:47:11.711+0000] {manager.py:507} INFO - Created Permission View: can delete on DAG:twitter_etl
[2022-11-28T23:47:11.724+0000] {logging_mixin.py:137} INFO - [2022-11-28T23:47:11.724+0000] {manager.py:507} INFO - Created Permission View: can edit on DAG:twitter_etl
[2022-11-28T23:47:11.733+0000] {logging_mixin.py:137} INFO - [2022-11-28T23:47:11.733+0000] {manager.py:507} INFO - Created Permission View: can read on DAG:twitter_etl
[2022-11-28T23:47:11.734+0000] {logging_mixin.py:137} INFO - [2022-11-28T23:47:11.734+0000] {dag.py:2585} INFO - Sync 1 DAGs
[2022-11-28T23:47:11.747+0000] {logging_mixin.py:137} INFO - [2022-11-28T23:47:11.747+0000] {dag.py:2606} INFO - Creating ORM DAG for twitter_etl
[2022-11-28T23:47:11.759+0000] {logging_mixin.py:137} INFO - [2022-11-28T23:47:11.759+0000] {dag.py:3340} INFO - Setting next_dagrun for twitter_etl to 2022-11-28T23:42:11.758931+00:00, run_after=2022-11-28T23:47:11.758931+00:00
[2022-11-28T23:47:11.778+0000] {processor.py:176} INFO - Processing /opt/airflow/dags/twitter_dags.py took 0.313 seconds
[2022-11-28T23:47:41.916+0000] {processor.py:154} INFO - Started process (PID=224) to work on /opt/airflow/dags/twitter_dags.py
[2022-11-28T23:47:41.917+0000] {processor.py:756} INFO - Processing file /opt/airflow/dags/twitter_dags.py for tasks to queue
[2022-11-28T23:47:41.918+0000] {logging_mixin.py:137} INFO - [2022-11-28T23:47:41.918+0000] {dagbag.py:537} INFO - Filling up the DagBag from /opt/airflow/dags/twitter_dags.py
[2022-11-28T23:47:41.950+0000] {processor.py:766} INFO - DAG(s) dict_keys(['twitter_etl']) retrieved from /opt/airflow/dags/twitter_dags.py
[2022-11-28T23:47:42.057+0000] {logging_mixin.py:137} INFO - [2022-11-28T23:47:42.056+0000] {dag.py:2585} INFO - Sync 1 DAGs
[2022-11-28T23:47:42.103+0000] {logging_mixin.py:137} INFO - [2022-11-28T23:47:42.103+0000] {dag.py:3340} INFO - Setting next_dagrun for twitter_etl to 2022-11-28T23:47:11.758931+00:00, run_after=2022-11-28T23:52:11.758931+00:00
[2022-11-28T23:47:42.146+0000] {processor.py:176} INFO - Processing /opt/airflow/dags/twitter_dags.py took 0.239 seconds
[2022-11-28T23:48:12.283+0000] {processor.py:154} INFO - Started process (PID=257) to work on /opt/airflow/dags/twitter_dags.py
[2022-11-28T23:48:12.284+0000] {processor.py:756} INFO - Processing file /opt/airflow/dags/twitter_dags.py for tasks to queue
[2022-11-28T23:48:12.284+0000] {logging_mixin.py:137} INFO - [2022-11-28T23:48:12.284+0000] {dagbag.py:537} INFO - Filling up the DagBag from /opt/airflow/dags/twitter_dags.py
[2022-11-28T23:48:12.295+0000] {processor.py:766} INFO - DAG(s) dict_keys(['twitter_etl']) retrieved from /opt/airflow/dags/twitter_dags.py
[2022-11-28T23:48:12.329+0000] {logging_mixin.py:137} INFO - [2022-11-28T23:48:12.328+0000] {dag.py:2585} INFO - Sync 1 DAGs
[2022-11-28T23:48:12.354+0000] {logging_mixin.py:137} INFO - [2022-11-28T23:48:12.354+0000] {dag.py:3340} INFO - Setting next_dagrun for twitter_etl to 2022-11-28T23:47:11.758931+00:00, run_after=2022-11-28T23:52:11.758931+00:00
[2022-11-28T23:48:12.374+0000] {processor.py:176} INFO - Processing /opt/airflow/dags/twitter_dags.py took 0.093 seconds
[2022-11-28T23:48:42.397+0000] {processor.py:154} INFO - Started process (PID=283) to work on /opt/airflow/dags/twitter_dags.py
[2022-11-28T23:48:42.397+0000] {processor.py:756} INFO - Processing file /opt/airflow/dags/twitter_dags.py for tasks to queue
[2022-11-28T23:48:42.398+0000] {logging_mixin.py:137} INFO - [2022-11-28T23:48:42.398+0000] {dagbag.py:537} INFO - Filling up the DagBag from /opt/airflow/dags/twitter_dags.py
[2022-11-28T23:48:42.409+0000] {processor.py:766} INFO - DAG(s) dict_keys(['twitter_etl']) retrieved from /opt/airflow/dags/twitter_dags.py
[2022-11-28T23:48:42.441+0000] {logging_mixin.py:137} INFO - [2022-11-28T23:48:42.441+0000] {dag.py:2585} INFO - Sync 1 DAGs
[2022-11-28T23:48:42.467+0000] {logging_mixin.py:137} INFO - [2022-11-28T23:48:42.467+0000] {dag.py:3340} INFO - Setting next_dagrun for twitter_etl to 2022-11-28T23:47:11.758931+00:00, run_after=2022-11-28T23:52:11.758931+00:00
[2022-11-28T23:48:42.485+0000] {processor.py:176} INFO - Processing /opt/airflow/dags/twitter_dags.py took 0.090 seconds
[2022-11-28T23:49:12.589+0000] {processor.py:154} INFO - Started process (PID=315) to work on /opt/airflow/dags/twitter_dags.py
[2022-11-28T23:49:12.590+0000] {processor.py:756} INFO - Processing file /opt/airflow/dags/twitter_dags.py for tasks to queue
[2022-11-28T23:49:12.591+0000] {logging_mixin.py:137} INFO - [2022-11-28T23:49:12.591+0000] {dagbag.py:537} INFO - Filling up the DagBag from /opt/airflow/dags/twitter_dags.py
[2022-11-28T23:49:12.601+0000] {processor.py:766} INFO - DAG(s) dict_keys(['twitter_etl']) retrieved from /opt/airflow/dags/twitter_dags.py
[2022-11-28T23:49:12.633+0000] {logging_mixin.py:137} INFO - [2022-11-28T23:49:12.633+0000] {dag.py:2585} INFO - Sync 1 DAGs
[2022-11-28T23:49:12.659+0000] {logging_mixin.py:137} INFO - [2022-11-28T23:49:12.659+0000] {dag.py:3340} INFO - Setting next_dagrun for twitter_etl to 2022-11-28T23:47:11.758931+00:00, run_after=2022-11-28T23:52:11.758931+00:00
[2022-11-28T23:49:12.675+0000] {processor.py:176} INFO - Processing /opt/airflow/dags/twitter_dags.py took 0.087 seconds
[2022-11-28T23:49:42.718+0000] {processor.py:154} INFO - Started process (PID=347) to work on /opt/airflow/dags/twitter_dags.py
[2022-11-28T23:49:42.718+0000] {processor.py:756} INFO - Processing file /opt/airflow/dags/twitter_dags.py for tasks to queue
[2022-11-28T23:49:42.718+0000] {logging_mixin.py:137} INFO - [2022-11-28T23:49:42.718+0000] {dagbag.py:537} INFO - Filling up the DagBag from /opt/airflow/dags/twitter_dags.py
[2022-11-28T23:49:42.736+0000] {processor.py:766} INFO - DAG(s) dict_keys(['twitter_etl']) retrieved from /opt/airflow/dags/twitter_dags.py
[2022-11-28T23:49:42.787+0000] {logging_mixin.py:137} INFO - [2022-11-28T23:49:42.787+0000] {dag.py:2585} INFO - Sync 1 DAGs
[2022-11-28T23:49:42.827+0000] {logging_mixin.py:137} INFO - [2022-11-28T23:49:42.826+0000] {dag.py:3340} INFO - Setting next_dagrun for twitter_etl to 2022-11-28T23:47:11.758931+00:00, run_after=2022-11-28T23:52:11.758931+00:00
[2022-11-28T23:49:42.853+0000] {processor.py:176} INFO - Processing /opt/airflow/dags/twitter_dags.py took 0.138 seconds
[2022-11-28T23:50:12.899+0000] {processor.py:154} INFO - Started process (PID=370) to work on /opt/airflow/dags/twitter_dags.py
[2022-11-28T23:50:12.900+0000] {processor.py:756} INFO - Processing file /opt/airflow/dags/twitter_dags.py for tasks to queue
[2022-11-28T23:50:12.900+0000] {logging_mixin.py:137} INFO - [2022-11-28T23:50:12.900+0000] {dagbag.py:537} INFO - Filling up the DagBag from /opt/airflow/dags/twitter_dags.py
[2022-11-28T23:50:12.913+0000] {processor.py:766} INFO - DAG(s) dict_keys(['twitter_etl']) retrieved from /opt/airflow/dags/twitter_dags.py
[2022-11-28T23:50:12.950+0000] {logging_mixin.py:137} INFO - [2022-11-28T23:50:12.950+0000] {dag.py:2585} INFO - Sync 1 DAGs
[2022-11-28T23:50:12.980+0000] {logging_mixin.py:137} INFO - [2022-11-28T23:50:12.980+0000] {dag.py:3340} INFO - Setting next_dagrun for twitter_etl to 2022-11-28T23:47:11.758931+00:00, run_after=2022-11-28T23:52:11.758931+00:00
[2022-11-28T23:50:13.002+0000] {processor.py:176} INFO - Processing /opt/airflow/dags/twitter_dags.py took 0.106 seconds
[2022-11-28T23:50:43.073+0000] {processor.py:154} INFO - Started process (PID=402) to work on /opt/airflow/dags/twitter_dags.py
[2022-11-28T23:50:43.073+0000] {processor.py:756} INFO - Processing file /opt/airflow/dags/twitter_dags.py for tasks to queue
[2022-11-28T23:50:43.073+0000] {logging_mixin.py:137} INFO - [2022-11-28T23:50:43.073+0000] {dagbag.py:537} INFO - Filling up the DagBag from /opt/airflow/dags/twitter_dags.py
[2022-11-28T23:50:43.084+0000] {processor.py:766} INFO - DAG(s) dict_keys(['twitter_etl']) retrieved from /opt/airflow/dags/twitter_dags.py
[2022-11-28T23:50:43.120+0000] {logging_mixin.py:137} INFO - [2022-11-28T23:50:43.120+0000] {dag.py:2585} INFO - Sync 1 DAGs
[2022-11-28T23:50:43.146+0000] {logging_mixin.py:137} INFO - [2022-11-28T23:50:43.146+0000] {dag.py:3340} INFO - Setting next_dagrun for twitter_etl to 2022-11-28T23:47:11.758931+00:00, run_after=2022-11-28T23:52:11.758931+00:00
[2022-11-28T23:50:43.164+0000] {processor.py:176} INFO - Processing /opt/airflow/dags/twitter_dags.py took 0.093 seconds
[2022-11-28T23:51:13.230+0000] {processor.py:154} INFO - Started process (PID=425) to work on /opt/airflow/dags/twitter_dags.py
[2022-11-28T23:51:13.231+0000] {processor.py:756} INFO - Processing file /opt/airflow/dags/twitter_dags.py for tasks to queue
[2022-11-28T23:51:13.231+0000] {logging_mixin.py:137} INFO - [2022-11-28T23:51:13.231+0000] {dagbag.py:537} INFO - Filling up the DagBag from /opt/airflow/dags/twitter_dags.py
[2022-11-28T23:51:13.244+0000] {processor.py:766} INFO - DAG(s) dict_keys(['twitter_etl']) retrieved from /opt/airflow/dags/twitter_dags.py
[2022-11-28T23:51:13.312+0000] {logging_mixin.py:137} INFO - [2022-11-28T23:51:13.311+0000] {dag.py:2585} INFO - Sync 1 DAGs
[2022-11-28T23:51:13.372+0000] {logging_mixin.py:137} INFO - [2022-11-28T23:51:13.372+0000] {dag.py:3340} INFO - Setting next_dagrun for twitter_etl to 2022-11-28T23:47:11.758931+00:00, run_after=2022-11-28T23:52:11.758931+00:00
[2022-11-28T23:51:13.395+0000] {processor.py:176} INFO - Processing /opt/airflow/dags/twitter_dags.py took 0.167 seconds
[2022-11-28T23:51:43.500+0000] {processor.py:154} INFO - Started process (PID=457) to work on /opt/airflow/dags/twitter_dags.py
[2022-11-28T23:51:43.501+0000] {processor.py:756} INFO - Processing file /opt/airflow/dags/twitter_dags.py for tasks to queue
[2022-11-28T23:51:43.501+0000] {logging_mixin.py:137} INFO - [2022-11-28T23:51:43.501+0000] {dagbag.py:537} INFO - Filling up the DagBag from /opt/airflow/dags/twitter_dags.py
[2022-11-28T23:51:43.515+0000] {processor.py:766} INFO - DAG(s) dict_keys(['twitter_etl']) retrieved from /opt/airflow/dags/twitter_dags.py
[2022-11-28T23:51:43.551+0000] {logging_mixin.py:137} INFO - [2022-11-28T23:51:43.551+0000] {dag.py:2585} INFO - Sync 1 DAGs
[2022-11-28T23:51:43.578+0000] {logging_mixin.py:137} INFO - [2022-11-28T23:51:43.578+0000] {dag.py:3340} INFO - Setting next_dagrun for twitter_etl to 2022-11-28T23:47:11.758931+00:00, run_after=2022-11-28T23:52:11.758931+00:00
[2022-11-28T23:51:43.603+0000] {processor.py:176} INFO - Processing /opt/airflow/dags/twitter_dags.py took 0.104 seconds
[2022-11-28T23:52:13.634+0000] {processor.py:154} INFO - Started process (PID=492) to work on /opt/airflow/dags/twitter_dags.py
[2022-11-28T23:52:13.635+0000] {processor.py:756} INFO - Processing file /opt/airflow/dags/twitter_dags.py for tasks to queue
[2022-11-28T23:52:13.636+0000] {logging_mixin.py:137} INFO - [2022-11-28T23:52:13.635+0000] {dagbag.py:537} INFO - Filling up the DagBag from /opt/airflow/dags/twitter_dags.py
[2022-11-28T23:52:13.648+0000] {processor.py:766} INFO - DAG(s) dict_keys(['twitter_etl']) retrieved from /opt/airflow/dags/twitter_dags.py
[2022-11-28T23:52:13.686+0000] {logging_mixin.py:137} INFO - [2022-11-28T23:52:13.685+0000] {dag.py:2585} INFO - Sync 1 DAGs
[2022-11-28T23:52:13.714+0000] {logging_mixin.py:137} INFO - [2022-11-28T23:52:13.714+0000] {dag.py:3340} INFO - Setting next_dagrun for twitter_etl to 2022-11-28T23:52:11.758931+00:00, run_after=2022-11-28T23:57:11.758931+00:00
[2022-11-28T23:52:13.736+0000] {processor.py:176} INFO - Processing /opt/airflow/dags/twitter_dags.py took 0.104 seconds
[2022-11-28T23:52:43.824+0000] {processor.py:154} INFO - Started process (PID=515) to work on /opt/airflow/dags/twitter_dags.py
[2022-11-28T23:52:43.827+0000] {processor.py:756} INFO - Processing file /opt/airflow/dags/twitter_dags.py for tasks to queue
[2022-11-28T23:52:43.828+0000] {logging_mixin.py:137} INFO - [2022-11-28T23:52:43.828+0000] {dagbag.py:537} INFO - Filling up the DagBag from /opt/airflow/dags/twitter_dags.py
[2022-11-28T23:52:43.840+0000] {processor.py:766} INFO - DAG(s) dict_keys(['twitter_etl']) retrieved from /opt/airflow/dags/twitter_dags.py
[2022-11-28T23:52:43.874+0000] {logging_mixin.py:137} INFO - [2022-11-28T23:52:43.874+0000] {dag.py:2585} INFO - Sync 1 DAGs
[2022-11-28T23:52:43.900+0000] {logging_mixin.py:137} INFO - [2022-11-28T23:52:43.900+0000] {dag.py:3340} INFO - Setting next_dagrun for twitter_etl to 2022-11-28T23:52:11.758931+00:00, run_after=2022-11-28T23:57:11.758931+00:00
[2022-11-28T23:52:43.922+0000] {processor.py:176} INFO - Processing /opt/airflow/dags/twitter_dags.py took 0.101 seconds
[2022-11-28T23:53:13.954+0000] {processor.py:154} INFO - Started process (PID=550) to work on /opt/airflow/dags/twitter_dags.py
[2022-11-28T23:53:13.955+0000] {processor.py:756} INFO - Processing file /opt/airflow/dags/twitter_dags.py for tasks to queue
[2022-11-28T23:53:13.956+0000] {logging_mixin.py:137} INFO - [2022-11-28T23:53:13.955+0000] {dagbag.py:537} INFO - Filling up the DagBag from /opt/airflow/dags/twitter_dags.py
[2022-11-28T23:53:13.966+0000] {processor.py:766} INFO - DAG(s) dict_keys(['twitter_etl']) retrieved from /opt/airflow/dags/twitter_dags.py
[2022-11-28T23:53:13.999+0000] {logging_mixin.py:137} INFO - [2022-11-28T23:53:13.999+0000] {dag.py:2585} INFO - Sync 1 DAGs
[2022-11-28T23:53:14.023+0000] {logging_mixin.py:137} INFO - [2022-11-28T23:53:14.023+0000] {dag.py:3340} INFO - Setting next_dagrun for twitter_etl to 2022-11-28T23:52:11.758931+00:00, run_after=2022-11-28T23:57:11.758931+00:00
[2022-11-28T23:53:14.041+0000] {processor.py:176} INFO - Processing /opt/airflow/dags/twitter_dags.py took 0.088 seconds
[2022-11-28T23:53:44.131+0000] {processor.py:154} INFO - Started process (PID=573) to work on /opt/airflow/dags/twitter_dags.py
[2022-11-28T23:53:44.132+0000] {processor.py:756} INFO - Processing file /opt/airflow/dags/twitter_dags.py for tasks to queue
[2022-11-28T23:53:44.132+0000] {logging_mixin.py:137} INFO - [2022-11-28T23:53:44.132+0000] {dagbag.py:537} INFO - Filling up the DagBag from /opt/airflow/dags/twitter_dags.py
[2022-11-28T23:53:44.146+0000] {processor.py:766} INFO - DAG(s) dict_keys(['twitter_etl']) retrieved from /opt/airflow/dags/twitter_dags.py
[2022-11-28T23:53:44.182+0000] {logging_mixin.py:137} INFO - [2022-11-28T23:53:44.182+0000] {dag.py:2585} INFO - Sync 1 DAGs
[2022-11-28T23:53:44.212+0000] {logging_mixin.py:137} INFO - [2022-11-28T23:53:44.212+0000] {dag.py:3340} INFO - Setting next_dagrun for twitter_etl to 2022-11-28T23:52:11.758931+00:00, run_after=2022-11-28T23:57:11.758931+00:00
[2022-11-28T23:53:44.234+0000] {processor.py:176} INFO - Processing /opt/airflow/dags/twitter_dags.py took 0.106 seconds
[2022-11-28T23:54:14.256+0000] {processor.py:154} INFO - Started process (PID=605) to work on /opt/airflow/dags/twitter_dags.py
[2022-11-28T23:54:14.257+0000] {processor.py:756} INFO - Processing file /opt/airflow/dags/twitter_dags.py for tasks to queue
[2022-11-28T23:54:14.257+0000] {logging_mixin.py:137} INFO - [2022-11-28T23:54:14.257+0000] {dagbag.py:537} INFO - Filling up the DagBag from /opt/airflow/dags/twitter_dags.py
[2022-11-28T23:54:14.269+0000] {processor.py:766} INFO - DAG(s) dict_keys(['twitter_etl']) retrieved from /opt/airflow/dags/twitter_dags.py
[2022-11-28T23:54:14.306+0000] {logging_mixin.py:137} INFO - [2022-11-28T23:54:14.305+0000] {dag.py:2585} INFO - Sync 1 DAGs
[2022-11-28T23:54:14.334+0000] {logging_mixin.py:137} INFO - [2022-11-28T23:54:14.334+0000] {dag.py:3340} INFO - Setting next_dagrun for twitter_etl to 2022-11-28T23:52:11.758931+00:00, run_after=2022-11-28T23:57:11.758931+00:00
[2022-11-28T23:54:14.354+0000] {processor.py:176} INFO - Processing /opt/airflow/dags/twitter_dags.py took 0.100 seconds
[2022-11-28T23:54:44.461+0000] {processor.py:154} INFO - Started process (PID=637) to work on /opt/airflow/dags/twitter_dags.py
[2022-11-28T23:54:44.462+0000] {processor.py:756} INFO - Processing file /opt/airflow/dags/twitter_dags.py for tasks to queue
[2022-11-28T23:54:44.462+0000] {logging_mixin.py:137} INFO - [2022-11-28T23:54:44.462+0000] {dagbag.py:537} INFO - Filling up the DagBag from /opt/airflow/dags/twitter_dags.py
[2022-11-28T23:54:44.473+0000] {processor.py:766} INFO - DAG(s) dict_keys(['twitter_etl']) retrieved from /opt/airflow/dags/twitter_dags.py
[2022-11-28T23:54:44.504+0000] {logging_mixin.py:137} INFO - [2022-11-28T23:54:44.504+0000] {dag.py:2585} INFO - Sync 1 DAGs
[2022-11-28T23:54:44.530+0000] {logging_mixin.py:137} INFO - [2022-11-28T23:54:44.529+0000] {dag.py:3340} INFO - Setting next_dagrun for twitter_etl to 2022-11-28T23:52:11.758931+00:00, run_after=2022-11-28T23:57:11.758931+00:00
[2022-11-28T23:54:44.547+0000] {processor.py:176} INFO - Processing /opt/airflow/dags/twitter_dags.py took 0.088 seconds
[2022-11-28T23:55:14.580+0000] {processor.py:154} INFO - Started process (PID=660) to work on /opt/airflow/dags/twitter_dags.py
[2022-11-28T23:55:14.581+0000] {processor.py:756} INFO - Processing file /opt/airflow/dags/twitter_dags.py for tasks to queue
[2022-11-28T23:55:14.581+0000] {logging_mixin.py:137} INFO - [2022-11-28T23:55:14.581+0000] {dagbag.py:537} INFO - Filling up the DagBag from /opt/airflow/dags/twitter_dags.py
[2022-11-28T23:55:14.592+0000] {processor.py:766} INFO - DAG(s) dict_keys(['twitter_etl']) retrieved from /opt/airflow/dags/twitter_dags.py
[2022-11-28T23:55:14.625+0000] {logging_mixin.py:137} INFO - [2022-11-28T23:55:14.625+0000] {dag.py:2585} INFO - Sync 1 DAGs
[2022-11-28T23:55:14.650+0000] {logging_mixin.py:137} INFO - [2022-11-28T23:55:14.650+0000] {dag.py:3340} INFO - Setting next_dagrun for twitter_etl to 2022-11-28T23:52:11.758931+00:00, run_after=2022-11-28T23:57:11.758931+00:00
[2022-11-28T23:55:14.669+0000] {processor.py:176} INFO - Processing /opt/airflow/dags/twitter_dags.py took 0.091 seconds
[2022-11-28T23:55:44.760+0000] {processor.py:154} INFO - Started process (PID=692) to work on /opt/airflow/dags/twitter_dags.py
[2022-11-28T23:55:44.760+0000] {processor.py:756} INFO - Processing file /opt/airflow/dags/twitter_dags.py for tasks to queue
[2022-11-28T23:55:44.761+0000] {logging_mixin.py:137} INFO - [2022-11-28T23:55:44.761+0000] {dagbag.py:537} INFO - Filling up the DagBag from /opt/airflow/dags/twitter_dags.py
[2022-11-28T23:55:44.771+0000] {processor.py:766} INFO - DAG(s) dict_keys(['twitter_etl']) retrieved from /opt/airflow/dags/twitter_dags.py
[2022-11-28T23:55:44.803+0000] {logging_mixin.py:137} INFO - [2022-11-28T23:55:44.803+0000] {dag.py:2585} INFO - Sync 1 DAGs
[2022-11-28T23:55:44.828+0000] {logging_mixin.py:137} INFO - [2022-11-28T23:55:44.828+0000] {dag.py:3340} INFO - Setting next_dagrun for twitter_etl to 2022-11-28T23:52:11.758931+00:00, run_after=2022-11-28T23:57:11.758931+00:00
[2022-11-28T23:55:44.847+0000] {processor.py:176} INFO - Processing /opt/airflow/dags/twitter_dags.py took 0.089 seconds
[2022-11-28T23:56:14.878+0000] {processor.py:154} INFO - Started process (PID=724) to work on /opt/airflow/dags/twitter_dags.py
[2022-11-28T23:56:14.879+0000] {processor.py:756} INFO - Processing file /opt/airflow/dags/twitter_dags.py for tasks to queue
[2022-11-28T23:56:14.879+0000] {logging_mixin.py:137} INFO - [2022-11-28T23:56:14.879+0000] {dagbag.py:537} INFO - Filling up the DagBag from /opt/airflow/dags/twitter_dags.py
[2022-11-28T23:56:14.891+0000] {processor.py:766} INFO - DAG(s) dict_keys(['twitter_etl']) retrieved from /opt/airflow/dags/twitter_dags.py
[2022-11-28T23:56:14.927+0000] {logging_mixin.py:137} INFO - [2022-11-28T23:56:14.927+0000] {dag.py:2585} INFO - Sync 1 DAGs
[2022-11-28T23:56:14.955+0000] {logging_mixin.py:137} INFO - [2022-11-28T23:56:14.955+0000] {dag.py:3340} INFO - Setting next_dagrun for twitter_etl to 2022-11-28T23:52:11.758931+00:00, run_after=2022-11-28T23:57:11.758931+00:00
[2022-11-28T23:56:14.977+0000] {processor.py:176} INFO - Processing /opt/airflow/dags/twitter_dags.py took 0.100 seconds
[2022-11-28T23:56:45.056+0000] {processor.py:154} INFO - Started process (PID=747) to work on /opt/airflow/dags/twitter_dags.py
[2022-11-28T23:56:45.057+0000] {processor.py:756} INFO - Processing file /opt/airflow/dags/twitter_dags.py for tasks to queue
[2022-11-28T23:56:45.057+0000] {logging_mixin.py:137} INFO - [2022-11-28T23:56:45.057+0000] {dagbag.py:537} INFO - Filling up the DagBag from /opt/airflow/dags/twitter_dags.py
[2022-11-28T23:56:45.069+0000] {processor.py:766} INFO - DAG(s) dict_keys(['twitter_etl']) retrieved from /opt/airflow/dags/twitter_dags.py
[2022-11-28T23:56:45.102+0000] {logging_mixin.py:137} INFO - [2022-11-28T23:56:45.102+0000] {dag.py:2585} INFO - Sync 1 DAGs
[2022-11-28T23:56:45.127+0000] {logging_mixin.py:137} INFO - [2022-11-28T23:56:45.127+0000] {dag.py:3340} INFO - Setting next_dagrun for twitter_etl to 2022-11-28T23:52:11.758931+00:00, run_after=2022-11-28T23:57:11.758931+00:00
[2022-11-28T23:56:45.145+0000] {processor.py:176} INFO - Processing /opt/airflow/dags/twitter_dags.py took 0.091 seconds
[2022-11-28T23:57:15.226+0000] {processor.py:154} INFO - Started process (PID=782) to work on /opt/airflow/dags/twitter_dags.py
[2022-11-28T23:57:15.226+0000] {processor.py:756} INFO - Processing file /opt/airflow/dags/twitter_dags.py for tasks to queue
[2022-11-28T23:57:15.227+0000] {logging_mixin.py:137} INFO - [2022-11-28T23:57:15.227+0000] {dagbag.py:537} INFO - Filling up the DagBag from /opt/airflow/dags/twitter_dags.py
[2022-11-28T23:57:15.240+0000] {processor.py:766} INFO - DAG(s) dict_keys(['twitter_etl']) retrieved from /opt/airflow/dags/twitter_dags.py
[2022-11-28T23:57:15.323+0000] {logging_mixin.py:137} INFO - [2022-11-28T23:57:15.323+0000] {dag.py:2585} INFO - Sync 1 DAGs
[2022-11-28T23:57:15.394+0000] {logging_mixin.py:137} INFO - [2022-11-28T23:57:15.394+0000] {dag.py:3340} INFO - Setting next_dagrun for twitter_etl to 2022-11-28T23:57:11.758931+00:00, run_after=2022-11-29T00:02:11.758931+00:00
[2022-11-28T23:57:15.417+0000] {processor.py:176} INFO - Processing /opt/airflow/dags/twitter_dags.py took 0.194 seconds
[2022-11-28T23:57:45.552+0000] {processor.py:154} INFO - Started process (PID=805) to work on /opt/airflow/dags/twitter_dags.py
[2022-11-28T23:57:45.553+0000] {processor.py:756} INFO - Processing file /opt/airflow/dags/twitter_dags.py for tasks to queue
[2022-11-28T23:57:45.553+0000] {logging_mixin.py:137} INFO - [2022-11-28T23:57:45.553+0000] {dagbag.py:537} INFO - Filling up the DagBag from /opt/airflow/dags/twitter_dags.py
[2022-11-28T23:57:45.566+0000] {processor.py:766} INFO - DAG(s) dict_keys(['twitter_etl']) retrieved from /opt/airflow/dags/twitter_dags.py
[2022-11-28T23:57:45.605+0000] {logging_mixin.py:137} INFO - [2022-11-28T23:57:45.605+0000] {dag.py:2585} INFO - Sync 1 DAGs
[2022-11-28T23:57:45.636+0000] {logging_mixin.py:137} INFO - [2022-11-28T23:57:45.636+0000] {dag.py:3340} INFO - Setting next_dagrun for twitter_etl to 2022-11-28T23:57:11.758931+00:00, run_after=2022-11-29T00:02:11.758931+00:00
[2022-11-28T23:57:45.659+0000] {processor.py:176} INFO - Processing /opt/airflow/dags/twitter_dags.py took 0.109 seconds
[2022-11-28T23:58:15.680+0000] {processor.py:154} INFO - Started process (PID=841) to work on /opt/airflow/dags/twitter_dags.py
[2022-11-28T23:58:15.681+0000] {processor.py:756} INFO - Processing file /opt/airflow/dags/twitter_dags.py for tasks to queue
[2022-11-28T23:58:15.681+0000] {logging_mixin.py:137} INFO - [2022-11-28T23:58:15.681+0000] {dagbag.py:537} INFO - Filling up the DagBag from /opt/airflow/dags/twitter_dags.py
[2022-11-28T23:58:15.694+0000] {processor.py:766} INFO - DAG(s) dict_keys(['twitter_etl']) retrieved from /opt/airflow/dags/twitter_dags.py
[2022-11-28T23:58:15.730+0000] {logging_mixin.py:137} INFO - [2022-11-28T23:58:15.730+0000] {dag.py:2585} INFO - Sync 1 DAGs
[2022-11-28T23:58:15.758+0000] {logging_mixin.py:137} INFO - [2022-11-28T23:58:15.758+0000] {dag.py:3340} INFO - Setting next_dagrun for twitter_etl to 2022-11-28T23:57:11.758931+00:00, run_after=2022-11-29T00:02:11.758931+00:00
[2022-11-28T23:58:15.781+0000] {processor.py:176} INFO - Processing /opt/airflow/dags/twitter_dags.py took 0.103 seconds
[2022-11-28T23:58:45.906+0000] {processor.py:154} INFO - Started process (PID=864) to work on /opt/airflow/dags/twitter_dags.py
[2022-11-28T23:58:45.907+0000] {processor.py:756} INFO - Processing file /opt/airflow/dags/twitter_dags.py for tasks to queue
[2022-11-28T23:58:45.907+0000] {logging_mixin.py:137} INFO - [2022-11-28T23:58:45.907+0000] {dagbag.py:537} INFO - Filling up the DagBag from /opt/airflow/dags/twitter_dags.py
[2022-11-28T23:58:45.919+0000] {processor.py:766} INFO - DAG(s) dict_keys(['twitter_etl']) retrieved from /opt/airflow/dags/twitter_dags.py
[2022-11-28T23:58:45.956+0000] {logging_mixin.py:137} INFO - [2022-11-28T23:58:45.955+0000] {dag.py:2585} INFO - Sync 1 DAGs
[2022-11-28T23:58:45.985+0000] {logging_mixin.py:137} INFO - [2022-11-28T23:58:45.985+0000] {dag.py:3340} INFO - Setting next_dagrun for twitter_etl to 2022-11-28T23:57:11.758931+00:00, run_after=2022-11-29T00:02:11.758931+00:00
[2022-11-28T23:58:46.007+0000] {processor.py:176} INFO - Processing /opt/airflow/dags/twitter_dags.py took 0.103 seconds
[2022-11-28T23:59:16.034+0000] {processor.py:154} INFO - Started process (PID=896) to work on /opt/airflow/dags/twitter_dags.py
[2022-11-28T23:59:16.035+0000] {processor.py:756} INFO - Processing file /opt/airflow/dags/twitter_dags.py for tasks to queue
[2022-11-28T23:59:16.036+0000] {logging_mixin.py:137} INFO - [2022-11-28T23:59:16.036+0000] {dagbag.py:537} INFO - Filling up the DagBag from /opt/airflow/dags/twitter_dags.py
[2022-11-28T23:59:16.047+0000] {processor.py:766} INFO - DAG(s) dict_keys(['twitter_etl']) retrieved from /opt/airflow/dags/twitter_dags.py
[2022-11-28T23:59:16.083+0000] {logging_mixin.py:137} INFO - [2022-11-28T23:59:16.083+0000] {dag.py:2585} INFO - Sync 1 DAGs
[2022-11-28T23:59:16.111+0000] {logging_mixin.py:137} INFO - [2022-11-28T23:59:16.111+0000] {dag.py:3340} INFO - Setting next_dagrun for twitter_etl to 2022-11-28T23:57:11.758931+00:00, run_after=2022-11-29T00:02:11.758931+00:00
[2022-11-28T23:59:16.133+0000] {processor.py:176} INFO - Processing /opt/airflow/dags/twitter_dags.py took 0.101 seconds
[2022-11-28T23:59:46.231+0000] {processor.py:154} INFO - Started process (PID=928) to work on /opt/airflow/dags/twitter_dags.py
[2022-11-28T23:59:46.231+0000] {processor.py:756} INFO - Processing file /opt/airflow/dags/twitter_dags.py for tasks to queue
[2022-11-28T23:59:46.232+0000] {logging_mixin.py:137} INFO - [2022-11-28T23:59:46.232+0000] {dagbag.py:537} INFO - Filling up the DagBag from /opt/airflow/dags/twitter_dags.py
[2022-11-28T23:59:46.244+0000] {processor.py:766} INFO - DAG(s) dict_keys(['twitter_etl']) retrieved from /opt/airflow/dags/twitter_dags.py
[2022-11-28T23:59:46.279+0000] {logging_mixin.py:137} INFO - [2022-11-28T23:59:46.279+0000] {dag.py:2585} INFO - Sync 1 DAGs
[2022-11-28T23:59:46.308+0000] {logging_mixin.py:137} INFO - [2022-11-28T23:59:46.308+0000] {dag.py:3340} INFO - Setting next_dagrun for twitter_etl to 2022-11-28T23:57:11.758931+00:00, run_after=2022-11-29T00:02:11.758931+00:00
[2022-11-28T23:59:46.331+0000] {processor.py:176} INFO - Processing /opt/airflow/dags/twitter_dags.py took 0.102 seconds
