[2022-12-01T22:33:11.828+0000] {taskinstance.py:1165} INFO - Dependencies all met for <TaskInstance: twitter_etl.transform scheduled__2022-12-01T22:28:08.819916+00:00 [queued]>
[2022-12-01T22:33:11.837+0000] {taskinstance.py:1165} INFO - Dependencies all met for <TaskInstance: twitter_etl.transform scheduled__2022-12-01T22:28:08.819916+00:00 [queued]>
[2022-12-01T22:33:11.838+0000] {taskinstance.py:1362} INFO - 
--------------------------------------------------------------------------------
[2022-12-01T22:33:11.838+0000] {taskinstance.py:1363} INFO - Starting attempt 1 of 2
[2022-12-01T22:33:11.838+0000] {taskinstance.py:1364} INFO - 
--------------------------------------------------------------------------------
[2022-12-01T22:33:11.851+0000] {taskinstance.py:1383} INFO - Executing <Task(BashOperator): transform> on 2022-12-01 22:28:08.819916+00:00
[2022-12-01T22:33:11.855+0000] {standard_task_runner.py:55} INFO - Started process 3951 to run task
[2022-12-01T22:33:11.857+0000] {standard_task_runner.py:82} INFO - Running: ['***', 'tasks', 'run', 'twitter_etl', 'transform', 'scheduled__2022-12-01T22:28:08.819916+00:00', '--job-id', '883', '--raw', '--subdir', 'DAGS_FOLDER/twitter_dags.py', '--cfg-path', '/tmp/tmpl72idxn7']
[2022-12-01T22:33:11.858+0000] {standard_task_runner.py:83} INFO - Job 883: Subtask transform
[2022-12-01T22:33:11.908+0000] {task_command.py:376} INFO - Running <TaskInstance: twitter_etl.transform scheduled__2022-12-01T22:28:08.819916+00:00 [running]> on host e7b2a4ab9b7f
[2022-12-01T22:33:11.969+0000] {taskinstance.py:1590} INFO - Exporting the following env vars:
AIRFLOW_CTX_DAG_EMAIL=lambobr1994@gmail.com
AIRFLOW_CTX_DAG_OWNER=***
AIRFLOW_CTX_DAG_ID=twitter_etl
AIRFLOW_CTX_TASK_ID=transform
AIRFLOW_CTX_EXECUTION_DATE=2022-12-01T22:28:08.819916+00:00
AIRFLOW_CTX_TRY_NUMBER=1
AIRFLOW_CTX_DAG_RUN_ID=scheduled__2022-12-01T22:28:08.819916+00:00
[2022-12-01T22:33:11.969+0000] {subprocess.py:63} INFO - Tmp dir root location: 
 /tmp
[2022-12-01T22:33:11.970+0000] {subprocess.py:75} INFO - Running command: ['/bin/bash', '-c', 'python3 /opt/***/python_scripts/transform.py']
[2022-12-01T22:33:11.977+0000] {subprocess.py:86} INFO - Output:
[2022-12-01T22:33:14.249+0000] {subprocess.py:97} INFO - Command exited with return code 0
[2022-12-01T22:33:14.271+0000] {taskinstance.py:1401} INFO - Marking task as SUCCESS. dag_id=twitter_etl, task_id=transform, execution_date=20221201T222808, start_date=20221201T223311, end_date=20221201T223314
[2022-12-01T22:33:14.316+0000] {local_task_job.py:159} INFO - Task exited with return code 0
[2022-12-01T22:33:14.337+0000] {taskinstance.py:2623} INFO - 1 downstream tasks scheduled from follow-on schedule check
