[2022-11-29T12:47:27.846+0000] {taskinstance.py:1165} INFO - Dependencies all met for <TaskInstance: twitter_etl.extract scheduled__2022-11-29T12:42:26.841273+00:00 [queued]>
[2022-11-29T12:47:27.854+0000] {taskinstance.py:1165} INFO - Dependencies all met for <TaskInstance: twitter_etl.extract scheduled__2022-11-29T12:42:26.841273+00:00 [queued]>
[2022-11-29T12:47:27.854+0000] {taskinstance.py:1362} INFO - 
--------------------------------------------------------------------------------
[2022-11-29T12:47:27.854+0000] {taskinstance.py:1363} INFO - Starting attempt 1 of 2
[2022-11-29T12:47:27.855+0000] {taskinstance.py:1364} INFO - 
--------------------------------------------------------------------------------
[2022-11-29T12:47:27.868+0000] {taskinstance.py:1383} INFO - Executing <Task(BashOperator): extract> on 2022-11-29 12:42:26.841273+00:00
[2022-11-29T12:47:27.872+0000] {standard_task_runner.py:55} INFO - Started process 1013 to run task
[2022-11-29T12:47:27.874+0000] {standard_task_runner.py:82} INFO - Running: ['***', 'tasks', 'run', 'twitter_etl', 'extract', 'scheduled__2022-11-29T12:42:26.841273+00:00', '--job-id', '109', '--raw', '--subdir', 'DAGS_FOLDER/twitter_dags.py', '--cfg-path', '/tmp/tmpy_2i9pxe']
[2022-11-29T12:47:27.875+0000] {standard_task_runner.py:83} INFO - Job 109: Subtask extract
[2022-11-29T12:47:27.929+0000] {task_command.py:376} INFO - Running <TaskInstance: twitter_etl.extract scheduled__2022-11-29T12:42:26.841273+00:00 [running]> on host e7b2a4ab9b7f
[2022-11-29T12:47:27.989+0000] {taskinstance.py:1590} INFO - Exporting the following env vars:
AIRFLOW_CTX_DAG_EMAIL=lambobr1994@gmail.com
AIRFLOW_CTX_DAG_OWNER=***
AIRFLOW_CTX_DAG_ID=twitter_etl
AIRFLOW_CTX_TASK_ID=extract
AIRFLOW_CTX_EXECUTION_DATE=2022-11-29T12:42:26.841273+00:00
AIRFLOW_CTX_TRY_NUMBER=1
AIRFLOW_CTX_DAG_RUN_ID=scheduled__2022-11-29T12:42:26.841273+00:00
[2022-11-29T12:47:27.990+0000] {subprocess.py:63} INFO - Tmp dir root location: 
 /tmp
[2022-11-29T12:47:27.991+0000] {subprocess.py:75} INFO - Running command: ['/bin/bash', '-c', 'python3 /opt/***/python_scripts/extract.py']
[2022-11-29T12:47:28.000+0000] {subprocess.py:86} INFO - Output:
[2022-11-29T12:47:28.880+0000] {subprocess.py:97} INFO - Command exited with return code 0
[2022-11-29T12:47:28.904+0000] {taskinstance.py:1401} INFO - Marking task as SUCCESS. dag_id=twitter_etl, task_id=extract, execution_date=20221129T124226, start_date=20221129T124727, end_date=20221129T124728
[2022-11-29T12:47:28.929+0000] {local_task_job.py:159} INFO - Task exited with return code 0
[2022-11-29T12:47:28.961+0000] {taskinstance.py:2623} INFO - 1 downstream tasks scheduled from follow-on schedule check
