[2022-12-01T11:22:49.165+0000] {taskinstance.py:1165} INFO - Dependencies all met for <TaskInstance: twitter_etl.transform scheduled__2022-12-01T11:17:45.350332+00:00 [queued]>
[2022-12-01T11:22:49.176+0000] {taskinstance.py:1165} INFO - Dependencies all met for <TaskInstance: twitter_etl.transform scheduled__2022-12-01T11:17:45.350332+00:00 [queued]>
[2022-12-01T11:22:49.176+0000] {taskinstance.py:1362} INFO - 
--------------------------------------------------------------------------------
[2022-12-01T11:22:49.176+0000] {taskinstance.py:1363} INFO - Starting attempt 1 of 2
[2022-12-01T11:22:49.176+0000] {taskinstance.py:1364} INFO - 
--------------------------------------------------------------------------------
[2022-12-01T11:22:49.204+0000] {taskinstance.py:1383} INFO - Executing <Task(BashOperator): transform> on 2022-12-01 11:17:45.350332+00:00
[2022-12-01T11:22:49.209+0000] {standard_task_runner.py:55} INFO - Started process 231 to run task
[2022-12-01T11:22:49.212+0000] {standard_task_runner.py:82} INFO - Running: ['***', 'tasks', 'run', 'twitter_etl', 'transform', 'scheduled__2022-12-01T11:17:45.350332+00:00', '--job-id', '787', '--raw', '--subdir', 'DAGS_FOLDER/twitter_dags.py', '--cfg-path', '/tmp/tmpi0ikhif3']
[2022-12-01T11:22:49.213+0000] {standard_task_runner.py:83} INFO - Job 787: Subtask transform
[2022-12-01T11:22:49.276+0000] {task_command.py:376} INFO - Running <TaskInstance: twitter_etl.transform scheduled__2022-12-01T11:17:45.350332+00:00 [running]> on host e7b2a4ab9b7f
[2022-12-01T11:22:49.353+0000] {taskinstance.py:1590} INFO - Exporting the following env vars:
AIRFLOW_CTX_DAG_EMAIL=lambobr1994@gmail.com
AIRFLOW_CTX_DAG_OWNER=***
AIRFLOW_CTX_DAG_ID=twitter_etl
AIRFLOW_CTX_TASK_ID=transform
AIRFLOW_CTX_EXECUTION_DATE=2022-12-01T11:17:45.350332+00:00
AIRFLOW_CTX_TRY_NUMBER=1
AIRFLOW_CTX_DAG_RUN_ID=scheduled__2022-12-01T11:17:45.350332+00:00
[2022-12-01T11:22:49.354+0000] {subprocess.py:63} INFO - Tmp dir root location: 
 /tmp
[2022-12-01T11:22:49.355+0000] {subprocess.py:75} INFO - Running command: ['/bin/bash', '-c', 'python3 /opt/***/python_scripts/transform.py']
[2022-12-01T11:22:49.419+0000] {subprocess.py:86} INFO - Output:
[2022-12-01T11:22:52.572+0000] {subprocess.py:97} INFO - Command exited with return code 0
[2022-12-01T11:22:52.599+0000] {taskinstance.py:1401} INFO - Marking task as SUCCESS. dag_id=twitter_etl, task_id=transform, execution_date=20221201T111745, start_date=20221201T112249, end_date=20221201T112252
[2022-12-01T11:22:52.686+0000] {local_task_job.py:159} INFO - Task exited with return code 0
[2022-12-01T11:22:52.714+0000] {taskinstance.py:2623} INFO - 1 downstream tasks scheduled from follow-on schedule check
