[2022-11-29T12:57:29.419+0000] {taskinstance.py:1165} INFO - Dependencies all met for <TaskInstance: twitter_etl.transform scheduled__2022-11-29T12:52:26.841273+00:00 [queued]>
[2022-11-29T12:57:29.428+0000] {taskinstance.py:1165} INFO - Dependencies all met for <TaskInstance: twitter_etl.transform scheduled__2022-11-29T12:52:26.841273+00:00 [queued]>
[2022-11-29T12:57:29.428+0000] {taskinstance.py:1362} INFO - 
--------------------------------------------------------------------------------
[2022-11-29T12:57:29.428+0000] {taskinstance.py:1363} INFO - Starting attempt 1 of 2
[2022-11-29T12:57:29.428+0000] {taskinstance.py:1364} INFO - 
--------------------------------------------------------------------------------
[2022-11-29T12:57:29.442+0000] {taskinstance.py:1383} INFO - Executing <Task(BashOperator): transform> on 2022-11-29 12:52:26.841273+00:00
[2022-11-29T12:57:29.446+0000] {standard_task_runner.py:55} INFO - Started process 1620 to run task
[2022-11-29T12:57:29.448+0000] {standard_task_runner.py:82} INFO - Running: ['***', 'tasks', 'run', 'twitter_etl', 'transform', 'scheduled__2022-11-29T12:52:26.841273+00:00', '--job-id', '118', '--raw', '--subdir', 'DAGS_FOLDER/twitter_dags.py', '--cfg-path', '/tmp/tmpj74_pun6']
[2022-11-29T12:57:29.449+0000] {standard_task_runner.py:83} INFO - Job 118: Subtask transform
[2022-11-29T12:57:29.502+0000] {task_command.py:376} INFO - Running <TaskInstance: twitter_etl.transform scheduled__2022-11-29T12:52:26.841273+00:00 [running]> on host e7b2a4ab9b7f
[2022-11-29T12:57:29.559+0000] {taskinstance.py:1590} INFO - Exporting the following env vars:
AIRFLOW_CTX_DAG_EMAIL=lambobr1994@gmail.com
AIRFLOW_CTX_DAG_OWNER=***
AIRFLOW_CTX_DAG_ID=twitter_etl
AIRFLOW_CTX_TASK_ID=transform
AIRFLOW_CTX_EXECUTION_DATE=2022-11-29T12:52:26.841273+00:00
AIRFLOW_CTX_TRY_NUMBER=1
AIRFLOW_CTX_DAG_RUN_ID=scheduled__2022-11-29T12:52:26.841273+00:00
[2022-11-29T12:57:29.560+0000] {subprocess.py:63} INFO - Tmp dir root location: 
 /tmp
[2022-11-29T12:57:29.560+0000] {subprocess.py:75} INFO - Running command: ['/bin/bash', '-c', 'python3 /opt/***/python_scripts/transform.py']
[2022-11-29T12:57:29.568+0000] {subprocess.py:86} INFO - Output:
[2022-11-29T12:57:32.113+0000] {subprocess.py:97} INFO - Command exited with return code 0
[2022-11-29T12:57:32.136+0000] {taskinstance.py:1401} INFO - Marking task as SUCCESS. dag_id=twitter_etl, task_id=transform, execution_date=20221129T125226, start_date=20221129T125729, end_date=20221129T125732
[2022-11-29T12:57:32.189+0000] {local_task_job.py:159} INFO - Task exited with return code 0
[2022-11-29T12:57:32.210+0000] {taskinstance.py:2623} INFO - 1 downstream tasks scheduled from follow-on schedule check
