[2022-12-02T00:03:12.115+0000] {taskinstance.py:1165} INFO - Dependencies all met for <TaskInstance: twitter_etl.transform scheduled__2022-12-01T23:58:09.249269+00:00 [queued]>
[2022-12-02T00:03:12.123+0000] {taskinstance.py:1165} INFO - Dependencies all met for <TaskInstance: twitter_etl.transform scheduled__2022-12-01T23:58:09.249269+00:00 [queued]>
[2022-12-02T00:03:12.123+0000] {taskinstance.py:1362} INFO - 
--------------------------------------------------------------------------------
[2022-12-02T00:03:12.123+0000] {taskinstance.py:1363} INFO - Starting attempt 1 of 2
[2022-12-02T00:03:12.123+0000] {taskinstance.py:1364} INFO - 
--------------------------------------------------------------------------------
[2022-12-02T00:03:12.137+0000] {taskinstance.py:1383} INFO - Executing <Task(BashOperator): transform> on 2022-12-01 23:58:09.249269+00:00
[2022-12-02T00:03:12.141+0000] {standard_task_runner.py:55} INFO - Started process 9269 to run task
[2022-12-02T00:03:12.143+0000] {standard_task_runner.py:82} INFO - Running: ['***', 'tasks', 'run', 'twitter_etl', 'transform', 'scheduled__2022-12-01T23:58:09.249269+00:00', '--job-id', '955', '--raw', '--subdir', 'DAGS_FOLDER/twitter_dags.py', '--cfg-path', '/tmp/tmpsly13s1v']
[2022-12-02T00:03:12.144+0000] {standard_task_runner.py:83} INFO - Job 955: Subtask transform
[2022-12-02T00:03:12.295+0000] {task_command.py:376} INFO - Running <TaskInstance: twitter_etl.transform scheduled__2022-12-01T23:58:09.249269+00:00 [running]> on host e7b2a4ab9b7f
[2022-12-02T00:03:12.368+0000] {taskinstance.py:1590} INFO - Exporting the following env vars:
AIRFLOW_CTX_DAG_EMAIL=lambobr1994@gmail.com
AIRFLOW_CTX_DAG_OWNER=***
AIRFLOW_CTX_DAG_ID=twitter_etl
AIRFLOW_CTX_TASK_ID=transform
AIRFLOW_CTX_EXECUTION_DATE=2022-12-01T23:58:09.249269+00:00
AIRFLOW_CTX_TRY_NUMBER=1
AIRFLOW_CTX_DAG_RUN_ID=scheduled__2022-12-01T23:58:09.249269+00:00
[2022-12-02T00:03:12.369+0000] {subprocess.py:63} INFO - Tmp dir root location: 
 /tmp
[2022-12-02T00:03:12.369+0000] {subprocess.py:75} INFO - Running command: ['/bin/bash', '-c', 'python3 /opt/***/python_scripts/transform.py']
[2022-12-02T00:03:12.377+0000] {subprocess.py:86} INFO - Output:
[2022-12-02T00:03:15.606+0000] {subprocess.py:97} INFO - Command exited with return code 0
[2022-12-02T00:03:15.628+0000] {taskinstance.py:1401} INFO - Marking task as SUCCESS. dag_id=twitter_etl, task_id=transform, execution_date=20221201T235809, start_date=20221202T000312, end_date=20221202T000315
[2022-12-02T00:03:15.645+0000] {local_task_job.py:159} INFO - Task exited with return code 0
[2022-12-02T00:03:15.666+0000] {taskinstance.py:2623} INFO - 1 downstream tasks scheduled from follow-on schedule check
