[2022-12-01T14:50:22.559+0000] {taskinstance.py:1165} INFO - Dependencies all met for <TaskInstance: twitter_etl.transform scheduled__2022-12-01T14:45:18.290319+00:00 [queued]>
[2022-12-01T14:50:22.574+0000] {taskinstance.py:1165} INFO - Dependencies all met for <TaskInstance: twitter_etl.transform scheduled__2022-12-01T14:45:18.290319+00:00 [queued]>
[2022-12-01T14:50:22.574+0000] {taskinstance.py:1362} INFO - 
--------------------------------------------------------------------------------
[2022-12-01T14:50:22.574+0000] {taskinstance.py:1363} INFO - Starting attempt 1 of 2
[2022-12-01T14:50:22.574+0000] {taskinstance.py:1364} INFO - 
--------------------------------------------------------------------------------
[2022-12-01T14:50:22.593+0000] {taskinstance.py:1383} INFO - Executing <Task(BashOperator): transform> on 2022-12-01 14:45:18.290319+00:00
[2022-12-01T14:50:22.598+0000] {standard_task_runner.py:55} INFO - Started process 1679 to run task
[2022-12-01T14:50:22.601+0000] {standard_task_runner.py:82} INFO - Running: ['***', 'tasks', 'run', 'twitter_etl', 'transform', 'scheduled__2022-12-01T14:45:18.290319+00:00', '--job-id', '814', '--raw', '--subdir', 'DAGS_FOLDER/twitter_dags.py', '--cfg-path', '/tmp/tmp857vwov8']
[2022-12-01T14:50:22.603+0000] {standard_task_runner.py:83} INFO - Job 814: Subtask transform
[2022-12-01T14:50:22.679+0000] {task_command.py:376} INFO - Running <TaskInstance: twitter_etl.transform scheduled__2022-12-01T14:45:18.290319+00:00 [running]> on host e7b2a4ab9b7f
[2022-12-01T14:50:22.755+0000] {taskinstance.py:1590} INFO - Exporting the following env vars:
AIRFLOW_CTX_DAG_EMAIL=lambobr1994@gmail.com
AIRFLOW_CTX_DAG_OWNER=***
AIRFLOW_CTX_DAG_ID=twitter_etl
AIRFLOW_CTX_TASK_ID=transform
AIRFLOW_CTX_EXECUTION_DATE=2022-12-01T14:45:18.290319+00:00
AIRFLOW_CTX_TRY_NUMBER=1
AIRFLOW_CTX_DAG_RUN_ID=scheduled__2022-12-01T14:45:18.290319+00:00
[2022-12-01T14:50:22.755+0000] {subprocess.py:63} INFO - Tmp dir root location: 
 /tmp
[2022-12-01T14:50:22.756+0000] {subprocess.py:75} INFO - Running command: ['/bin/bash', '-c', 'python3 /opt/***/python_scripts/transform.py']
[2022-12-01T14:50:22.764+0000] {subprocess.py:86} INFO - Output:
[2022-12-01T14:50:34.266+0000] {subprocess.py:97} INFO - Command exited with return code 0
[2022-12-01T14:50:34.288+0000] {taskinstance.py:1401} INFO - Marking task as SUCCESS. dag_id=twitter_etl, task_id=transform, execution_date=20221201T144518, start_date=20221201T145022, end_date=20221201T145034
[2022-12-01T14:50:34.334+0000] {local_task_job.py:159} INFO - Task exited with return code 0
[2022-12-01T14:50:34.357+0000] {taskinstance.py:2623} INFO - 1 downstream tasks scheduled from follow-on schedule check
