[2022-11-29T00:40:18.249+0000] {taskinstance.py:1165} INFO - Dependencies all met for <TaskInstance: twitter_etl.extract manual__2022-11-29T00:40:17.409478+00:00 [queued]>
[2022-11-29T00:40:18.258+0000] {taskinstance.py:1165} INFO - Dependencies all met for <TaskInstance: twitter_etl.extract manual__2022-11-29T00:40:17.409478+00:00 [queued]>
[2022-11-29T00:40:18.258+0000] {taskinstance.py:1362} INFO - 
--------------------------------------------------------------------------------
[2022-11-29T00:40:18.258+0000] {taskinstance.py:1363} INFO - Starting attempt 1 of 2
[2022-11-29T00:40:18.259+0000] {taskinstance.py:1364} INFO - 
--------------------------------------------------------------------------------
[2022-11-29T00:40:18.278+0000] {taskinstance.py:1383} INFO - Executing <Task(BashOperator): extract> on 2022-11-29 00:40:17.409478+00:00
[2022-11-29T00:40:18.282+0000] {standard_task_runner.py:55} INFO - Started process 225 to run task
[2022-11-29T00:40:18.284+0000] {standard_task_runner.py:82} INFO - Running: ['***', 'tasks', 'run', 'twitter_etl', 'extract', 'manual__2022-11-29T00:40:17.409478+00:00', '--job-id', '4', '--raw', '--subdir', 'DAGS_FOLDER/twitter_dags.py', '--cfg-path', '/tmp/tmpk1dtvsjt']
[2022-11-29T00:40:18.285+0000] {standard_task_runner.py:83} INFO - Job 4: Subtask extract
[2022-11-29T00:40:18.341+0000] {task_command.py:376} INFO - Running <TaskInstance: twitter_etl.extract manual__2022-11-29T00:40:17.409478+00:00 [running]> on host 44d54c669ba0
[2022-11-29T00:40:18.414+0000] {taskinstance.py:1592} INFO - Exporting the following env vars:
AIRFLOW_CTX_DAG_EMAIL=lambobr1994@gmail.com
AIRFLOW_CTX_DAG_OWNER=***
AIRFLOW_CTX_DAG_ID=twitter_etl
AIRFLOW_CTX_TASK_ID=extract
AIRFLOW_CTX_EXECUTION_DATE=2022-11-29T00:40:17.409478+00:00
AIRFLOW_CTX_TRY_NUMBER=1
AIRFLOW_CTX_DAG_RUN_ID=manual__2022-11-29T00:40:17.409478+00:00
[2022-11-29T00:40:18.415+0000] {subprocess.py:63} INFO - Tmp dir root location: 
 /tmp
[2022-11-29T00:40:18.415+0000] {subprocess.py:75} INFO - Running command: ['/bin/bash', '-c', 'python3 ~/docker/dags/extract.py']
[2022-11-29T00:40:18.421+0000] {subprocess.py:86} INFO - Output:
[2022-11-29T00:40:18.508+0000] {subprocess.py:93} INFO - python3: can't open file '/home/***/docker/dags/extract.py': [Errno 2] No such file or directory
[2022-11-29T00:40:18.510+0000] {subprocess.py:97} INFO - Command exited with return code 2
[2022-11-29T00:40:18.520+0000] {taskinstance.py:1851} ERROR - Task failed with exception
Traceback (most recent call last):
  File "/home/airflow/.local/lib/python3.7/site-packages/airflow/operators/bash.py", line 197, in execute
    f'Bash command failed. The command returned a non-zero exit code {result.exit_code}.'
airflow.exceptions.AirflowException: Bash command failed. The command returned a non-zero exit code 2.
[2022-11-29T00:40:18.523+0000] {taskinstance.py:1406} INFO - Marking task as UP_FOR_RETRY. dag_id=twitter_etl, task_id=extract, execution_date=20221129T004017, start_date=20221129T004018, end_date=20221129T004018
[2022-11-29T00:40:18.538+0000] {standard_task_runner.py:105} ERROR - Failed to execute job 4 for task extract (Bash command failed. The command returned a non-zero exit code 2.; 225)
[2022-11-29T00:40:18.576+0000] {local_task_job.py:159} INFO - Task exited with return code 1
[2022-11-29T00:40:18.601+0000] {taskinstance.py:2623} INFO - 0 downstream tasks scheduled from follow-on schedule check
