[2022-11-29T22:49:24.203+0000] {taskinstance.py:1165} INFO - Dependencies all met for <TaskInstance: twitter_etl.extract scheduled__2022-11-29T22:44:23.124165+00:00 [queued]>
[2022-11-29T22:49:24.217+0000] {taskinstance.py:1165} INFO - Dependencies all met for <TaskInstance: twitter_etl.extract scheduled__2022-11-29T22:44:23.124165+00:00 [queued]>
[2022-11-29T22:49:24.217+0000] {taskinstance.py:1362} INFO - 
--------------------------------------------------------------------------------
[2022-11-29T22:49:24.217+0000] {taskinstance.py:1363} INFO - Starting attempt 1 of 2
[2022-11-29T22:49:24.217+0000] {taskinstance.py:1364} INFO - 
--------------------------------------------------------------------------------
[2022-11-29T22:49:24.240+0000] {taskinstance.py:1383} INFO - Executing <Task(BashOperator): extract> on 2022-11-29 22:44:23.124165+00:00
[2022-11-29T22:49:24.245+0000] {standard_task_runner.py:55} INFO - Started process 1809 to run task
[2022-11-29T22:49:24.248+0000] {standard_task_runner.py:82} INFO - Running: ['***', 'tasks', 'run', 'twitter_etl', 'extract', 'scheduled__2022-11-29T22:44:23.124165+00:00', '--job-id', '261', '--raw', '--subdir', 'DAGS_FOLDER/twitter_dags.py', '--cfg-path', '/tmp/tmpiuq7m9x2']
[2022-11-29T22:49:24.250+0000] {standard_task_runner.py:83} INFO - Job 261: Subtask extract
[2022-11-29T22:49:24.323+0000] {task_command.py:376} INFO - Running <TaskInstance: twitter_etl.extract scheduled__2022-11-29T22:44:23.124165+00:00 [running]> on host e7b2a4ab9b7f
[2022-11-29T22:49:24.419+0000] {taskinstance.py:1590} INFO - Exporting the following env vars:
AIRFLOW_CTX_DAG_EMAIL=lambobr1994@gmail.com
AIRFLOW_CTX_DAG_OWNER=***
AIRFLOW_CTX_DAG_ID=twitter_etl
AIRFLOW_CTX_TASK_ID=extract
AIRFLOW_CTX_EXECUTION_DATE=2022-11-29T22:44:23.124165+00:00
AIRFLOW_CTX_TRY_NUMBER=1
AIRFLOW_CTX_DAG_RUN_ID=scheduled__2022-11-29T22:44:23.124165+00:00
[2022-11-29T22:49:24.420+0000] {subprocess.py:63} INFO - Tmp dir root location: 
 /tmp
[2022-11-29T22:49:24.421+0000] {subprocess.py:75} INFO - Running command: ['/bin/bash', '-c', 'python3 /opt/***/python_scripts/extract.py']
[2022-11-29T22:49:24.432+0000] {subprocess.py:86} INFO - Output:
[2022-11-29T22:49:25.619+0000] {subprocess.py:97} INFO - Command exited with return code 0
[2022-11-29T22:49:25.652+0000] {taskinstance.py:1401} INFO - Marking task as SUCCESS. dag_id=twitter_etl, task_id=extract, execution_date=20221129T224423, start_date=20221129T224924, end_date=20221129T224925
[2022-11-29T22:49:25.706+0000] {local_task_job.py:159} INFO - Task exited with return code 0
[2022-11-29T22:49:25.735+0000] {taskinstance.py:2623} INFO - 1 downstream tasks scheduled from follow-on schedule check
