[2022-11-29T15:32:23.569+0000] {taskinstance.py:1165} INFO - Dependencies all met for <TaskInstance: twitter_etl.extract scheduled__2022-11-29T15:27:22.403059+00:00 [queued]>
[2022-11-29T15:32:23.583+0000] {taskinstance.py:1165} INFO - Dependencies all met for <TaskInstance: twitter_etl.extract scheduled__2022-11-29T15:27:22.403059+00:00 [queued]>
[2022-11-29T15:32:23.583+0000] {taskinstance.py:1362} INFO - 
--------------------------------------------------------------------------------
[2022-11-29T15:32:23.583+0000] {taskinstance.py:1363} INFO - Starting attempt 1 of 2
[2022-11-29T15:32:23.584+0000] {taskinstance.py:1364} INFO - 
--------------------------------------------------------------------------------
[2022-11-29T15:32:23.601+0000] {taskinstance.py:1383} INFO - Executing <Task(BashOperator): extract> on 2022-11-29 15:27:22.403059+00:00
[2022-11-29T15:32:23.605+0000] {standard_task_runner.py:55} INFO - Started process 655 to run task
[2022-11-29T15:32:23.607+0000] {standard_task_runner.py:82} INFO - Running: ['***', 'tasks', 'run', 'twitter_etl', 'extract', 'scheduled__2022-11-29T15:27:22.403059+00:00', '--job-id', '178', '--raw', '--subdir', 'DAGS_FOLDER/twitter_dags.py', '--cfg-path', '/tmp/tmp86uzhoaa']
[2022-11-29T15:32:23.609+0000] {standard_task_runner.py:83} INFO - Job 178: Subtask extract
[2022-11-29T15:32:23.668+0000] {task_command.py:376} INFO - Running <TaskInstance: twitter_etl.extract scheduled__2022-11-29T15:27:22.403059+00:00 [running]> on host e7b2a4ab9b7f
[2022-11-29T15:32:23.749+0000] {taskinstance.py:1590} INFO - Exporting the following env vars:
AIRFLOW_CTX_DAG_EMAIL=lambobr1994@gmail.com
AIRFLOW_CTX_DAG_OWNER=***
AIRFLOW_CTX_DAG_ID=twitter_etl
AIRFLOW_CTX_TASK_ID=extract
AIRFLOW_CTX_EXECUTION_DATE=2022-11-29T15:27:22.403059+00:00
AIRFLOW_CTX_TRY_NUMBER=1
AIRFLOW_CTX_DAG_RUN_ID=scheduled__2022-11-29T15:27:22.403059+00:00
[2022-11-29T15:32:23.750+0000] {subprocess.py:63} INFO - Tmp dir root location: 
 /tmp
[2022-11-29T15:32:23.751+0000] {subprocess.py:75} INFO - Running command: ['/bin/bash', '-c', 'python3 /opt/***/python_scripts/extract.py']
[2022-11-29T15:32:23.763+0000] {subprocess.py:86} INFO - Output:
[2022-11-29T15:32:24.705+0000] {subprocess.py:97} INFO - Command exited with return code 0
[2022-11-29T15:32:24.729+0000] {taskinstance.py:1401} INFO - Marking task as SUCCESS. dag_id=twitter_etl, task_id=extract, execution_date=20221129T152722, start_date=20221129T153223, end_date=20221129T153224
[2022-11-29T15:32:24.783+0000] {local_task_job.py:159} INFO - Task exited with return code 0
[2022-11-29T15:32:24.808+0000] {taskinstance.py:2623} INFO - 1 downstream tasks scheduled from follow-on schedule check
