[2022-11-29T15:52:25.040+0000] {taskinstance.py:1165} INFO - Dependencies all met for <TaskInstance: twitter_etl.transform scheduled__2022-11-29T15:47:22.403059+00:00 [queued]>
[2022-11-29T15:52:25.056+0000] {taskinstance.py:1165} INFO - Dependencies all met for <TaskInstance: twitter_etl.transform scheduled__2022-11-29T15:47:22.403059+00:00 [queued]>
[2022-11-29T15:52:25.056+0000] {taskinstance.py:1362} INFO - 
--------------------------------------------------------------------------------
[2022-11-29T15:52:25.056+0000] {taskinstance.py:1363} INFO - Starting attempt 1 of 2
[2022-11-29T15:52:25.056+0000] {taskinstance.py:1364} INFO - 
--------------------------------------------------------------------------------
[2022-11-29T15:52:25.080+0000] {taskinstance.py:1383} INFO - Executing <Task(BashOperator): transform> on 2022-11-29 15:47:22.403059+00:00
[2022-11-29T15:52:25.085+0000] {standard_task_runner.py:55} INFO - Started process 1836 to run task
[2022-11-29T15:52:25.087+0000] {standard_task_runner.py:82} INFO - Running: ['***', 'tasks', 'run', 'twitter_etl', 'transform', 'scheduled__2022-11-29T15:47:22.403059+00:00', '--job-id', '195', '--raw', '--subdir', 'DAGS_FOLDER/twitter_dags.py', '--cfg-path', '/tmp/tmpn7n2ezam']
[2022-11-29T15:52:25.089+0000] {standard_task_runner.py:83} INFO - Job 195: Subtask transform
[2022-11-29T15:52:25.147+0000] {task_command.py:376} INFO - Running <TaskInstance: twitter_etl.transform scheduled__2022-11-29T15:47:22.403059+00:00 [running]> on host e7b2a4ab9b7f
[2022-11-29T15:52:25.208+0000] {taskinstance.py:1590} INFO - Exporting the following env vars:
AIRFLOW_CTX_DAG_EMAIL=lambobr1994@gmail.com
AIRFLOW_CTX_DAG_OWNER=***
AIRFLOW_CTX_DAG_ID=twitter_etl
AIRFLOW_CTX_TASK_ID=transform
AIRFLOW_CTX_EXECUTION_DATE=2022-11-29T15:47:22.403059+00:00
AIRFLOW_CTX_TRY_NUMBER=1
AIRFLOW_CTX_DAG_RUN_ID=scheduled__2022-11-29T15:47:22.403059+00:00
[2022-11-29T15:52:25.209+0000] {subprocess.py:63} INFO - Tmp dir root location: 
 /tmp
[2022-11-29T15:52:25.209+0000] {subprocess.py:75} INFO - Running command: ['/bin/bash', '-c', 'python3 /opt/***/python_scripts/transform.py']
[2022-11-29T15:52:25.220+0000] {subprocess.py:86} INFO - Output:
[2022-11-29T15:52:28.116+0000] {subprocess.py:97} INFO - Command exited with return code 0
[2022-11-29T15:52:28.142+0000] {taskinstance.py:1401} INFO - Marking task as SUCCESS. dag_id=twitter_etl, task_id=transform, execution_date=20221129T154722, start_date=20221129T155225, end_date=20221129T155228
[2022-11-29T15:52:28.190+0000] {local_task_job.py:159} INFO - Task exited with return code 0
[2022-11-29T15:52:28.214+0000] {taskinstance.py:2623} INFO - 1 downstream tasks scheduled from follow-on schedule check
