[2022-12-02T11:49:25.277+0000] {taskinstance.py:1165} INFO - Dependencies all met for <TaskInstance: twitter_etl.extract scheduled__2022-12-02T11:44:24.161643+00:00 [queued]>
[2022-12-02T11:49:25.285+0000] {taskinstance.py:1165} INFO - Dependencies all met for <TaskInstance: twitter_etl.extract scheduled__2022-12-02T11:44:24.161643+00:00 [queued]>
[2022-12-02T11:49:25.286+0000] {taskinstance.py:1362} INFO - 
--------------------------------------------------------------------------------
[2022-12-02T11:49:25.286+0000] {taskinstance.py:1363} INFO - Starting attempt 1 of 2
[2022-12-02T11:49:25.286+0000] {taskinstance.py:1364} INFO - 
--------------------------------------------------------------------------------
[2022-12-02T11:49:25.303+0000] {taskinstance.py:1383} INFO - Executing <Task(BashOperator): extract> on 2022-12-02 11:44:24.161643+00:00
[2022-12-02T11:49:25.308+0000] {standard_task_runner.py:55} INFO - Started process 1219 to run task
[2022-12-02T11:49:25.310+0000] {standard_task_runner.py:82} INFO - Running: ['***', 'tasks', 'run', 'twitter_etl', 'extract', 'scheduled__2022-12-02T11:44:24.161643+00:00', '--job-id', '1079', '--raw', '--subdir', 'DAGS_FOLDER/twitter_dags.py', '--cfg-path', '/tmp/tmpchwfmq5c']
[2022-12-02T11:49:25.311+0000] {standard_task_runner.py:83} INFO - Job 1079: Subtask extract
[2022-12-02T11:49:25.368+0000] {task_command.py:376} INFO - Running <TaskInstance: twitter_etl.extract scheduled__2022-12-02T11:44:24.161643+00:00 [running]> on host e7b2a4ab9b7f
[2022-12-02T11:49:25.431+0000] {taskinstance.py:1590} INFO - Exporting the following env vars:
AIRFLOW_CTX_DAG_EMAIL=lambobr1994@gmail.com
AIRFLOW_CTX_DAG_OWNER=***
AIRFLOW_CTX_DAG_ID=twitter_etl
AIRFLOW_CTX_TASK_ID=extract
AIRFLOW_CTX_EXECUTION_DATE=2022-12-02T11:44:24.161643+00:00
AIRFLOW_CTX_TRY_NUMBER=1
AIRFLOW_CTX_DAG_RUN_ID=scheduled__2022-12-02T11:44:24.161643+00:00
[2022-12-02T11:49:25.432+0000] {subprocess.py:63} INFO - Tmp dir root location: 
 /tmp
[2022-12-02T11:49:25.432+0000] {subprocess.py:75} INFO - Running command: ['/bin/bash', '-c', 'python3 /opt/***/python_scripts/extract.py']
[2022-12-02T11:49:25.439+0000] {subprocess.py:86} INFO - Output:
[2022-12-02T11:49:26.268+0000] {subprocess.py:97} INFO - Command exited with return code 0
[2022-12-02T11:49:26.290+0000] {taskinstance.py:1401} INFO - Marking task as SUCCESS. dag_id=twitter_etl, task_id=extract, execution_date=20221202T114424, start_date=20221202T114925, end_date=20221202T114926
[2022-12-02T11:49:26.324+0000] {local_task_job.py:159} INFO - Task exited with return code 0
[2022-12-02T11:49:26.346+0000] {taskinstance.py:2623} INFO - 1 downstream tasks scheduled from follow-on schedule check
