[2022-11-30T23:40:37.282+0000] {taskinstance.py:1165} INFO - Dependencies all met for <TaskInstance: twitter_etl.extract scheduled__2022-11-30T23:35:36.306937+00:00 [queued]>
[2022-11-30T23:40:37.290+0000] {taskinstance.py:1165} INFO - Dependencies all met for <TaskInstance: twitter_etl.extract scheduled__2022-11-30T23:35:36.306937+00:00 [queued]>
[2022-11-30T23:40:37.291+0000] {taskinstance.py:1362} INFO - 
--------------------------------------------------------------------------------
[2022-11-30T23:40:37.291+0000] {taskinstance.py:1363} INFO - Starting attempt 1 of 2
[2022-11-30T23:40:37.291+0000] {taskinstance.py:1364} INFO - 
--------------------------------------------------------------------------------
[2022-11-30T23:40:37.305+0000] {taskinstance.py:1383} INFO - Executing <Task(BashOperator): extract> on 2022-11-30 23:35:36.306937+00:00
[2022-11-30T23:40:37.309+0000] {standard_task_runner.py:55} INFO - Started process 9656 to run task
[2022-11-30T23:40:37.311+0000] {standard_task_runner.py:82} INFO - Running: ['***', 'tasks', 'run', 'twitter_etl', 'extract', 'scheduled__2022-11-30T23:35:36.306937+00:00', '--job-id', '640', '--raw', '--subdir', 'DAGS_FOLDER/twitter_dags.py', '--cfg-path', '/tmp/tmphsa326yp']
[2022-11-30T23:40:37.312+0000] {standard_task_runner.py:83} INFO - Job 640: Subtask extract
[2022-11-30T23:40:37.364+0000] {task_command.py:376} INFO - Running <TaskInstance: twitter_etl.extract scheduled__2022-11-30T23:35:36.306937+00:00 [running]> on host e7b2a4ab9b7f
[2022-11-30T23:40:37.425+0000] {taskinstance.py:1590} INFO - Exporting the following env vars:
AIRFLOW_CTX_DAG_EMAIL=lambobr1994@gmail.com
AIRFLOW_CTX_DAG_OWNER=***
AIRFLOW_CTX_DAG_ID=twitter_etl
AIRFLOW_CTX_TASK_ID=extract
AIRFLOW_CTX_EXECUTION_DATE=2022-11-30T23:35:36.306937+00:00
AIRFLOW_CTX_TRY_NUMBER=1
AIRFLOW_CTX_DAG_RUN_ID=scheduled__2022-11-30T23:35:36.306937+00:00
[2022-11-30T23:40:37.425+0000] {subprocess.py:63} INFO - Tmp dir root location: 
 /tmp
[2022-11-30T23:40:37.426+0000] {subprocess.py:75} INFO - Running command: ['/bin/bash', '-c', 'python3 /opt/***/python_scripts/extract.py']
[2022-11-30T23:40:37.435+0000] {subprocess.py:86} INFO - Output:
[2022-11-30T23:40:38.478+0000] {subprocess.py:97} INFO - Command exited with return code 0
[2022-11-30T23:40:38.503+0000] {taskinstance.py:1401} INFO - Marking task as SUCCESS. dag_id=twitter_etl, task_id=extract, execution_date=20221130T233536, start_date=20221130T234037, end_date=20221130T234038
[2022-11-30T23:40:38.527+0000] {local_task_job.py:159} INFO - Task exited with return code 0
[2022-11-30T23:40:38.549+0000] {taskinstance.py:2623} INFO - 1 downstream tasks scheduled from follow-on schedule check
