[2022-11-29T23:14:24.161+0000] {taskinstance.py:1165} INFO - Dependencies all met for <TaskInstance: twitter_etl.extract scheduled__2022-11-29T23:09:23.124165+00:00 [queued]>
[2022-11-29T23:14:24.171+0000] {taskinstance.py:1165} INFO - Dependencies all met for <TaskInstance: twitter_etl.extract scheduled__2022-11-29T23:09:23.124165+00:00 [queued]>
[2022-11-29T23:14:24.171+0000] {taskinstance.py:1362} INFO - 
--------------------------------------------------------------------------------
[2022-11-29T23:14:24.172+0000] {taskinstance.py:1363} INFO - Starting attempt 1 of 2
[2022-11-29T23:14:24.172+0000] {taskinstance.py:1364} INFO - 
--------------------------------------------------------------------------------
[2022-11-29T23:14:24.191+0000] {taskinstance.py:1383} INFO - Executing <Task(BashOperator): extract> on 2022-11-29 23:09:23.124165+00:00
[2022-11-29T23:14:24.244+0000] {standard_task_runner.py:55} INFO - Started process 3237 to run task
[2022-11-29T23:14:24.247+0000] {standard_task_runner.py:82} INFO - Running: ['***', 'tasks', 'run', 'twitter_etl', 'extract', 'scheduled__2022-11-29T23:09:23.124165+00:00', '--job-id', '281', '--raw', '--subdir', 'DAGS_FOLDER/twitter_dags.py', '--cfg-path', '/tmp/tmpvrv6kyi2']
[2022-11-29T23:14:24.248+0000] {standard_task_runner.py:83} INFO - Job 281: Subtask extract
[2022-11-29T23:14:24.309+0000] {task_command.py:376} INFO - Running <TaskInstance: twitter_etl.extract scheduled__2022-11-29T23:09:23.124165+00:00 [running]> on host e7b2a4ab9b7f
[2022-11-29T23:14:24.378+0000] {taskinstance.py:1590} INFO - Exporting the following env vars:
AIRFLOW_CTX_DAG_EMAIL=lambobr1994@gmail.com
AIRFLOW_CTX_DAG_OWNER=***
AIRFLOW_CTX_DAG_ID=twitter_etl
AIRFLOW_CTX_TASK_ID=extract
AIRFLOW_CTX_EXECUTION_DATE=2022-11-29T23:09:23.124165+00:00
AIRFLOW_CTX_TRY_NUMBER=1
AIRFLOW_CTX_DAG_RUN_ID=scheduled__2022-11-29T23:09:23.124165+00:00
[2022-11-29T23:14:24.379+0000] {subprocess.py:63} INFO - Tmp dir root location: 
 /tmp
[2022-11-29T23:14:24.380+0000] {subprocess.py:75} INFO - Running command: ['/bin/bash', '-c', 'python3 /opt/***/python_scripts/extract.py']
[2022-11-29T23:14:24.387+0000] {subprocess.py:86} INFO - Output:
[2022-11-29T23:14:25.563+0000] {subprocess.py:97} INFO - Command exited with return code 0
[2022-11-29T23:14:25.591+0000] {taskinstance.py:1401} INFO - Marking task as SUCCESS. dag_id=twitter_etl, task_id=extract, execution_date=20221129T230923, start_date=20221129T231424, end_date=20221129T231425
[2022-11-29T23:14:25.624+0000] {local_task_job.py:159} INFO - Task exited with return code 0
[2022-11-29T23:14:25.651+0000] {taskinstance.py:2623} INFO - 1 downstream tasks scheduled from follow-on schedule check
