[2022-12-02T22:35:59.908+0000] {taskinstance.py:1165} INFO - Dependencies all met for <TaskInstance: twitter_etl.load scheduled__2022-12-02T22:30:54.477546+00:00 [queued]>
[2022-12-02T22:35:59.916+0000] {taskinstance.py:1165} INFO - Dependencies all met for <TaskInstance: twitter_etl.load scheduled__2022-12-02T22:30:54.477546+00:00 [queued]>
[2022-12-02T22:35:59.916+0000] {taskinstance.py:1362} INFO - 
--------------------------------------------------------------------------------
[2022-12-02T22:35:59.916+0000] {taskinstance.py:1363} INFO - Starting attempt 1 of 2
[2022-12-02T22:35:59.916+0000] {taskinstance.py:1364} INFO - 
--------------------------------------------------------------------------------
[2022-12-02T22:35:59.929+0000] {taskinstance.py:1383} INFO - Executing <Task(BashOperator): load> on 2022-12-02 22:30:54.477546+00:00
[2022-12-02T22:35:59.933+0000] {standard_task_runner.py:55} INFO - Started process 1536 to run task
[2022-12-02T22:35:59.935+0000] {standard_task_runner.py:82} INFO - Running: ['***', 'tasks', 'run', 'twitter_etl', 'load', 'scheduled__2022-12-02T22:30:54.477546+00:00', '--job-id', '1204', '--raw', '--subdir', 'DAGS_FOLDER/twitter_dags.py', '--cfg-path', '/tmp/tmpx6pbvai9']
[2022-12-02T22:35:59.938+0000] {standard_task_runner.py:83} INFO - Job 1204: Subtask load
[2022-12-02T22:35:59.985+0000] {task_command.py:376} INFO - Running <TaskInstance: twitter_etl.load scheduled__2022-12-02T22:30:54.477546+00:00 [running]> on host d230152e6532
[2022-12-02T22:36:00.045+0000] {taskinstance.py:1590} INFO - Exporting the following env vars:
AIRFLOW_CTX_DAG_EMAIL=lambobr1994@gmail.com
AIRFLOW_CTX_DAG_OWNER=***
AIRFLOW_CTX_DAG_ID=twitter_etl
AIRFLOW_CTX_TASK_ID=load
AIRFLOW_CTX_EXECUTION_DATE=2022-12-02T22:30:54.477546+00:00
AIRFLOW_CTX_TRY_NUMBER=1
AIRFLOW_CTX_DAG_RUN_ID=scheduled__2022-12-02T22:30:54.477546+00:00
[2022-12-02T22:36:00.045+0000] {subprocess.py:63} INFO - Tmp dir root location: 
 /tmp
[2022-12-02T22:36:00.046+0000] {subprocess.py:75} INFO - Running command: ['/bin/bash', '-c', 'python3 /opt/***/python_scripts/load.py']
[2022-12-02T22:36:00.054+0000] {subprocess.py:86} INFO - Output:
[2022-12-02T22:36:02.725+0000] {subprocess.py:93} INFO - Traceback (most recent call last):
[2022-12-02T22:36:02.725+0000] {subprocess.py:93} INFO -   File "/opt/***/python_scripts/load.py", line 101, in <module>
[2022-12-02T22:36:02.725+0000] {subprocess.py:93} INFO -     load_data_to_cloud_storage(filename=FILENAME, project=PROJECT, bucket=BUCKET, utc=UTC_DATETIME)
[2022-12-02T22:36:02.726+0000] {subprocess.py:93} INFO -   File "/opt/***/python_scripts/load.py", line 22, in load_data_to_cloud_storage
[2022-12-02T22:36:02.726+0000] {subprocess.py:93} INFO -     storage_client = storage.Client(project=project)    #project name in GCP
[2022-12-02T22:36:02.726+0000] {subprocess.py:93} INFO -   File "/home/***/.local/lib/python3.10/site-packages/google/cloud/storage/client.py", line 161, in __init__
[2022-12-02T22:36:02.726+0000] {subprocess.py:93} INFO -     super(Client, self).__init__(
[2022-12-02T22:36:02.726+0000] {subprocess.py:93} INFO -   File "/home/***/.local/lib/python3.10/site-packages/google/cloud/client/__init__.py", line 321, in __init__
[2022-12-02T22:36:02.726+0000] {subprocess.py:93} INFO -     Client.__init__(
[2022-12-02T22:36:02.726+0000] {subprocess.py:93} INFO -   File "/home/***/.local/lib/python3.10/site-packages/google/cloud/client/__init__.py", line 178, in __init__
[2022-12-02T22:36:02.726+0000] {subprocess.py:93} INFO -     credentials, _ = google.auth.default(scopes=scopes)
[2022-12-02T22:36:02.726+0000] {subprocess.py:93} INFO -   File "/home/***/.local/lib/python3.10/site-packages/google/auth/_default.py", line 646, in default
[2022-12-02T22:36:02.727+0000] {subprocess.py:93} INFO -     raise exceptions.DefaultCredentialsError(_HELP_MESSAGE)
[2022-12-02T22:36:02.727+0000] {subprocess.py:93} INFO - google.auth.exceptions.DefaultCredentialsError: Could not automatically determine credentials. Please set GOOGLE_APPLICATION_CREDENTIALS or explicitly create credentials and re-run the application. For more information, please see https://cloud.google.com/docs/authentication/getting-started
[2022-12-02T22:36:02.867+0000] {subprocess.py:97} INFO - Command exited with return code 1
[2022-12-02T22:36:02.877+0000] {taskinstance.py:1851} ERROR - Task failed with exception
Traceback (most recent call last):
  File "/home/airflow/.local/lib/python3.10/site-packages/airflow/operators/bash.py", line 196, in execute
    raise AirflowException(
airflow.exceptions.AirflowException: Bash command failed. The command returned a non-zero exit code 1.
[2022-12-02T22:36:02.880+0000] {taskinstance.py:1401} INFO - Marking task as UP_FOR_RETRY. dag_id=twitter_etl, task_id=load, execution_date=20221202T223054, start_date=20221202T223559, end_date=20221202T223602
[2022-12-02T22:36:02.892+0000] {standard_task_runner.py:100} ERROR - Failed to execute job 1204 for task load (Bash command failed. The command returned a non-zero exit code 1.; 1536)
[2022-12-02T22:36:02.916+0000] {local_task_job.py:159} INFO - Task exited with return code 1
[2022-12-02T22:36:02.935+0000] {taskinstance.py:2623} INFO - 0 downstream tasks scheduled from follow-on schedule check
