[2022-12-02T22:11:30.886+0000] {taskinstance.py:1165} INFO - Dependencies all met for <TaskInstance: twitter_etl.transform scheduled__2022-12-02T22:05:54.477546+00:00 [queued]>
[2022-12-02T22:11:30.896+0000] {taskinstance.py:1165} INFO - Dependencies all met for <TaskInstance: twitter_etl.transform scheduled__2022-12-02T22:05:54.477546+00:00 [queued]>
[2022-12-02T22:11:30.896+0000] {taskinstance.py:1362} INFO - 
--------------------------------------------------------------------------------
[2022-12-02T22:11:30.896+0000] {taskinstance.py:1363} INFO - Starting attempt 1 of 2
[2022-12-02T22:11:30.897+0000] {taskinstance.py:1364} INFO - 
--------------------------------------------------------------------------------
[2022-12-02T22:11:30.916+0000] {taskinstance.py:1383} INFO - Executing <Task(BashOperator): transform> on 2022-12-02 22:05:54.477546+00:00
[2022-12-02T22:11:30.926+0000] {standard_task_runner.py:55} INFO - Started process 207 to run task
[2022-12-02T22:11:30.929+0000] {standard_task_runner.py:82} INFO - Running: ['***', 'tasks', 'run', 'twitter_etl', 'transform', 'scheduled__2022-12-02T22:05:54.477546+00:00', '--job-id', '1177', '--raw', '--subdir', 'DAGS_FOLDER/twitter_dags.py', '--cfg-path', '/tmp/tmp3d411qlq']
[2022-12-02T22:11:30.932+0000] {standard_task_runner.py:83} INFO - Job 1177: Subtask transform
[2022-12-02T22:11:31.001+0000] {task_command.py:376} INFO - Running <TaskInstance: twitter_etl.transform scheduled__2022-12-02T22:05:54.477546+00:00 [running]> on host fb7d34e7d951
[2022-12-02T22:11:31.072+0000] {taskinstance.py:1590} INFO - Exporting the following env vars:
AIRFLOW_CTX_DAG_EMAIL=lambobr1994@gmail.com
AIRFLOW_CTX_DAG_OWNER=***
AIRFLOW_CTX_DAG_ID=twitter_etl
AIRFLOW_CTX_TASK_ID=transform
AIRFLOW_CTX_EXECUTION_DATE=2022-12-02T22:05:54.477546+00:00
AIRFLOW_CTX_TRY_NUMBER=1
AIRFLOW_CTX_DAG_RUN_ID=scheduled__2022-12-02T22:05:54.477546+00:00
[2022-12-02T22:11:31.073+0000] {subprocess.py:63} INFO - Tmp dir root location: 
 /tmp
[2022-12-02T22:11:31.073+0000] {subprocess.py:75} INFO - Running command: ['/bin/bash', '-c', 'python3 /opt/***/python_scripts/transform.py']
[2022-12-02T22:11:31.081+0000] {subprocess.py:86} INFO - Output:
[2022-12-02T22:11:33.738+0000] {subprocess.py:97} INFO - Command exited with return code 0
[2022-12-02T22:11:33.759+0000] {taskinstance.py:1401} INFO - Marking task as SUCCESS. dag_id=twitter_etl, task_id=transform, execution_date=20221202T220554, start_date=20221202T221130, end_date=20221202T221133
[2022-12-02T22:11:33.791+0000] {local_task_job.py:159} INFO - Task exited with return code 0
[2022-12-02T22:11:33.812+0000] {taskinstance.py:2623} INFO - 1 downstream tasks scheduled from follow-on schedule check
