[2022-11-29T22:23:10.087+0000] {taskinstance.py:1165} INFO - Dependencies all met for <TaskInstance: twitter_etl.transform scheduled__2022-11-29T22:18:05.008849+00:00 [queued]>
[2022-11-29T22:23:10.099+0000] {taskinstance.py:1165} INFO - Dependencies all met for <TaskInstance: twitter_etl.transform scheduled__2022-11-29T22:18:05.008849+00:00 [queued]>
[2022-11-29T22:23:10.100+0000] {taskinstance.py:1362} INFO - 
--------------------------------------------------------------------------------
[2022-11-29T22:23:10.100+0000] {taskinstance.py:1363} INFO - Starting attempt 1 of 2
[2022-11-29T22:23:10.100+0000] {taskinstance.py:1364} INFO - 
--------------------------------------------------------------------------------
[2022-11-29T22:23:10.125+0000] {taskinstance.py:1383} INFO - Executing <Task(BashOperator): transform> on 2022-11-29 22:18:05.008849+00:00
[2022-11-29T22:23:10.130+0000] {standard_task_runner.py:55} INFO - Started process 223 to run task
[2022-11-29T22:23:10.133+0000] {standard_task_runner.py:82} INFO - Running: ['***', 'tasks', 'run', 'twitter_etl', 'transform', 'scheduled__2022-11-29T22:18:05.008849+00:00', '--job-id', '236', '--raw', '--subdir', 'DAGS_FOLDER/twitter_dags.py', '--cfg-path', '/tmp/tmp2egne2s3']
[2022-11-29T22:23:10.134+0000] {standard_task_runner.py:83} INFO - Job 236: Subtask transform
[2022-11-29T22:23:10.203+0000] {task_command.py:376} INFO - Running <TaskInstance: twitter_etl.transform scheduled__2022-11-29T22:18:05.008849+00:00 [running]> on host e7b2a4ab9b7f
[2022-11-29T22:23:10.275+0000] {taskinstance.py:1590} INFO - Exporting the following env vars:
AIRFLOW_CTX_DAG_EMAIL=lambobr1994@gmail.com
AIRFLOW_CTX_DAG_OWNER=***
AIRFLOW_CTX_DAG_ID=twitter_etl
AIRFLOW_CTX_TASK_ID=transform
AIRFLOW_CTX_EXECUTION_DATE=2022-11-29T22:18:05.008849+00:00
AIRFLOW_CTX_TRY_NUMBER=1
AIRFLOW_CTX_DAG_RUN_ID=scheduled__2022-11-29T22:18:05.008849+00:00
[2022-11-29T22:23:10.276+0000] {subprocess.py:63} INFO - Tmp dir root location: 
 /tmp
[2022-11-29T22:23:10.277+0000] {subprocess.py:75} INFO - Running command: ['/bin/bash', '-c', 'python3 /opt/***/python_scripts/transform.py']
[2022-11-29T22:23:10.286+0000] {subprocess.py:86} INFO - Output:
[2022-11-29T22:23:12.800+0000] {subprocess.py:97} INFO - Command exited with return code 0
[2022-11-29T22:23:12.829+0000] {taskinstance.py:1401} INFO - Marking task as SUCCESS. dag_id=twitter_etl, task_id=transform, execution_date=20221129T221805, start_date=20221129T222310, end_date=20221129T222312
[2022-11-29T22:23:12.873+0000] {local_task_job.py:159} INFO - Task exited with return code 0
[2022-11-29T22:23:12.906+0000] {taskinstance.py:2623} INFO - 1 downstream tasks scheduled from follow-on schedule check
