[2022-12-01T01:19:42.753+0000] {taskinstance.py:1165} INFO - Dependencies all met for <TaskInstance: twitter_etl.transform scheduled__2022-12-01T01:14:39.985064+00:00 [queued]>
[2022-12-01T01:19:42.764+0000] {taskinstance.py:1165} INFO - Dependencies all met for <TaskInstance: twitter_etl.transform scheduled__2022-12-01T01:14:39.985064+00:00 [queued]>
[2022-12-01T01:19:42.764+0000] {taskinstance.py:1362} INFO - 
--------------------------------------------------------------------------------
[2022-12-01T01:19:42.764+0000] {taskinstance.py:1363} INFO - Starting attempt 1 of 2
[2022-12-01T01:19:42.764+0000] {taskinstance.py:1364} INFO - 
--------------------------------------------------------------------------------
[2022-12-01T01:19:42.781+0000] {taskinstance.py:1383} INFO - Executing <Task(BashOperator): transform> on 2022-12-01 01:14:39.985064+00:00
[2022-12-01T01:19:42.786+0000] {standard_task_runner.py:55} INFO - Started process 933 to run task
[2022-12-01T01:19:42.788+0000] {standard_task_runner.py:82} INFO - Running: ['***', 'tasks', 'run', 'twitter_etl', 'transform', 'scheduled__2022-12-01T01:14:39.985064+00:00', '--job-id', '717', '--raw', '--subdir', 'DAGS_FOLDER/twitter_dags.py', '--cfg-path', '/tmp/tmpavuw49cw']
[2022-12-01T01:19:42.790+0000] {standard_task_runner.py:83} INFO - Job 717: Subtask transform
[2022-12-01T01:19:42.849+0000] {task_command.py:376} INFO - Running <TaskInstance: twitter_etl.transform scheduled__2022-12-01T01:14:39.985064+00:00 [running]> on host e7b2a4ab9b7f
[2022-12-01T01:19:42.916+0000] {taskinstance.py:1590} INFO - Exporting the following env vars:
AIRFLOW_CTX_DAG_EMAIL=lambobr1994@gmail.com
AIRFLOW_CTX_DAG_OWNER=***
AIRFLOW_CTX_DAG_ID=twitter_etl
AIRFLOW_CTX_TASK_ID=transform
AIRFLOW_CTX_EXECUTION_DATE=2022-12-01T01:14:39.985064+00:00
AIRFLOW_CTX_TRY_NUMBER=1
AIRFLOW_CTX_DAG_RUN_ID=scheduled__2022-12-01T01:14:39.985064+00:00
[2022-12-01T01:19:42.916+0000] {subprocess.py:63} INFO - Tmp dir root location: 
 /tmp
[2022-12-01T01:19:42.917+0000] {subprocess.py:75} INFO - Running command: ['/bin/bash', '-c', 'python3 /opt/***/python_scripts/transform.py']
[2022-12-01T01:19:42.925+0000] {subprocess.py:86} INFO - Output:
[2022-12-01T01:19:45.312+0000] {subprocess.py:97} INFO - Command exited with return code 0
[2022-12-01T01:19:45.339+0000] {taskinstance.py:1401} INFO - Marking task as SUCCESS. dag_id=twitter_etl, task_id=transform, execution_date=20221201T011439, start_date=20221201T011942, end_date=20221201T011945
[2022-12-01T01:19:45.368+0000] {local_task_job.py:159} INFO - Task exited with return code 0
[2022-12-01T01:19:45.396+0000] {taskinstance.py:2623} INFO - 1 downstream tasks scheduled from follow-on schedule check
