[2022-12-01T22:53:09.222+0000] {taskinstance.py:1165} INFO - Dependencies all met for <TaskInstance: twitter_etl.extract scheduled__2022-12-01T22:48:08.819916+00:00 [queued]>
[2022-12-01T22:53:09.232+0000] {taskinstance.py:1165} INFO - Dependencies all met for <TaskInstance: twitter_etl.extract scheduled__2022-12-01T22:48:08.819916+00:00 [queued]>
[2022-12-01T22:53:09.233+0000] {taskinstance.py:1362} INFO - 
--------------------------------------------------------------------------------
[2022-12-01T22:53:09.233+0000] {taskinstance.py:1363} INFO - Starting attempt 1 of 2
[2022-12-01T22:53:09.233+0000] {taskinstance.py:1364} INFO - 
--------------------------------------------------------------------------------
[2022-12-01T22:53:09.248+0000] {taskinstance.py:1383} INFO - Executing <Task(BashOperator): extract> on 2022-12-01 22:48:08.819916+00:00
[2022-12-01T22:53:09.252+0000] {standard_task_runner.py:55} INFO - Started process 5115 to run task
[2022-12-01T22:53:09.254+0000] {standard_task_runner.py:82} INFO - Running: ['***', 'tasks', 'run', 'twitter_etl', 'extract', 'scheduled__2022-12-01T22:48:08.819916+00:00', '--job-id', '898', '--raw', '--subdir', 'DAGS_FOLDER/twitter_dags.py', '--cfg-path', '/tmp/tmp4iwjyulx']
[2022-12-01T22:53:09.256+0000] {standard_task_runner.py:83} INFO - Job 898: Subtask extract
[2022-12-01T22:53:09.308+0000] {task_command.py:376} INFO - Running <TaskInstance: twitter_etl.extract scheduled__2022-12-01T22:48:08.819916+00:00 [running]> on host e7b2a4ab9b7f
[2022-12-01T22:53:09.374+0000] {taskinstance.py:1590} INFO - Exporting the following env vars:
AIRFLOW_CTX_DAG_EMAIL=lambobr1994@gmail.com
AIRFLOW_CTX_DAG_OWNER=***
AIRFLOW_CTX_DAG_ID=twitter_etl
AIRFLOW_CTX_TASK_ID=extract
AIRFLOW_CTX_EXECUTION_DATE=2022-12-01T22:48:08.819916+00:00
AIRFLOW_CTX_TRY_NUMBER=1
AIRFLOW_CTX_DAG_RUN_ID=scheduled__2022-12-01T22:48:08.819916+00:00
[2022-12-01T22:53:09.375+0000] {subprocess.py:63} INFO - Tmp dir root location: 
 /tmp
[2022-12-01T22:53:09.375+0000] {subprocess.py:75} INFO - Running command: ['/bin/bash', '-c', 'python3 /opt/***/python_scripts/extract.py']
[2022-12-01T22:53:09.384+0000] {subprocess.py:86} INFO - Output:
[2022-12-01T22:53:10.591+0000] {subprocess.py:97} INFO - Command exited with return code 0
[2022-12-01T22:53:10.621+0000] {taskinstance.py:1401} INFO - Marking task as SUCCESS. dag_id=twitter_etl, task_id=extract, execution_date=20221201T224808, start_date=20221201T225309, end_date=20221201T225310
[2022-12-01T22:53:10.671+0000] {local_task_job.py:159} INFO - Task exited with return code 0
[2022-12-01T22:53:10.712+0000] {taskinstance.py:2623} INFO - 1 downstream tasks scheduled from follow-on schedule check
