[2022-11-29T15:26:08.736+0000] {taskinstance.py:1165} INFO - Dependencies all met for <TaskInstance: twitter_etl.extract scheduled__2022-11-29T13:37:26.841273+00:00 [queued]>
[2022-11-29T15:26:08.744+0000] {taskinstance.py:1165} INFO - Dependencies all met for <TaskInstance: twitter_etl.extract scheduled__2022-11-29T13:37:26.841273+00:00 [queued]>
[2022-11-29T15:26:08.744+0000] {taskinstance.py:1362} INFO - 
--------------------------------------------------------------------------------
[2022-11-29T15:26:08.745+0000] {taskinstance.py:1363} INFO - Starting attempt 1 of 2
[2022-11-29T15:26:08.745+0000] {taskinstance.py:1364} INFO - 
--------------------------------------------------------------------------------
[2022-11-29T15:26:08.760+0000] {taskinstance.py:1383} INFO - Executing <Task(BashOperator): extract> on 2022-11-29 13:37:26.841273+00:00
[2022-11-29T15:26:08.764+0000] {standard_task_runner.py:55} INFO - Started process 184 to run task
[2022-11-29T15:26:08.766+0000] {standard_task_runner.py:82} INFO - Running: ['***', 'tasks', 'run', 'twitter_etl', 'extract', 'scheduled__2022-11-29T13:37:26.841273+00:00', '--job-id', '166', '--raw', '--subdir', 'DAGS_FOLDER/twitter_dags.py', '--cfg-path', '/tmp/tmp75jajlav']
[2022-11-29T15:26:08.768+0000] {standard_task_runner.py:83} INFO - Job 166: Subtask extract
[2022-11-29T15:26:08.826+0000] {task_command.py:376} INFO - Running <TaskInstance: twitter_etl.extract scheduled__2022-11-29T13:37:26.841273+00:00 [running]> on host e7b2a4ab9b7f
[2022-11-29T15:26:08.893+0000] {taskinstance.py:1590} INFO - Exporting the following env vars:
AIRFLOW_CTX_DAG_EMAIL=lambobr1994@gmail.com
AIRFLOW_CTX_DAG_OWNER=***
AIRFLOW_CTX_DAG_ID=twitter_etl
AIRFLOW_CTX_TASK_ID=extract
AIRFLOW_CTX_EXECUTION_DATE=2022-11-29T13:37:26.841273+00:00
AIRFLOW_CTX_TRY_NUMBER=1
AIRFLOW_CTX_DAG_RUN_ID=scheduled__2022-11-29T13:37:26.841273+00:00
[2022-11-29T15:26:08.894+0000] {subprocess.py:63} INFO - Tmp dir root location: 
 /tmp
[2022-11-29T15:26:08.895+0000] {subprocess.py:75} INFO - Running command: ['/bin/bash', '-c', 'python3 /opt/***/python_scripts/extract.py']
[2022-11-29T15:26:08.901+0000] {subprocess.py:86} INFO - Output:
[2022-11-29T15:26:10.213+0000] {subprocess.py:97} INFO - Command exited with return code 0
[2022-11-29T15:26:10.238+0000] {taskinstance.py:1401} INFO - Marking task as SUCCESS. dag_id=twitter_etl, task_id=extract, execution_date=20221129T133726, start_date=20221129T152608, end_date=20221129T152610
[2022-11-29T15:26:10.262+0000] {local_task_job.py:159} INFO - Task exited with return code 0
[2022-11-29T15:26:10.284+0000] {taskinstance.py:2623} INFO - 1 downstream tasks scheduled from follow-on schedule check
