[2022-11-29T12:27:27.398+0000] {taskinstance.py:1165} INFO - Dependencies all met for <TaskInstance: twitter_etl.extract scheduled__2022-11-29T12:22:26.841273+00:00 [queued]>
[2022-11-29T12:27:27.406+0000] {taskinstance.py:1165} INFO - Dependencies all met for <TaskInstance: twitter_etl.extract scheduled__2022-11-29T12:22:26.841273+00:00 [queued]>
[2022-11-29T12:27:27.406+0000] {taskinstance.py:1362} INFO - 
--------------------------------------------------------------------------------
[2022-11-29T12:27:27.406+0000] {taskinstance.py:1363} INFO - Starting attempt 1 of 2
[2022-11-29T12:27:27.406+0000] {taskinstance.py:1364} INFO - 
--------------------------------------------------------------------------------
[2022-11-29T12:27:27.420+0000] {taskinstance.py:1383} INFO - Executing <Task(BashOperator): extract> on 2022-11-29 12:22:26.841273+00:00
[2022-11-29T12:27:27.424+0000] {standard_task_runner.py:55} INFO - Started process 369 to run task
[2022-11-29T12:27:27.425+0000] {standard_task_runner.py:82} INFO - Running: ['***', 'tasks', 'run', 'twitter_etl', 'extract', 'scheduled__2022-11-29T12:22:26.841273+00:00', '--job-id', '83', '--raw', '--subdir', 'DAGS_FOLDER/twitter_dags.py', '--cfg-path', '/tmp/tmps8i3zwx3']
[2022-11-29T12:27:27.427+0000] {standard_task_runner.py:83} INFO - Job 83: Subtask extract
[2022-11-29T12:27:27.471+0000] {task_command.py:376} INFO - Running <TaskInstance: twitter_etl.extract scheduled__2022-11-29T12:22:26.841273+00:00 [running]> on host 20e1b9fbda6e
[2022-11-29T12:27:27.534+0000] {taskinstance.py:1590} INFO - Exporting the following env vars:
AIRFLOW_CTX_DAG_EMAIL=lambobr1994@gmail.com
AIRFLOW_CTX_DAG_OWNER=***
AIRFLOW_CTX_DAG_ID=twitter_etl
AIRFLOW_CTX_TASK_ID=extract
AIRFLOW_CTX_EXECUTION_DATE=2022-11-29T12:22:26.841273+00:00
AIRFLOW_CTX_TRY_NUMBER=1
AIRFLOW_CTX_DAG_RUN_ID=scheduled__2022-11-29T12:22:26.841273+00:00
[2022-11-29T12:27:27.535+0000] {subprocess.py:63} INFO - Tmp dir root location: 
 /tmp
[2022-11-29T12:27:27.535+0000] {subprocess.py:75} INFO - Running command: ['/bin/bash', '-c', 'python3 /opt/***/python_scripts/extract.py']
[2022-11-29T12:27:27.543+0000] {subprocess.py:86} INFO - Output:
[2022-11-29T12:27:27.645+0000] {subprocess.py:93} INFO - python3: can't open file '/opt/***/python_scripts/extract.py': [Errno 2] No such file or directory
[2022-11-29T12:27:27.648+0000] {subprocess.py:97} INFO - Command exited with return code 2
[2022-11-29T12:27:27.656+0000] {taskinstance.py:1851} ERROR - Task failed with exception
Traceback (most recent call last):
  File "/home/airflow/.local/lib/python3.10/site-packages/airflow/operators/bash.py", line 196, in execute
    raise AirflowException(
airflow.exceptions.AirflowException: Bash command failed. The command returned a non-zero exit code 2.
[2022-11-29T12:27:27.659+0000] {taskinstance.py:1401} INFO - Marking task as UP_FOR_RETRY. dag_id=twitter_etl, task_id=extract, execution_date=20221129T122226, start_date=20221129T122727, end_date=20221129T122727
[2022-11-29T12:27:27.675+0000] {standard_task_runner.py:100} ERROR - Failed to execute job 83 for task extract (Bash command failed. The command returned a non-zero exit code 2.; 369)
[2022-11-29T12:27:27.719+0000] {local_task_job.py:159} INFO - Task exited with return code 1
[2022-11-29T12:27:27.739+0000] {taskinstance.py:2623} INFO - 0 downstream tasks scheduled from follow-on schedule check
