[2022-12-02T12:19:27.091+0000] {taskinstance.py:1165} INFO - Dependencies all met for <TaskInstance: twitter_etl.transform scheduled__2022-12-02T12:14:24.161643+00:00 [queued]>
[2022-12-02T12:19:27.103+0000] {taskinstance.py:1165} INFO - Dependencies all met for <TaskInstance: twitter_etl.transform scheduled__2022-12-02T12:14:24.161643+00:00 [queued]>
[2022-12-02T12:19:27.103+0000] {taskinstance.py:1362} INFO - 
--------------------------------------------------------------------------------
[2022-12-02T12:19:27.103+0000] {taskinstance.py:1363} INFO - Starting attempt 1 of 2
[2022-12-02T12:19:27.103+0000] {taskinstance.py:1364} INFO - 
--------------------------------------------------------------------------------
[2022-12-02T12:19:27.119+0000] {taskinstance.py:1383} INFO - Executing <Task(BashOperator): transform> on 2022-12-02 12:14:24.161643+00:00
[2022-12-02T12:19:27.123+0000] {standard_task_runner.py:55} INFO - Started process 2991 to run task
[2022-12-02T12:19:27.125+0000] {standard_task_runner.py:82} INFO - Running: ['***', 'tasks', 'run', 'twitter_etl', 'transform', 'scheduled__2022-12-02T12:14:24.161643+00:00', '--job-id', '1104', '--raw', '--subdir', 'DAGS_FOLDER/twitter_dags.py', '--cfg-path', '/tmp/tmp4zh9q9i1']
[2022-12-02T12:19:27.126+0000] {standard_task_runner.py:83} INFO - Job 1104: Subtask transform
[2022-12-02T12:19:27.176+0000] {task_command.py:376} INFO - Running <TaskInstance: twitter_etl.transform scheduled__2022-12-02T12:14:24.161643+00:00 [running]> on host e7b2a4ab9b7f
[2022-12-02T12:19:27.241+0000] {taskinstance.py:1590} INFO - Exporting the following env vars:
AIRFLOW_CTX_DAG_EMAIL=lambobr1994@gmail.com
AIRFLOW_CTX_DAG_OWNER=***
AIRFLOW_CTX_DAG_ID=twitter_etl
AIRFLOW_CTX_TASK_ID=transform
AIRFLOW_CTX_EXECUTION_DATE=2022-12-02T12:14:24.161643+00:00
AIRFLOW_CTX_TRY_NUMBER=1
AIRFLOW_CTX_DAG_RUN_ID=scheduled__2022-12-02T12:14:24.161643+00:00
[2022-12-02T12:19:27.242+0000] {subprocess.py:63} INFO - Tmp dir root location: 
 /tmp
[2022-12-02T12:19:27.243+0000] {subprocess.py:75} INFO - Running command: ['/bin/bash', '-c', 'python3 /opt/***/python_scripts/transform.py']
[2022-12-02T12:19:27.251+0000] {subprocess.py:86} INFO - Output:
[2022-12-02T12:19:29.688+0000] {subprocess.py:97} INFO - Command exited with return code 0
[2022-12-02T12:19:29.712+0000] {taskinstance.py:1401} INFO - Marking task as SUCCESS. dag_id=twitter_etl, task_id=transform, execution_date=20221202T121424, start_date=20221202T121927, end_date=20221202T121929
[2022-12-02T12:19:29.745+0000] {local_task_job.py:159} INFO - Task exited with return code 0
[2022-12-02T12:19:29.768+0000] {taskinstance.py:2623} INFO - 1 downstream tasks scheduled from follow-on schedule check
