[2022-12-01T23:58:12.442+0000] {taskinstance.py:1165} INFO - Dependencies all met for <TaskInstance: twitter_etl.transform scheduled__2022-12-01T23:53:09.249269+00:00 [queued]>
[2022-12-01T23:58:12.450+0000] {taskinstance.py:1165} INFO - Dependencies all met for <TaskInstance: twitter_etl.transform scheduled__2022-12-01T23:53:09.249269+00:00 [queued]>
[2022-12-01T23:58:12.450+0000] {taskinstance.py:1362} INFO - 
--------------------------------------------------------------------------------
[2022-12-01T23:58:12.451+0000] {taskinstance.py:1363} INFO - Starting attempt 1 of 2
[2022-12-01T23:58:12.451+0000] {taskinstance.py:1364} INFO - 
--------------------------------------------------------------------------------
[2022-12-01T23:58:12.469+0000] {taskinstance.py:1383} INFO - Executing <Task(BashOperator): transform> on 2022-12-01 23:53:09.249269+00:00
[2022-12-01T23:58:12.473+0000] {standard_task_runner.py:55} INFO - Started process 8979 to run task
[2022-12-01T23:58:12.475+0000] {standard_task_runner.py:82} INFO - Running: ['***', 'tasks', 'run', 'twitter_etl', 'transform', 'scheduled__2022-12-01T23:53:09.249269+00:00', '--job-id', '951', '--raw', '--subdir', 'DAGS_FOLDER/twitter_dags.py', '--cfg-path', '/tmp/tmpp2dl26m_']
[2022-12-01T23:58:12.476+0000] {standard_task_runner.py:83} INFO - Job 951: Subtask transform
[2022-12-01T23:58:12.528+0000] {task_command.py:376} INFO - Running <TaskInstance: twitter_etl.transform scheduled__2022-12-01T23:53:09.249269+00:00 [running]> on host e7b2a4ab9b7f
[2022-12-01T23:58:12.593+0000] {taskinstance.py:1590} INFO - Exporting the following env vars:
AIRFLOW_CTX_DAG_EMAIL=lambobr1994@gmail.com
AIRFLOW_CTX_DAG_OWNER=***
AIRFLOW_CTX_DAG_ID=twitter_etl
AIRFLOW_CTX_TASK_ID=transform
AIRFLOW_CTX_EXECUTION_DATE=2022-12-01T23:53:09.249269+00:00
AIRFLOW_CTX_TRY_NUMBER=1
AIRFLOW_CTX_DAG_RUN_ID=scheduled__2022-12-01T23:53:09.249269+00:00
[2022-12-01T23:58:12.594+0000] {subprocess.py:63} INFO - Tmp dir root location: 
 /tmp
[2022-12-01T23:58:12.594+0000] {subprocess.py:75} INFO - Running command: ['/bin/bash', '-c', 'python3 /opt/***/python_scripts/transform.py']
[2022-12-01T23:58:12.601+0000] {subprocess.py:86} INFO - Output:
[2022-12-01T23:58:14.852+0000] {subprocess.py:97} INFO - Command exited with return code 0
[2022-12-01T23:58:14.874+0000] {taskinstance.py:1401} INFO - Marking task as SUCCESS. dag_id=twitter_etl, task_id=transform, execution_date=20221201T235309, start_date=20221201T235812, end_date=20221201T235814
[2022-12-01T23:58:14.894+0000] {local_task_job.py:159} INFO - Task exited with return code 0
[2022-12-01T23:58:14.914+0000] {taskinstance.py:2623} INFO - 1 downstream tasks scheduled from follow-on schedule check
