[2022-11-30T23:00:39.497+0000] {taskinstance.py:1165} INFO - Dependencies all met for <TaskInstance: twitter_etl.transform scheduled__2022-11-30T22:55:36.306937+00:00 [queued]>
[2022-11-30T23:00:39.507+0000] {taskinstance.py:1165} INFO - Dependencies all met for <TaskInstance: twitter_etl.transform scheduled__2022-11-30T22:55:36.306937+00:00 [queued]>
[2022-11-30T23:00:39.507+0000] {taskinstance.py:1362} INFO - 
--------------------------------------------------------------------------------
[2022-11-30T23:00:39.507+0000] {taskinstance.py:1363} INFO - Starting attempt 1 of 2
[2022-11-30T23:00:39.507+0000] {taskinstance.py:1364} INFO - 
--------------------------------------------------------------------------------
[2022-11-30T23:00:39.524+0000] {taskinstance.py:1383} INFO - Executing <Task(BashOperator): transform> on 2022-11-30 22:55:36.306937+00:00
[2022-11-30T23:00:39.528+0000] {standard_task_runner.py:55} INFO - Started process 7314 to run task
[2022-11-30T23:00:39.530+0000] {standard_task_runner.py:82} INFO - Running: ['***', 'tasks', 'run', 'twitter_etl', 'transform', 'scheduled__2022-11-30T22:55:36.306937+00:00', '--job-id', '609', '--raw', '--subdir', 'DAGS_FOLDER/twitter_dags.py', '--cfg-path', '/tmp/tmp4dm9j3b8']
[2022-11-30T23:00:39.532+0000] {standard_task_runner.py:83} INFO - Job 609: Subtask transform
[2022-11-30T23:00:39.589+0000] {task_command.py:376} INFO - Running <TaskInstance: twitter_etl.transform scheduled__2022-11-30T22:55:36.306937+00:00 [running]> on host e7b2a4ab9b7f
[2022-11-30T23:00:39.657+0000] {taskinstance.py:1590} INFO - Exporting the following env vars:
AIRFLOW_CTX_DAG_EMAIL=lambobr1994@gmail.com
AIRFLOW_CTX_DAG_OWNER=***
AIRFLOW_CTX_DAG_ID=twitter_etl
AIRFLOW_CTX_TASK_ID=transform
AIRFLOW_CTX_EXECUTION_DATE=2022-11-30T22:55:36.306937+00:00
AIRFLOW_CTX_TRY_NUMBER=1
AIRFLOW_CTX_DAG_RUN_ID=scheduled__2022-11-30T22:55:36.306937+00:00
[2022-11-30T23:00:39.658+0000] {subprocess.py:63} INFO - Tmp dir root location: 
 /tmp
[2022-11-30T23:00:39.659+0000] {subprocess.py:75} INFO - Running command: ['/bin/bash', '-c', 'python3 /opt/***/python_scripts/transform.py']
[2022-11-30T23:00:39.666+0000] {subprocess.py:86} INFO - Output:
[2022-11-30T23:00:42.438+0000] {subprocess.py:97} INFO - Command exited with return code 0
[2022-11-30T23:00:42.462+0000] {taskinstance.py:1401} INFO - Marking task as SUCCESS. dag_id=twitter_etl, task_id=transform, execution_date=20221130T225536, start_date=20221130T230039, end_date=20221130T230042
[2022-11-30T23:00:42.513+0000] {local_task_job.py:159} INFO - Task exited with return code 0
[2022-11-30T23:00:42.535+0000] {taskinstance.py:2623} INFO - 1 downstream tasks scheduled from follow-on schedule check
