[2022-12-02T01:23:09.988+0000] {taskinstance.py:1165} INFO - Dependencies all met for <TaskInstance: twitter_etl.extract scheduled__2022-12-02T01:18:09.249269+00:00 [queued]>
[2022-12-02T01:23:09.996+0000] {taskinstance.py:1165} INFO - Dependencies all met for <TaskInstance: twitter_etl.extract scheduled__2022-12-02T01:18:09.249269+00:00 [queued]>
[2022-12-02T01:23:09.996+0000] {taskinstance.py:1362} INFO - 
--------------------------------------------------------------------------------
[2022-12-02T01:23:09.996+0000] {taskinstance.py:1363} INFO - Starting attempt 1 of 2
[2022-12-02T01:23:09.997+0000] {taskinstance.py:1364} INFO - 
--------------------------------------------------------------------------------
[2022-12-02T01:23:10.010+0000] {taskinstance.py:1383} INFO - Executing <Task(BashOperator): extract> on 2022-12-02 01:18:09.249269+00:00
[2022-12-02T01:23:10.014+0000] {standard_task_runner.py:55} INFO - Started process 13990 to run task
[2022-12-02T01:23:10.016+0000] {standard_task_runner.py:82} INFO - Running: ['***', 'tasks', 'run', 'twitter_etl', 'extract', 'scheduled__2022-12-02T01:18:09.249269+00:00', '--job-id', '1018', '--raw', '--subdir', 'DAGS_FOLDER/twitter_dags.py', '--cfg-path', '/tmp/tmpudhgjm0i']
[2022-12-02T01:23:10.017+0000] {standard_task_runner.py:83} INFO - Job 1018: Subtask extract
[2022-12-02T01:23:10.067+0000] {task_command.py:376} INFO - Running <TaskInstance: twitter_etl.extract scheduled__2022-12-02T01:18:09.249269+00:00 [running]> on host e7b2a4ab9b7f
[2022-12-02T01:23:10.129+0000] {taskinstance.py:1590} INFO - Exporting the following env vars:
AIRFLOW_CTX_DAG_EMAIL=lambobr1994@gmail.com
AIRFLOW_CTX_DAG_OWNER=***
AIRFLOW_CTX_DAG_ID=twitter_etl
AIRFLOW_CTX_TASK_ID=extract
AIRFLOW_CTX_EXECUTION_DATE=2022-12-02T01:18:09.249269+00:00
AIRFLOW_CTX_TRY_NUMBER=1
AIRFLOW_CTX_DAG_RUN_ID=scheduled__2022-12-02T01:18:09.249269+00:00
[2022-12-02T01:23:10.130+0000] {subprocess.py:63} INFO - Tmp dir root location: 
 /tmp
[2022-12-02T01:23:10.130+0000] {subprocess.py:75} INFO - Running command: ['/bin/bash', '-c', 'python3 /opt/***/python_scripts/extract.py']
[2022-12-02T01:23:10.137+0000] {subprocess.py:86} INFO - Output:
[2022-12-02T01:23:11.106+0000] {subprocess.py:97} INFO - Command exited with return code 0
[2022-12-02T01:23:11.130+0000] {taskinstance.py:1401} INFO - Marking task as SUCCESS. dag_id=twitter_etl, task_id=extract, execution_date=20221202T011809, start_date=20221202T012309, end_date=20221202T012311
[2022-12-02T01:23:11.151+0000] {local_task_job.py:159} INFO - Task exited with return code 0
[2022-12-02T01:23:11.176+0000] {taskinstance.py:2623} INFO - 1 downstream tasks scheduled from follow-on schedule check
