[2022-12-02T22:46:02.474+0000] {taskinstance.py:1165} INFO - Dependencies all met for <TaskInstance: twitter_etl.load scheduled__2022-12-02T22:40:54.477546+00:00 [queued]>
[2022-12-02T22:46:02.481+0000] {taskinstance.py:1165} INFO - Dependencies all met for <TaskInstance: twitter_etl.load scheduled__2022-12-02T22:40:54.477546+00:00 [queued]>
[2022-12-02T22:46:02.481+0000] {taskinstance.py:1362} INFO - 
--------------------------------------------------------------------------------
[2022-12-02T22:46:02.482+0000] {taskinstance.py:1363} INFO - Starting attempt 1 of 2
[2022-12-02T22:46:02.482+0000] {taskinstance.py:1364} INFO - 
--------------------------------------------------------------------------------
[2022-12-02T22:46:02.494+0000] {taskinstance.py:1383} INFO - Executing <Task(BashOperator): load> on 2022-12-02 22:40:54.477546+00:00
[2022-12-02T22:46:02.497+0000] {standard_task_runner.py:55} INFO - Started process 2128 to run task
[2022-12-02T22:46:02.499+0000] {standard_task_runner.py:82} INFO - Running: ['***', 'tasks', 'run', 'twitter_etl', 'load', 'scheduled__2022-12-02T22:40:54.477546+00:00', '--job-id', '1212', '--raw', '--subdir', 'DAGS_FOLDER/twitter_dags.py', '--cfg-path', '/tmp/tmpx0syglob']
[2022-12-02T22:46:02.502+0000] {standard_task_runner.py:83} INFO - Job 1212: Subtask load
[2022-12-02T22:46:02.552+0000] {task_command.py:376} INFO - Running <TaskInstance: twitter_etl.load scheduled__2022-12-02T22:40:54.477546+00:00 [running]> on host d230152e6532
[2022-12-02T22:46:02.611+0000] {taskinstance.py:1590} INFO - Exporting the following env vars:
AIRFLOW_CTX_DAG_EMAIL=lambobr1994@gmail.com
AIRFLOW_CTX_DAG_OWNER=***
AIRFLOW_CTX_DAG_ID=twitter_etl
AIRFLOW_CTX_TASK_ID=load
AIRFLOW_CTX_EXECUTION_DATE=2022-12-02T22:40:54.477546+00:00
AIRFLOW_CTX_TRY_NUMBER=1
AIRFLOW_CTX_DAG_RUN_ID=scheduled__2022-12-02T22:40:54.477546+00:00
[2022-12-02T22:46:02.612+0000] {subprocess.py:63} INFO - Tmp dir root location: 
 /tmp
[2022-12-02T22:46:02.612+0000] {subprocess.py:75} INFO - Running command: ['/bin/bash', '-c', 'python3 /opt/***/python_scripts/load.py']
[2022-12-02T22:46:02.619+0000] {subprocess.py:86} INFO - Output:
