[2022-11-30T21:00:36.313+0000] {taskinstance.py:1165} INFO - Dependencies all met for <TaskInstance: twitter_etl.extract scheduled__2022-11-30T14:39:16.452707+00:00 [queued]>
[2022-11-30T21:00:36.322+0000] {taskinstance.py:1165} INFO - Dependencies all met for <TaskInstance: twitter_etl.extract scheduled__2022-11-30T14:39:16.452707+00:00 [queued]>
[2022-11-30T21:00:36.322+0000] {taskinstance.py:1362} INFO - 
--------------------------------------------------------------------------------
[2022-11-30T21:00:36.322+0000] {taskinstance.py:1363} INFO - Starting attempt 1 of 2
[2022-11-30T21:00:36.322+0000] {taskinstance.py:1364} INFO - 
--------------------------------------------------------------------------------
[2022-11-30T21:00:36.405+0000] {taskinstance.py:1383} INFO - Executing <Task(BashOperator): extract> on 2022-11-30 14:39:16.452707+00:00
[2022-11-30T21:00:36.409+0000] {standard_task_runner.py:55} INFO - Started process 189 to run task
[2022-11-30T21:00:36.411+0000] {standard_task_runner.py:82} INFO - Running: ['***', 'tasks', 'run', 'twitter_etl', 'extract', 'scheduled__2022-11-30T14:39:16.452707+00:00', '--job-id', '508', '--raw', '--subdir', 'DAGS_FOLDER/twitter_dags.py', '--cfg-path', '/tmp/tmpop88mb7_']
[2022-11-30T21:00:36.412+0000] {standard_task_runner.py:83} INFO - Job 508: Subtask extract
[2022-11-30T21:00:36.471+0000] {task_command.py:376} INFO - Running <TaskInstance: twitter_etl.extract scheduled__2022-11-30T14:39:16.452707+00:00 [running]> on host e7b2a4ab9b7f
[2022-11-30T21:00:36.899+0000] {taskinstance.py:1590} INFO - Exporting the following env vars:
AIRFLOW_CTX_DAG_EMAIL=lambobr1994@gmail.com
AIRFLOW_CTX_DAG_OWNER=***
AIRFLOW_CTX_DAG_ID=twitter_etl
AIRFLOW_CTX_TASK_ID=extract
AIRFLOW_CTX_EXECUTION_DATE=2022-11-30T14:39:16.452707+00:00
AIRFLOW_CTX_TRY_NUMBER=1
AIRFLOW_CTX_DAG_RUN_ID=scheduled__2022-11-30T14:39:16.452707+00:00
[2022-11-30T21:00:36.900+0000] {subprocess.py:63} INFO - Tmp dir root location: 
 /tmp
[2022-11-30T21:00:36.901+0000] {subprocess.py:75} INFO - Running command: ['/bin/bash', '-c', 'python3 /opt/***/python_scripts/extract.py']
[2022-11-30T21:00:36.909+0000] {subprocess.py:86} INFO - Output:
[2022-11-30T21:00:38.625+0000] {subprocess.py:97} INFO - Command exited with return code 0
[2022-11-30T21:00:38.652+0000] {taskinstance.py:1401} INFO - Marking task as SUCCESS. dag_id=twitter_etl, task_id=extract, execution_date=20221130T143916, start_date=20221130T210036, end_date=20221130T210038
[2022-11-30T21:00:38.710+0000] {local_task_job.py:159} INFO - Task exited with return code 0
[2022-11-30T21:00:38.735+0000] {taskinstance.py:2623} INFO - 1 downstream tasks scheduled from follow-on schedule check
