[2022-11-28T23:37:16.682+0000] {processor.py:154} INFO - Started process (PID=326) to work on /home/airflow/.local/lib/python3.7/site-packages/airflow/example_dags/example_branch_python_dop_operator_3.py
[2022-11-28T23:37:16.683+0000] {processor.py:756} INFO - Processing file /home/airflow/.local/lib/python3.7/site-packages/airflow/example_dags/example_branch_python_dop_operator_3.py for tasks to queue
[2022-11-28T23:37:16.683+0000] {logging_mixin.py:137} INFO - [2022-11-28T23:37:16.683+0000] {dagbag.py:537} INFO - Filling up the DagBag from /home/airflow/.local/lib/python3.7/site-packages/airflow/example_dags/example_branch_python_dop_operator_3.py
[2022-11-28T23:37:16.708+0000] {processor.py:766} INFO - DAG(s) dict_keys(['example_branch_dop_operator_v3']) retrieved from /home/airflow/.local/lib/python3.7/site-packages/airflow/example_dags/example_branch_python_dop_operator_3.py
[2022-11-28T23:37:16.750+0000] {logging_mixin.py:137} INFO - [2022-11-28T23:37:16.749+0000] {dag.py:2585} INFO - Sync 1 DAGs
[2022-11-28T23:37:16.785+0000] {logging_mixin.py:137} INFO - [2022-11-28T23:37:16.784+0000] {dag.py:3340} INFO - Setting next_dagrun for example_branch_dop_operator_v3 to 2022-11-28T23:36:00+00:00, run_after=2022-11-28T23:37:00+00:00
[2022-11-28T23:37:16.806+0000] {processor.py:176} INFO - Processing /home/airflow/.local/lib/python3.7/site-packages/airflow/example_dags/example_branch_python_dop_operator_3.py took 0.127 seconds
[2022-11-28T23:37:47.508+0000] {processor.py:154} INFO - Started process (PID=524) to work on /home/airflow/.local/lib/python3.7/site-packages/airflow/example_dags/example_branch_python_dop_operator_3.py
[2022-11-28T23:37:47.508+0000] {processor.py:756} INFO - Processing file /home/airflow/.local/lib/python3.7/site-packages/airflow/example_dags/example_branch_python_dop_operator_3.py for tasks to queue
[2022-11-28T23:37:47.509+0000] {logging_mixin.py:137} INFO - [2022-11-28T23:37:47.509+0000] {dagbag.py:537} INFO - Filling up the DagBag from /home/airflow/.local/lib/python3.7/site-packages/airflow/example_dags/example_branch_python_dop_operator_3.py
[2022-11-28T23:37:47.530+0000] {processor.py:766} INFO - DAG(s) dict_keys(['example_branch_dop_operator_v3']) retrieved from /home/airflow/.local/lib/python3.7/site-packages/airflow/example_dags/example_branch_python_dop_operator_3.py
[2022-11-28T23:37:47.567+0000] {logging_mixin.py:137} INFO - [2022-11-28T23:37:47.567+0000] {dag.py:2585} INFO - Sync 1 DAGs
[2022-11-28T23:37:47.603+0000] {logging_mixin.py:137} INFO - [2022-11-28T23:37:47.603+0000] {dag.py:3340} INFO - Setting next_dagrun for example_branch_dop_operator_v3 to 2022-11-28T23:36:00+00:00, run_after=2022-11-28T23:37:00+00:00
[2022-11-28T23:37:47.622+0000] {processor.py:176} INFO - Processing /home/airflow/.local/lib/python3.7/site-packages/airflow/example_dags/example_branch_python_dop_operator_3.py took 0.116 seconds
[2022-11-28T23:38:18.428+0000] {processor.py:154} INFO - Started process (PID=732) to work on /home/airflow/.local/lib/python3.7/site-packages/airflow/example_dags/example_branch_python_dop_operator_3.py
[2022-11-28T23:38:18.429+0000] {processor.py:756} INFO - Processing file /home/airflow/.local/lib/python3.7/site-packages/airflow/example_dags/example_branch_python_dop_operator_3.py for tasks to queue
[2022-11-28T23:38:18.429+0000] {logging_mixin.py:137} INFO - [2022-11-28T23:38:18.429+0000] {dagbag.py:537} INFO - Filling up the DagBag from /home/airflow/.local/lib/python3.7/site-packages/airflow/example_dags/example_branch_python_dop_operator_3.py
[2022-11-28T23:38:18.450+0000] {processor.py:766} INFO - DAG(s) dict_keys(['example_branch_dop_operator_v3']) retrieved from /home/airflow/.local/lib/python3.7/site-packages/airflow/example_dags/example_branch_python_dop_operator_3.py
[2022-11-28T23:38:18.486+0000] {logging_mixin.py:137} INFO - [2022-11-28T23:38:18.486+0000] {dag.py:2585} INFO - Sync 1 DAGs
[2022-11-28T23:38:18.518+0000] {logging_mixin.py:137} INFO - [2022-11-28T23:38:18.518+0000] {dag.py:3340} INFO - Setting next_dagrun for example_branch_dop_operator_v3 to 2022-11-28T23:37:00+00:00, run_after=2022-11-28T23:38:00+00:00
[2022-11-28T23:38:18.540+0000] {processor.py:176} INFO - Processing /home/airflow/.local/lib/python3.7/site-packages/airflow/example_dags/example_branch_python_dop_operator_3.py took 0.114 seconds
[2022-11-28T23:38:49.107+0000] {processor.py:154} INFO - Started process (PID=939) to work on /home/airflow/.local/lib/python3.7/site-packages/airflow/example_dags/example_branch_python_dop_operator_3.py
[2022-11-28T23:38:49.108+0000] {processor.py:756} INFO - Processing file /home/airflow/.local/lib/python3.7/site-packages/airflow/example_dags/example_branch_python_dop_operator_3.py for tasks to queue
[2022-11-28T23:38:49.108+0000] {logging_mixin.py:137} INFO - [2022-11-28T23:38:49.108+0000] {dagbag.py:537} INFO - Filling up the DagBag from /home/airflow/.local/lib/python3.7/site-packages/airflow/example_dags/example_branch_python_dop_operator_3.py
[2022-11-28T23:38:49.130+0000] {processor.py:766} INFO - DAG(s) dict_keys(['example_branch_dop_operator_v3']) retrieved from /home/airflow/.local/lib/python3.7/site-packages/airflow/example_dags/example_branch_python_dop_operator_3.py
[2022-11-28T23:38:49.166+0000] {logging_mixin.py:137} INFO - [2022-11-28T23:38:49.166+0000] {dag.py:2585} INFO - Sync 1 DAGs
[2022-11-28T23:38:49.196+0000] {logging_mixin.py:137} INFO - [2022-11-28T23:38:49.196+0000] {dag.py:3340} INFO - Setting next_dagrun for example_branch_dop_operator_v3 to 2022-11-28T23:37:00+00:00, run_after=2022-11-28T23:38:00+00:00
[2022-11-28T23:38:49.218+0000] {processor.py:176} INFO - Processing /home/airflow/.local/lib/python3.7/site-packages/airflow/example_dags/example_branch_python_dop_operator_3.py took 0.113 seconds
[2022-11-28T23:39:19.947+0000] {processor.py:154} INFO - Started process (PID=1137) to work on /home/airflow/.local/lib/python3.7/site-packages/airflow/example_dags/example_branch_python_dop_operator_3.py
[2022-11-28T23:39:19.950+0000] {processor.py:756} INFO - Processing file /home/airflow/.local/lib/python3.7/site-packages/airflow/example_dags/example_branch_python_dop_operator_3.py for tasks to queue
[2022-11-28T23:39:19.950+0000] {logging_mixin.py:137} INFO - [2022-11-28T23:39:19.950+0000] {dagbag.py:537} INFO - Filling up the DagBag from /home/airflow/.local/lib/python3.7/site-packages/airflow/example_dags/example_branch_python_dop_operator_3.py
[2022-11-28T23:39:19.972+0000] {processor.py:766} INFO - DAG(s) dict_keys(['example_branch_dop_operator_v3']) retrieved from /home/airflow/.local/lib/python3.7/site-packages/airflow/example_dags/example_branch_python_dop_operator_3.py
[2022-11-28T23:39:20.010+0000] {logging_mixin.py:137} INFO - [2022-11-28T23:39:20.009+0000] {dag.py:2585} INFO - Sync 1 DAGs
[2022-11-28T23:39:20.045+0000] {logging_mixin.py:137} INFO - [2022-11-28T23:39:20.045+0000] {dag.py:3340} INFO - Setting next_dagrun for example_branch_dop_operator_v3 to 2022-11-28T23:38:00+00:00, run_after=2022-11-28T23:39:00+00:00
[2022-11-28T23:39:20.070+0000] {processor.py:176} INFO - Processing /home/airflow/.local/lib/python3.7/site-packages/airflow/example_dags/example_branch_python_dop_operator_3.py took 0.125 seconds
[2022-11-28T23:39:51.020+0000] {processor.py:154} INFO - Started process (PID=1344) to work on /home/airflow/.local/lib/python3.7/site-packages/airflow/example_dags/example_branch_python_dop_operator_3.py
[2022-11-28T23:39:51.021+0000] {processor.py:756} INFO - Processing file /home/airflow/.local/lib/python3.7/site-packages/airflow/example_dags/example_branch_python_dop_operator_3.py for tasks to queue
[2022-11-28T23:39:51.021+0000] {logging_mixin.py:137} INFO - [2022-11-28T23:39:51.021+0000] {dagbag.py:537} INFO - Filling up the DagBag from /home/airflow/.local/lib/python3.7/site-packages/airflow/example_dags/example_branch_python_dop_operator_3.py
[2022-11-28T23:39:51.044+0000] {processor.py:766} INFO - DAG(s) dict_keys(['example_branch_dop_operator_v3']) retrieved from /home/airflow/.local/lib/python3.7/site-packages/airflow/example_dags/example_branch_python_dop_operator_3.py
[2022-11-28T23:39:51.086+0000] {logging_mixin.py:137} INFO - [2022-11-28T23:39:51.086+0000] {dag.py:2585} INFO - Sync 1 DAGs
[2022-11-28T23:39:51.123+0000] {logging_mixin.py:137} INFO - [2022-11-28T23:39:51.123+0000] {dag.py:3340} INFO - Setting next_dagrun for example_branch_dop_operator_v3 to 2022-11-28T23:38:00+00:00, run_after=2022-11-28T23:39:00+00:00
[2022-11-28T23:39:51.149+0000] {processor.py:176} INFO - Processing /home/airflow/.local/lib/python3.7/site-packages/airflow/example_dags/example_branch_python_dop_operator_3.py took 0.131 seconds
[2022-11-28T23:40:21.857+0000] {processor.py:154} INFO - Started process (PID=1552) to work on /home/airflow/.local/lib/python3.7/site-packages/airflow/example_dags/example_branch_python_dop_operator_3.py
[2022-11-28T23:40:21.857+0000] {processor.py:756} INFO - Processing file /home/airflow/.local/lib/python3.7/site-packages/airflow/example_dags/example_branch_python_dop_operator_3.py for tasks to queue
[2022-11-28T23:40:21.858+0000] {logging_mixin.py:137} INFO - [2022-11-28T23:40:21.858+0000] {dagbag.py:537} INFO - Filling up the DagBag from /home/airflow/.local/lib/python3.7/site-packages/airflow/example_dags/example_branch_python_dop_operator_3.py
[2022-11-28T23:40:21.881+0000] {processor.py:766} INFO - DAG(s) dict_keys(['example_branch_dop_operator_v3']) retrieved from /home/airflow/.local/lib/python3.7/site-packages/airflow/example_dags/example_branch_python_dop_operator_3.py
[2022-11-28T23:40:21.920+0000] {logging_mixin.py:137} INFO - [2022-11-28T23:40:21.920+0000] {dag.py:2585} INFO - Sync 1 DAGs
[2022-11-28T23:40:21.958+0000] {logging_mixin.py:137} INFO - [2022-11-28T23:40:21.958+0000] {dag.py:3340} INFO - Setting next_dagrun for example_branch_dop_operator_v3 to 2022-11-28T23:39:00+00:00, run_after=2022-11-28T23:40:00+00:00
[2022-11-28T23:40:21.983+0000] {processor.py:176} INFO - Processing /home/airflow/.local/lib/python3.7/site-packages/airflow/example_dags/example_branch_python_dop_operator_3.py took 0.129 seconds
[2022-11-28T23:40:52.600+0000] {processor.py:154} INFO - Started process (PID=1750) to work on /home/airflow/.local/lib/python3.7/site-packages/airflow/example_dags/example_branch_python_dop_operator_3.py
[2022-11-28T23:40:52.601+0000] {processor.py:756} INFO - Processing file /home/airflow/.local/lib/python3.7/site-packages/airflow/example_dags/example_branch_python_dop_operator_3.py for tasks to queue
[2022-11-28T23:40:52.602+0000] {logging_mixin.py:137} INFO - [2022-11-28T23:40:52.602+0000] {dagbag.py:537} INFO - Filling up the DagBag from /home/airflow/.local/lib/python3.7/site-packages/airflow/example_dags/example_branch_python_dop_operator_3.py
[2022-11-28T23:40:52.625+0000] {processor.py:766} INFO - DAG(s) dict_keys(['example_branch_dop_operator_v3']) retrieved from /home/airflow/.local/lib/python3.7/site-packages/airflow/example_dags/example_branch_python_dop_operator_3.py
[2022-11-28T23:40:52.663+0000] {logging_mixin.py:137} INFO - [2022-11-28T23:40:52.663+0000] {dag.py:2585} INFO - Sync 1 DAGs
[2022-11-28T23:40:52.696+0000] {logging_mixin.py:137} INFO - [2022-11-28T23:40:52.696+0000] {dag.py:3340} INFO - Setting next_dagrun for example_branch_dop_operator_v3 to 2022-11-28T23:39:00+00:00, run_after=2022-11-28T23:40:00+00:00
[2022-11-28T23:40:52.720+0000] {processor.py:176} INFO - Processing /home/airflow/.local/lib/python3.7/site-packages/airflow/example_dags/example_branch_python_dop_operator_3.py took 0.122 seconds
[2022-11-28T23:41:23.621+0000] {processor.py:154} INFO - Started process (PID=1957) to work on /home/airflow/.local/lib/python3.7/site-packages/airflow/example_dags/example_branch_python_dop_operator_3.py
[2022-11-28T23:41:23.621+0000] {processor.py:756} INFO - Processing file /home/airflow/.local/lib/python3.7/site-packages/airflow/example_dags/example_branch_python_dop_operator_3.py for tasks to queue
[2022-11-28T23:41:23.622+0000] {logging_mixin.py:137} INFO - [2022-11-28T23:41:23.622+0000] {dagbag.py:537} INFO - Filling up the DagBag from /home/airflow/.local/lib/python3.7/site-packages/airflow/example_dags/example_branch_python_dop_operator_3.py
[2022-11-28T23:41:23.646+0000] {processor.py:766} INFO - DAG(s) dict_keys(['example_branch_dop_operator_v3']) retrieved from /home/airflow/.local/lib/python3.7/site-packages/airflow/example_dags/example_branch_python_dop_operator_3.py
[2022-11-28T23:41:23.686+0000] {logging_mixin.py:137} INFO - [2022-11-28T23:41:23.686+0000] {dag.py:2585} INFO - Sync 1 DAGs
[2022-11-28T23:41:23.721+0000] {logging_mixin.py:137} INFO - [2022-11-28T23:41:23.720+0000] {dag.py:3340} INFO - Setting next_dagrun for example_branch_dop_operator_v3 to 2022-11-28T23:40:00+00:00, run_after=2022-11-28T23:41:00+00:00
[2022-11-28T23:41:23.744+0000] {processor.py:176} INFO - Processing /home/airflow/.local/lib/python3.7/site-packages/airflow/example_dags/example_branch_python_dop_operator_3.py took 0.127 seconds
[2022-11-28T23:41:54.585+0000] {processor.py:154} INFO - Started process (PID=2164) to work on /home/airflow/.local/lib/python3.7/site-packages/airflow/example_dags/example_branch_python_dop_operator_3.py
[2022-11-28T23:41:54.587+0000] {processor.py:756} INFO - Processing file /home/airflow/.local/lib/python3.7/site-packages/airflow/example_dags/example_branch_python_dop_operator_3.py for tasks to queue
[2022-11-28T23:41:54.587+0000] {logging_mixin.py:137} INFO - [2022-11-28T23:41:54.587+0000] {dagbag.py:537} INFO - Filling up the DagBag from /home/airflow/.local/lib/python3.7/site-packages/airflow/example_dags/example_branch_python_dop_operator_3.py
[2022-11-28T23:41:54.609+0000] {processor.py:766} INFO - DAG(s) dict_keys(['example_branch_dop_operator_v3']) retrieved from /home/airflow/.local/lib/python3.7/site-packages/airflow/example_dags/example_branch_python_dop_operator_3.py
[2022-11-28T23:41:54.646+0000] {logging_mixin.py:137} INFO - [2022-11-28T23:41:54.646+0000] {dag.py:2585} INFO - Sync 1 DAGs
[2022-11-28T23:41:54.680+0000] {logging_mixin.py:137} INFO - [2022-11-28T23:41:54.680+0000] {dag.py:3340} INFO - Setting next_dagrun for example_branch_dop_operator_v3 to 2022-11-28T23:40:00+00:00, run_after=2022-11-28T23:41:00+00:00
[2022-11-28T23:41:54.704+0000] {processor.py:176} INFO - Processing /home/airflow/.local/lib/python3.7/site-packages/airflow/example_dags/example_branch_python_dop_operator_3.py took 0.122 seconds
[2022-11-28T23:42:26.643+0000] {processor.py:154} INFO - Started process (PID=2369) to work on /home/airflow/.local/lib/python3.7/site-packages/airflow/example_dags/example_branch_python_dop_operator_3.py
[2022-11-28T23:42:26.644+0000] {processor.py:756} INFO - Processing file /home/airflow/.local/lib/python3.7/site-packages/airflow/example_dags/example_branch_python_dop_operator_3.py for tasks to queue
[2022-11-28T23:42:26.644+0000] {logging_mixin.py:137} INFO - [2022-11-28T23:42:26.644+0000] {dagbag.py:537} INFO - Filling up the DagBag from /home/airflow/.local/lib/python3.7/site-packages/airflow/example_dags/example_branch_python_dop_operator_3.py
[2022-11-28T23:42:26.683+0000] {processor.py:766} INFO - DAG(s) dict_keys(['example_branch_dop_operator_v3']) retrieved from /home/airflow/.local/lib/python3.7/site-packages/airflow/example_dags/example_branch_python_dop_operator_3.py
[2022-11-28T23:42:26.745+0000] {logging_mixin.py:137} INFO - [2022-11-28T23:42:26.745+0000] {dag.py:2585} INFO - Sync 1 DAGs
[2022-11-28T23:42:26.803+0000] {logging_mixin.py:137} INFO - [2022-11-28T23:42:26.803+0000] {dag.py:3340} INFO - Setting next_dagrun for example_branch_dop_operator_v3 to 2022-11-28T23:41:00+00:00, run_after=2022-11-28T23:42:00+00:00
[2022-11-28T23:42:26.836+0000] {processor.py:176} INFO - Processing /home/airflow/.local/lib/python3.7/site-packages/airflow/example_dags/example_branch_python_dop_operator_3.py took 0.197 seconds
[2022-11-28T23:42:57.178+0000] {processor.py:154} INFO - Started process (PID=2569) to work on /home/airflow/.local/lib/python3.7/site-packages/airflow/example_dags/example_branch_python_dop_operator_3.py
[2022-11-28T23:42:57.178+0000] {processor.py:756} INFO - Processing file /home/airflow/.local/lib/python3.7/site-packages/airflow/example_dags/example_branch_python_dop_operator_3.py for tasks to queue
[2022-11-28T23:42:57.179+0000] {logging_mixin.py:137} INFO - [2022-11-28T23:42:57.179+0000] {dagbag.py:537} INFO - Filling up the DagBag from /home/airflow/.local/lib/python3.7/site-packages/airflow/example_dags/example_branch_python_dop_operator_3.py
[2022-11-28T23:42:57.204+0000] {processor.py:766} INFO - DAG(s) dict_keys(['example_branch_dop_operator_v3']) retrieved from /home/airflow/.local/lib/python3.7/site-packages/airflow/example_dags/example_branch_python_dop_operator_3.py
[2022-11-28T23:42:57.252+0000] {logging_mixin.py:137} INFO - [2022-11-28T23:42:57.252+0000] {dag.py:2585} INFO - Sync 1 DAGs
[2022-11-28T23:42:57.290+0000] {logging_mixin.py:137} INFO - [2022-11-28T23:42:57.289+0000] {dag.py:3340} INFO - Setting next_dagrun for example_branch_dop_operator_v3 to 2022-11-28T23:41:00+00:00, run_after=2022-11-28T23:42:00+00:00
[2022-11-28T23:42:57.314+0000] {processor.py:176} INFO - Processing /home/airflow/.local/lib/python3.7/site-packages/airflow/example_dags/example_branch_python_dop_operator_3.py took 0.140 seconds
[2022-11-28T23:43:27.992+0000] {processor.py:154} INFO - Started process (PID=2776) to work on /home/airflow/.local/lib/python3.7/site-packages/airflow/example_dags/example_branch_python_dop_operator_3.py
[2022-11-28T23:43:27.993+0000] {processor.py:756} INFO - Processing file /home/airflow/.local/lib/python3.7/site-packages/airflow/example_dags/example_branch_python_dop_operator_3.py for tasks to queue
[2022-11-28T23:43:27.993+0000] {logging_mixin.py:137} INFO - [2022-11-28T23:43:27.993+0000] {dagbag.py:537} INFO - Filling up the DagBag from /home/airflow/.local/lib/python3.7/site-packages/airflow/example_dags/example_branch_python_dop_operator_3.py
[2022-11-28T23:43:28.013+0000] {processor.py:766} INFO - DAG(s) dict_keys(['example_branch_dop_operator_v3']) retrieved from /home/airflow/.local/lib/python3.7/site-packages/airflow/example_dags/example_branch_python_dop_operator_3.py
[2022-11-28T23:43:28.049+0000] {logging_mixin.py:137} INFO - [2022-11-28T23:43:28.049+0000] {dag.py:2585} INFO - Sync 1 DAGs
[2022-11-28T23:43:28.082+0000] {logging_mixin.py:137} INFO - [2022-11-28T23:43:28.082+0000] {dag.py:3340} INFO - Setting next_dagrun for example_branch_dop_operator_v3 to 2022-11-28T23:42:00+00:00, run_after=2022-11-28T23:43:00+00:00
[2022-11-28T23:43:28.103+0000] {processor.py:176} INFO - Processing /home/airflow/.local/lib/python3.7/site-packages/airflow/example_dags/example_branch_python_dop_operator_3.py took 0.113 seconds
[2022-11-28T23:43:58.557+0000] {processor.py:154} INFO - Started process (PID=2976) to work on /home/airflow/.local/lib/python3.7/site-packages/airflow/example_dags/example_branch_python_dop_operator_3.py
[2022-11-28T23:43:58.558+0000] {processor.py:756} INFO - Processing file /home/airflow/.local/lib/python3.7/site-packages/airflow/example_dags/example_branch_python_dop_operator_3.py for tasks to queue
[2022-11-28T23:43:58.558+0000] {logging_mixin.py:137} INFO - [2022-11-28T23:43:58.558+0000] {dagbag.py:537} INFO - Filling up the DagBag from /home/airflow/.local/lib/python3.7/site-packages/airflow/example_dags/example_branch_python_dop_operator_3.py
[2022-11-28T23:43:58.580+0000] {processor.py:766} INFO - DAG(s) dict_keys(['example_branch_dop_operator_v3']) retrieved from /home/airflow/.local/lib/python3.7/site-packages/airflow/example_dags/example_branch_python_dop_operator_3.py
[2022-11-28T23:43:58.616+0000] {logging_mixin.py:137} INFO - [2022-11-28T23:43:58.615+0000] {dag.py:2585} INFO - Sync 1 DAGs
[2022-11-28T23:43:58.648+0000] {logging_mixin.py:137} INFO - [2022-11-28T23:43:58.647+0000] {dag.py:3340} INFO - Setting next_dagrun for example_branch_dop_operator_v3 to 2022-11-28T23:42:00+00:00, run_after=2022-11-28T23:43:00+00:00
[2022-11-28T23:43:58.669+0000] {processor.py:176} INFO - Processing /home/airflow/.local/lib/python3.7/site-packages/airflow/example_dags/example_branch_python_dop_operator_3.py took 0.114 seconds
[2022-11-28T23:44:29.197+0000] {processor.py:154} INFO - Started process (PID=3181) to work on /home/airflow/.local/lib/python3.7/site-packages/airflow/example_dags/example_branch_python_dop_operator_3.py
[2022-11-28T23:44:29.198+0000] {processor.py:756} INFO - Processing file /home/airflow/.local/lib/python3.7/site-packages/airflow/example_dags/example_branch_python_dop_operator_3.py for tasks to queue
[2022-11-28T23:44:29.198+0000] {logging_mixin.py:137} INFO - [2022-11-28T23:44:29.198+0000] {dagbag.py:537} INFO - Filling up the DagBag from /home/airflow/.local/lib/python3.7/site-packages/airflow/example_dags/example_branch_python_dop_operator_3.py
[2022-11-28T23:44:29.219+0000] {processor.py:766} INFO - DAG(s) dict_keys(['example_branch_dop_operator_v3']) retrieved from /home/airflow/.local/lib/python3.7/site-packages/airflow/example_dags/example_branch_python_dop_operator_3.py
[2022-11-28T23:44:29.252+0000] {logging_mixin.py:137} INFO - [2022-11-28T23:44:29.252+0000] {dag.py:2585} INFO - Sync 1 DAGs
[2022-11-28T23:44:29.284+0000] {logging_mixin.py:137} INFO - [2022-11-28T23:44:29.284+0000] {dag.py:3340} INFO - Setting next_dagrun for example_branch_dop_operator_v3 to 2022-11-28T23:43:00+00:00, run_after=2022-11-28T23:44:00+00:00
[2022-11-28T23:44:29.305+0000] {processor.py:176} INFO - Processing /home/airflow/.local/lib/python3.7/site-packages/airflow/example_dags/example_branch_python_dop_operator_3.py took 0.110 seconds
[2022-11-28T23:44:59.956+0000] {processor.py:154} INFO - Started process (PID=3388) to work on /home/airflow/.local/lib/python3.7/site-packages/airflow/example_dags/example_branch_python_dop_operator_3.py
[2022-11-28T23:44:59.957+0000] {processor.py:756} INFO - Processing file /home/airflow/.local/lib/python3.7/site-packages/airflow/example_dags/example_branch_python_dop_operator_3.py for tasks to queue
[2022-11-28T23:44:59.957+0000] {logging_mixin.py:137} INFO - [2022-11-28T23:44:59.957+0000] {dagbag.py:537} INFO - Filling up the DagBag from /home/airflow/.local/lib/python3.7/site-packages/airflow/example_dags/example_branch_python_dop_operator_3.py
[2022-11-28T23:44:59.978+0000] {processor.py:766} INFO - DAG(s) dict_keys(['example_branch_dop_operator_v3']) retrieved from /home/airflow/.local/lib/python3.7/site-packages/airflow/example_dags/example_branch_python_dop_operator_3.py
[2022-11-28T23:45:00.012+0000] {logging_mixin.py:137} INFO - [2022-11-28T23:45:00.011+0000] {dag.py:2585} INFO - Sync 1 DAGs
[2022-11-28T23:45:00.043+0000] {logging_mixin.py:137} INFO - [2022-11-28T23:45:00.043+0000] {dag.py:3340} INFO - Setting next_dagrun for example_branch_dop_operator_v3 to 2022-11-28T23:44:00+00:00, run_after=2022-11-28T23:45:00+00:00
[2022-11-28T23:45:00.065+0000] {processor.py:176} INFO - Processing /home/airflow/.local/lib/python3.7/site-packages/airflow/example_dags/example_branch_python_dop_operator_3.py took 0.111 seconds
