[2022-11-28T23:37:17.030+0000] {processor.py:154} INFO - Started process (PID=351) to work on /home/airflow/.local/lib/python3.7/site-packages/airflow/example_dags/example_subdag_operator.py
[2022-11-28T23:37:17.031+0000] {processor.py:756} INFO - Processing file /home/airflow/.local/lib/python3.7/site-packages/airflow/example_dags/example_subdag_operator.py for tasks to queue
[2022-11-28T23:37:17.031+0000] {logging_mixin.py:137} INFO - [2022-11-28T23:37:17.031+0000] {dagbag.py:537} INFO - Filling up the DagBag from /home/airflow/.local/lib/python3.7/site-packages/airflow/example_dags/example_subdag_operator.py
[2022-11-28T23:37:17.061+0000] {processor.py:766} INFO - DAG(s) dict_keys(['example_subdag_operator.section-1', 'example_subdag_operator.section-2', 'example_subdag_operator']) retrieved from /home/airflow/.local/lib/python3.7/site-packages/airflow/example_dags/example_subdag_operator.py
[2022-11-28T23:37:17.281+0000] {logging_mixin.py:137} INFO - [2022-11-28T23:37:17.281+0000] {dag.py:2585} INFO - Sync 3 DAGs
[2022-11-28T23:37:17.308+0000] {logging_mixin.py:137} INFO - [2022-11-28T23:37:17.308+0000] {dag.py:3340} INFO - Setting next_dagrun for example_subdag_operator to 2022-01-01T00:00:00+00:00, run_after=2022-01-01T00:00:00+00:00
[2022-11-28T23:37:17.311+0000] {logging_mixin.py:137} INFO - [2022-11-28T23:37:17.311+0000] {dag.py:3340} INFO - Setting next_dagrun for example_subdag_operator.section-1 to None, run_after=None
[2022-11-28T23:37:17.313+0000] {logging_mixin.py:137} INFO - [2022-11-28T23:37:17.313+0000] {dag.py:3340} INFO - Setting next_dagrun for example_subdag_operator.section-2 to None, run_after=None
[2022-11-28T23:37:17.322+0000] {logging_mixin.py:137} INFO - [2022-11-28T23:37:17.321+0000] {dag.py:2585} INFO - Sync 2 DAGs
[2022-11-28T23:37:17.328+0000] {logging_mixin.py:137} INFO - [2022-11-28T23:37:17.327+0000] {dag.py:3340} INFO - Setting next_dagrun for example_subdag_operator.section-1 to None, run_after=None
[2022-11-28T23:37:17.328+0000] {logging_mixin.py:137} INFO - [2022-11-28T23:37:17.328+0000] {dag.py:3340} INFO - Setting next_dagrun for example_subdag_operator.section-2 to None, run_after=None
[2022-11-28T23:37:17.344+0000] {processor.py:176} INFO - Processing /home/airflow/.local/lib/python3.7/site-packages/airflow/example_dags/example_subdag_operator.py took 0.316 seconds
[2022-11-28T23:37:47.884+0000] {processor.py:154} INFO - Started process (PID=549) to work on /home/airflow/.local/lib/python3.7/site-packages/airflow/example_dags/example_subdag_operator.py
[2022-11-28T23:37:47.884+0000] {processor.py:756} INFO - Processing file /home/airflow/.local/lib/python3.7/site-packages/airflow/example_dags/example_subdag_operator.py for tasks to queue
[2022-11-28T23:37:47.885+0000] {logging_mixin.py:137} INFO - [2022-11-28T23:37:47.885+0000] {dagbag.py:537} INFO - Filling up the DagBag from /home/airflow/.local/lib/python3.7/site-packages/airflow/example_dags/example_subdag_operator.py
[2022-11-28T23:37:47.915+0000] {processor.py:766} INFO - DAG(s) dict_keys(['example_subdag_operator.section-1', 'example_subdag_operator.section-2', 'example_subdag_operator']) retrieved from /home/airflow/.local/lib/python3.7/site-packages/airflow/example_dags/example_subdag_operator.py
[2022-11-28T23:37:48.132+0000] {logging_mixin.py:137} INFO - [2022-11-28T23:37:48.132+0000] {dag.py:2585} INFO - Sync 3 DAGs
[2022-11-28T23:37:48.159+0000] {logging_mixin.py:137} INFO - [2022-11-28T23:37:48.159+0000] {dag.py:3340} INFO - Setting next_dagrun for example_subdag_operator to 2022-01-01T00:00:00+00:00, run_after=2022-01-01T00:00:00+00:00
[2022-11-28T23:37:48.162+0000] {logging_mixin.py:137} INFO - [2022-11-28T23:37:48.162+0000] {dag.py:3340} INFO - Setting next_dagrun for example_subdag_operator.section-1 to None, run_after=None
[2022-11-28T23:37:48.163+0000] {logging_mixin.py:137} INFO - [2022-11-28T23:37:48.163+0000] {dag.py:3340} INFO - Setting next_dagrun for example_subdag_operator.section-2 to None, run_after=None
[2022-11-28T23:37:48.171+0000] {logging_mixin.py:137} INFO - [2022-11-28T23:37:48.171+0000] {dag.py:2585} INFO - Sync 2 DAGs
[2022-11-28T23:37:48.176+0000] {logging_mixin.py:137} INFO - [2022-11-28T23:37:48.176+0000] {dag.py:3340} INFO - Setting next_dagrun for example_subdag_operator.section-1 to None, run_after=None
[2022-11-28T23:37:48.177+0000] {logging_mixin.py:137} INFO - [2022-11-28T23:37:48.177+0000] {dag.py:3340} INFO - Setting next_dagrun for example_subdag_operator.section-2 to None, run_after=None
[2022-11-28T23:37:48.188+0000] {processor.py:176} INFO - Processing /home/airflow/.local/lib/python3.7/site-packages/airflow/example_dags/example_subdag_operator.py took 0.306 seconds
[2022-11-28T23:38:18.775+0000] {processor.py:154} INFO - Started process (PID=757) to work on /home/airflow/.local/lib/python3.7/site-packages/airflow/example_dags/example_subdag_operator.py
[2022-11-28T23:38:18.776+0000] {processor.py:756} INFO - Processing file /home/airflow/.local/lib/python3.7/site-packages/airflow/example_dags/example_subdag_operator.py for tasks to queue
[2022-11-28T23:38:18.776+0000] {logging_mixin.py:137} INFO - [2022-11-28T23:38:18.776+0000] {dagbag.py:537} INFO - Filling up the DagBag from /home/airflow/.local/lib/python3.7/site-packages/airflow/example_dags/example_subdag_operator.py
[2022-11-28T23:38:18.804+0000] {processor.py:766} INFO - DAG(s) dict_keys(['example_subdag_operator.section-1', 'example_subdag_operator.section-2', 'example_subdag_operator']) retrieved from /home/airflow/.local/lib/python3.7/site-packages/airflow/example_dags/example_subdag_operator.py
[2022-11-28T23:38:19.017+0000] {logging_mixin.py:137} INFO - [2022-11-28T23:38:19.016+0000] {dag.py:2585} INFO - Sync 3 DAGs
[2022-11-28T23:38:19.042+0000] {logging_mixin.py:137} INFO - [2022-11-28T23:38:19.042+0000] {dag.py:3340} INFO - Setting next_dagrun for example_subdag_operator to 2022-01-01T00:00:00+00:00, run_after=2022-01-01T00:00:00+00:00
[2022-11-28T23:38:19.045+0000] {logging_mixin.py:137} INFO - [2022-11-28T23:38:19.045+0000] {dag.py:3340} INFO - Setting next_dagrun for example_subdag_operator.section-1 to None, run_after=None
[2022-11-28T23:38:19.046+0000] {logging_mixin.py:137} INFO - [2022-11-28T23:38:19.046+0000] {dag.py:3340} INFO - Setting next_dagrun for example_subdag_operator.section-2 to None, run_after=None
[2022-11-28T23:38:19.053+0000] {logging_mixin.py:137} INFO - [2022-11-28T23:38:19.053+0000] {dag.py:2585} INFO - Sync 2 DAGs
[2022-11-28T23:38:19.058+0000] {logging_mixin.py:137} INFO - [2022-11-28T23:38:19.058+0000] {dag.py:3340} INFO - Setting next_dagrun for example_subdag_operator.section-1 to None, run_after=None
[2022-11-28T23:38:19.059+0000] {logging_mixin.py:137} INFO - [2022-11-28T23:38:19.059+0000] {dag.py:3340} INFO - Setting next_dagrun for example_subdag_operator.section-2 to None, run_after=None
[2022-11-28T23:38:19.072+0000] {processor.py:176} INFO - Processing /home/airflow/.local/lib/python3.7/site-packages/airflow/example_dags/example_subdag_operator.py took 0.299 seconds
[2022-11-28T23:38:49.462+0000] {processor.py:154} INFO - Started process (PID=964) to work on /home/airflow/.local/lib/python3.7/site-packages/airflow/example_dags/example_subdag_operator.py
[2022-11-28T23:38:49.462+0000] {processor.py:756} INFO - Processing file /home/airflow/.local/lib/python3.7/site-packages/airflow/example_dags/example_subdag_operator.py for tasks to queue
[2022-11-28T23:38:49.463+0000] {logging_mixin.py:137} INFO - [2022-11-28T23:38:49.463+0000] {dagbag.py:537} INFO - Filling up the DagBag from /home/airflow/.local/lib/python3.7/site-packages/airflow/example_dags/example_subdag_operator.py
[2022-11-28T23:38:49.491+0000] {processor.py:766} INFO - DAG(s) dict_keys(['example_subdag_operator.section-1', 'example_subdag_operator.section-2', 'example_subdag_operator']) retrieved from /home/airflow/.local/lib/python3.7/site-packages/airflow/example_dags/example_subdag_operator.py
[2022-11-28T23:38:49.697+0000] {logging_mixin.py:137} INFO - [2022-11-28T23:38:49.697+0000] {dag.py:2585} INFO - Sync 3 DAGs
[2022-11-28T23:38:49.722+0000] {logging_mixin.py:137} INFO - [2022-11-28T23:38:49.721+0000] {dag.py:3340} INFO - Setting next_dagrun for example_subdag_operator to 2022-01-01T00:00:00+00:00, run_after=2022-01-01T00:00:00+00:00
[2022-11-28T23:38:49.725+0000] {logging_mixin.py:137} INFO - [2022-11-28T23:38:49.725+0000] {dag.py:3340} INFO - Setting next_dagrun for example_subdag_operator.section-1 to None, run_after=None
[2022-11-28T23:38:49.726+0000] {logging_mixin.py:137} INFO - [2022-11-28T23:38:49.726+0000] {dag.py:3340} INFO - Setting next_dagrun for example_subdag_operator.section-2 to None, run_after=None
[2022-11-28T23:38:49.733+0000] {logging_mixin.py:137} INFO - [2022-11-28T23:38:49.733+0000] {dag.py:2585} INFO - Sync 2 DAGs
[2022-11-28T23:38:49.738+0000] {logging_mixin.py:137} INFO - [2022-11-28T23:38:49.738+0000] {dag.py:3340} INFO - Setting next_dagrun for example_subdag_operator.section-1 to None, run_after=None
[2022-11-28T23:38:49.738+0000] {logging_mixin.py:137} INFO - [2022-11-28T23:38:49.738+0000] {dag.py:3340} INFO - Setting next_dagrun for example_subdag_operator.section-2 to None, run_after=None
[2022-11-28T23:38:49.752+0000] {processor.py:176} INFO - Processing /home/airflow/.local/lib/python3.7/site-packages/airflow/example_dags/example_subdag_operator.py took 0.292 seconds
[2022-11-28T23:39:20.301+0000] {processor.py:154} INFO - Started process (PID=1162) to work on /home/airflow/.local/lib/python3.7/site-packages/airflow/example_dags/example_subdag_operator.py
[2022-11-28T23:39:20.302+0000] {processor.py:756} INFO - Processing file /home/airflow/.local/lib/python3.7/site-packages/airflow/example_dags/example_subdag_operator.py for tasks to queue
[2022-11-28T23:39:20.302+0000] {logging_mixin.py:137} INFO - [2022-11-28T23:39:20.302+0000] {dagbag.py:537} INFO - Filling up the DagBag from /home/airflow/.local/lib/python3.7/site-packages/airflow/example_dags/example_subdag_operator.py
[2022-11-28T23:39:20.339+0000] {processor.py:766} INFO - DAG(s) dict_keys(['example_subdag_operator.section-1', 'example_subdag_operator.section-2', 'example_subdag_operator']) retrieved from /home/airflow/.local/lib/python3.7/site-packages/airflow/example_dags/example_subdag_operator.py
[2022-11-28T23:39:20.571+0000] {logging_mixin.py:137} INFO - [2022-11-28T23:39:20.571+0000] {dag.py:2585} INFO - Sync 3 DAGs
[2022-11-28T23:39:20.600+0000] {logging_mixin.py:137} INFO - [2022-11-28T23:39:20.600+0000] {dag.py:3340} INFO - Setting next_dagrun for example_subdag_operator to 2022-01-01T00:00:00+00:00, run_after=2022-01-01T00:00:00+00:00
[2022-11-28T23:39:20.604+0000] {logging_mixin.py:137} INFO - [2022-11-28T23:39:20.604+0000] {dag.py:3340} INFO - Setting next_dagrun for example_subdag_operator.section-1 to None, run_after=None
[2022-11-28T23:39:20.607+0000] {logging_mixin.py:137} INFO - [2022-11-28T23:39:20.606+0000] {dag.py:3340} INFO - Setting next_dagrun for example_subdag_operator.section-2 to None, run_after=None
[2022-11-28T23:39:20.615+0000] {logging_mixin.py:137} INFO - [2022-11-28T23:39:20.614+0000] {dag.py:2585} INFO - Sync 2 DAGs
[2022-11-28T23:39:20.622+0000] {logging_mixin.py:137} INFO - [2022-11-28T23:39:20.621+0000] {dag.py:3340} INFO - Setting next_dagrun for example_subdag_operator.section-1 to None, run_after=None
[2022-11-28T23:39:20.622+0000] {logging_mixin.py:137} INFO - [2022-11-28T23:39:20.622+0000] {dag.py:3340} INFO - Setting next_dagrun for example_subdag_operator.section-2 to None, run_after=None
[2022-11-28T23:39:20.639+0000] {processor.py:176} INFO - Processing /home/airflow/.local/lib/python3.7/site-packages/airflow/example_dags/example_subdag_operator.py took 0.340 seconds
[2022-11-28T23:39:51.347+0000] {processor.py:154} INFO - Started process (PID=1369) to work on /home/airflow/.local/lib/python3.7/site-packages/airflow/example_dags/example_subdag_operator.py
[2022-11-28T23:39:51.348+0000] {processor.py:756} INFO - Processing file /home/airflow/.local/lib/python3.7/site-packages/airflow/example_dags/example_subdag_operator.py for tasks to queue
[2022-11-28T23:39:51.348+0000] {logging_mixin.py:137} INFO - [2022-11-28T23:39:51.348+0000] {dagbag.py:537} INFO - Filling up the DagBag from /home/airflow/.local/lib/python3.7/site-packages/airflow/example_dags/example_subdag_operator.py
[2022-11-28T23:39:51.378+0000] {processor.py:766} INFO - DAG(s) dict_keys(['example_subdag_operator.section-1', 'example_subdag_operator.section-2', 'example_subdag_operator']) retrieved from /home/airflow/.local/lib/python3.7/site-packages/airflow/example_dags/example_subdag_operator.py
[2022-11-28T23:39:51.626+0000] {logging_mixin.py:137} INFO - [2022-11-28T23:39:51.626+0000] {dag.py:2585} INFO - Sync 3 DAGs
[2022-11-28T23:39:51.660+0000] {logging_mixin.py:137} INFO - [2022-11-28T23:39:51.660+0000] {dag.py:3340} INFO - Setting next_dagrun for example_subdag_operator to 2022-01-01T00:00:00+00:00, run_after=2022-01-01T00:00:00+00:00
[2022-11-28T23:39:51.665+0000] {logging_mixin.py:137} INFO - [2022-11-28T23:39:51.665+0000] {dag.py:3340} INFO - Setting next_dagrun for example_subdag_operator.section-1 to None, run_after=None
[2022-11-28T23:39:51.668+0000] {logging_mixin.py:137} INFO - [2022-11-28T23:39:51.667+0000] {dag.py:3340} INFO - Setting next_dagrun for example_subdag_operator.section-2 to None, run_after=None
[2022-11-28T23:39:51.677+0000] {logging_mixin.py:137} INFO - [2022-11-28T23:39:51.677+0000] {dag.py:2585} INFO - Sync 2 DAGs
[2022-11-28T23:39:51.684+0000] {logging_mixin.py:137} INFO - [2022-11-28T23:39:51.684+0000] {dag.py:3340} INFO - Setting next_dagrun for example_subdag_operator.section-1 to None, run_after=None
[2022-11-28T23:39:51.684+0000] {logging_mixin.py:137} INFO - [2022-11-28T23:39:51.684+0000] {dag.py:3340} INFO - Setting next_dagrun for example_subdag_operator.section-2 to None, run_after=None
[2022-11-28T23:39:51.706+0000] {processor.py:176} INFO - Processing /home/airflow/.local/lib/python3.7/site-packages/airflow/example_dags/example_subdag_operator.py took 0.360 seconds
[2022-11-28T23:40:22.205+0000] {processor.py:154} INFO - Started process (PID=1577) to work on /home/airflow/.local/lib/python3.7/site-packages/airflow/example_dags/example_subdag_operator.py
[2022-11-28T23:40:22.206+0000] {processor.py:756} INFO - Processing file /home/airflow/.local/lib/python3.7/site-packages/airflow/example_dags/example_subdag_operator.py for tasks to queue
[2022-11-28T23:40:22.206+0000] {logging_mixin.py:137} INFO - [2022-11-28T23:40:22.206+0000] {dagbag.py:537} INFO - Filling up the DagBag from /home/airflow/.local/lib/python3.7/site-packages/airflow/example_dags/example_subdag_operator.py
[2022-11-28T23:40:22.236+0000] {processor.py:766} INFO - DAG(s) dict_keys(['example_subdag_operator.section-1', 'example_subdag_operator.section-2', 'example_subdag_operator']) retrieved from /home/airflow/.local/lib/python3.7/site-packages/airflow/example_dags/example_subdag_operator.py
[2022-11-28T23:40:22.450+0000] {logging_mixin.py:137} INFO - [2022-11-28T23:40:22.449+0000] {dag.py:2585} INFO - Sync 3 DAGs
[2022-11-28T23:40:22.478+0000] {logging_mixin.py:137} INFO - [2022-11-28T23:40:22.478+0000] {dag.py:3340} INFO - Setting next_dagrun for example_subdag_operator to 2022-01-01T00:00:00+00:00, run_after=2022-01-01T00:00:00+00:00
[2022-11-28T23:40:22.482+0000] {logging_mixin.py:137} INFO - [2022-11-28T23:40:22.482+0000] {dag.py:3340} INFO - Setting next_dagrun for example_subdag_operator.section-1 to None, run_after=None
[2022-11-28T23:40:22.483+0000] {logging_mixin.py:137} INFO - [2022-11-28T23:40:22.483+0000] {dag.py:3340} INFO - Setting next_dagrun for example_subdag_operator.section-2 to None, run_after=None
[2022-11-28T23:40:22.491+0000] {logging_mixin.py:137} INFO - [2022-11-28T23:40:22.491+0000] {dag.py:2585} INFO - Sync 2 DAGs
[2022-11-28T23:40:22.497+0000] {logging_mixin.py:137} INFO - [2022-11-28T23:40:22.497+0000] {dag.py:3340} INFO - Setting next_dagrun for example_subdag_operator.section-1 to None, run_after=None
[2022-11-28T23:40:22.498+0000] {logging_mixin.py:137} INFO - [2022-11-28T23:40:22.498+0000] {dag.py:3340} INFO - Setting next_dagrun for example_subdag_operator.section-2 to None, run_after=None
[2022-11-28T23:40:22.512+0000] {processor.py:176} INFO - Processing /home/airflow/.local/lib/python3.7/site-packages/airflow/example_dags/example_subdag_operator.py took 0.309 seconds
[2022-11-28T23:40:52.956+0000] {processor.py:154} INFO - Started process (PID=1775) to work on /home/airflow/.local/lib/python3.7/site-packages/airflow/example_dags/example_subdag_operator.py
[2022-11-28T23:40:52.957+0000] {processor.py:756} INFO - Processing file /home/airflow/.local/lib/python3.7/site-packages/airflow/example_dags/example_subdag_operator.py for tasks to queue
[2022-11-28T23:40:52.957+0000] {logging_mixin.py:137} INFO - [2022-11-28T23:40:52.957+0000] {dagbag.py:537} INFO - Filling up the DagBag from /home/airflow/.local/lib/python3.7/site-packages/airflow/example_dags/example_subdag_operator.py
[2022-11-28T23:40:52.986+0000] {processor.py:766} INFO - DAG(s) dict_keys(['example_subdag_operator.section-1', 'example_subdag_operator.section-2', 'example_subdag_operator']) retrieved from /home/airflow/.local/lib/python3.7/site-packages/airflow/example_dags/example_subdag_operator.py
[2022-11-28T23:40:53.204+0000] {logging_mixin.py:137} INFO - [2022-11-28T23:40:53.204+0000] {dag.py:2585} INFO - Sync 3 DAGs
[2022-11-28T23:40:53.230+0000] {logging_mixin.py:137} INFO - [2022-11-28T23:40:53.230+0000] {dag.py:3340} INFO - Setting next_dagrun for example_subdag_operator to 2022-01-01T00:00:00+00:00, run_after=2022-01-01T00:00:00+00:00
[2022-11-28T23:40:53.234+0000] {logging_mixin.py:137} INFO - [2022-11-28T23:40:53.234+0000] {dag.py:3340} INFO - Setting next_dagrun for example_subdag_operator.section-1 to None, run_after=None
[2022-11-28T23:40:53.235+0000] {logging_mixin.py:137} INFO - [2022-11-28T23:40:53.235+0000] {dag.py:3340} INFO - Setting next_dagrun for example_subdag_operator.section-2 to None, run_after=None
[2022-11-28T23:40:53.242+0000] {logging_mixin.py:137} INFO - [2022-11-28T23:40:53.242+0000] {dag.py:2585} INFO - Sync 2 DAGs
[2022-11-28T23:40:53.249+0000] {logging_mixin.py:137} INFO - [2022-11-28T23:40:53.249+0000] {dag.py:3340} INFO - Setting next_dagrun for example_subdag_operator.section-1 to None, run_after=None
[2022-11-28T23:40:53.249+0000] {logging_mixin.py:137} INFO - [2022-11-28T23:40:53.249+0000] {dag.py:3340} INFO - Setting next_dagrun for example_subdag_operator.section-2 to None, run_after=None
[2022-11-28T23:40:53.263+0000] {processor.py:176} INFO - Processing /home/airflow/.local/lib/python3.7/site-packages/airflow/example_dags/example_subdag_operator.py took 0.310 seconds
[2022-11-28T23:41:23.915+0000] {processor.py:154} INFO - Started process (PID=1982) to work on /home/airflow/.local/lib/python3.7/site-packages/airflow/example_dags/example_subdag_operator.py
[2022-11-28T23:41:23.915+0000] {processor.py:756} INFO - Processing file /home/airflow/.local/lib/python3.7/site-packages/airflow/example_dags/example_subdag_operator.py for tasks to queue
[2022-11-28T23:41:23.916+0000] {logging_mixin.py:137} INFO - [2022-11-28T23:41:23.916+0000] {dagbag.py:537} INFO - Filling up the DagBag from /home/airflow/.local/lib/python3.7/site-packages/airflow/example_dags/example_subdag_operator.py
[2022-11-28T23:41:23.946+0000] {processor.py:766} INFO - DAG(s) dict_keys(['example_subdag_operator.section-1', 'example_subdag_operator.section-2', 'example_subdag_operator']) retrieved from /home/airflow/.local/lib/python3.7/site-packages/airflow/example_dags/example_subdag_operator.py
[2022-11-28T23:41:24.176+0000] {logging_mixin.py:137} INFO - [2022-11-28T23:41:24.176+0000] {dag.py:2585} INFO - Sync 3 DAGs
[2022-11-28T23:41:24.206+0000] {logging_mixin.py:137} INFO - [2022-11-28T23:41:24.206+0000] {dag.py:3340} INFO - Setting next_dagrun for example_subdag_operator to 2022-01-01T00:00:00+00:00, run_after=2022-01-01T00:00:00+00:00
[2022-11-28T23:41:24.210+0000] {logging_mixin.py:137} INFO - [2022-11-28T23:41:24.210+0000] {dag.py:3340} INFO - Setting next_dagrun for example_subdag_operator.section-1 to None, run_after=None
[2022-11-28T23:41:24.212+0000] {logging_mixin.py:137} INFO - [2022-11-28T23:41:24.212+0000] {dag.py:3340} INFO - Setting next_dagrun for example_subdag_operator.section-2 to None, run_after=None
[2022-11-28T23:41:24.223+0000] {logging_mixin.py:137} INFO - [2022-11-28T23:41:24.222+0000] {dag.py:2585} INFO - Sync 2 DAGs
[2022-11-28T23:41:24.229+0000] {logging_mixin.py:137} INFO - [2022-11-28T23:41:24.229+0000] {dag.py:3340} INFO - Setting next_dagrun for example_subdag_operator.section-1 to None, run_after=None
[2022-11-28T23:41:24.230+0000] {logging_mixin.py:137} INFO - [2022-11-28T23:41:24.230+0000] {dag.py:3340} INFO - Setting next_dagrun for example_subdag_operator.section-2 to None, run_after=None
[2022-11-28T23:41:24.247+0000] {processor.py:176} INFO - Processing /home/airflow/.local/lib/python3.7/site-packages/airflow/example_dags/example_subdag_operator.py took 0.334 seconds
[2022-11-28T23:41:54.882+0000] {processor.py:154} INFO - Started process (PID=2189) to work on /home/airflow/.local/lib/python3.7/site-packages/airflow/example_dags/example_subdag_operator.py
[2022-11-28T23:41:54.883+0000] {processor.py:756} INFO - Processing file /home/airflow/.local/lib/python3.7/site-packages/airflow/example_dags/example_subdag_operator.py for tasks to queue
[2022-11-28T23:41:54.883+0000] {logging_mixin.py:137} INFO - [2022-11-28T23:41:54.883+0000] {dagbag.py:537} INFO - Filling up the DagBag from /home/airflow/.local/lib/python3.7/site-packages/airflow/example_dags/example_subdag_operator.py
[2022-11-28T23:41:54.914+0000] {processor.py:766} INFO - DAG(s) dict_keys(['example_subdag_operator.section-1', 'example_subdag_operator.section-2', 'example_subdag_operator']) retrieved from /home/airflow/.local/lib/python3.7/site-packages/airflow/example_dags/example_subdag_operator.py
[2022-11-28T23:41:55.141+0000] {logging_mixin.py:137} INFO - [2022-11-28T23:41:55.141+0000] {dag.py:2585} INFO - Sync 3 DAGs
[2022-11-28T23:41:55.170+0000] {logging_mixin.py:137} INFO - [2022-11-28T23:41:55.169+0000] {dag.py:3340} INFO - Setting next_dagrun for example_subdag_operator to 2022-01-01T00:00:00+00:00, run_after=2022-01-01T00:00:00+00:00
[2022-11-28T23:41:55.174+0000] {logging_mixin.py:137} INFO - [2022-11-28T23:41:55.173+0000] {dag.py:3340} INFO - Setting next_dagrun for example_subdag_operator.section-1 to None, run_after=None
[2022-11-28T23:41:55.175+0000] {logging_mixin.py:137} INFO - [2022-11-28T23:41:55.175+0000] {dag.py:3340} INFO - Setting next_dagrun for example_subdag_operator.section-2 to None, run_after=None
[2022-11-28T23:41:55.184+0000] {logging_mixin.py:137} INFO - [2022-11-28T23:41:55.184+0000] {dag.py:2585} INFO - Sync 2 DAGs
[2022-11-28T23:41:55.191+0000] {logging_mixin.py:137} INFO - [2022-11-28T23:41:55.190+0000] {dag.py:3340} INFO - Setting next_dagrun for example_subdag_operator.section-1 to None, run_after=None
[2022-11-28T23:41:55.191+0000] {logging_mixin.py:137} INFO - [2022-11-28T23:41:55.191+0000] {dag.py:3340} INFO - Setting next_dagrun for example_subdag_operator.section-2 to None, run_after=None
[2022-11-28T23:41:55.206+0000] {processor.py:176} INFO - Processing /home/airflow/.local/lib/python3.7/site-packages/airflow/example_dags/example_subdag_operator.py took 0.326 seconds
[2022-11-28T23:42:27.255+0000] {processor.py:154} INFO - Started process (PID=2396) to work on /home/airflow/.local/lib/python3.7/site-packages/airflow/example_dags/example_subdag_operator.py
[2022-11-28T23:42:27.256+0000] {processor.py:756} INFO - Processing file /home/airflow/.local/lib/python3.7/site-packages/airflow/example_dags/example_subdag_operator.py for tasks to queue
[2022-11-28T23:42:27.257+0000] {logging_mixin.py:137} INFO - [2022-11-28T23:42:27.257+0000] {dagbag.py:537} INFO - Filling up the DagBag from /home/airflow/.local/lib/python3.7/site-packages/airflow/example_dags/example_subdag_operator.py
[2022-11-28T23:42:27.299+0000] {processor.py:766} INFO - DAG(s) dict_keys(['example_subdag_operator.section-1', 'example_subdag_operator.section-2', 'example_subdag_operator']) retrieved from /home/airflow/.local/lib/python3.7/site-packages/airflow/example_dags/example_subdag_operator.py
[2022-11-28T23:42:27.609+0000] {logging_mixin.py:137} INFO - [2022-11-28T23:42:27.609+0000] {dag.py:2585} INFO - Sync 3 DAGs
[2022-11-28T23:42:27.640+0000] {logging_mixin.py:137} INFO - [2022-11-28T23:42:27.640+0000] {dag.py:3340} INFO - Setting next_dagrun for example_subdag_operator to 2022-01-01T00:00:00+00:00, run_after=2022-01-01T00:00:00+00:00
[2022-11-28T23:42:27.644+0000] {logging_mixin.py:137} INFO - [2022-11-28T23:42:27.644+0000] {dag.py:3340} INFO - Setting next_dagrun for example_subdag_operator.section-1 to None, run_after=None
[2022-11-28T23:42:27.646+0000] {logging_mixin.py:137} INFO - [2022-11-28T23:42:27.646+0000] {dag.py:3340} INFO - Setting next_dagrun for example_subdag_operator.section-2 to None, run_after=None
[2022-11-28T23:42:27.654+0000] {logging_mixin.py:137} INFO - [2022-11-28T23:42:27.654+0000] {dag.py:2585} INFO - Sync 2 DAGs
[2022-11-28T23:42:27.662+0000] {logging_mixin.py:137} INFO - [2022-11-28T23:42:27.662+0000] {dag.py:3340} INFO - Setting next_dagrun for example_subdag_operator.section-1 to None, run_after=None
[2022-11-28T23:42:27.663+0000] {logging_mixin.py:137} INFO - [2022-11-28T23:42:27.663+0000] {dag.py:3340} INFO - Setting next_dagrun for example_subdag_operator.section-2 to None, run_after=None
[2022-11-28T23:42:27.695+0000] {processor.py:176} INFO - Processing /home/airflow/.local/lib/python3.7/site-packages/airflow/example_dags/example_subdag_operator.py took 0.443 seconds
[2022-11-28T23:42:58.606+0000] {processor.py:154} INFO - Started process (PID=2596) to work on /home/airflow/.local/lib/python3.7/site-packages/airflow/example_dags/example_subdag_operator.py
[2022-11-28T23:42:58.607+0000] {processor.py:756} INFO - Processing file /home/airflow/.local/lib/python3.7/site-packages/airflow/example_dags/example_subdag_operator.py for tasks to queue
[2022-11-28T23:42:58.607+0000] {logging_mixin.py:137} INFO - [2022-11-28T23:42:58.607+0000] {dagbag.py:537} INFO - Filling up the DagBag from /home/airflow/.local/lib/python3.7/site-packages/airflow/example_dags/example_subdag_operator.py
[2022-11-28T23:42:58.636+0000] {processor.py:766} INFO - DAG(s) dict_keys(['example_subdag_operator.section-1', 'example_subdag_operator.section-2', 'example_subdag_operator']) retrieved from /home/airflow/.local/lib/python3.7/site-packages/airflow/example_dags/example_subdag_operator.py
[2022-11-28T23:42:58.855+0000] {logging_mixin.py:137} INFO - [2022-11-28T23:42:58.855+0000] {dag.py:2585} INFO - Sync 3 DAGs
[2022-11-28T23:42:58.885+0000] {logging_mixin.py:137} INFO - [2022-11-28T23:42:58.885+0000] {dag.py:3340} INFO - Setting next_dagrun for example_subdag_operator to 2022-01-01T00:00:00+00:00, run_after=2022-01-01T00:00:00+00:00
[2022-11-28T23:42:58.889+0000] {logging_mixin.py:137} INFO - [2022-11-28T23:42:58.889+0000] {dag.py:3340} INFO - Setting next_dagrun for example_subdag_operator.section-1 to None, run_after=None
[2022-11-28T23:42:58.890+0000] {logging_mixin.py:137} INFO - [2022-11-28T23:42:58.890+0000] {dag.py:3340} INFO - Setting next_dagrun for example_subdag_operator.section-2 to None, run_after=None
[2022-11-28T23:42:58.898+0000] {logging_mixin.py:137} INFO - [2022-11-28T23:42:58.897+0000] {dag.py:2585} INFO - Sync 2 DAGs
[2022-11-28T23:42:58.904+0000] {logging_mixin.py:137} INFO - [2022-11-28T23:42:58.904+0000] {dag.py:3340} INFO - Setting next_dagrun for example_subdag_operator.section-1 to None, run_after=None
[2022-11-28T23:42:58.905+0000] {logging_mixin.py:137} INFO - [2022-11-28T23:42:58.905+0000] {dag.py:3340} INFO - Setting next_dagrun for example_subdag_operator.section-2 to None, run_after=None
[2022-11-28T23:42:58.921+0000] {processor.py:176} INFO - Processing /home/airflow/.local/lib/python3.7/site-packages/airflow/example_dags/example_subdag_operator.py took 0.317 seconds
[2022-11-28T23:43:29.318+0000] {processor.py:154} INFO - Started process (PID=2803) to work on /home/airflow/.local/lib/python3.7/site-packages/airflow/example_dags/example_subdag_operator.py
[2022-11-28T23:43:29.319+0000] {processor.py:756} INFO - Processing file /home/airflow/.local/lib/python3.7/site-packages/airflow/example_dags/example_subdag_operator.py for tasks to queue
[2022-11-28T23:43:29.319+0000] {logging_mixin.py:137} INFO - [2022-11-28T23:43:29.319+0000] {dagbag.py:537} INFO - Filling up the DagBag from /home/airflow/.local/lib/python3.7/site-packages/airflow/example_dags/example_subdag_operator.py
[2022-11-28T23:43:29.347+0000] {processor.py:766} INFO - DAG(s) dict_keys(['example_subdag_operator.section-1', 'example_subdag_operator.section-2', 'example_subdag_operator']) retrieved from /home/airflow/.local/lib/python3.7/site-packages/airflow/example_dags/example_subdag_operator.py
[2022-11-28T23:43:29.554+0000] {logging_mixin.py:137} INFO - [2022-11-28T23:43:29.554+0000] {dag.py:2585} INFO - Sync 3 DAGs
[2022-11-28T23:43:29.581+0000] {logging_mixin.py:137} INFO - [2022-11-28T23:43:29.581+0000] {dag.py:3340} INFO - Setting next_dagrun for example_subdag_operator to 2022-01-01T00:00:00+00:00, run_after=2022-01-01T00:00:00+00:00
[2022-11-28T23:43:29.584+0000] {logging_mixin.py:137} INFO - [2022-11-28T23:43:29.584+0000] {dag.py:3340} INFO - Setting next_dagrun for example_subdag_operator.section-1 to None, run_after=None
[2022-11-28T23:43:29.586+0000] {logging_mixin.py:137} INFO - [2022-11-28T23:43:29.586+0000] {dag.py:3340} INFO - Setting next_dagrun for example_subdag_operator.section-2 to None, run_after=None
[2022-11-28T23:43:29.592+0000] {logging_mixin.py:137} INFO - [2022-11-28T23:43:29.592+0000] {dag.py:2585} INFO - Sync 2 DAGs
[2022-11-28T23:43:29.598+0000] {logging_mixin.py:137} INFO - [2022-11-28T23:43:29.598+0000] {dag.py:3340} INFO - Setting next_dagrun for example_subdag_operator.section-1 to None, run_after=None
[2022-11-28T23:43:29.598+0000] {logging_mixin.py:137} INFO - [2022-11-28T23:43:29.598+0000] {dag.py:3340} INFO - Setting next_dagrun for example_subdag_operator.section-2 to None, run_after=None
[2022-11-28T23:43:29.613+0000] {processor.py:176} INFO - Processing /home/airflow/.local/lib/python3.7/site-packages/airflow/example_dags/example_subdag_operator.py took 0.297 seconds
[2022-11-28T23:43:59.921+0000] {processor.py:154} INFO - Started process (PID=3010) to work on /home/airflow/.local/lib/python3.7/site-packages/airflow/example_dags/example_subdag_operator.py
[2022-11-28T23:43:59.922+0000] {processor.py:756} INFO - Processing file /home/airflow/.local/lib/python3.7/site-packages/airflow/example_dags/example_subdag_operator.py for tasks to queue
[2022-11-28T23:43:59.922+0000] {logging_mixin.py:137} INFO - [2022-11-28T23:43:59.922+0000] {dagbag.py:537} INFO - Filling up the DagBag from /home/airflow/.local/lib/python3.7/site-packages/airflow/example_dags/example_subdag_operator.py
[2022-11-28T23:43:59.951+0000] {processor.py:766} INFO - DAG(s) dict_keys(['example_subdag_operator.section-1', 'example_subdag_operator.section-2', 'example_subdag_operator']) retrieved from /home/airflow/.local/lib/python3.7/site-packages/airflow/example_dags/example_subdag_operator.py
[2022-11-28T23:44:00.195+0000] {logging_mixin.py:137} INFO - [2022-11-28T23:44:00.195+0000] {dag.py:2585} INFO - Sync 3 DAGs
[2022-11-28T23:44:00.226+0000] {logging_mixin.py:137} INFO - [2022-11-28T23:44:00.226+0000] {dag.py:3340} INFO - Setting next_dagrun for example_subdag_operator to 2022-01-01T00:00:00+00:00, run_after=2022-01-01T00:00:00+00:00
[2022-11-28T23:44:00.230+0000] {logging_mixin.py:137} INFO - [2022-11-28T23:44:00.230+0000] {dag.py:3340} INFO - Setting next_dagrun for example_subdag_operator.section-1 to None, run_after=None
[2022-11-28T23:44:00.231+0000] {logging_mixin.py:137} INFO - [2022-11-28T23:44:00.231+0000] {dag.py:3340} INFO - Setting next_dagrun for example_subdag_operator.section-2 to None, run_after=None
[2022-11-28T23:44:00.240+0000] {logging_mixin.py:137} INFO - [2022-11-28T23:44:00.240+0000] {dag.py:2585} INFO - Sync 2 DAGs
[2022-11-28T23:44:00.247+0000] {logging_mixin.py:137} INFO - [2022-11-28T23:44:00.246+0000] {dag.py:3340} INFO - Setting next_dagrun for example_subdag_operator.section-1 to None, run_after=None
[2022-11-28T23:44:00.247+0000] {logging_mixin.py:137} INFO - [2022-11-28T23:44:00.247+0000] {dag.py:3340} INFO - Setting next_dagrun for example_subdag_operator.section-2 to None, run_after=None
[2022-11-28T23:44:00.263+0000] {processor.py:176} INFO - Processing /home/airflow/.local/lib/python3.7/site-packages/airflow/example_dags/example_subdag_operator.py took 0.344 seconds
[2022-11-28T23:44:30.488+0000] {processor.py:154} INFO - Started process (PID=3208) to work on /home/airflow/.local/lib/python3.7/site-packages/airflow/example_dags/example_subdag_operator.py
[2022-11-28T23:44:30.488+0000] {processor.py:756} INFO - Processing file /home/airflow/.local/lib/python3.7/site-packages/airflow/example_dags/example_subdag_operator.py for tasks to queue
[2022-11-28T23:44:30.489+0000] {logging_mixin.py:137} INFO - [2022-11-28T23:44:30.489+0000] {dagbag.py:537} INFO - Filling up the DagBag from /home/airflow/.local/lib/python3.7/site-packages/airflow/example_dags/example_subdag_operator.py
[2022-11-28T23:44:30.516+0000] {processor.py:766} INFO - DAG(s) dict_keys(['example_subdag_operator.section-1', 'example_subdag_operator.section-2', 'example_subdag_operator']) retrieved from /home/airflow/.local/lib/python3.7/site-packages/airflow/example_dags/example_subdag_operator.py
[2022-11-28T23:44:30.723+0000] {logging_mixin.py:137} INFO - [2022-11-28T23:44:30.723+0000] {dag.py:2585} INFO - Sync 3 DAGs
[2022-11-28T23:44:30.749+0000] {logging_mixin.py:137} INFO - [2022-11-28T23:44:30.749+0000] {dag.py:3340} INFO - Setting next_dagrun for example_subdag_operator to 2022-01-01T00:00:00+00:00, run_after=2022-01-01T00:00:00+00:00
[2022-11-28T23:44:30.753+0000] {logging_mixin.py:137} INFO - [2022-11-28T23:44:30.753+0000] {dag.py:3340} INFO - Setting next_dagrun for example_subdag_operator.section-1 to None, run_after=None
[2022-11-28T23:44:30.754+0000] {logging_mixin.py:137} INFO - [2022-11-28T23:44:30.754+0000] {dag.py:3340} INFO - Setting next_dagrun for example_subdag_operator.section-2 to None, run_after=None
[2022-11-28T23:44:30.761+0000] {logging_mixin.py:137} INFO - [2022-11-28T23:44:30.761+0000] {dag.py:2585} INFO - Sync 2 DAGs
[2022-11-28T23:44:30.766+0000] {logging_mixin.py:137} INFO - [2022-11-28T23:44:30.766+0000] {dag.py:3340} INFO - Setting next_dagrun for example_subdag_operator.section-1 to None, run_after=None
[2022-11-28T23:44:30.767+0000] {logging_mixin.py:137} INFO - [2022-11-28T23:44:30.767+0000] {dag.py:3340} INFO - Setting next_dagrun for example_subdag_operator.section-2 to None, run_after=None
[2022-11-28T23:44:30.781+0000] {processor.py:176} INFO - Processing /home/airflow/.local/lib/python3.7/site-packages/airflow/example_dags/example_subdag_operator.py took 0.296 seconds
[2022-11-28T23:45:01.295+0000] {processor.py:154} INFO - Started process (PID=3415) to work on /home/airflow/.local/lib/python3.7/site-packages/airflow/example_dags/example_subdag_operator.py
[2022-11-28T23:45:01.296+0000] {processor.py:756} INFO - Processing file /home/airflow/.local/lib/python3.7/site-packages/airflow/example_dags/example_subdag_operator.py for tasks to queue
[2022-11-28T23:45:01.297+0000] {logging_mixin.py:137} INFO - [2022-11-28T23:45:01.296+0000] {dagbag.py:537} INFO - Filling up the DagBag from /home/airflow/.local/lib/python3.7/site-packages/airflow/example_dags/example_subdag_operator.py
[2022-11-28T23:45:01.325+0000] {processor.py:766} INFO - DAG(s) dict_keys(['example_subdag_operator.section-1', 'example_subdag_operator.section-2', 'example_subdag_operator']) retrieved from /home/airflow/.local/lib/python3.7/site-packages/airflow/example_dags/example_subdag_operator.py
[2022-11-28T23:45:01.528+0000] {logging_mixin.py:137} INFO - [2022-11-28T23:45:01.528+0000] {dag.py:2585} INFO - Sync 3 DAGs
[2022-11-28T23:45:01.558+0000] {logging_mixin.py:137} INFO - [2022-11-28T23:45:01.558+0000] {dag.py:3340} INFO - Setting next_dagrun for example_subdag_operator to 2022-01-01T00:00:00+00:00, run_after=2022-01-01T00:00:00+00:00
[2022-11-28T23:45:01.563+0000] {logging_mixin.py:137} INFO - [2022-11-28T23:45:01.563+0000] {dag.py:3340} INFO - Setting next_dagrun for example_subdag_operator.section-1 to None, run_after=None
[2022-11-28T23:45:01.565+0000] {logging_mixin.py:137} INFO - [2022-11-28T23:45:01.564+0000] {dag.py:3340} INFO - Setting next_dagrun for example_subdag_operator.section-2 to None, run_after=None
[2022-11-28T23:45:01.573+0000] {logging_mixin.py:137} INFO - [2022-11-28T23:45:01.573+0000] {dag.py:2585} INFO - Sync 2 DAGs
[2022-11-28T23:45:01.580+0000] {logging_mixin.py:137} INFO - [2022-11-28T23:45:01.579+0000] {dag.py:3340} INFO - Setting next_dagrun for example_subdag_operator.section-1 to None, run_after=None
[2022-11-28T23:45:01.580+0000] {logging_mixin.py:137} INFO - [2022-11-28T23:45:01.580+0000] {dag.py:3340} INFO - Setting next_dagrun for example_subdag_operator.section-2 to None, run_after=None
[2022-11-28T23:45:01.596+0000] {processor.py:176} INFO - Processing /home/airflow/.local/lib/python3.7/site-packages/airflow/example_dags/example_subdag_operator.py took 0.305 seconds
