[2022-11-28T23:37:16.128+0000] {processor.py:154} INFO - Started process (PID=291) to work on /home/airflow/.local/lib/python3.7/site-packages/airflow/example_dags/example_sla_dag.py
[2022-11-28T23:37:16.128+0000] {processor.py:756} INFO - Processing file /home/airflow/.local/lib/python3.7/site-packages/airflow/example_dags/example_sla_dag.py for tasks to queue
[2022-11-28T23:37:16.129+0000] {logging_mixin.py:137} INFO - [2022-11-28T23:37:16.129+0000] {dagbag.py:537} INFO - Filling up the DagBag from /home/airflow/.local/lib/python3.7/site-packages/airflow/example_dags/example_sla_dag.py
[2022-11-28T23:37:16.150+0000] {processor.py:766} INFO - DAG(s) dict_keys(['example_sla_dag']) retrieved from /home/airflow/.local/lib/python3.7/site-packages/airflow/example_dags/example_sla_dag.py
[2022-11-28T23:37:16.188+0000] {logging_mixin.py:137} INFO - [2022-11-28T23:37:16.187+0000] {dag.py:2585} INFO - Sync 1 DAGs
[2022-11-28T23:37:16.218+0000] {logging_mixin.py:137} INFO - [2022-11-28T23:37:16.218+0000] {dag.py:3340} INFO - Setting next_dagrun for example_sla_dag to 2022-11-28T23:34:00+00:00, run_after=2022-11-28T23:36:00+00:00
[2022-11-28T23:37:16.238+0000] {processor.py:176} INFO - Processing /home/airflow/.local/lib/python3.7/site-packages/airflow/example_dags/example_sla_dag.py took 0.113 seconds
[2022-11-28T23:37:46.952+0000] {processor.py:154} INFO - Started process (PID=489) to work on /home/airflow/.local/lib/python3.7/site-packages/airflow/example_dags/example_sla_dag.py
[2022-11-28T23:37:46.952+0000] {processor.py:756} INFO - Processing file /home/airflow/.local/lib/python3.7/site-packages/airflow/example_dags/example_sla_dag.py for tasks to queue
[2022-11-28T23:37:46.953+0000] {logging_mixin.py:137} INFO - [2022-11-28T23:37:46.953+0000] {dagbag.py:537} INFO - Filling up the DagBag from /home/airflow/.local/lib/python3.7/site-packages/airflow/example_dags/example_sla_dag.py
[2022-11-28T23:37:46.974+0000] {processor.py:766} INFO - DAG(s) dict_keys(['example_sla_dag']) retrieved from /home/airflow/.local/lib/python3.7/site-packages/airflow/example_dags/example_sla_dag.py
[2022-11-28T23:37:47.013+0000] {logging_mixin.py:137} INFO - [2022-11-28T23:37:47.013+0000] {dag.py:2585} INFO - Sync 1 DAGs
[2022-11-28T23:37:47.045+0000] {logging_mixin.py:137} INFO - [2022-11-28T23:37:47.045+0000] {dag.py:3340} INFO - Setting next_dagrun for example_sla_dag to 2022-11-28T23:34:00+00:00, run_after=2022-11-28T23:36:00+00:00
[2022-11-28T23:37:47.067+0000] {processor.py:176} INFO - Processing /home/airflow/.local/lib/python3.7/site-packages/airflow/example_dags/example_sla_dag.py took 0.117 seconds
[2022-11-28T23:38:17.900+0000] {processor.py:154} INFO - Started process (PID=699) to work on /home/airflow/.local/lib/python3.7/site-packages/airflow/example_dags/example_sla_dag.py
[2022-11-28T23:38:17.901+0000] {processor.py:756} INFO - Processing file /home/airflow/.local/lib/python3.7/site-packages/airflow/example_dags/example_sla_dag.py for tasks to queue
[2022-11-28T23:38:17.902+0000] {logging_mixin.py:137} INFO - [2022-11-28T23:38:17.902+0000] {dagbag.py:537} INFO - Filling up the DagBag from /home/airflow/.local/lib/python3.7/site-packages/airflow/example_dags/example_sla_dag.py
[2022-11-28T23:38:17.921+0000] {processor.py:766} INFO - DAG(s) dict_keys(['example_sla_dag']) retrieved from /home/airflow/.local/lib/python3.7/site-packages/airflow/example_dags/example_sla_dag.py
[2022-11-28T23:38:17.954+0000] {logging_mixin.py:137} INFO - [2022-11-28T23:38:17.954+0000] {dag.py:2585} INFO - Sync 1 DAGs
[2022-11-28T23:38:17.984+0000] {logging_mixin.py:137} INFO - [2022-11-28T23:38:17.984+0000] {dag.py:3340} INFO - Setting next_dagrun for example_sla_dag to 2022-11-28T23:36:00+00:00, run_after=2022-11-28T23:38:00+00:00
[2022-11-28T23:38:18.004+0000] {processor.py:176} INFO - Processing /home/airflow/.local/lib/python3.7/site-packages/airflow/example_dags/example_sla_dag.py took 0.105 seconds
[2022-11-28T23:38:48.587+0000] {processor.py:154} INFO - Started process (PID=904) to work on /home/airflow/.local/lib/python3.7/site-packages/airflow/example_dags/example_sla_dag.py
[2022-11-28T23:38:48.588+0000] {processor.py:756} INFO - Processing file /home/airflow/.local/lib/python3.7/site-packages/airflow/example_dags/example_sla_dag.py for tasks to queue
[2022-11-28T23:38:48.589+0000] {logging_mixin.py:137} INFO - [2022-11-28T23:38:48.588+0000] {dagbag.py:537} INFO - Filling up the DagBag from /home/airflow/.local/lib/python3.7/site-packages/airflow/example_dags/example_sla_dag.py
[2022-11-28T23:38:48.607+0000] {processor.py:766} INFO - DAG(s) dict_keys(['example_sla_dag']) retrieved from /home/airflow/.local/lib/python3.7/site-packages/airflow/example_dags/example_sla_dag.py
[2022-11-28T23:38:48.641+0000] {logging_mixin.py:137} INFO - [2022-11-28T23:38:48.641+0000] {dag.py:2585} INFO - Sync 1 DAGs
[2022-11-28T23:38:48.670+0000] {logging_mixin.py:137} INFO - [2022-11-28T23:38:48.670+0000] {dag.py:3340} INFO - Setting next_dagrun for example_sla_dag to 2022-11-28T23:36:00+00:00, run_after=2022-11-28T23:38:00+00:00
[2022-11-28T23:38:48.691+0000] {processor.py:176} INFO - Processing /home/airflow/.local/lib/python3.7/site-packages/airflow/example_dags/example_sla_dag.py took 0.106 seconds
[2022-11-28T23:39:19.364+0000] {processor.py:154} INFO - Started process (PID=1102) to work on /home/airflow/.local/lib/python3.7/site-packages/airflow/example_dags/example_sla_dag.py
[2022-11-28T23:39:19.364+0000] {processor.py:756} INFO - Processing file /home/airflow/.local/lib/python3.7/site-packages/airflow/example_dags/example_sla_dag.py for tasks to queue
[2022-11-28T23:39:19.365+0000] {logging_mixin.py:137} INFO - [2022-11-28T23:39:19.365+0000] {dagbag.py:537} INFO - Filling up the DagBag from /home/airflow/.local/lib/python3.7/site-packages/airflow/example_dags/example_sla_dag.py
[2022-11-28T23:39:19.385+0000] {processor.py:766} INFO - DAG(s) dict_keys(['example_sla_dag']) retrieved from /home/airflow/.local/lib/python3.7/site-packages/airflow/example_dags/example_sla_dag.py
[2022-11-28T23:39:19.426+0000] {logging_mixin.py:137} INFO - [2022-11-28T23:39:19.425+0000] {dag.py:2585} INFO - Sync 1 DAGs
[2022-11-28T23:39:19.460+0000] {logging_mixin.py:137} INFO - [2022-11-28T23:39:19.460+0000] {dag.py:3340} INFO - Setting next_dagrun for example_sla_dag to 2022-11-28T23:36:00+00:00, run_after=2022-11-28T23:38:00+00:00
[2022-11-28T23:39:19.484+0000] {processor.py:176} INFO - Processing /home/airflow/.local/lib/python3.7/site-packages/airflow/example_dags/example_sla_dag.py took 0.123 seconds
[2022-11-28T23:39:50.424+0000] {processor.py:154} INFO - Started process (PID=1309) to work on /home/airflow/.local/lib/python3.7/site-packages/airflow/example_dags/example_sla_dag.py
[2022-11-28T23:39:50.424+0000] {processor.py:756} INFO - Processing file /home/airflow/.local/lib/python3.7/site-packages/airflow/example_dags/example_sla_dag.py for tasks to queue
[2022-11-28T23:39:50.425+0000] {logging_mixin.py:137} INFO - [2022-11-28T23:39:50.425+0000] {dagbag.py:537} INFO - Filling up the DagBag from /home/airflow/.local/lib/python3.7/site-packages/airflow/example_dags/example_sla_dag.py
[2022-11-28T23:39:50.446+0000] {processor.py:766} INFO - DAG(s) dict_keys(['example_sla_dag']) retrieved from /home/airflow/.local/lib/python3.7/site-packages/airflow/example_dags/example_sla_dag.py
[2022-11-28T23:39:50.485+0000] {logging_mixin.py:137} INFO - [2022-11-28T23:39:50.484+0000] {dag.py:2585} INFO - Sync 1 DAGs
[2022-11-28T23:39:50.517+0000] {logging_mixin.py:137} INFO - [2022-11-28T23:39:50.517+0000] {dag.py:3340} INFO - Setting next_dagrun for example_sla_dag to 2022-11-28T23:36:00+00:00, run_after=2022-11-28T23:38:00+00:00
[2022-11-28T23:39:50.541+0000] {processor.py:176} INFO - Processing /home/airflow/.local/lib/python3.7/site-packages/airflow/example_dags/example_sla_dag.py took 0.120 seconds
[2022-11-28T23:40:21.275+0000] {processor.py:154} INFO - Started process (PID=1517) to work on /home/airflow/.local/lib/python3.7/site-packages/airflow/example_dags/example_sla_dag.py
[2022-11-28T23:40:21.276+0000] {processor.py:756} INFO - Processing file /home/airflow/.local/lib/python3.7/site-packages/airflow/example_dags/example_sla_dag.py for tasks to queue
[2022-11-28T23:40:21.276+0000] {logging_mixin.py:137} INFO - [2022-11-28T23:40:21.276+0000] {dagbag.py:537} INFO - Filling up the DagBag from /home/airflow/.local/lib/python3.7/site-packages/airflow/example_dags/example_sla_dag.py
[2022-11-28T23:40:21.297+0000] {processor.py:766} INFO - DAG(s) dict_keys(['example_sla_dag']) retrieved from /home/airflow/.local/lib/python3.7/site-packages/airflow/example_dags/example_sla_dag.py
[2022-11-28T23:40:21.333+0000] {logging_mixin.py:137} INFO - [2022-11-28T23:40:21.333+0000] {dag.py:2585} INFO - Sync 1 DAGs
[2022-11-28T23:40:21.366+0000] {logging_mixin.py:137} INFO - [2022-11-28T23:40:21.366+0000] {dag.py:3340} INFO - Setting next_dagrun for example_sla_dag to 2022-11-28T23:38:00+00:00, run_after=2022-11-28T23:40:00+00:00
[2022-11-28T23:40:21.390+0000] {processor.py:176} INFO - Processing /home/airflow/.local/lib/python3.7/site-packages/airflow/example_dags/example_sla_dag.py took 0.116 seconds
[2022-11-28T23:40:52.048+0000] {processor.py:154} INFO - Started process (PID=1715) to work on /home/airflow/.local/lib/python3.7/site-packages/airflow/example_dags/example_sla_dag.py
[2022-11-28T23:40:52.049+0000] {processor.py:756} INFO - Processing file /home/airflow/.local/lib/python3.7/site-packages/airflow/example_dags/example_sla_dag.py for tasks to queue
[2022-11-28T23:40:52.049+0000] {logging_mixin.py:137} INFO - [2022-11-28T23:40:52.049+0000] {dagbag.py:537} INFO - Filling up the DagBag from /home/airflow/.local/lib/python3.7/site-packages/airflow/example_dags/example_sla_dag.py
[2022-11-28T23:40:52.072+0000] {processor.py:766} INFO - DAG(s) dict_keys(['example_sla_dag']) retrieved from /home/airflow/.local/lib/python3.7/site-packages/airflow/example_dags/example_sla_dag.py
[2022-11-28T23:40:52.110+0000] {logging_mixin.py:137} INFO - [2022-11-28T23:40:52.110+0000] {dag.py:2585} INFO - Sync 1 DAGs
[2022-11-28T23:40:52.141+0000] {logging_mixin.py:137} INFO - [2022-11-28T23:40:52.141+0000] {dag.py:3340} INFO - Setting next_dagrun for example_sla_dag to 2022-11-28T23:38:00+00:00, run_after=2022-11-28T23:40:00+00:00
[2022-11-28T23:40:52.163+0000] {processor.py:176} INFO - Processing /home/airflow/.local/lib/python3.7/site-packages/airflow/example_dags/example_sla_dag.py took 0.118 seconds
[2022-11-28T23:41:23.020+0000] {processor.py:154} INFO - Started process (PID=1922) to work on /home/airflow/.local/lib/python3.7/site-packages/airflow/example_dags/example_sla_dag.py
[2022-11-28T23:41:23.021+0000] {processor.py:756} INFO - Processing file /home/airflow/.local/lib/python3.7/site-packages/airflow/example_dags/example_sla_dag.py for tasks to queue
[2022-11-28T23:41:23.022+0000] {logging_mixin.py:137} INFO - [2022-11-28T23:41:23.022+0000] {dagbag.py:537} INFO - Filling up the DagBag from /home/airflow/.local/lib/python3.7/site-packages/airflow/example_dags/example_sla_dag.py
[2022-11-28T23:41:23.043+0000] {processor.py:766} INFO - DAG(s) dict_keys(['example_sla_dag']) retrieved from /home/airflow/.local/lib/python3.7/site-packages/airflow/example_dags/example_sla_dag.py
[2022-11-28T23:41:23.085+0000] {logging_mixin.py:137} INFO - [2022-11-28T23:41:23.085+0000] {dag.py:2585} INFO - Sync 1 DAGs
[2022-11-28T23:41:23.118+0000] {logging_mixin.py:137} INFO - [2022-11-28T23:41:23.118+0000] {dag.py:3340} INFO - Setting next_dagrun for example_sla_dag to 2022-11-28T23:38:00+00:00, run_after=2022-11-28T23:40:00+00:00
[2022-11-28T23:41:23.141+0000] {processor.py:176} INFO - Processing /home/airflow/.local/lib/python3.7/site-packages/airflow/example_dags/example_sla_dag.py took 0.123 seconds
[2022-11-28T23:41:54.009+0000] {processor.py:154} INFO - Started process (PID=2129) to work on /home/airflow/.local/lib/python3.7/site-packages/airflow/example_dags/example_sla_dag.py
[2022-11-28T23:41:54.010+0000] {processor.py:756} INFO - Processing file /home/airflow/.local/lib/python3.7/site-packages/airflow/example_dags/example_sla_dag.py for tasks to queue
[2022-11-28T23:41:54.011+0000] {logging_mixin.py:137} INFO - [2022-11-28T23:41:54.010+0000] {dagbag.py:537} INFO - Filling up the DagBag from /home/airflow/.local/lib/python3.7/site-packages/airflow/example_dags/example_sla_dag.py
[2022-11-28T23:41:54.031+0000] {processor.py:766} INFO - DAG(s) dict_keys(['example_sla_dag']) retrieved from /home/airflow/.local/lib/python3.7/site-packages/airflow/example_dags/example_sla_dag.py
[2022-11-28T23:41:54.068+0000] {logging_mixin.py:137} INFO - [2022-11-28T23:41:54.068+0000] {dag.py:2585} INFO - Sync 1 DAGs
[2022-11-28T23:41:54.101+0000] {logging_mixin.py:137} INFO - [2022-11-28T23:41:54.101+0000] {dag.py:3340} INFO - Setting next_dagrun for example_sla_dag to 2022-11-28T23:38:00+00:00, run_after=2022-11-28T23:40:00+00:00
[2022-11-28T23:41:54.124+0000] {processor.py:176} INFO - Processing /home/airflow/.local/lib/python3.7/site-packages/airflow/example_dags/example_sla_dag.py took 0.117 seconds
[2022-11-28T23:42:25.596+0000] {processor.py:154} INFO - Started process (PID=2327) to work on /home/airflow/.local/lib/python3.7/site-packages/airflow/example_dags/example_sla_dag.py
[2022-11-28T23:42:25.601+0000] {processor.py:756} INFO - Processing file /home/airflow/.local/lib/python3.7/site-packages/airflow/example_dags/example_sla_dag.py for tasks to queue
[2022-11-28T23:42:25.603+0000] {logging_mixin.py:137} INFO - [2022-11-28T23:42:25.603+0000] {dagbag.py:537} INFO - Filling up the DagBag from /home/airflow/.local/lib/python3.7/site-packages/airflow/example_dags/example_sla_dag.py
[2022-11-28T23:42:25.670+0000] {processor.py:766} INFO - DAG(s) dict_keys(['example_sla_dag']) retrieved from /home/airflow/.local/lib/python3.7/site-packages/airflow/example_dags/example_sla_dag.py
[2022-11-28T23:42:25.773+0000] {logging_mixin.py:137} INFO - [2022-11-28T23:42:25.773+0000] {dag.py:2585} INFO - Sync 1 DAGs
[2022-11-28T23:42:25.852+0000] {logging_mixin.py:137} INFO - [2022-11-28T23:42:25.852+0000] {dag.py:3340} INFO - Setting next_dagrun for example_sla_dag to 2022-11-28T23:40:00+00:00, run_after=2022-11-28T23:42:00+00:00
[2022-11-28T23:42:25.886+0000] {processor.py:176} INFO - Processing /home/airflow/.local/lib/python3.7/site-packages/airflow/example_dags/example_sla_dag.py took 0.297 seconds
[2022-11-28T23:42:56.527+0000] {processor.py:154} INFO - Started process (PID=2534) to work on /home/airflow/.local/lib/python3.7/site-packages/airflow/example_dags/example_sla_dag.py
[2022-11-28T23:42:56.528+0000] {processor.py:756} INFO - Processing file /home/airflow/.local/lib/python3.7/site-packages/airflow/example_dags/example_sla_dag.py for tasks to queue
[2022-11-28T23:42:56.528+0000] {logging_mixin.py:137} INFO - [2022-11-28T23:42:56.528+0000] {dagbag.py:537} INFO - Filling up the DagBag from /home/airflow/.local/lib/python3.7/site-packages/airflow/example_dags/example_sla_dag.py
[2022-11-28T23:42:56.552+0000] {processor.py:766} INFO - DAG(s) dict_keys(['example_sla_dag']) retrieved from /home/airflow/.local/lib/python3.7/site-packages/airflow/example_dags/example_sla_dag.py
[2022-11-28T23:42:56.596+0000] {logging_mixin.py:137} INFO - [2022-11-28T23:42:56.596+0000] {dag.py:2585} INFO - Sync 1 DAGs
[2022-11-28T23:42:56.632+0000] {logging_mixin.py:137} INFO - [2022-11-28T23:42:56.632+0000] {dag.py:3340} INFO - Setting next_dagrun for example_sla_dag to 2022-11-28T23:40:00+00:00, run_after=2022-11-28T23:42:00+00:00
[2022-11-28T23:42:56.660+0000] {processor.py:176} INFO - Processing /home/airflow/.local/lib/python3.7/site-packages/airflow/example_dags/example_sla_dag.py took 0.135 seconds
[2022-11-28T23:43:27.450+0000] {processor.py:154} INFO - Started process (PID=2741) to work on /home/airflow/.local/lib/python3.7/site-packages/airflow/example_dags/example_sla_dag.py
[2022-11-28T23:43:27.453+0000] {processor.py:756} INFO - Processing file /home/airflow/.local/lib/python3.7/site-packages/airflow/example_dags/example_sla_dag.py for tasks to queue
[2022-11-28T23:43:27.453+0000] {logging_mixin.py:137} INFO - [2022-11-28T23:43:27.453+0000] {dagbag.py:537} INFO - Filling up the DagBag from /home/airflow/.local/lib/python3.7/site-packages/airflow/example_dags/example_sla_dag.py
[2022-11-28T23:43:27.477+0000] {processor.py:766} INFO - DAG(s) dict_keys(['example_sla_dag']) retrieved from /home/airflow/.local/lib/python3.7/site-packages/airflow/example_dags/example_sla_dag.py
[2022-11-28T23:43:27.516+0000] {logging_mixin.py:137} INFO - [2022-11-28T23:43:27.516+0000] {dag.py:2585} INFO - Sync 1 DAGs
[2022-11-28T23:43:27.547+0000] {logging_mixin.py:137} INFO - [2022-11-28T23:43:27.547+0000] {dag.py:3340} INFO - Setting next_dagrun for example_sla_dag to 2022-11-28T23:40:00+00:00, run_after=2022-11-28T23:42:00+00:00
[2022-11-28T23:43:27.567+0000] {processor.py:176} INFO - Processing /home/airflow/.local/lib/python3.7/site-packages/airflow/example_dags/example_sla_dag.py took 0.122 seconds
[2022-11-28T23:43:57.995+0000] {processor.py:154} INFO - Started process (PID=2939) to work on /home/airflow/.local/lib/python3.7/site-packages/airflow/example_dags/example_sla_dag.py
[2022-11-28T23:43:57.996+0000] {processor.py:756} INFO - Processing file /home/airflow/.local/lib/python3.7/site-packages/airflow/example_dags/example_sla_dag.py for tasks to queue
[2022-11-28T23:43:57.996+0000] {logging_mixin.py:137} INFO - [2022-11-28T23:43:57.996+0000] {dagbag.py:537} INFO - Filling up the DagBag from /home/airflow/.local/lib/python3.7/site-packages/airflow/example_dags/example_sla_dag.py
[2022-11-28T23:43:58.017+0000] {processor.py:766} INFO - DAG(s) dict_keys(['example_sla_dag']) retrieved from /home/airflow/.local/lib/python3.7/site-packages/airflow/example_dags/example_sla_dag.py
[2022-11-28T23:43:58.050+0000] {logging_mixin.py:137} INFO - [2022-11-28T23:43:58.050+0000] {dag.py:2585} INFO - Sync 1 DAGs
[2022-11-28T23:43:58.081+0000] {logging_mixin.py:137} INFO - [2022-11-28T23:43:58.081+0000] {dag.py:3340} INFO - Setting next_dagrun for example_sla_dag to 2022-11-28T23:40:00+00:00, run_after=2022-11-28T23:42:00+00:00
[2022-11-28T23:43:58.101+0000] {processor.py:176} INFO - Processing /home/airflow/.local/lib/python3.7/site-packages/airflow/example_dags/example_sla_dag.py took 0.107 seconds
[2022-11-28T23:44:28.668+0000] {processor.py:154} INFO - Started process (PID=3146) to work on /home/airflow/.local/lib/python3.7/site-packages/airflow/example_dags/example_sla_dag.py
[2022-11-28T23:44:28.669+0000] {processor.py:756} INFO - Processing file /home/airflow/.local/lib/python3.7/site-packages/airflow/example_dags/example_sla_dag.py for tasks to queue
[2022-11-28T23:44:28.670+0000] {logging_mixin.py:137} INFO - [2022-11-28T23:44:28.670+0000] {dagbag.py:537} INFO - Filling up the DagBag from /home/airflow/.local/lib/python3.7/site-packages/airflow/example_dags/example_sla_dag.py
[2022-11-28T23:44:28.690+0000] {processor.py:766} INFO - DAG(s) dict_keys(['example_sla_dag']) retrieved from /home/airflow/.local/lib/python3.7/site-packages/airflow/example_dags/example_sla_dag.py
[2022-11-28T23:44:28.724+0000] {logging_mixin.py:137} INFO - [2022-11-28T23:44:28.724+0000] {dag.py:2585} INFO - Sync 1 DAGs
[2022-11-28T23:44:28.756+0000] {logging_mixin.py:137} INFO - [2022-11-28T23:44:28.755+0000] {dag.py:3340} INFO - Setting next_dagrun for example_sla_dag to 2022-11-28T23:42:00+00:00, run_after=2022-11-28T23:44:00+00:00
[2022-11-28T23:44:28.777+0000] {processor.py:176} INFO - Processing /home/airflow/.local/lib/python3.7/site-packages/airflow/example_dags/example_sla_dag.py took 0.110 seconds
[2022-11-28T23:44:59.411+0000] {processor.py:154} INFO - Started process (PID=3353) to work on /home/airflow/.local/lib/python3.7/site-packages/airflow/example_dags/example_sla_dag.py
[2022-11-28T23:44:59.412+0000] {processor.py:756} INFO - Processing file /home/airflow/.local/lib/python3.7/site-packages/airflow/example_dags/example_sla_dag.py for tasks to queue
[2022-11-28T23:44:59.413+0000] {logging_mixin.py:137} INFO - [2022-11-28T23:44:59.413+0000] {dagbag.py:537} INFO - Filling up the DagBag from /home/airflow/.local/lib/python3.7/site-packages/airflow/example_dags/example_sla_dag.py
[2022-11-28T23:44:59.435+0000] {processor.py:766} INFO - DAG(s) dict_keys(['example_sla_dag']) retrieved from /home/airflow/.local/lib/python3.7/site-packages/airflow/example_dags/example_sla_dag.py
[2022-11-28T23:44:59.473+0000] {logging_mixin.py:137} INFO - [2022-11-28T23:44:59.473+0000] {dag.py:2585} INFO - Sync 1 DAGs
[2022-11-28T23:44:59.503+0000] {logging_mixin.py:137} INFO - [2022-11-28T23:44:59.503+0000] {dag.py:3340} INFO - Setting next_dagrun for example_sla_dag to 2022-11-28T23:42:00+00:00, run_after=2022-11-28T23:44:00+00:00
[2022-11-28T23:44:59.525+0000] {processor.py:176} INFO - Processing /home/airflow/.local/lib/python3.7/site-packages/airflow/example_dags/example_sla_dag.py took 0.116 seconds
[2022-11-28T23:45:30.243+0000] {processor.py:154} INFO - Started process (PID=3615) to work on /home/airflow/.local/lib/python3.7/site-packages/airflow/example_dags/example_sla_dag.py
[2022-11-28T23:45:30.244+0000] {processor.py:756} INFO - Processing file /home/airflow/.local/lib/python3.7/site-packages/airflow/example_dags/example_sla_dag.py for tasks to queue
[2022-11-28T23:45:30.245+0000] {logging_mixin.py:137} INFO - [2022-11-28T23:45:30.245+0000] {dagbag.py:537} INFO - Filling up the DagBag from /home/airflow/.local/lib/python3.7/site-packages/airflow/example_dags/example_sla_dag.py
[2022-11-28T23:45:30.267+0000] {processor.py:766} INFO - DAG(s) dict_keys(['example_sla_dag']) retrieved from /home/airflow/.local/lib/python3.7/site-packages/airflow/example_dags/example_sla_dag.py
[2022-11-28T23:45:30.303+0000] {logging_mixin.py:137} INFO - [2022-11-28T23:45:30.303+0000] {dag.py:2585} INFO - Sync 1 DAGs
[2022-11-28T23:45:30.336+0000] {logging_mixin.py:137} INFO - [2022-11-28T23:45:30.335+0000] {dag.py:3340} INFO - Setting next_dagrun for example_sla_dag to 2022-11-28T23:42:00+00:00, run_after=2022-11-28T23:44:00+00:00
[2022-11-28T23:45:30.632+0000] {logging_mixin.py:137} INFO - [2022-11-28T23:45:30.632+0000] {process_utils.py:256} INFO - Waiting up to 5 seconds for processes to exit...
[2022-11-28T23:45:30.637+0000] {logging_mixin.py:137} INFO - [2022-11-28T23:45:30.637+0000] {process_utils.py:256} INFO - Waiting up to 5 seconds for processes to exit...
