[2022-11-28T23:37:15.194+0000] {processor.py:154} INFO - Started process (PID=236) to work on /home/airflow/.local/lib/python3.7/site-packages/airflow/example_dags/example_task_group.py
[2022-11-28T23:37:15.194+0000] {processor.py:756} INFO - Processing file /home/airflow/.local/lib/python3.7/site-packages/airflow/example_dags/example_task_group.py for tasks to queue
[2022-11-28T23:37:15.195+0000] {logging_mixin.py:137} INFO - [2022-11-28T23:37:15.195+0000] {dagbag.py:537} INFO - Filling up the DagBag from /home/airflow/.local/lib/python3.7/site-packages/airflow/example_dags/example_task_group.py
[2022-11-28T23:37:15.208+0000] {processor.py:766} INFO - DAG(s) dict_keys(['example_task_group']) retrieved from /home/airflow/.local/lib/python3.7/site-packages/airflow/example_dags/example_task_group.py
[2022-11-28T23:37:15.253+0000] {logging_mixin.py:137} INFO - [2022-11-28T23:37:15.253+0000] {dag.py:2585} INFO - Sync 1 DAGs
[2022-11-28T23:37:15.286+0000] {logging_mixin.py:137} INFO - [2022-11-28T23:37:15.286+0000] {dag.py:3340} INFO - Setting next_dagrun for example_task_group to 2022-11-27T23:37:15.286063+00:00, run_after=2022-11-28T23:37:15.286063+00:00
[2022-11-28T23:37:15.312+0000] {processor.py:176} INFO - Processing /home/airflow/.local/lib/python3.7/site-packages/airflow/example_dags/example_task_group.py took 0.120 seconds
[2022-11-28T23:37:46.129+0000] {processor.py:154} INFO - Started process (PID=434) to work on /home/airflow/.local/lib/python3.7/site-packages/airflow/example_dags/example_task_group.py
[2022-11-28T23:37:46.130+0000] {processor.py:756} INFO - Processing file /home/airflow/.local/lib/python3.7/site-packages/airflow/example_dags/example_task_group.py for tasks to queue
[2022-11-28T23:37:46.131+0000] {logging_mixin.py:137} INFO - [2022-11-28T23:37:46.131+0000] {dagbag.py:537} INFO - Filling up the DagBag from /home/airflow/.local/lib/python3.7/site-packages/airflow/example_dags/example_task_group.py
[2022-11-28T23:37:46.147+0000] {processor.py:766} INFO - DAG(s) dict_keys(['example_task_group']) retrieved from /home/airflow/.local/lib/python3.7/site-packages/airflow/example_dags/example_task_group.py
[2022-11-28T23:37:46.199+0000] {logging_mixin.py:137} INFO - [2022-11-28T23:37:46.199+0000] {dag.py:2585} INFO - Sync 1 DAGs
[2022-11-28T23:37:46.230+0000] {logging_mixin.py:137} INFO - [2022-11-28T23:37:46.230+0000] {dag.py:3340} INFO - Setting next_dagrun for example_task_group to 2022-11-27T23:37:46.230084+00:00, run_after=2022-11-28T23:37:46.230084+00:00
[2022-11-28T23:37:46.268+0000] {processor.py:176} INFO - Processing /home/airflow/.local/lib/python3.7/site-packages/airflow/example_dags/example_task_group.py took 0.141 seconds
[2022-11-28T23:38:17.027+0000] {processor.py:154} INFO - Started process (PID=642) to work on /home/airflow/.local/lib/python3.7/site-packages/airflow/example_dags/example_task_group.py
[2022-11-28T23:38:17.028+0000] {processor.py:756} INFO - Processing file /home/airflow/.local/lib/python3.7/site-packages/airflow/example_dags/example_task_group.py for tasks to queue
[2022-11-28T23:38:17.028+0000] {logging_mixin.py:137} INFO - [2022-11-28T23:38:17.028+0000] {dagbag.py:537} INFO - Filling up the DagBag from /home/airflow/.local/lib/python3.7/site-packages/airflow/example_dags/example_task_group.py
[2022-11-28T23:38:17.041+0000] {processor.py:766} INFO - DAG(s) dict_keys(['example_task_group']) retrieved from /home/airflow/.local/lib/python3.7/site-packages/airflow/example_dags/example_task_group.py
[2022-11-28T23:38:17.081+0000] {logging_mixin.py:137} INFO - [2022-11-28T23:38:17.081+0000] {dag.py:2585} INFO - Sync 1 DAGs
[2022-11-28T23:38:17.109+0000] {logging_mixin.py:137} INFO - [2022-11-28T23:38:17.108+0000] {dag.py:3340} INFO - Setting next_dagrun for example_task_group to 2022-11-27T23:38:17.108740+00:00, run_after=2022-11-28T23:38:17.108740+00:00
[2022-11-28T23:38:17.134+0000] {processor.py:176} INFO - Processing /home/airflow/.local/lib/python3.7/site-packages/airflow/example_dags/example_task_group.py took 0.109 seconds
[2022-11-28T23:38:47.930+0000] {processor.py:154} INFO - Started process (PID=849) to work on /home/airflow/.local/lib/python3.7/site-packages/airflow/example_dags/example_task_group.py
[2022-11-28T23:38:47.931+0000] {processor.py:756} INFO - Processing file /home/airflow/.local/lib/python3.7/site-packages/airflow/example_dags/example_task_group.py for tasks to queue
[2022-11-28T23:38:47.931+0000] {logging_mixin.py:137} INFO - [2022-11-28T23:38:47.931+0000] {dagbag.py:537} INFO - Filling up the DagBag from /home/airflow/.local/lib/python3.7/site-packages/airflow/example_dags/example_task_group.py
[2022-11-28T23:38:47.947+0000] {processor.py:766} INFO - DAG(s) dict_keys(['example_task_group']) retrieved from /home/airflow/.local/lib/python3.7/site-packages/airflow/example_dags/example_task_group.py
[2022-11-28T23:38:47.987+0000] {logging_mixin.py:137} INFO - [2022-11-28T23:38:47.987+0000] {dag.py:2585} INFO - Sync 1 DAGs
[2022-11-28T23:38:48.013+0000] {logging_mixin.py:137} INFO - [2022-11-28T23:38:48.013+0000] {dag.py:3340} INFO - Setting next_dagrun for example_task_group to 2022-11-27T23:38:48.012764+00:00, run_after=2022-11-28T23:38:48.012764+00:00
[2022-11-28T23:38:48.033+0000] {processor.py:176} INFO - Processing /home/airflow/.local/lib/python3.7/site-packages/airflow/example_dags/example_task_group.py took 0.105 seconds
[2022-11-28T23:39:18.583+0000] {processor.py:154} INFO - Started process (PID=1047) to work on /home/airflow/.local/lib/python3.7/site-packages/airflow/example_dags/example_task_group.py
[2022-11-28T23:39:18.583+0000] {processor.py:756} INFO - Processing file /home/airflow/.local/lib/python3.7/site-packages/airflow/example_dags/example_task_group.py for tasks to queue
[2022-11-28T23:39:18.584+0000] {logging_mixin.py:137} INFO - [2022-11-28T23:39:18.584+0000] {dagbag.py:537} INFO - Filling up the DagBag from /home/airflow/.local/lib/python3.7/site-packages/airflow/example_dags/example_task_group.py
[2022-11-28T23:39:18.598+0000] {processor.py:766} INFO - DAG(s) dict_keys(['example_task_group']) retrieved from /home/airflow/.local/lib/python3.7/site-packages/airflow/example_dags/example_task_group.py
[2022-11-28T23:39:18.635+0000] {logging_mixin.py:137} INFO - [2022-11-28T23:39:18.635+0000] {dag.py:2585} INFO - Sync 1 DAGs
[2022-11-28T23:39:18.663+0000] {logging_mixin.py:137} INFO - [2022-11-28T23:39:18.663+0000] {dag.py:3340} INFO - Setting next_dagrun for example_task_group to 2022-11-27T23:39:18.662903+00:00, run_after=2022-11-28T23:39:18.662903+00:00
[2022-11-28T23:39:18.690+0000] {processor.py:176} INFO - Processing /home/airflow/.local/lib/python3.7/site-packages/airflow/example_dags/example_task_group.py took 0.109 seconds
[2022-11-28T23:39:49.565+0000] {processor.py:154} INFO - Started process (PID=1254) to work on /home/airflow/.local/lib/python3.7/site-packages/airflow/example_dags/example_task_group.py
[2022-11-28T23:39:49.566+0000] {processor.py:756} INFO - Processing file /home/airflow/.local/lib/python3.7/site-packages/airflow/example_dags/example_task_group.py for tasks to queue
[2022-11-28T23:39:49.567+0000] {logging_mixin.py:137} INFO - [2022-11-28T23:39:49.567+0000] {dagbag.py:537} INFO - Filling up the DagBag from /home/airflow/.local/lib/python3.7/site-packages/airflow/example_dags/example_task_group.py
[2022-11-28T23:39:49.581+0000] {processor.py:766} INFO - DAG(s) dict_keys(['example_task_group']) retrieved from /home/airflow/.local/lib/python3.7/site-packages/airflow/example_dags/example_task_group.py
[2022-11-28T23:39:49.624+0000] {logging_mixin.py:137} INFO - [2022-11-28T23:39:49.623+0000] {dag.py:2585} INFO - Sync 1 DAGs
[2022-11-28T23:39:49.653+0000] {logging_mixin.py:137} INFO - [2022-11-28T23:39:49.653+0000] {dag.py:3340} INFO - Setting next_dagrun for example_task_group to 2022-11-27T23:39:49.653120+00:00, run_after=2022-11-28T23:39:49.653120+00:00
[2022-11-28T23:39:49.679+0000] {processor.py:176} INFO - Processing /home/airflow/.local/lib/python3.7/site-packages/airflow/example_dags/example_task_group.py took 0.116 seconds
[2022-11-28T23:40:20.552+0000] {processor.py:154} INFO - Started process (PID=1462) to work on /home/airflow/.local/lib/python3.7/site-packages/airflow/example_dags/example_task_group.py
[2022-11-28T23:40:20.552+0000] {processor.py:756} INFO - Processing file /home/airflow/.local/lib/python3.7/site-packages/airflow/example_dags/example_task_group.py for tasks to queue
[2022-11-28T23:40:20.553+0000] {logging_mixin.py:137} INFO - [2022-11-28T23:40:20.552+0000] {dagbag.py:537} INFO - Filling up the DagBag from /home/airflow/.local/lib/python3.7/site-packages/airflow/example_dags/example_task_group.py
[2022-11-28T23:40:20.567+0000] {processor.py:766} INFO - DAG(s) dict_keys(['example_task_group']) retrieved from /home/airflow/.local/lib/python3.7/site-packages/airflow/example_dags/example_task_group.py
[2022-11-28T23:40:20.605+0000] {logging_mixin.py:137} INFO - [2022-11-28T23:40:20.605+0000] {dag.py:2585} INFO - Sync 1 DAGs
[2022-11-28T23:40:20.635+0000] {logging_mixin.py:137} INFO - [2022-11-28T23:40:20.634+0000] {dag.py:3340} INFO - Setting next_dagrun for example_task_group to 2022-11-27T23:40:20.634698+00:00, run_after=2022-11-28T23:40:20.634698+00:00
[2022-11-28T23:40:20.657+0000] {processor.py:176} INFO - Processing /home/airflow/.local/lib/python3.7/site-packages/airflow/example_dags/example_task_group.py took 0.108 seconds
[2022-11-28T23:40:51.294+0000] {processor.py:154} INFO - Started process (PID=1660) to work on /home/airflow/.local/lib/python3.7/site-packages/airflow/example_dags/example_task_group.py
[2022-11-28T23:40:51.295+0000] {processor.py:756} INFO - Processing file /home/airflow/.local/lib/python3.7/site-packages/airflow/example_dags/example_task_group.py for tasks to queue
[2022-11-28T23:40:51.295+0000] {logging_mixin.py:137} INFO - [2022-11-28T23:40:51.295+0000] {dagbag.py:537} INFO - Filling up the DagBag from /home/airflow/.local/lib/python3.7/site-packages/airflow/example_dags/example_task_group.py
[2022-11-28T23:40:51.308+0000] {processor.py:766} INFO - DAG(s) dict_keys(['example_task_group']) retrieved from /home/airflow/.local/lib/python3.7/site-packages/airflow/example_dags/example_task_group.py
[2022-11-28T23:40:51.344+0000] {logging_mixin.py:137} INFO - [2022-11-28T23:40:51.344+0000] {dag.py:2585} INFO - Sync 1 DAGs
[2022-11-28T23:40:51.373+0000] {logging_mixin.py:137} INFO - [2022-11-28T23:40:51.373+0000] {dag.py:3340} INFO - Setting next_dagrun for example_task_group to 2022-11-27T23:40:51.372911+00:00, run_after=2022-11-28T23:40:51.372911+00:00
[2022-11-28T23:40:51.396+0000] {processor.py:176} INFO - Processing /home/airflow/.local/lib/python3.7/site-packages/airflow/example_dags/example_task_group.py took 0.104 seconds
[2022-11-28T23:41:22.218+0000] {processor.py:154} INFO - Started process (PID=1867) to work on /home/airflow/.local/lib/python3.7/site-packages/airflow/example_dags/example_task_group.py
[2022-11-28T23:41:22.219+0000] {processor.py:756} INFO - Processing file /home/airflow/.local/lib/python3.7/site-packages/airflow/example_dags/example_task_group.py for tasks to queue
[2022-11-28T23:41:22.219+0000] {logging_mixin.py:137} INFO - [2022-11-28T23:41:22.219+0000] {dagbag.py:537} INFO - Filling up the DagBag from /home/airflow/.local/lib/python3.7/site-packages/airflow/example_dags/example_task_group.py
[2022-11-28T23:41:22.234+0000] {processor.py:766} INFO - DAG(s) dict_keys(['example_task_group']) retrieved from /home/airflow/.local/lib/python3.7/site-packages/airflow/example_dags/example_task_group.py
[2022-11-28T23:41:22.273+0000] {logging_mixin.py:137} INFO - [2022-11-28T23:41:22.273+0000] {dag.py:2585} INFO - Sync 1 DAGs
[2022-11-28T23:41:22.302+0000] {logging_mixin.py:137} INFO - [2022-11-28T23:41:22.302+0000] {dag.py:3340} INFO - Setting next_dagrun for example_task_group to 2022-11-27T23:41:22.301930+00:00, run_after=2022-11-28T23:41:22.301930+00:00
[2022-11-28T23:41:22.326+0000] {processor.py:176} INFO - Processing /home/airflow/.local/lib/python3.7/site-packages/airflow/example_dags/example_task_group.py took 0.111 seconds
[2022-11-28T23:41:53.240+0000] {processor.py:154} INFO - Started process (PID=2074) to work on /home/airflow/.local/lib/python3.7/site-packages/airflow/example_dags/example_task_group.py
[2022-11-28T23:41:53.241+0000] {processor.py:756} INFO - Processing file /home/airflow/.local/lib/python3.7/site-packages/airflow/example_dags/example_task_group.py for tasks to queue
[2022-11-28T23:41:53.242+0000] {logging_mixin.py:137} INFO - [2022-11-28T23:41:53.241+0000] {dagbag.py:537} INFO - Filling up the DagBag from /home/airflow/.local/lib/python3.7/site-packages/airflow/example_dags/example_task_group.py
[2022-11-28T23:41:53.256+0000] {processor.py:766} INFO - DAG(s) dict_keys(['example_task_group']) retrieved from /home/airflow/.local/lib/python3.7/site-packages/airflow/example_dags/example_task_group.py
[2022-11-28T23:41:53.295+0000] {logging_mixin.py:137} INFO - [2022-11-28T23:41:53.295+0000] {dag.py:2585} INFO - Sync 1 DAGs
[2022-11-28T23:41:53.323+0000] {logging_mixin.py:137} INFO - [2022-11-28T23:41:53.323+0000] {dag.py:3340} INFO - Setting next_dagrun for example_task_group to 2022-11-27T23:41:53.323511+00:00, run_after=2022-11-28T23:41:53.323511+00:00
[2022-11-28T23:41:53.348+0000] {processor.py:176} INFO - Processing /home/airflow/.local/lib/python3.7/site-packages/airflow/example_dags/example_task_group.py took 0.110 seconds
[2022-11-28T23:42:24.098+0000] {processor.py:154} INFO - Started process (PID=2272) to work on /home/airflow/.local/lib/python3.7/site-packages/airflow/example_dags/example_task_group.py
[2022-11-28T23:42:24.098+0000] {processor.py:756} INFO - Processing file /home/airflow/.local/lib/python3.7/site-packages/airflow/example_dags/example_task_group.py for tasks to queue
[2022-11-28T23:42:24.099+0000] {logging_mixin.py:137} INFO - [2022-11-28T23:42:24.099+0000] {dagbag.py:537} INFO - Filling up the DagBag from /home/airflow/.local/lib/python3.7/site-packages/airflow/example_dags/example_task_group.py
[2022-11-28T23:42:24.114+0000] {processor.py:766} INFO - DAG(s) dict_keys(['example_task_group']) retrieved from /home/airflow/.local/lib/python3.7/site-packages/airflow/example_dags/example_task_group.py
[2022-11-28T23:42:24.155+0000] {logging_mixin.py:137} INFO - [2022-11-28T23:42:24.155+0000] {dag.py:2585} INFO - Sync 1 DAGs
[2022-11-28T23:42:24.186+0000] {logging_mixin.py:137} INFO - [2022-11-28T23:42:24.186+0000] {dag.py:3340} INFO - Setting next_dagrun for example_task_group to 2022-11-27T23:42:24.186480+00:00, run_after=2022-11-28T23:42:24.186480+00:00
[2022-11-28T23:42:24.211+0000] {processor.py:176} INFO - Processing /home/airflow/.local/lib/python3.7/site-packages/airflow/example_dags/example_task_group.py took 0.116 seconds
[2022-11-28T23:42:54.697+0000] {processor.py:154} INFO - Started process (PID=2479) to work on /home/airflow/.local/lib/python3.7/site-packages/airflow/example_dags/example_task_group.py
[2022-11-28T23:42:54.699+0000] {processor.py:756} INFO - Processing file /home/airflow/.local/lib/python3.7/site-packages/airflow/example_dags/example_task_group.py for tasks to queue
[2022-11-28T23:42:54.700+0000] {logging_mixin.py:137} INFO - [2022-11-28T23:42:54.699+0000] {dagbag.py:537} INFO - Filling up the DagBag from /home/airflow/.local/lib/python3.7/site-packages/airflow/example_dags/example_task_group.py
[2022-11-28T23:42:54.715+0000] {processor.py:766} INFO - DAG(s) dict_keys(['example_task_group']) retrieved from /home/airflow/.local/lib/python3.7/site-packages/airflow/example_dags/example_task_group.py
[2022-11-28T23:42:54.758+0000] {logging_mixin.py:137} INFO - [2022-11-28T23:42:54.758+0000] {dag.py:2585} INFO - Sync 1 DAGs
[2022-11-28T23:42:54.790+0000] {logging_mixin.py:137} INFO - [2022-11-28T23:42:54.790+0000] {dag.py:3340} INFO - Setting next_dagrun for example_task_group to 2022-11-27T23:42:54.789814+00:00, run_after=2022-11-28T23:42:54.789814+00:00
[2022-11-28T23:42:54.815+0000] {processor.py:176} INFO - Processing /home/airflow/.local/lib/python3.7/site-packages/airflow/example_dags/example_task_group.py took 0.120 seconds
[2022-11-28T23:43:25.696+0000] {processor.py:154} INFO - Started process (PID=2686) to work on /home/airflow/.local/lib/python3.7/site-packages/airflow/example_dags/example_task_group.py
[2022-11-28T23:43:25.697+0000] {processor.py:756} INFO - Processing file /home/airflow/.local/lib/python3.7/site-packages/airflow/example_dags/example_task_group.py for tasks to queue
[2022-11-28T23:43:25.697+0000] {logging_mixin.py:137} INFO - [2022-11-28T23:43:25.697+0000] {dagbag.py:537} INFO - Filling up the DagBag from /home/airflow/.local/lib/python3.7/site-packages/airflow/example_dags/example_task_group.py
[2022-11-28T23:43:25.710+0000] {processor.py:766} INFO - DAG(s) dict_keys(['example_task_group']) retrieved from /home/airflow/.local/lib/python3.7/site-packages/airflow/example_dags/example_task_group.py
[2022-11-28T23:43:25.753+0000] {logging_mixin.py:137} INFO - [2022-11-28T23:43:25.753+0000] {dag.py:2585} INFO - Sync 1 DAGs
[2022-11-28T23:43:25.783+0000] {logging_mixin.py:137} INFO - [2022-11-28T23:43:25.783+0000] {dag.py:3340} INFO - Setting next_dagrun for example_task_group to 2022-11-27T23:43:25.783219+00:00, run_after=2022-11-28T23:43:25.783219+00:00
[2022-11-28T23:43:25.806+0000] {processor.py:176} INFO - Processing /home/airflow/.local/lib/python3.7/site-packages/airflow/example_dags/example_task_group.py took 0.113 seconds
[2022-11-28T23:43:56.298+0000] {processor.py:154} INFO - Started process (PID=2884) to work on /home/airflow/.local/lib/python3.7/site-packages/airflow/example_dags/example_task_group.py
[2022-11-28T23:43:56.298+0000] {processor.py:756} INFO - Processing file /home/airflow/.local/lib/python3.7/site-packages/airflow/example_dags/example_task_group.py for tasks to queue
[2022-11-28T23:43:56.299+0000] {logging_mixin.py:137} INFO - [2022-11-28T23:43:56.299+0000] {dagbag.py:537} INFO - Filling up the DagBag from /home/airflow/.local/lib/python3.7/site-packages/airflow/example_dags/example_task_group.py
[2022-11-28T23:43:56.312+0000] {processor.py:766} INFO - DAG(s) dict_keys(['example_task_group']) retrieved from /home/airflow/.local/lib/python3.7/site-packages/airflow/example_dags/example_task_group.py
[2022-11-28T23:43:56.350+0000] {logging_mixin.py:137} INFO - [2022-11-28T23:43:56.350+0000] {dag.py:2585} INFO - Sync 1 DAGs
[2022-11-28T23:43:56.378+0000] {logging_mixin.py:137} INFO - [2022-11-28T23:43:56.377+0000] {dag.py:3340} INFO - Setting next_dagrun for example_task_group to 2022-11-27T23:43:56.377646+00:00, run_after=2022-11-28T23:43:56.377646+00:00
[2022-11-28T23:43:56.400+0000] {processor.py:176} INFO - Processing /home/airflow/.local/lib/python3.7/site-packages/airflow/example_dags/example_task_group.py took 0.105 seconds
[2022-11-28T23:44:26.996+0000] {processor.py:154} INFO - Started process (PID=3091) to work on /home/airflow/.local/lib/python3.7/site-packages/airflow/example_dags/example_task_group.py
[2022-11-28T23:44:26.997+0000] {processor.py:756} INFO - Processing file /home/airflow/.local/lib/python3.7/site-packages/airflow/example_dags/example_task_group.py for tasks to queue
[2022-11-28T23:44:26.997+0000] {logging_mixin.py:137} INFO - [2022-11-28T23:44:26.997+0000] {dagbag.py:537} INFO - Filling up the DagBag from /home/airflow/.local/lib/python3.7/site-packages/airflow/example_dags/example_task_group.py
[2022-11-28T23:44:27.010+0000] {processor.py:766} INFO - DAG(s) dict_keys(['example_task_group']) retrieved from /home/airflow/.local/lib/python3.7/site-packages/airflow/example_dags/example_task_group.py
[2022-11-28T23:44:27.047+0000] {logging_mixin.py:137} INFO - [2022-11-28T23:44:27.047+0000] {dag.py:2585} INFO - Sync 1 DAGs
[2022-11-28T23:44:27.075+0000] {logging_mixin.py:137} INFO - [2022-11-28T23:44:27.075+0000] {dag.py:3340} INFO - Setting next_dagrun for example_task_group to 2022-11-27T23:44:27.075565+00:00, run_after=2022-11-28T23:44:27.075565+00:00
[2022-11-28T23:44:27.100+0000] {processor.py:176} INFO - Processing /home/airflow/.local/lib/python3.7/site-packages/airflow/example_dags/example_task_group.py took 0.107 seconds
[2022-11-28T23:44:57.668+0000] {processor.py:154} INFO - Started process (PID=3298) to work on /home/airflow/.local/lib/python3.7/site-packages/airflow/example_dags/example_task_group.py
[2022-11-28T23:44:57.668+0000] {processor.py:756} INFO - Processing file /home/airflow/.local/lib/python3.7/site-packages/airflow/example_dags/example_task_group.py for tasks to queue
[2022-11-28T23:44:57.669+0000] {logging_mixin.py:137} INFO - [2022-11-28T23:44:57.669+0000] {dagbag.py:537} INFO - Filling up the DagBag from /home/airflow/.local/lib/python3.7/site-packages/airflow/example_dags/example_task_group.py
[2022-11-28T23:44:57.683+0000] {processor.py:766} INFO - DAG(s) dict_keys(['example_task_group']) retrieved from /home/airflow/.local/lib/python3.7/site-packages/airflow/example_dags/example_task_group.py
[2022-11-28T23:44:57.722+0000] {logging_mixin.py:137} INFO - [2022-11-28T23:44:57.722+0000] {dag.py:2585} INFO - Sync 1 DAGs
[2022-11-28T23:44:57.753+0000] {logging_mixin.py:137} INFO - [2022-11-28T23:44:57.753+0000] {dag.py:3340} INFO - Setting next_dagrun for example_task_group to 2022-11-27T23:44:57.753015+00:00, run_after=2022-11-28T23:44:57.753015+00:00
[2022-11-28T23:44:57.781+0000] {processor.py:176} INFO - Processing /home/airflow/.local/lib/python3.7/site-packages/airflow/example_dags/example_task_group.py took 0.115 seconds
[2022-11-28T23:45:28.483+0000] {processor.py:154} INFO - Started process (PID=3496) to work on /home/airflow/.local/lib/python3.7/site-packages/airflow/example_dags/example_task_group.py
[2022-11-28T23:45:28.483+0000] {processor.py:756} INFO - Processing file /home/airflow/.local/lib/python3.7/site-packages/airflow/example_dags/example_task_group.py for tasks to queue
[2022-11-28T23:45:28.484+0000] {logging_mixin.py:137} INFO - [2022-11-28T23:45:28.484+0000] {dagbag.py:537} INFO - Filling up the DagBag from /home/airflow/.local/lib/python3.7/site-packages/airflow/example_dags/example_task_group.py
[2022-11-28T23:45:28.496+0000] {processor.py:766} INFO - DAG(s) dict_keys(['example_task_group']) retrieved from /home/airflow/.local/lib/python3.7/site-packages/airflow/example_dags/example_task_group.py
[2022-11-28T23:45:28.532+0000] {logging_mixin.py:137} INFO - [2022-11-28T23:45:28.532+0000] {dag.py:2585} INFO - Sync 1 DAGs
[2022-11-28T23:45:28.557+0000] {logging_mixin.py:137} INFO - [2022-11-28T23:45:28.557+0000] {dag.py:3340} INFO - Setting next_dagrun for example_task_group to 2022-11-27T23:45:28.556882+00:00, run_after=2022-11-28T23:45:28.556882+00:00
[2022-11-28T23:45:28.577+0000] {processor.py:176} INFO - Processing /home/airflow/.local/lib/python3.7/site-packages/airflow/example_dags/example_task_group.py took 0.096 seconds
