[2022-11-28T23:37:16.256+0000] {processor.py:154} INFO - Started process (PID=301) to work on /home/airflow/.local/lib/python3.7/site-packages/airflow/example_dags/example_nested_branch_dag.py
[2022-11-28T23:37:16.256+0000] {processor.py:756} INFO - Processing file /home/airflow/.local/lib/python3.7/site-packages/airflow/example_dags/example_nested_branch_dag.py for tasks to queue
[2022-11-28T23:37:16.257+0000] {logging_mixin.py:137} INFO - [2022-11-28T23:37:16.257+0000] {dagbag.py:537} INFO - Filling up the DagBag from /home/airflow/.local/lib/python3.7/site-packages/airflow/example_dags/example_nested_branch_dag.py
[2022-11-28T23:37:16.278+0000] {processor.py:766} INFO - DAG(s) dict_keys(['example_nested_branch_dag']) retrieved from /home/airflow/.local/lib/python3.7/site-packages/airflow/example_dags/example_nested_branch_dag.py
[2022-11-28T23:37:16.318+0000] {logging_mixin.py:137} INFO - [2022-11-28T23:37:16.318+0000] {dag.py:2585} INFO - Sync 1 DAGs
[2022-11-28T23:37:16.352+0000] {logging_mixin.py:137} INFO - [2022-11-28T23:37:16.352+0000] {dag.py:3340} INFO - Setting next_dagrun for example_nested_branch_dag to 2022-11-27T00:00:00+00:00, run_after=2022-11-28T00:00:00+00:00
[2022-11-28T23:37:16.372+0000] {processor.py:176} INFO - Processing /home/airflow/.local/lib/python3.7/site-packages/airflow/example_dags/example_nested_branch_dag.py took 0.119 seconds
[2022-11-28T23:37:47.089+0000] {processor.py:154} INFO - Started process (PID=499) to work on /home/airflow/.local/lib/python3.7/site-packages/airflow/example_dags/example_nested_branch_dag.py
[2022-11-28T23:37:47.090+0000] {processor.py:756} INFO - Processing file /home/airflow/.local/lib/python3.7/site-packages/airflow/example_dags/example_nested_branch_dag.py for tasks to queue
[2022-11-28T23:37:47.090+0000] {logging_mixin.py:137} INFO - [2022-11-28T23:37:47.090+0000] {dagbag.py:537} INFO - Filling up the DagBag from /home/airflow/.local/lib/python3.7/site-packages/airflow/example_dags/example_nested_branch_dag.py
[2022-11-28T23:37:47.115+0000] {processor.py:766} INFO - DAG(s) dict_keys(['example_nested_branch_dag']) retrieved from /home/airflow/.local/lib/python3.7/site-packages/airflow/example_dags/example_nested_branch_dag.py
[2022-11-28T23:37:47.154+0000] {logging_mixin.py:137} INFO - [2022-11-28T23:37:47.154+0000] {dag.py:2585} INFO - Sync 1 DAGs
[2022-11-28T23:37:47.187+0000] {logging_mixin.py:137} INFO - [2022-11-28T23:37:47.186+0000] {dag.py:3340} INFO - Setting next_dagrun for example_nested_branch_dag to 2022-11-27T00:00:00+00:00, run_after=2022-11-28T00:00:00+00:00
[2022-11-28T23:37:47.209+0000] {processor.py:176} INFO - Processing /home/airflow/.local/lib/python3.7/site-packages/airflow/example_dags/example_nested_branch_dag.py took 0.123 seconds
[2022-11-28T23:38:18.022+0000] {processor.py:154} INFO - Started process (PID=709) to work on /home/airflow/.local/lib/python3.7/site-packages/airflow/example_dags/example_nested_branch_dag.py
[2022-11-28T23:38:18.023+0000] {processor.py:756} INFO - Processing file /home/airflow/.local/lib/python3.7/site-packages/airflow/example_dags/example_nested_branch_dag.py for tasks to queue
[2022-11-28T23:38:18.023+0000] {logging_mixin.py:137} INFO - [2022-11-28T23:38:18.023+0000] {dagbag.py:537} INFO - Filling up the DagBag from /home/airflow/.local/lib/python3.7/site-packages/airflow/example_dags/example_nested_branch_dag.py
[2022-11-28T23:38:18.044+0000] {processor.py:766} INFO - DAG(s) dict_keys(['example_nested_branch_dag']) retrieved from /home/airflow/.local/lib/python3.7/site-packages/airflow/example_dags/example_nested_branch_dag.py
[2022-11-28T23:38:18.078+0000] {logging_mixin.py:137} INFO - [2022-11-28T23:38:18.078+0000] {dag.py:2585} INFO - Sync 1 DAGs
[2022-11-28T23:38:18.106+0000] {logging_mixin.py:137} INFO - [2022-11-28T23:38:18.106+0000] {dag.py:3340} INFO - Setting next_dagrun for example_nested_branch_dag to 2022-11-27T00:00:00+00:00, run_after=2022-11-28T00:00:00+00:00
[2022-11-28T23:38:18.125+0000] {processor.py:176} INFO - Processing /home/airflow/.local/lib/python3.7/site-packages/airflow/example_dags/example_nested_branch_dag.py took 0.106 seconds
[2022-11-28T23:38:48.710+0000] {processor.py:154} INFO - Started process (PID=914) to work on /home/airflow/.local/lib/python3.7/site-packages/airflow/example_dags/example_nested_branch_dag.py
[2022-11-28T23:38:48.710+0000] {processor.py:756} INFO - Processing file /home/airflow/.local/lib/python3.7/site-packages/airflow/example_dags/example_nested_branch_dag.py for tasks to queue
[2022-11-28T23:38:48.711+0000] {logging_mixin.py:137} INFO - [2022-11-28T23:38:48.711+0000] {dagbag.py:537} INFO - Filling up the DagBag from /home/airflow/.local/lib/python3.7/site-packages/airflow/example_dags/example_nested_branch_dag.py
[2022-11-28T23:38:48.733+0000] {processor.py:766} INFO - DAG(s) dict_keys(['example_nested_branch_dag']) retrieved from /home/airflow/.local/lib/python3.7/site-packages/airflow/example_dags/example_nested_branch_dag.py
[2022-11-28T23:38:48.769+0000] {logging_mixin.py:137} INFO - [2022-11-28T23:38:48.768+0000] {dag.py:2585} INFO - Sync 1 DAGs
[2022-11-28T23:38:48.796+0000] {logging_mixin.py:137} INFO - [2022-11-28T23:38:48.796+0000] {dag.py:3340} INFO - Setting next_dagrun for example_nested_branch_dag to 2022-11-27T00:00:00+00:00, run_after=2022-11-28T00:00:00+00:00
[2022-11-28T23:38:48.818+0000] {processor.py:176} INFO - Processing /home/airflow/.local/lib/python3.7/site-packages/airflow/example_dags/example_nested_branch_dag.py took 0.110 seconds
[2022-11-28T23:39:19.504+0000] {processor.py:154} INFO - Started process (PID=1112) to work on /home/airflow/.local/lib/python3.7/site-packages/airflow/example_dags/example_nested_branch_dag.py
[2022-11-28T23:39:19.505+0000] {processor.py:756} INFO - Processing file /home/airflow/.local/lib/python3.7/site-packages/airflow/example_dags/example_nested_branch_dag.py for tasks to queue
[2022-11-28T23:39:19.505+0000] {logging_mixin.py:137} INFO - [2022-11-28T23:39:19.505+0000] {dagbag.py:537} INFO - Filling up the DagBag from /home/airflow/.local/lib/python3.7/site-packages/airflow/example_dags/example_nested_branch_dag.py
[2022-11-28T23:39:19.530+0000] {processor.py:766} INFO - DAG(s) dict_keys(['example_nested_branch_dag']) retrieved from /home/airflow/.local/lib/python3.7/site-packages/airflow/example_dags/example_nested_branch_dag.py
[2022-11-28T23:39:19.571+0000] {logging_mixin.py:137} INFO - [2022-11-28T23:39:19.571+0000] {dag.py:2585} INFO - Sync 1 DAGs
[2022-11-28T23:39:19.603+0000] {logging_mixin.py:137} INFO - [2022-11-28T23:39:19.603+0000] {dag.py:3340} INFO - Setting next_dagrun for example_nested_branch_dag to 2022-11-27T00:00:00+00:00, run_after=2022-11-28T00:00:00+00:00
[2022-11-28T23:39:19.629+0000] {processor.py:176} INFO - Processing /home/airflow/.local/lib/python3.7/site-packages/airflow/example_dags/example_nested_branch_dag.py took 0.127 seconds
[2022-11-28T23:39:50.564+0000] {processor.py:154} INFO - Started process (PID=1319) to work on /home/airflow/.local/lib/python3.7/site-packages/airflow/example_dags/example_nested_branch_dag.py
[2022-11-28T23:39:50.564+0000] {processor.py:756} INFO - Processing file /home/airflow/.local/lib/python3.7/site-packages/airflow/example_dags/example_nested_branch_dag.py for tasks to queue
[2022-11-28T23:39:50.565+0000] {logging_mixin.py:137} INFO - [2022-11-28T23:39:50.565+0000] {dagbag.py:537} INFO - Filling up the DagBag from /home/airflow/.local/lib/python3.7/site-packages/airflow/example_dags/example_nested_branch_dag.py
[2022-11-28T23:39:50.592+0000] {processor.py:766} INFO - DAG(s) dict_keys(['example_nested_branch_dag']) retrieved from /home/airflow/.local/lib/python3.7/site-packages/airflow/example_dags/example_nested_branch_dag.py
[2022-11-28T23:39:50.636+0000] {logging_mixin.py:137} INFO - [2022-11-28T23:39:50.636+0000] {dag.py:2585} INFO - Sync 1 DAGs
[2022-11-28T23:39:50.669+0000] {logging_mixin.py:137} INFO - [2022-11-28T23:39:50.668+0000] {dag.py:3340} INFO - Setting next_dagrun for example_nested_branch_dag to 2022-11-27T00:00:00+00:00, run_after=2022-11-28T00:00:00+00:00
[2022-11-28T23:39:50.695+0000] {processor.py:176} INFO - Processing /home/airflow/.local/lib/python3.7/site-packages/airflow/example_dags/example_nested_branch_dag.py took 0.134 seconds
[2022-11-28T23:40:21.409+0000] {processor.py:154} INFO - Started process (PID=1527) to work on /home/airflow/.local/lib/python3.7/site-packages/airflow/example_dags/example_nested_branch_dag.py
[2022-11-28T23:40:21.410+0000] {processor.py:756} INFO - Processing file /home/airflow/.local/lib/python3.7/site-packages/airflow/example_dags/example_nested_branch_dag.py for tasks to queue
[2022-11-28T23:40:21.410+0000] {logging_mixin.py:137} INFO - [2022-11-28T23:40:21.410+0000] {dagbag.py:537} INFO - Filling up the DagBag from /home/airflow/.local/lib/python3.7/site-packages/airflow/example_dags/example_nested_branch_dag.py
[2022-11-28T23:40:21.433+0000] {processor.py:766} INFO - DAG(s) dict_keys(['example_nested_branch_dag']) retrieved from /home/airflow/.local/lib/python3.7/site-packages/airflow/example_dags/example_nested_branch_dag.py
[2022-11-28T23:40:21.470+0000] {logging_mixin.py:137} INFO - [2022-11-28T23:40:21.470+0000] {dag.py:2585} INFO - Sync 1 DAGs
[2022-11-28T23:40:21.504+0000] {logging_mixin.py:137} INFO - [2022-11-28T23:40:21.504+0000] {dag.py:3340} INFO - Setting next_dagrun for example_nested_branch_dag to 2022-11-27T00:00:00+00:00, run_after=2022-11-28T00:00:00+00:00
[2022-11-28T23:40:21.527+0000] {processor.py:176} INFO - Processing /home/airflow/.local/lib/python3.7/site-packages/airflow/example_dags/example_nested_branch_dag.py took 0.120 seconds
[2022-11-28T23:40:52.184+0000] {processor.py:154} INFO - Started process (PID=1725) to work on /home/airflow/.local/lib/python3.7/site-packages/airflow/example_dags/example_nested_branch_dag.py
[2022-11-28T23:40:52.184+0000] {processor.py:756} INFO - Processing file /home/airflow/.local/lib/python3.7/site-packages/airflow/example_dags/example_nested_branch_dag.py for tasks to queue
[2022-11-28T23:40:52.184+0000] {logging_mixin.py:137} INFO - [2022-11-28T23:40:52.184+0000] {dagbag.py:537} INFO - Filling up the DagBag from /home/airflow/.local/lib/python3.7/site-packages/airflow/example_dags/example_nested_branch_dag.py
[2022-11-28T23:40:52.208+0000] {processor.py:766} INFO - DAG(s) dict_keys(['example_nested_branch_dag']) retrieved from /home/airflow/.local/lib/python3.7/site-packages/airflow/example_dags/example_nested_branch_dag.py
[2022-11-28T23:40:52.249+0000] {logging_mixin.py:137} INFO - [2022-11-28T23:40:52.249+0000] {dag.py:2585} INFO - Sync 1 DAGs
[2022-11-28T23:40:52.279+0000] {logging_mixin.py:137} INFO - [2022-11-28T23:40:52.278+0000] {dag.py:3340} INFO - Setting next_dagrun for example_nested_branch_dag to 2022-11-27T00:00:00+00:00, run_after=2022-11-28T00:00:00+00:00
[2022-11-28T23:40:52.301+0000] {processor.py:176} INFO - Processing /home/airflow/.local/lib/python3.7/site-packages/airflow/example_dags/example_nested_branch_dag.py took 0.121 seconds
[2022-11-28T23:41:23.161+0000] {processor.py:154} INFO - Started process (PID=1932) to work on /home/airflow/.local/lib/python3.7/site-packages/airflow/example_dags/example_nested_branch_dag.py
[2022-11-28T23:41:23.162+0000] {processor.py:756} INFO - Processing file /home/airflow/.local/lib/python3.7/site-packages/airflow/example_dags/example_nested_branch_dag.py for tasks to queue
[2022-11-28T23:41:23.162+0000] {logging_mixin.py:137} INFO - [2022-11-28T23:41:23.162+0000] {dagbag.py:537} INFO - Filling up the DagBag from /home/airflow/.local/lib/python3.7/site-packages/airflow/example_dags/example_nested_branch_dag.py
[2022-11-28T23:41:23.185+0000] {processor.py:766} INFO - DAG(s) dict_keys(['example_nested_branch_dag']) retrieved from /home/airflow/.local/lib/python3.7/site-packages/airflow/example_dags/example_nested_branch_dag.py
[2022-11-28T23:41:23.226+0000] {logging_mixin.py:137} INFO - [2022-11-28T23:41:23.226+0000] {dag.py:2585} INFO - Sync 1 DAGs
[2022-11-28T23:41:23.257+0000] {logging_mixin.py:137} INFO - [2022-11-28T23:41:23.256+0000] {dag.py:3340} INFO - Setting next_dagrun for example_nested_branch_dag to 2022-11-27T00:00:00+00:00, run_after=2022-11-28T00:00:00+00:00
[2022-11-28T23:41:23.281+0000] {processor.py:176} INFO - Processing /home/airflow/.local/lib/python3.7/site-packages/airflow/example_dags/example_nested_branch_dag.py took 0.122 seconds
[2022-11-28T23:41:54.143+0000] {processor.py:154} INFO - Started process (PID=2139) to work on /home/airflow/.local/lib/python3.7/site-packages/airflow/example_dags/example_nested_branch_dag.py
[2022-11-28T23:41:54.144+0000] {processor.py:756} INFO - Processing file /home/airflow/.local/lib/python3.7/site-packages/airflow/example_dags/example_nested_branch_dag.py for tasks to queue
[2022-11-28T23:41:54.145+0000] {logging_mixin.py:137} INFO - [2022-11-28T23:41:54.145+0000] {dagbag.py:537} INFO - Filling up the DagBag from /home/airflow/.local/lib/python3.7/site-packages/airflow/example_dags/example_nested_branch_dag.py
[2022-11-28T23:41:54.168+0000] {processor.py:766} INFO - DAG(s) dict_keys(['example_nested_branch_dag']) retrieved from /home/airflow/.local/lib/python3.7/site-packages/airflow/example_dags/example_nested_branch_dag.py
[2022-11-28T23:41:54.206+0000] {logging_mixin.py:137} INFO - [2022-11-28T23:41:54.205+0000] {dag.py:2585} INFO - Sync 1 DAGs
[2022-11-28T23:41:54.237+0000] {logging_mixin.py:137} INFO - [2022-11-28T23:41:54.236+0000] {dag.py:3340} INFO - Setting next_dagrun for example_nested_branch_dag to 2022-11-27T00:00:00+00:00, run_after=2022-11-28T00:00:00+00:00
[2022-11-28T23:41:54.260+0000] {processor.py:176} INFO - Processing /home/airflow/.local/lib/python3.7/site-packages/airflow/example_dags/example_nested_branch_dag.py took 0.119 seconds
[2022-11-28T23:42:25.910+0000] {processor.py:154} INFO - Started process (PID=2337) to work on /home/airflow/.local/lib/python3.7/site-packages/airflow/example_dags/example_nested_branch_dag.py
[2022-11-28T23:42:25.911+0000] {processor.py:756} INFO - Processing file /home/airflow/.local/lib/python3.7/site-packages/airflow/example_dags/example_nested_branch_dag.py for tasks to queue
[2022-11-28T23:42:25.911+0000] {logging_mixin.py:137} INFO - [2022-11-28T23:42:25.911+0000] {dagbag.py:537} INFO - Filling up the DagBag from /home/airflow/.local/lib/python3.7/site-packages/airflow/example_dags/example_nested_branch_dag.py
[2022-11-28T23:42:25.943+0000] {processor.py:766} INFO - DAG(s) dict_keys(['example_nested_branch_dag']) retrieved from /home/airflow/.local/lib/python3.7/site-packages/airflow/example_dags/example_nested_branch_dag.py
[2022-11-28T23:42:25.991+0000] {logging_mixin.py:137} INFO - [2022-11-28T23:42:25.991+0000] {dag.py:2585} INFO - Sync 1 DAGs
[2022-11-28T23:42:26.032+0000] {logging_mixin.py:137} INFO - [2022-11-28T23:42:26.032+0000] {dag.py:3340} INFO - Setting next_dagrun for example_nested_branch_dag to 2022-11-27T00:00:00+00:00, run_after=2022-11-28T00:00:00+00:00
[2022-11-28T23:42:26.058+0000] {processor.py:176} INFO - Processing /home/airflow/.local/lib/python3.7/site-packages/airflow/example_dags/example_nested_branch_dag.py took 0.151 seconds
[2022-11-28T23:42:56.683+0000] {processor.py:154} INFO - Started process (PID=2544) to work on /home/airflow/.local/lib/python3.7/site-packages/airflow/example_dags/example_nested_branch_dag.py
[2022-11-28T23:42:56.684+0000] {processor.py:756} INFO - Processing file /home/airflow/.local/lib/python3.7/site-packages/airflow/example_dags/example_nested_branch_dag.py for tasks to queue
[2022-11-28T23:42:56.685+0000] {logging_mixin.py:137} INFO - [2022-11-28T23:42:56.685+0000] {dagbag.py:537} INFO - Filling up the DagBag from /home/airflow/.local/lib/python3.7/site-packages/airflow/example_dags/example_nested_branch_dag.py
[2022-11-28T23:42:56.714+0000] {processor.py:766} INFO - DAG(s) dict_keys(['example_nested_branch_dag']) retrieved from /home/airflow/.local/lib/python3.7/site-packages/airflow/example_dags/example_nested_branch_dag.py
[2022-11-28T23:42:56.757+0000] {logging_mixin.py:137} INFO - [2022-11-28T23:42:56.757+0000] {dag.py:2585} INFO - Sync 1 DAGs
[2022-11-28T23:42:56.790+0000] {logging_mixin.py:137} INFO - [2022-11-28T23:42:56.789+0000] {dag.py:3340} INFO - Setting next_dagrun for example_nested_branch_dag to 2022-11-27T00:00:00+00:00, run_after=2022-11-28T00:00:00+00:00
[2022-11-28T23:42:56.814+0000] {processor.py:176} INFO - Processing /home/airflow/.local/lib/python3.7/site-packages/airflow/example_dags/example_nested_branch_dag.py took 0.133 seconds
[2022-11-28T23:43:27.586+0000] {processor.py:154} INFO - Started process (PID=2751) to work on /home/airflow/.local/lib/python3.7/site-packages/airflow/example_dags/example_nested_branch_dag.py
[2022-11-28T23:43:27.587+0000] {processor.py:756} INFO - Processing file /home/airflow/.local/lib/python3.7/site-packages/airflow/example_dags/example_nested_branch_dag.py for tasks to queue
[2022-11-28T23:43:27.587+0000] {logging_mixin.py:137} INFO - [2022-11-28T23:43:27.587+0000] {dagbag.py:537} INFO - Filling up the DagBag from /home/airflow/.local/lib/python3.7/site-packages/airflow/example_dags/example_nested_branch_dag.py
[2022-11-28T23:43:27.609+0000] {processor.py:766} INFO - DAG(s) dict_keys(['example_nested_branch_dag']) retrieved from /home/airflow/.local/lib/python3.7/site-packages/airflow/example_dags/example_nested_branch_dag.py
[2022-11-28T23:43:27.645+0000] {logging_mixin.py:137} INFO - [2022-11-28T23:43:27.644+0000] {dag.py:2585} INFO - Sync 1 DAGs
[2022-11-28T23:43:27.672+0000] {logging_mixin.py:137} INFO - [2022-11-28T23:43:27.672+0000] {dag.py:3340} INFO - Setting next_dagrun for example_nested_branch_dag to 2022-11-27T00:00:00+00:00, run_after=2022-11-28T00:00:00+00:00
[2022-11-28T23:43:27.692+0000] {processor.py:176} INFO - Processing /home/airflow/.local/lib/python3.7/site-packages/airflow/example_dags/example_nested_branch_dag.py took 0.108 seconds
[2022-11-28T23:43:58.119+0000] {processor.py:154} INFO - Started process (PID=2949) to work on /home/airflow/.local/lib/python3.7/site-packages/airflow/example_dags/example_nested_branch_dag.py
[2022-11-28T23:43:58.120+0000] {processor.py:756} INFO - Processing file /home/airflow/.local/lib/python3.7/site-packages/airflow/example_dags/example_nested_branch_dag.py for tasks to queue
[2022-11-28T23:43:58.120+0000] {logging_mixin.py:137} INFO - [2022-11-28T23:43:58.120+0000] {dagbag.py:537} INFO - Filling up the DagBag from /home/airflow/.local/lib/python3.7/site-packages/airflow/example_dags/example_nested_branch_dag.py
[2022-11-28T23:43:58.142+0000] {processor.py:766} INFO - DAG(s) dict_keys(['example_nested_branch_dag']) retrieved from /home/airflow/.local/lib/python3.7/site-packages/airflow/example_dags/example_nested_branch_dag.py
[2022-11-28T23:43:58.177+0000] {logging_mixin.py:137} INFO - [2022-11-28T23:43:58.177+0000] {dag.py:2585} INFO - Sync 1 DAGs
[2022-11-28T23:43:58.208+0000] {logging_mixin.py:137} INFO - [2022-11-28T23:43:58.207+0000] {dag.py:3340} INFO - Setting next_dagrun for example_nested_branch_dag to 2022-11-27T00:00:00+00:00, run_after=2022-11-28T00:00:00+00:00
[2022-11-28T23:43:58.229+0000] {processor.py:176} INFO - Processing /home/airflow/.local/lib/python3.7/site-packages/airflow/example_dags/example_nested_branch_dag.py took 0.112 seconds
[2022-11-28T23:44:28.795+0000] {processor.py:154} INFO - Started process (PID=3158) to work on /home/airflow/.local/lib/python3.7/site-packages/airflow/example_dags/example_nested_branch_dag.py
[2022-11-28T23:44:28.795+0000] {processor.py:756} INFO - Processing file /home/airflow/.local/lib/python3.7/site-packages/airflow/example_dags/example_nested_branch_dag.py for tasks to queue
[2022-11-28T23:44:28.796+0000] {logging_mixin.py:137} INFO - [2022-11-28T23:44:28.796+0000] {dagbag.py:537} INFO - Filling up the DagBag from /home/airflow/.local/lib/python3.7/site-packages/airflow/example_dags/example_nested_branch_dag.py
[2022-11-28T23:44:28.817+0000] {processor.py:766} INFO - DAG(s) dict_keys(['example_nested_branch_dag']) retrieved from /home/airflow/.local/lib/python3.7/site-packages/airflow/example_dags/example_nested_branch_dag.py
[2022-11-28T23:44:28.852+0000] {logging_mixin.py:137} INFO - [2022-11-28T23:44:28.851+0000] {dag.py:2585} INFO - Sync 1 DAGs
[2022-11-28T23:44:28.880+0000] {logging_mixin.py:137} INFO - [2022-11-28T23:44:28.879+0000] {dag.py:3340} INFO - Setting next_dagrun for example_nested_branch_dag to 2022-11-27T00:00:00+00:00, run_after=2022-11-28T00:00:00+00:00
[2022-11-28T23:44:28.900+0000] {processor.py:176} INFO - Processing /home/airflow/.local/lib/python3.7/site-packages/airflow/example_dags/example_nested_branch_dag.py took 0.108 seconds
[2022-11-28T23:44:59.539+0000] {processor.py:154} INFO - Started process (PID=3365) to work on /home/airflow/.local/lib/python3.7/site-packages/airflow/example_dags/example_nested_branch_dag.py
[2022-11-28T23:44:59.539+0000] {processor.py:756} INFO - Processing file /home/airflow/.local/lib/python3.7/site-packages/airflow/example_dags/example_nested_branch_dag.py for tasks to queue
[2022-11-28T23:44:59.540+0000] {logging_mixin.py:137} INFO - [2022-11-28T23:44:59.540+0000] {dagbag.py:537} INFO - Filling up the DagBag from /home/airflow/.local/lib/python3.7/site-packages/airflow/example_dags/example_nested_branch_dag.py
[2022-11-28T23:44:59.561+0000] {processor.py:766} INFO - DAG(s) dict_keys(['example_nested_branch_dag']) retrieved from /home/airflow/.local/lib/python3.7/site-packages/airflow/example_dags/example_nested_branch_dag.py
[2022-11-28T23:44:59.596+0000] {logging_mixin.py:137} INFO - [2022-11-28T23:44:59.596+0000] {dag.py:2585} INFO - Sync 1 DAGs
[2022-11-28T23:44:59.623+0000] {logging_mixin.py:137} INFO - [2022-11-28T23:44:59.623+0000] {dag.py:3340} INFO - Setting next_dagrun for example_nested_branch_dag to 2022-11-27T00:00:00+00:00, run_after=2022-11-28T00:00:00+00:00
[2022-11-28T23:44:59.644+0000] {processor.py:176} INFO - Processing /home/airflow/.local/lib/python3.7/site-packages/airflow/example_dags/example_nested_branch_dag.py took 0.107 seconds
