[2022-11-28T23:37:16.057+0000] {processor.py:154} INFO - Started process (PID=286) to work on /home/airflow/.local/lib/python3.7/site-packages/airflow/example_dags/example_python_operator.py
[2022-11-28T23:37:16.057+0000] {processor.py:756} INFO - Processing file /home/airflow/.local/lib/python3.7/site-packages/airflow/example_dags/example_python_operator.py for tasks to queue
[2022-11-28T23:37:16.058+0000] {logging_mixin.py:137} INFO - [2022-11-28T23:37:16.058+0000] {dagbag.py:537} INFO - Filling up the DagBag from /home/airflow/.local/lib/python3.7/site-packages/airflow/example_dags/example_python_operator.py
[2022-11-28T23:37:16.075+0000] {logging_mixin.py:137} INFO - [2022-11-28T23:37:16.074+0000] {taskmixin.py:205} WARNING - Dependency <Task(_PythonDecoratedOperator): print_the_context>, log_sql_query already registered for DAG: example_python_operator
[2022-11-28T23:37:16.075+0000] {logging_mixin.py:137} INFO - [2022-11-28T23:37:16.075+0000] {taskmixin.py:205} WARNING - Dependency <Task(_PythonDecoratedOperator): log_sql_query>, print_the_context already registered for DAG: example_python_operator
[2022-11-28T23:37:16.075+0000] {logging_mixin.py:137} INFO - [2022-11-28T23:37:16.075+0000] {taskmixin.py:205} WARNING - Dependency <Task(_PythonDecoratedOperator): print_the_context>, log_sql_query already registered for DAG: example_python_operator
[2022-11-28T23:37:16.076+0000] {logging_mixin.py:137} INFO - [2022-11-28T23:37:16.076+0000] {taskmixin.py:205} WARNING - Dependency <Task(_PythonDecoratedOperator): log_sql_query>, print_the_context already registered for DAG: example_python_operator
[2022-11-28T23:37:16.077+0000] {logging_mixin.py:137} INFO - [2022-11-28T23:37:16.076+0000] {taskmixin.py:205} WARNING - Dependency <Task(_PythonDecoratedOperator): print_the_context>, log_sql_query already registered for DAG: example_python_operator
[2022-11-28T23:37:16.077+0000] {logging_mixin.py:137} INFO - [2022-11-28T23:37:16.077+0000] {taskmixin.py:205} WARNING - Dependency <Task(_PythonDecoratedOperator): log_sql_query>, print_the_context already registered for DAG: example_python_operator
[2022-11-28T23:37:16.077+0000] {logging_mixin.py:137} INFO - [2022-11-28T23:37:16.077+0000] {taskmixin.py:205} WARNING - Dependency <Task(_PythonDecoratedOperator): print_the_context>, log_sql_query already registered for DAG: example_python_operator
[2022-11-28T23:37:16.078+0000] {logging_mixin.py:137} INFO - [2022-11-28T23:37:16.078+0000] {taskmixin.py:205} WARNING - Dependency <Task(_PythonDecoratedOperator): log_sql_query>, print_the_context already registered for DAG: example_python_operator
[2022-11-28T23:37:16.085+0000] {processor.py:766} INFO - DAG(s) dict_keys(['example_python_operator']) retrieved from /home/airflow/.local/lib/python3.7/site-packages/airflow/example_dags/example_python_operator.py
[2022-11-28T23:37:16.123+0000] {logging_mixin.py:137} INFO - [2022-11-28T23:37:16.123+0000] {dag.py:2585} INFO - Sync 1 DAGs
[2022-11-28T23:37:16.149+0000] {logging_mixin.py:137} INFO - [2022-11-28T23:37:16.149+0000] {dag.py:3340} INFO - Setting next_dagrun for example_python_operator to None, run_after=None
[2022-11-28T23:37:16.172+0000] {processor.py:176} INFO - Processing /home/airflow/.local/lib/python3.7/site-packages/airflow/example_dags/example_python_operator.py took 0.117 seconds
[2022-11-28T23:37:46.938+0000] {processor.py:154} INFO - Started process (PID=484) to work on /home/airflow/.local/lib/python3.7/site-packages/airflow/example_dags/example_python_operator.py
[2022-11-28T23:37:46.939+0000] {processor.py:756} INFO - Processing file /home/airflow/.local/lib/python3.7/site-packages/airflow/example_dags/example_python_operator.py for tasks to queue
[2022-11-28T23:37:46.939+0000] {logging_mixin.py:137} INFO - [2022-11-28T23:37:46.939+0000] {dagbag.py:537} INFO - Filling up the DagBag from /home/airflow/.local/lib/python3.7/site-packages/airflow/example_dags/example_python_operator.py
[2022-11-28T23:37:46.954+0000] {logging_mixin.py:137} INFO - [2022-11-28T23:37:46.953+0000] {taskmixin.py:205} WARNING - Dependency <Task(_PythonDecoratedOperator): print_the_context>, log_sql_query already registered for DAG: example_python_operator
[2022-11-28T23:37:46.954+0000] {logging_mixin.py:137} INFO - [2022-11-28T23:37:46.954+0000] {taskmixin.py:205} WARNING - Dependency <Task(_PythonDecoratedOperator): log_sql_query>, print_the_context already registered for DAG: example_python_operator
[2022-11-28T23:37:46.955+0000] {logging_mixin.py:137} INFO - [2022-11-28T23:37:46.954+0000] {taskmixin.py:205} WARNING - Dependency <Task(_PythonDecoratedOperator): print_the_context>, log_sql_query already registered for DAG: example_python_operator
[2022-11-28T23:37:46.955+0000] {logging_mixin.py:137} INFO - [2022-11-28T23:37:46.955+0000] {taskmixin.py:205} WARNING - Dependency <Task(_PythonDecoratedOperator): log_sql_query>, print_the_context already registered for DAG: example_python_operator
[2022-11-28T23:37:46.955+0000] {logging_mixin.py:137} INFO - [2022-11-28T23:37:46.955+0000] {taskmixin.py:205} WARNING - Dependency <Task(_PythonDecoratedOperator): print_the_context>, log_sql_query already registered for DAG: example_python_operator
[2022-11-28T23:37:46.956+0000] {logging_mixin.py:137} INFO - [2022-11-28T23:37:46.955+0000] {taskmixin.py:205} WARNING - Dependency <Task(_PythonDecoratedOperator): log_sql_query>, print_the_context already registered for DAG: example_python_operator
[2022-11-28T23:37:46.956+0000] {logging_mixin.py:137} INFO - [2022-11-28T23:37:46.956+0000] {taskmixin.py:205} WARNING - Dependency <Task(_PythonDecoratedOperator): print_the_context>, log_sql_query already registered for DAG: example_python_operator
[2022-11-28T23:37:46.956+0000] {logging_mixin.py:137} INFO - [2022-11-28T23:37:46.956+0000] {taskmixin.py:205} WARNING - Dependency <Task(_PythonDecoratedOperator): log_sql_query>, print_the_context already registered for DAG: example_python_operator
[2022-11-28T23:37:46.964+0000] {processor.py:766} INFO - DAG(s) dict_keys(['example_python_operator']) retrieved from /home/airflow/.local/lib/python3.7/site-packages/airflow/example_dags/example_python_operator.py
[2022-11-28T23:37:47.003+0000] {logging_mixin.py:137} INFO - [2022-11-28T23:37:47.003+0000] {dag.py:2585} INFO - Sync 1 DAGs
[2022-11-28T23:37:47.030+0000] {logging_mixin.py:137} INFO - [2022-11-28T23:37:47.030+0000] {dag.py:3340} INFO - Setting next_dagrun for example_python_operator to None, run_after=None
[2022-11-28T23:37:47.051+0000] {processor.py:176} INFO - Processing /home/airflow/.local/lib/python3.7/site-packages/airflow/example_dags/example_python_operator.py took 0.115 seconds
[2022-11-28T23:38:17.765+0000] {processor.py:154} INFO - Started process (PID=694) to work on /home/airflow/.local/lib/python3.7/site-packages/airflow/example_dags/example_python_operator.py
[2022-11-28T23:38:17.766+0000] {processor.py:756} INFO - Processing file /home/airflow/.local/lib/python3.7/site-packages/airflow/example_dags/example_python_operator.py for tasks to queue
[2022-11-28T23:38:17.766+0000] {logging_mixin.py:137} INFO - [2022-11-28T23:38:17.766+0000] {dagbag.py:537} INFO - Filling up the DagBag from /home/airflow/.local/lib/python3.7/site-packages/airflow/example_dags/example_python_operator.py
[2022-11-28T23:38:17.780+0000] {logging_mixin.py:137} INFO - [2022-11-28T23:38:17.780+0000] {taskmixin.py:205} WARNING - Dependency <Task(_PythonDecoratedOperator): print_the_context>, log_sql_query already registered for DAG: example_python_operator
[2022-11-28T23:38:17.781+0000] {logging_mixin.py:137} INFO - [2022-11-28T23:38:17.781+0000] {taskmixin.py:205} WARNING - Dependency <Task(_PythonDecoratedOperator): log_sql_query>, print_the_context already registered for DAG: example_python_operator
[2022-11-28T23:38:17.781+0000] {logging_mixin.py:137} INFO - [2022-11-28T23:38:17.781+0000] {taskmixin.py:205} WARNING - Dependency <Task(_PythonDecoratedOperator): print_the_context>, log_sql_query already registered for DAG: example_python_operator
[2022-11-28T23:38:17.782+0000] {logging_mixin.py:137} INFO - [2022-11-28T23:38:17.781+0000] {taskmixin.py:205} WARNING - Dependency <Task(_PythonDecoratedOperator): log_sql_query>, print_the_context already registered for DAG: example_python_operator
[2022-11-28T23:38:17.782+0000] {logging_mixin.py:137} INFO - [2022-11-28T23:38:17.782+0000] {taskmixin.py:205} WARNING - Dependency <Task(_PythonDecoratedOperator): print_the_context>, log_sql_query already registered for DAG: example_python_operator
[2022-11-28T23:38:17.782+0000] {logging_mixin.py:137} INFO - [2022-11-28T23:38:17.782+0000] {taskmixin.py:205} WARNING - Dependency <Task(_PythonDecoratedOperator): log_sql_query>, print_the_context already registered for DAG: example_python_operator
[2022-11-28T23:38:17.783+0000] {logging_mixin.py:137} INFO - [2022-11-28T23:38:17.783+0000] {taskmixin.py:205} WARNING - Dependency <Task(_PythonDecoratedOperator): print_the_context>, log_sql_query already registered for DAG: example_python_operator
[2022-11-28T23:38:17.783+0000] {logging_mixin.py:137} INFO - [2022-11-28T23:38:17.783+0000] {taskmixin.py:205} WARNING - Dependency <Task(_PythonDecoratedOperator): log_sql_query>, print_the_context already registered for DAG: example_python_operator
[2022-11-28T23:38:17.790+0000] {processor.py:766} INFO - DAG(s) dict_keys(['example_python_operator']) retrieved from /home/airflow/.local/lib/python3.7/site-packages/airflow/example_dags/example_python_operator.py
[2022-11-28T23:38:17.829+0000] {logging_mixin.py:137} INFO - [2022-11-28T23:38:17.829+0000] {dag.py:2585} INFO - Sync 1 DAGs
[2022-11-28T23:38:17.861+0000] {logging_mixin.py:137} INFO - [2022-11-28T23:38:17.861+0000] {dag.py:3340} INFO - Setting next_dagrun for example_python_operator to None, run_after=None
[2022-11-28T23:38:17.883+0000] {processor.py:176} INFO - Processing /home/airflow/.local/lib/python3.7/site-packages/airflow/example_dags/example_python_operator.py took 0.120 seconds
[2022-11-28T23:38:48.559+0000] {processor.py:154} INFO - Started process (PID=899) to work on /home/airflow/.local/lib/python3.7/site-packages/airflow/example_dags/example_python_operator.py
[2022-11-28T23:38:48.560+0000] {processor.py:756} INFO - Processing file /home/airflow/.local/lib/python3.7/site-packages/airflow/example_dags/example_python_operator.py for tasks to queue
[2022-11-28T23:38:48.560+0000] {logging_mixin.py:137} INFO - [2022-11-28T23:38:48.560+0000] {dagbag.py:537} INFO - Filling up the DagBag from /home/airflow/.local/lib/python3.7/site-packages/airflow/example_dags/example_python_operator.py
[2022-11-28T23:38:48.574+0000] {logging_mixin.py:137} INFO - [2022-11-28T23:38:48.574+0000] {taskmixin.py:205} WARNING - Dependency <Task(_PythonDecoratedOperator): print_the_context>, log_sql_query already registered for DAG: example_python_operator
[2022-11-28T23:38:48.574+0000] {logging_mixin.py:137} INFO - [2022-11-28T23:38:48.574+0000] {taskmixin.py:205} WARNING - Dependency <Task(_PythonDecoratedOperator): log_sql_query>, print_the_context already registered for DAG: example_python_operator
[2022-11-28T23:38:48.575+0000] {logging_mixin.py:137} INFO - [2022-11-28T23:38:48.575+0000] {taskmixin.py:205} WARNING - Dependency <Task(_PythonDecoratedOperator): print_the_context>, log_sql_query already registered for DAG: example_python_operator
[2022-11-28T23:38:48.575+0000] {logging_mixin.py:137} INFO - [2022-11-28T23:38:48.575+0000] {taskmixin.py:205} WARNING - Dependency <Task(_PythonDecoratedOperator): log_sql_query>, print_the_context already registered for DAG: example_python_operator
[2022-11-28T23:38:48.576+0000] {logging_mixin.py:137} INFO - [2022-11-28T23:38:48.576+0000] {taskmixin.py:205} WARNING - Dependency <Task(_PythonDecoratedOperator): print_the_context>, log_sql_query already registered for DAG: example_python_operator
[2022-11-28T23:38:48.576+0000] {logging_mixin.py:137} INFO - [2022-11-28T23:38:48.576+0000] {taskmixin.py:205} WARNING - Dependency <Task(_PythonDecoratedOperator): log_sql_query>, print_the_context already registered for DAG: example_python_operator
[2022-11-28T23:38:48.576+0000] {logging_mixin.py:137} INFO - [2022-11-28T23:38:48.576+0000] {taskmixin.py:205} WARNING - Dependency <Task(_PythonDecoratedOperator): print_the_context>, log_sql_query already registered for DAG: example_python_operator
[2022-11-28T23:38:48.577+0000] {logging_mixin.py:137} INFO - [2022-11-28T23:38:48.577+0000] {taskmixin.py:205} WARNING - Dependency <Task(_PythonDecoratedOperator): log_sql_query>, print_the_context already registered for DAG: example_python_operator
[2022-11-28T23:38:48.584+0000] {processor.py:766} INFO - DAG(s) dict_keys(['example_python_operator']) retrieved from /home/airflow/.local/lib/python3.7/site-packages/airflow/example_dags/example_python_operator.py
[2022-11-28T23:38:48.620+0000] {logging_mixin.py:137} INFO - [2022-11-28T23:38:48.619+0000] {dag.py:2585} INFO - Sync 1 DAGs
[2022-11-28T23:38:48.644+0000] {logging_mixin.py:137} INFO - [2022-11-28T23:38:48.644+0000] {dag.py:3340} INFO - Setting next_dagrun for example_python_operator to None, run_after=None
[2022-11-28T23:38:48.664+0000] {processor.py:176} INFO - Processing /home/airflow/.local/lib/python3.7/site-packages/airflow/example_dags/example_python_operator.py took 0.107 seconds
[2022-11-28T23:39:19.274+0000] {processor.py:154} INFO - Started process (PID=1097) to work on /home/airflow/.local/lib/python3.7/site-packages/airflow/example_dags/example_python_operator.py
[2022-11-28T23:39:19.275+0000] {processor.py:756} INFO - Processing file /home/airflow/.local/lib/python3.7/site-packages/airflow/example_dags/example_python_operator.py for tasks to queue
[2022-11-28T23:39:19.275+0000] {logging_mixin.py:137} INFO - [2022-11-28T23:39:19.275+0000] {dagbag.py:537} INFO - Filling up the DagBag from /home/airflow/.local/lib/python3.7/site-packages/airflow/example_dags/example_python_operator.py
[2022-11-28T23:39:19.290+0000] {logging_mixin.py:137} INFO - [2022-11-28T23:39:19.290+0000] {taskmixin.py:205} WARNING - Dependency <Task(_PythonDecoratedOperator): print_the_context>, log_sql_query already registered for DAG: example_python_operator
[2022-11-28T23:39:19.290+0000] {logging_mixin.py:137} INFO - [2022-11-28T23:39:19.290+0000] {taskmixin.py:205} WARNING - Dependency <Task(_PythonDecoratedOperator): log_sql_query>, print_the_context already registered for DAG: example_python_operator
[2022-11-28T23:39:19.291+0000] {logging_mixin.py:137} INFO - [2022-11-28T23:39:19.291+0000] {taskmixin.py:205} WARNING - Dependency <Task(_PythonDecoratedOperator): print_the_context>, log_sql_query already registered for DAG: example_python_operator
[2022-11-28T23:39:19.292+0000] {logging_mixin.py:137} INFO - [2022-11-28T23:39:19.292+0000] {taskmixin.py:205} WARNING - Dependency <Task(_PythonDecoratedOperator): log_sql_query>, print_the_context already registered for DAG: example_python_operator
[2022-11-28T23:39:19.293+0000] {logging_mixin.py:137} INFO - [2022-11-28T23:39:19.293+0000] {taskmixin.py:205} WARNING - Dependency <Task(_PythonDecoratedOperator): print_the_context>, log_sql_query already registered for DAG: example_python_operator
[2022-11-28T23:39:19.293+0000] {logging_mixin.py:137} INFO - [2022-11-28T23:39:19.293+0000] {taskmixin.py:205} WARNING - Dependency <Task(_PythonDecoratedOperator): log_sql_query>, print_the_context already registered for DAG: example_python_operator
[2022-11-28T23:39:19.294+0000] {logging_mixin.py:137} INFO - [2022-11-28T23:39:19.294+0000] {taskmixin.py:205} WARNING - Dependency <Task(_PythonDecoratedOperator): print_the_context>, log_sql_query already registered for DAG: example_python_operator
[2022-11-28T23:39:19.294+0000] {logging_mixin.py:137} INFO - [2022-11-28T23:39:19.294+0000] {taskmixin.py:205} WARNING - Dependency <Task(_PythonDecoratedOperator): log_sql_query>, print_the_context already registered for DAG: example_python_operator
[2022-11-28T23:39:19.304+0000] {processor.py:766} INFO - DAG(s) dict_keys(['example_python_operator']) retrieved from /home/airflow/.local/lib/python3.7/site-packages/airflow/example_dags/example_python_operator.py
[2022-11-28T23:39:19.344+0000] {logging_mixin.py:137} INFO - [2022-11-28T23:39:19.344+0000] {dag.py:2585} INFO - Sync 1 DAGs
[2022-11-28T23:39:19.375+0000] {logging_mixin.py:137} INFO - [2022-11-28T23:39:19.375+0000] {dag.py:3340} INFO - Setting next_dagrun for example_python_operator to None, run_after=None
[2022-11-28T23:39:19.402+0000] {processor.py:176} INFO - Processing /home/airflow/.local/lib/python3.7/site-packages/airflow/example_dags/example_python_operator.py took 0.131 seconds
[2022-11-28T23:39:50.314+0000] {processor.py:154} INFO - Started process (PID=1304) to work on /home/airflow/.local/lib/python3.7/site-packages/airflow/example_dags/example_python_operator.py
[2022-11-28T23:39:50.314+0000] {processor.py:756} INFO - Processing file /home/airflow/.local/lib/python3.7/site-packages/airflow/example_dags/example_python_operator.py for tasks to queue
[2022-11-28T23:39:50.315+0000] {logging_mixin.py:137} INFO - [2022-11-28T23:39:50.315+0000] {dagbag.py:537} INFO - Filling up the DagBag from /home/airflow/.local/lib/python3.7/site-packages/airflow/example_dags/example_python_operator.py
[2022-11-28T23:39:50.329+0000] {logging_mixin.py:137} INFO - [2022-11-28T23:39:50.328+0000] {taskmixin.py:205} WARNING - Dependency <Task(_PythonDecoratedOperator): print_the_context>, log_sql_query already registered for DAG: example_python_operator
[2022-11-28T23:39:50.329+0000] {logging_mixin.py:137} INFO - [2022-11-28T23:39:50.329+0000] {taskmixin.py:205} WARNING - Dependency <Task(_PythonDecoratedOperator): log_sql_query>, print_the_context already registered for DAG: example_python_operator
[2022-11-28T23:39:50.330+0000] {logging_mixin.py:137} INFO - [2022-11-28T23:39:50.329+0000] {taskmixin.py:205} WARNING - Dependency <Task(_PythonDecoratedOperator): print_the_context>, log_sql_query already registered for DAG: example_python_operator
[2022-11-28T23:39:50.330+0000] {logging_mixin.py:137} INFO - [2022-11-28T23:39:50.330+0000] {taskmixin.py:205} WARNING - Dependency <Task(_PythonDecoratedOperator): log_sql_query>, print_the_context already registered for DAG: example_python_operator
[2022-11-28T23:39:50.330+0000] {logging_mixin.py:137} INFO - [2022-11-28T23:39:50.330+0000] {taskmixin.py:205} WARNING - Dependency <Task(_PythonDecoratedOperator): print_the_context>, log_sql_query already registered for DAG: example_python_operator
[2022-11-28T23:39:50.331+0000] {logging_mixin.py:137} INFO - [2022-11-28T23:39:50.331+0000] {taskmixin.py:205} WARNING - Dependency <Task(_PythonDecoratedOperator): log_sql_query>, print_the_context already registered for DAG: example_python_operator
[2022-11-28T23:39:50.331+0000] {logging_mixin.py:137} INFO - [2022-11-28T23:39:50.331+0000] {taskmixin.py:205} WARNING - Dependency <Task(_PythonDecoratedOperator): print_the_context>, log_sql_query already registered for DAG: example_python_operator
[2022-11-28T23:39:50.331+0000] {logging_mixin.py:137} INFO - [2022-11-28T23:39:50.331+0000] {taskmixin.py:205} WARNING - Dependency <Task(_PythonDecoratedOperator): log_sql_query>, print_the_context already registered for DAG: example_python_operator
[2022-11-28T23:39:50.340+0000] {processor.py:766} INFO - DAG(s) dict_keys(['example_python_operator']) retrieved from /home/airflow/.local/lib/python3.7/site-packages/airflow/example_dags/example_python_operator.py
[2022-11-28T23:39:50.382+0000] {logging_mixin.py:137} INFO - [2022-11-28T23:39:50.381+0000] {dag.py:2585} INFO - Sync 1 DAGs
[2022-11-28T23:39:50.413+0000] {logging_mixin.py:137} INFO - [2022-11-28T23:39:50.413+0000] {dag.py:3340} INFO - Setting next_dagrun for example_python_operator to None, run_after=None
[2022-11-28T23:39:50.440+0000] {processor.py:176} INFO - Processing /home/airflow/.local/lib/python3.7/site-packages/airflow/example_dags/example_python_operator.py took 0.129 seconds
[2022-11-28T23:40:21.207+0000] {processor.py:154} INFO - Started process (PID=1512) to work on /home/airflow/.local/lib/python3.7/site-packages/airflow/example_dags/example_python_operator.py
[2022-11-28T23:40:21.207+0000] {processor.py:756} INFO - Processing file /home/airflow/.local/lib/python3.7/site-packages/airflow/example_dags/example_python_operator.py for tasks to queue
[2022-11-28T23:40:21.208+0000] {logging_mixin.py:137} INFO - [2022-11-28T23:40:21.208+0000] {dagbag.py:537} INFO - Filling up the DagBag from /home/airflow/.local/lib/python3.7/site-packages/airflow/example_dags/example_python_operator.py
[2022-11-28T23:40:21.223+0000] {logging_mixin.py:137} INFO - [2022-11-28T23:40:21.223+0000] {taskmixin.py:205} WARNING - Dependency <Task(_PythonDecoratedOperator): print_the_context>, log_sql_query already registered for DAG: example_python_operator
[2022-11-28T23:40:21.223+0000] {logging_mixin.py:137} INFO - [2022-11-28T23:40:21.223+0000] {taskmixin.py:205} WARNING - Dependency <Task(_PythonDecoratedOperator): log_sql_query>, print_the_context already registered for DAG: example_python_operator
[2022-11-28T23:40:21.224+0000] {logging_mixin.py:137} INFO - [2022-11-28T23:40:21.224+0000] {taskmixin.py:205} WARNING - Dependency <Task(_PythonDecoratedOperator): print_the_context>, log_sql_query already registered for DAG: example_python_operator
[2022-11-28T23:40:21.224+0000] {logging_mixin.py:137} INFO - [2022-11-28T23:40:21.224+0000] {taskmixin.py:205} WARNING - Dependency <Task(_PythonDecoratedOperator): log_sql_query>, print_the_context already registered for DAG: example_python_operator
[2022-11-28T23:40:21.225+0000] {logging_mixin.py:137} INFO - [2022-11-28T23:40:21.225+0000] {taskmixin.py:205} WARNING - Dependency <Task(_PythonDecoratedOperator): print_the_context>, log_sql_query already registered for DAG: example_python_operator
[2022-11-28T23:40:21.225+0000] {logging_mixin.py:137} INFO - [2022-11-28T23:40:21.225+0000] {taskmixin.py:205} WARNING - Dependency <Task(_PythonDecoratedOperator): log_sql_query>, print_the_context already registered for DAG: example_python_operator
[2022-11-28T23:40:21.226+0000] {logging_mixin.py:137} INFO - [2022-11-28T23:40:21.226+0000] {taskmixin.py:205} WARNING - Dependency <Task(_PythonDecoratedOperator): print_the_context>, log_sql_query already registered for DAG: example_python_operator
[2022-11-28T23:40:21.226+0000] {logging_mixin.py:137} INFO - [2022-11-28T23:40:21.226+0000] {taskmixin.py:205} WARNING - Dependency <Task(_PythonDecoratedOperator): log_sql_query>, print_the_context already registered for DAG: example_python_operator
[2022-11-28T23:40:21.233+0000] {processor.py:766} INFO - DAG(s) dict_keys(['example_python_operator']) retrieved from /home/airflow/.local/lib/python3.7/site-packages/airflow/example_dags/example_python_operator.py
[2022-11-28T23:40:21.277+0000] {logging_mixin.py:137} INFO - [2022-11-28T23:40:21.276+0000] {dag.py:2585} INFO - Sync 1 DAGs
[2022-11-28T23:40:21.306+0000] {logging_mixin.py:137} INFO - [2022-11-28T23:40:21.306+0000] {dag.py:3340} INFO - Setting next_dagrun for example_python_operator to None, run_after=None
[2022-11-28T23:40:21.331+0000] {processor.py:176} INFO - Processing /home/airflow/.local/lib/python3.7/site-packages/airflow/example_dags/example_python_operator.py took 0.127 seconds
[2022-11-28T23:40:51.977+0000] {processor.py:154} INFO - Started process (PID=1710) to work on /home/airflow/.local/lib/python3.7/site-packages/airflow/example_dags/example_python_operator.py
[2022-11-28T23:40:51.978+0000] {processor.py:756} INFO - Processing file /home/airflow/.local/lib/python3.7/site-packages/airflow/example_dags/example_python_operator.py for tasks to queue
[2022-11-28T23:40:51.978+0000] {logging_mixin.py:137} INFO - [2022-11-28T23:40:51.978+0000] {dagbag.py:537} INFO - Filling up the DagBag from /home/airflow/.local/lib/python3.7/site-packages/airflow/example_dags/example_python_operator.py
[2022-11-28T23:40:51.993+0000] {logging_mixin.py:137} INFO - [2022-11-28T23:40:51.992+0000] {taskmixin.py:205} WARNING - Dependency <Task(_PythonDecoratedOperator): print_the_context>, log_sql_query already registered for DAG: example_python_operator
[2022-11-28T23:40:51.993+0000] {logging_mixin.py:137} INFO - [2022-11-28T23:40:51.993+0000] {taskmixin.py:205} WARNING - Dependency <Task(_PythonDecoratedOperator): log_sql_query>, print_the_context already registered for DAG: example_python_operator
[2022-11-28T23:40:51.994+0000] {logging_mixin.py:137} INFO - [2022-11-28T23:40:51.994+0000] {taskmixin.py:205} WARNING - Dependency <Task(_PythonDecoratedOperator): print_the_context>, log_sql_query already registered for DAG: example_python_operator
[2022-11-28T23:40:51.994+0000] {logging_mixin.py:137} INFO - [2022-11-28T23:40:51.994+0000] {taskmixin.py:205} WARNING - Dependency <Task(_PythonDecoratedOperator): log_sql_query>, print_the_context already registered for DAG: example_python_operator
[2022-11-28T23:40:51.995+0000] {logging_mixin.py:137} INFO - [2022-11-28T23:40:51.994+0000] {taskmixin.py:205} WARNING - Dependency <Task(_PythonDecoratedOperator): print_the_context>, log_sql_query already registered for DAG: example_python_operator
[2022-11-28T23:40:51.995+0000] {logging_mixin.py:137} INFO - [2022-11-28T23:40:51.995+0000] {taskmixin.py:205} WARNING - Dependency <Task(_PythonDecoratedOperator): log_sql_query>, print_the_context already registered for DAG: example_python_operator
[2022-11-28T23:40:51.995+0000] {logging_mixin.py:137} INFO - [2022-11-28T23:40:51.995+0000] {taskmixin.py:205} WARNING - Dependency <Task(_PythonDecoratedOperator): print_the_context>, log_sql_query already registered for DAG: example_python_operator
[2022-11-28T23:40:51.996+0000] {logging_mixin.py:137} INFO - [2022-11-28T23:40:51.996+0000] {taskmixin.py:205} WARNING - Dependency <Task(_PythonDecoratedOperator): log_sql_query>, print_the_context already registered for DAG: example_python_operator
[2022-11-28T23:40:52.003+0000] {processor.py:766} INFO - DAG(s) dict_keys(['example_python_operator']) retrieved from /home/airflow/.local/lib/python3.7/site-packages/airflow/example_dags/example_python_operator.py
[2022-11-28T23:40:52.043+0000] {logging_mixin.py:137} INFO - [2022-11-28T23:40:52.042+0000] {dag.py:2585} INFO - Sync 1 DAGs
[2022-11-28T23:40:52.070+0000] {logging_mixin.py:137} INFO - [2022-11-28T23:40:52.070+0000] {dag.py:3340} INFO - Setting next_dagrun for example_python_operator to None, run_after=None
[2022-11-28T23:40:52.094+0000] {processor.py:176} INFO - Processing /home/airflow/.local/lib/python3.7/site-packages/airflow/example_dags/example_python_operator.py took 0.119 seconds
[2022-11-28T23:41:22.938+0000] {processor.py:154} INFO - Started process (PID=1917) to work on /home/airflow/.local/lib/python3.7/site-packages/airflow/example_dags/example_python_operator.py
[2022-11-28T23:41:22.939+0000] {processor.py:756} INFO - Processing file /home/airflow/.local/lib/python3.7/site-packages/airflow/example_dags/example_python_operator.py for tasks to queue
[2022-11-28T23:41:22.940+0000] {logging_mixin.py:137} INFO - [2022-11-28T23:41:22.940+0000] {dagbag.py:537} INFO - Filling up the DagBag from /home/airflow/.local/lib/python3.7/site-packages/airflow/example_dags/example_python_operator.py
[2022-11-28T23:41:22.954+0000] {logging_mixin.py:137} INFO - [2022-11-28T23:41:22.954+0000] {taskmixin.py:205} WARNING - Dependency <Task(_PythonDecoratedOperator): print_the_context>, log_sql_query already registered for DAG: example_python_operator
[2022-11-28T23:41:22.954+0000] {logging_mixin.py:137} INFO - [2022-11-28T23:41:22.954+0000] {taskmixin.py:205} WARNING - Dependency <Task(_PythonDecoratedOperator): log_sql_query>, print_the_context already registered for DAG: example_python_operator
[2022-11-28T23:41:22.955+0000] {logging_mixin.py:137} INFO - [2022-11-28T23:41:22.955+0000] {taskmixin.py:205} WARNING - Dependency <Task(_PythonDecoratedOperator): print_the_context>, log_sql_query already registered for DAG: example_python_operator
[2022-11-28T23:41:22.955+0000] {logging_mixin.py:137} INFO - [2022-11-28T23:41:22.955+0000] {taskmixin.py:205} WARNING - Dependency <Task(_PythonDecoratedOperator): log_sql_query>, print_the_context already registered for DAG: example_python_operator
[2022-11-28T23:41:22.956+0000] {logging_mixin.py:137} INFO - [2022-11-28T23:41:22.956+0000] {taskmixin.py:205} WARNING - Dependency <Task(_PythonDecoratedOperator): print_the_context>, log_sql_query already registered for DAG: example_python_operator
[2022-11-28T23:41:22.956+0000] {logging_mixin.py:137} INFO - [2022-11-28T23:41:22.956+0000] {taskmixin.py:205} WARNING - Dependency <Task(_PythonDecoratedOperator): log_sql_query>, print_the_context already registered for DAG: example_python_operator
[2022-11-28T23:41:22.957+0000] {logging_mixin.py:137} INFO - [2022-11-28T23:41:22.957+0000] {taskmixin.py:205} WARNING - Dependency <Task(_PythonDecoratedOperator): print_the_context>, log_sql_query already registered for DAG: example_python_operator
[2022-11-28T23:41:22.957+0000] {logging_mixin.py:137} INFO - [2022-11-28T23:41:22.957+0000] {taskmixin.py:205} WARNING - Dependency <Task(_PythonDecoratedOperator): log_sql_query>, print_the_context already registered for DAG: example_python_operator
[2022-11-28T23:41:22.965+0000] {processor.py:766} INFO - DAG(s) dict_keys(['example_python_operator']) retrieved from /home/airflow/.local/lib/python3.7/site-packages/airflow/example_dags/example_python_operator.py
[2022-11-28T23:41:23.005+0000] {logging_mixin.py:137} INFO - [2022-11-28T23:41:23.005+0000] {dag.py:2585} INFO - Sync 1 DAGs
[2022-11-28T23:41:23.033+0000] {logging_mixin.py:137} INFO - [2022-11-28T23:41:23.033+0000] {dag.py:3340} INFO - Setting next_dagrun for example_python_operator to None, run_after=None
[2022-11-28T23:41:23.058+0000] {processor.py:176} INFO - Processing /home/airflow/.local/lib/python3.7/site-packages/airflow/example_dags/example_python_operator.py took 0.122 seconds
[2022-11-28T23:41:53.920+0000] {processor.py:154} INFO - Started process (PID=2124) to work on /home/airflow/.local/lib/python3.7/site-packages/airflow/example_dags/example_python_operator.py
[2022-11-28T23:41:53.921+0000] {processor.py:756} INFO - Processing file /home/airflow/.local/lib/python3.7/site-packages/airflow/example_dags/example_python_operator.py for tasks to queue
[2022-11-28T23:41:53.921+0000] {logging_mixin.py:137} INFO - [2022-11-28T23:41:53.921+0000] {dagbag.py:537} INFO - Filling up the DagBag from /home/airflow/.local/lib/python3.7/site-packages/airflow/example_dags/example_python_operator.py
[2022-11-28T23:41:53.935+0000] {logging_mixin.py:137} INFO - [2022-11-28T23:41:53.935+0000] {taskmixin.py:205} WARNING - Dependency <Task(_PythonDecoratedOperator): print_the_context>, log_sql_query already registered for DAG: example_python_operator
[2022-11-28T23:41:53.935+0000] {logging_mixin.py:137} INFO - [2022-11-28T23:41:53.935+0000] {taskmixin.py:205} WARNING - Dependency <Task(_PythonDecoratedOperator): log_sql_query>, print_the_context already registered for DAG: example_python_operator
[2022-11-28T23:41:53.936+0000] {logging_mixin.py:137} INFO - [2022-11-28T23:41:53.936+0000] {taskmixin.py:205} WARNING - Dependency <Task(_PythonDecoratedOperator): print_the_context>, log_sql_query already registered for DAG: example_python_operator
[2022-11-28T23:41:53.936+0000] {logging_mixin.py:137} INFO - [2022-11-28T23:41:53.936+0000] {taskmixin.py:205} WARNING - Dependency <Task(_PythonDecoratedOperator): log_sql_query>, print_the_context already registered for DAG: example_python_operator
[2022-11-28T23:41:53.937+0000] {logging_mixin.py:137} INFO - [2022-11-28T23:41:53.937+0000] {taskmixin.py:205} WARNING - Dependency <Task(_PythonDecoratedOperator): print_the_context>, log_sql_query already registered for DAG: example_python_operator
[2022-11-28T23:41:53.937+0000] {logging_mixin.py:137} INFO - [2022-11-28T23:41:53.937+0000] {taskmixin.py:205} WARNING - Dependency <Task(_PythonDecoratedOperator): log_sql_query>, print_the_context already registered for DAG: example_python_operator
[2022-11-28T23:41:53.938+0000] {logging_mixin.py:137} INFO - [2022-11-28T23:41:53.937+0000] {taskmixin.py:205} WARNING - Dependency <Task(_PythonDecoratedOperator): print_the_context>, log_sql_query already registered for DAG: example_python_operator
[2022-11-28T23:41:53.938+0000] {logging_mixin.py:137} INFO - [2022-11-28T23:41:53.938+0000] {taskmixin.py:205} WARNING - Dependency <Task(_PythonDecoratedOperator): log_sql_query>, print_the_context already registered for DAG: example_python_operator
[2022-11-28T23:41:53.945+0000] {processor.py:766} INFO - DAG(s) dict_keys(['example_python_operator']) retrieved from /home/airflow/.local/lib/python3.7/site-packages/airflow/example_dags/example_python_operator.py
[2022-11-28T23:41:53.986+0000] {logging_mixin.py:137} INFO - [2022-11-28T23:41:53.985+0000] {dag.py:2585} INFO - Sync 1 DAGs
[2022-11-28T23:41:54.016+0000] {logging_mixin.py:137} INFO - [2022-11-28T23:41:54.016+0000] {dag.py:3340} INFO - Setting next_dagrun for example_python_operator to None, run_after=None
[2022-11-28T23:41:54.038+0000] {processor.py:176} INFO - Processing /home/airflow/.local/lib/python3.7/site-packages/airflow/example_dags/example_python_operator.py took 0.121 seconds
[2022-11-28T23:42:25.269+0000] {processor.py:154} INFO - Started process (PID=2322) to work on /home/airflow/.local/lib/python3.7/site-packages/airflow/example_dags/example_python_operator.py
[2022-11-28T23:42:25.270+0000] {processor.py:756} INFO - Processing file /home/airflow/.local/lib/python3.7/site-packages/airflow/example_dags/example_python_operator.py for tasks to queue
[2022-11-28T23:42:25.270+0000] {logging_mixin.py:137} INFO - [2022-11-28T23:42:25.270+0000] {dagbag.py:537} INFO - Filling up the DagBag from /home/airflow/.local/lib/python3.7/site-packages/airflow/example_dags/example_python_operator.py
[2022-11-28T23:42:25.308+0000] {logging_mixin.py:137} INFO - [2022-11-28T23:42:25.308+0000] {taskmixin.py:205} WARNING - Dependency <Task(_PythonDecoratedOperator): print_the_context>, log_sql_query already registered for DAG: example_python_operator
[2022-11-28T23:42:25.309+0000] {logging_mixin.py:137} INFO - [2022-11-28T23:42:25.308+0000] {taskmixin.py:205} WARNING - Dependency <Task(_PythonDecoratedOperator): log_sql_query>, print_the_context already registered for DAG: example_python_operator
[2022-11-28T23:42:25.311+0000] {logging_mixin.py:137} INFO - [2022-11-28T23:42:25.310+0000] {taskmixin.py:205} WARNING - Dependency <Task(_PythonDecoratedOperator): print_the_context>, log_sql_query already registered for DAG: example_python_operator
[2022-11-28T23:42:25.311+0000] {logging_mixin.py:137} INFO - [2022-11-28T23:42:25.311+0000] {taskmixin.py:205} WARNING - Dependency <Task(_PythonDecoratedOperator): log_sql_query>, print_the_context already registered for DAG: example_python_operator
[2022-11-28T23:42:25.313+0000] {logging_mixin.py:137} INFO - [2022-11-28T23:42:25.312+0000] {taskmixin.py:205} WARNING - Dependency <Task(_PythonDecoratedOperator): print_the_context>, log_sql_query already registered for DAG: example_python_operator
[2022-11-28T23:42:25.313+0000] {logging_mixin.py:137} INFO - [2022-11-28T23:42:25.313+0000] {taskmixin.py:205} WARNING - Dependency <Task(_PythonDecoratedOperator): log_sql_query>, print_the_context already registered for DAG: example_python_operator
[2022-11-28T23:42:25.315+0000] {logging_mixin.py:137} INFO - [2022-11-28T23:42:25.314+0000] {taskmixin.py:205} WARNING - Dependency <Task(_PythonDecoratedOperator): print_the_context>, log_sql_query already registered for DAG: example_python_operator
[2022-11-28T23:42:25.315+0000] {logging_mixin.py:137} INFO - [2022-11-28T23:42:25.315+0000] {taskmixin.py:205} WARNING - Dependency <Task(_PythonDecoratedOperator): log_sql_query>, print_the_context already registered for DAG: example_python_operator
[2022-11-28T23:42:25.348+0000] {processor.py:766} INFO - DAG(s) dict_keys(['example_python_operator']) retrieved from /home/airflow/.local/lib/python3.7/site-packages/airflow/example_dags/example_python_operator.py
[2022-11-28T23:42:25.462+0000] {logging_mixin.py:137} INFO - [2022-11-28T23:42:25.462+0000] {dag.py:2585} INFO - Sync 1 DAGs
[2022-11-28T23:42:25.548+0000] {logging_mixin.py:137} INFO - [2022-11-28T23:42:25.547+0000] {dag.py:3340} INFO - Setting next_dagrun for example_python_operator to None, run_after=None
[2022-11-28T23:42:25.622+0000] {processor.py:176} INFO - Processing /home/airflow/.local/lib/python3.7/site-packages/airflow/example_dags/example_python_operator.py took 0.357 seconds
[2022-11-28T23:42:56.402+0000] {processor.py:154} INFO - Started process (PID=2529) to work on /home/airflow/.local/lib/python3.7/site-packages/airflow/example_dags/example_python_operator.py
[2022-11-28T23:42:56.402+0000] {processor.py:756} INFO - Processing file /home/airflow/.local/lib/python3.7/site-packages/airflow/example_dags/example_python_operator.py for tasks to queue
[2022-11-28T23:42:56.403+0000] {logging_mixin.py:137} INFO - [2022-11-28T23:42:56.403+0000] {dagbag.py:537} INFO - Filling up the DagBag from /home/airflow/.local/lib/python3.7/site-packages/airflow/example_dags/example_python_operator.py
[2022-11-28T23:42:56.418+0000] {logging_mixin.py:137} INFO - [2022-11-28T23:42:56.418+0000] {taskmixin.py:205} WARNING - Dependency <Task(_PythonDecoratedOperator): print_the_context>, log_sql_query already registered for DAG: example_python_operator
[2022-11-28T23:42:56.418+0000] {logging_mixin.py:137} INFO - [2022-11-28T23:42:56.418+0000] {taskmixin.py:205} WARNING - Dependency <Task(_PythonDecoratedOperator): log_sql_query>, print_the_context already registered for DAG: example_python_operator
[2022-11-28T23:42:56.419+0000] {logging_mixin.py:137} INFO - [2022-11-28T23:42:56.419+0000] {taskmixin.py:205} WARNING - Dependency <Task(_PythonDecoratedOperator): print_the_context>, log_sql_query already registered for DAG: example_python_operator
[2022-11-28T23:42:56.419+0000] {logging_mixin.py:137} INFO - [2022-11-28T23:42:56.419+0000] {taskmixin.py:205} WARNING - Dependency <Task(_PythonDecoratedOperator): log_sql_query>, print_the_context already registered for DAG: example_python_operator
[2022-11-28T23:42:56.420+0000] {logging_mixin.py:137} INFO - [2022-11-28T23:42:56.420+0000] {taskmixin.py:205} WARNING - Dependency <Task(_PythonDecoratedOperator): print_the_context>, log_sql_query already registered for DAG: example_python_operator
[2022-11-28T23:42:56.420+0000] {logging_mixin.py:137} INFO - [2022-11-28T23:42:56.420+0000] {taskmixin.py:205} WARNING - Dependency <Task(_PythonDecoratedOperator): log_sql_query>, print_the_context already registered for DAG: example_python_operator
[2022-11-28T23:42:56.421+0000] {logging_mixin.py:137} INFO - [2022-11-28T23:42:56.421+0000] {taskmixin.py:205} WARNING - Dependency <Task(_PythonDecoratedOperator): print_the_context>, log_sql_query already registered for DAG: example_python_operator
[2022-11-28T23:42:56.421+0000] {logging_mixin.py:137} INFO - [2022-11-28T23:42:56.421+0000] {taskmixin.py:205} WARNING - Dependency <Task(_PythonDecoratedOperator): log_sql_query>, print_the_context already registered for DAG: example_python_operator
[2022-11-28T23:42:56.430+0000] {processor.py:766} INFO - DAG(s) dict_keys(['example_python_operator']) retrieved from /home/airflow/.local/lib/python3.7/site-packages/airflow/example_dags/example_python_operator.py
[2022-11-28T23:42:56.474+0000] {logging_mixin.py:137} INFO - [2022-11-28T23:42:56.474+0000] {dag.py:2585} INFO - Sync 1 DAGs
[2022-11-28T23:42:56.502+0000] {logging_mixin.py:137} INFO - [2022-11-28T23:42:56.502+0000] {dag.py:3340} INFO - Setting next_dagrun for example_python_operator to None, run_after=None
[2022-11-28T23:42:56.527+0000] {processor.py:176} INFO - Processing /home/airflow/.local/lib/python3.7/site-packages/airflow/example_dags/example_python_operator.py took 0.128 seconds
[2022-11-28T23:43:27.324+0000] {processor.py:154} INFO - Started process (PID=2736) to work on /home/airflow/.local/lib/python3.7/site-packages/airflow/example_dags/example_python_operator.py
[2022-11-28T23:43:27.325+0000] {processor.py:756} INFO - Processing file /home/airflow/.local/lib/python3.7/site-packages/airflow/example_dags/example_python_operator.py for tasks to queue
[2022-11-28T23:43:27.325+0000] {logging_mixin.py:137} INFO - [2022-11-28T23:43:27.325+0000] {dagbag.py:537} INFO - Filling up the DagBag from /home/airflow/.local/lib/python3.7/site-packages/airflow/example_dags/example_python_operator.py
[2022-11-28T23:43:27.339+0000] {logging_mixin.py:137} INFO - [2022-11-28T23:43:27.339+0000] {taskmixin.py:205} WARNING - Dependency <Task(_PythonDecoratedOperator): print_the_context>, log_sql_query already registered for DAG: example_python_operator
[2022-11-28T23:43:27.339+0000] {logging_mixin.py:137} INFO - [2022-11-28T23:43:27.339+0000] {taskmixin.py:205} WARNING - Dependency <Task(_PythonDecoratedOperator): log_sql_query>, print_the_context already registered for DAG: example_python_operator
[2022-11-28T23:43:27.340+0000] {logging_mixin.py:137} INFO - [2022-11-28T23:43:27.340+0000] {taskmixin.py:205} WARNING - Dependency <Task(_PythonDecoratedOperator): print_the_context>, log_sql_query already registered for DAG: example_python_operator
[2022-11-28T23:43:27.340+0000] {logging_mixin.py:137} INFO - [2022-11-28T23:43:27.340+0000] {taskmixin.py:205} WARNING - Dependency <Task(_PythonDecoratedOperator): log_sql_query>, print_the_context already registered for DAG: example_python_operator
[2022-11-28T23:43:27.340+0000] {logging_mixin.py:137} INFO - [2022-11-28T23:43:27.340+0000] {taskmixin.py:205} WARNING - Dependency <Task(_PythonDecoratedOperator): print_the_context>, log_sql_query already registered for DAG: example_python_operator
[2022-11-28T23:43:27.341+0000] {logging_mixin.py:137} INFO - [2022-11-28T23:43:27.341+0000] {taskmixin.py:205} WARNING - Dependency <Task(_PythonDecoratedOperator): log_sql_query>, print_the_context already registered for DAG: example_python_operator
[2022-11-28T23:43:27.341+0000] {logging_mixin.py:137} INFO - [2022-11-28T23:43:27.341+0000] {taskmixin.py:205} WARNING - Dependency <Task(_PythonDecoratedOperator): print_the_context>, log_sql_query already registered for DAG: example_python_operator
[2022-11-28T23:43:27.341+0000] {logging_mixin.py:137} INFO - [2022-11-28T23:43:27.341+0000] {taskmixin.py:205} WARNING - Dependency <Task(_PythonDecoratedOperator): log_sql_query>, print_the_context already registered for DAG: example_python_operator
[2022-11-28T23:43:27.354+0000] {processor.py:766} INFO - DAG(s) dict_keys(['example_python_operator']) retrieved from /home/airflow/.local/lib/python3.7/site-packages/airflow/example_dags/example_python_operator.py
[2022-11-28T23:43:27.437+0000] {logging_mixin.py:137} INFO - [2022-11-28T23:43:27.437+0000] {dag.py:2585} INFO - Sync 1 DAGs
[2022-11-28T23:43:27.471+0000] {logging_mixin.py:137} INFO - [2022-11-28T23:43:27.470+0000] {dag.py:3340} INFO - Setting next_dagrun for example_python_operator to None, run_after=None
[2022-11-28T23:43:27.491+0000] {processor.py:176} INFO - Processing /home/airflow/.local/lib/python3.7/site-packages/airflow/example_dags/example_python_operator.py took 0.170 seconds
[2022-11-28T23:43:57.888+0000] {processor.py:154} INFO - Started process (PID=2934) to work on /home/airflow/.local/lib/python3.7/site-packages/airflow/example_dags/example_python_operator.py
[2022-11-28T23:43:57.888+0000] {processor.py:756} INFO - Processing file /home/airflow/.local/lib/python3.7/site-packages/airflow/example_dags/example_python_operator.py for tasks to queue
[2022-11-28T23:43:57.889+0000] {logging_mixin.py:137} INFO - [2022-11-28T23:43:57.889+0000] {dagbag.py:537} INFO - Filling up the DagBag from /home/airflow/.local/lib/python3.7/site-packages/airflow/example_dags/example_python_operator.py
[2022-11-28T23:43:57.904+0000] {logging_mixin.py:137} INFO - [2022-11-28T23:43:57.904+0000] {taskmixin.py:205} WARNING - Dependency <Task(_PythonDecoratedOperator): print_the_context>, log_sql_query already registered for DAG: example_python_operator
[2022-11-28T23:43:57.905+0000] {logging_mixin.py:137} INFO - [2022-11-28T23:43:57.905+0000] {taskmixin.py:205} WARNING - Dependency <Task(_PythonDecoratedOperator): log_sql_query>, print_the_context already registered for DAG: example_python_operator
[2022-11-28T23:43:57.905+0000] {logging_mixin.py:137} INFO - [2022-11-28T23:43:57.905+0000] {taskmixin.py:205} WARNING - Dependency <Task(_PythonDecoratedOperator): print_the_context>, log_sql_query already registered for DAG: example_python_operator
[2022-11-28T23:43:57.906+0000] {logging_mixin.py:137} INFO - [2022-11-28T23:43:57.905+0000] {taskmixin.py:205} WARNING - Dependency <Task(_PythonDecoratedOperator): log_sql_query>, print_the_context already registered for DAG: example_python_operator
[2022-11-28T23:43:57.906+0000] {logging_mixin.py:137} INFO - [2022-11-28T23:43:57.906+0000] {taskmixin.py:205} WARNING - Dependency <Task(_PythonDecoratedOperator): print_the_context>, log_sql_query already registered for DAG: example_python_operator
[2022-11-28T23:43:57.906+0000] {logging_mixin.py:137} INFO - [2022-11-28T23:43:57.906+0000] {taskmixin.py:205} WARNING - Dependency <Task(_PythonDecoratedOperator): log_sql_query>, print_the_context already registered for DAG: example_python_operator
[2022-11-28T23:43:57.907+0000] {logging_mixin.py:137} INFO - [2022-11-28T23:43:57.907+0000] {taskmixin.py:205} WARNING - Dependency <Task(_PythonDecoratedOperator): print_the_context>, log_sql_query already registered for DAG: example_python_operator
[2022-11-28T23:43:57.907+0000] {logging_mixin.py:137} INFO - [2022-11-28T23:43:57.907+0000] {taskmixin.py:205} WARNING - Dependency <Task(_PythonDecoratedOperator): log_sql_query>, print_the_context already registered for DAG: example_python_operator
[2022-11-28T23:43:57.915+0000] {processor.py:766} INFO - DAG(s) dict_keys(['example_python_operator']) retrieved from /home/airflow/.local/lib/python3.7/site-packages/airflow/example_dags/example_python_operator.py
[2022-11-28T23:43:57.950+0000] {logging_mixin.py:137} INFO - [2022-11-28T23:43:57.950+0000] {dag.py:2585} INFO - Sync 1 DAGs
[2022-11-28T23:43:57.979+0000] {logging_mixin.py:137} INFO - [2022-11-28T23:43:57.979+0000] {dag.py:3340} INFO - Setting next_dagrun for example_python_operator to None, run_after=None
[2022-11-28T23:43:58.003+0000] {processor.py:176} INFO - Processing /home/airflow/.local/lib/python3.7/site-packages/airflow/example_dags/example_python_operator.py took 0.119 seconds
[2022-11-28T23:44:28.562+0000] {processor.py:154} INFO - Started process (PID=3141) to work on /home/airflow/.local/lib/python3.7/site-packages/airflow/example_dags/example_python_operator.py
[2022-11-28T23:44:28.563+0000] {processor.py:756} INFO - Processing file /home/airflow/.local/lib/python3.7/site-packages/airflow/example_dags/example_python_operator.py for tasks to queue
[2022-11-28T23:44:28.563+0000] {logging_mixin.py:137} INFO - [2022-11-28T23:44:28.563+0000] {dagbag.py:537} INFO - Filling up the DagBag from /home/airflow/.local/lib/python3.7/site-packages/airflow/example_dags/example_python_operator.py
[2022-11-28T23:44:28.576+0000] {logging_mixin.py:137} INFO - [2022-11-28T23:44:28.576+0000] {taskmixin.py:205} WARNING - Dependency <Task(_PythonDecoratedOperator): print_the_context>, log_sql_query already registered for DAG: example_python_operator
[2022-11-28T23:44:28.577+0000] {logging_mixin.py:137} INFO - [2022-11-28T23:44:28.576+0000] {taskmixin.py:205} WARNING - Dependency <Task(_PythonDecoratedOperator): log_sql_query>, print_the_context already registered for DAG: example_python_operator
[2022-11-28T23:44:28.577+0000] {logging_mixin.py:137} INFO - [2022-11-28T23:44:28.577+0000] {taskmixin.py:205} WARNING - Dependency <Task(_PythonDecoratedOperator): print_the_context>, log_sql_query already registered for DAG: example_python_operator
[2022-11-28T23:44:28.577+0000] {logging_mixin.py:137} INFO - [2022-11-28T23:44:28.577+0000] {taskmixin.py:205} WARNING - Dependency <Task(_PythonDecoratedOperator): log_sql_query>, print_the_context already registered for DAG: example_python_operator
[2022-11-28T23:44:28.578+0000] {logging_mixin.py:137} INFO - [2022-11-28T23:44:28.578+0000] {taskmixin.py:205} WARNING - Dependency <Task(_PythonDecoratedOperator): print_the_context>, log_sql_query already registered for DAG: example_python_operator
[2022-11-28T23:44:28.578+0000] {logging_mixin.py:137} INFO - [2022-11-28T23:44:28.578+0000] {taskmixin.py:205} WARNING - Dependency <Task(_PythonDecoratedOperator): log_sql_query>, print_the_context already registered for DAG: example_python_operator
[2022-11-28T23:44:28.579+0000] {logging_mixin.py:137} INFO - [2022-11-28T23:44:28.579+0000] {taskmixin.py:205} WARNING - Dependency <Task(_PythonDecoratedOperator): print_the_context>, log_sql_query already registered for DAG: example_python_operator
[2022-11-28T23:44:28.579+0000] {logging_mixin.py:137} INFO - [2022-11-28T23:44:28.579+0000] {taskmixin.py:205} WARNING - Dependency <Task(_PythonDecoratedOperator): log_sql_query>, print_the_context already registered for DAG: example_python_operator
[2022-11-28T23:44:28.586+0000] {processor.py:766} INFO - DAG(s) dict_keys(['example_python_operator']) retrieved from /home/airflow/.local/lib/python3.7/site-packages/airflow/example_dags/example_python_operator.py
[2022-11-28T23:44:28.620+0000] {logging_mixin.py:137} INFO - [2022-11-28T23:44:28.620+0000] {dag.py:2585} INFO - Sync 1 DAGs
[2022-11-28T23:44:28.647+0000] {logging_mixin.py:137} INFO - [2022-11-28T23:44:28.646+0000] {dag.py:3340} INFO - Setting next_dagrun for example_python_operator to None, run_after=None
[2022-11-28T23:44:28.667+0000] {processor.py:176} INFO - Processing /home/airflow/.local/lib/python3.7/site-packages/airflow/example_dags/example_python_operator.py took 0.107 seconds
[2022-11-28T23:44:59.300+0000] {processor.py:154} INFO - Started process (PID=3348) to work on /home/airflow/.local/lib/python3.7/site-packages/airflow/example_dags/example_python_operator.py
[2022-11-28T23:44:59.301+0000] {processor.py:756} INFO - Processing file /home/airflow/.local/lib/python3.7/site-packages/airflow/example_dags/example_python_operator.py for tasks to queue
[2022-11-28T23:44:59.301+0000] {logging_mixin.py:137} INFO - [2022-11-28T23:44:59.301+0000] {dagbag.py:537} INFO - Filling up the DagBag from /home/airflow/.local/lib/python3.7/site-packages/airflow/example_dags/example_python_operator.py
[2022-11-28T23:44:59.314+0000] {logging_mixin.py:137} INFO - [2022-11-28T23:44:59.314+0000] {taskmixin.py:205} WARNING - Dependency <Task(_PythonDecoratedOperator): print_the_context>, log_sql_query already registered for DAG: example_python_operator
[2022-11-28T23:44:59.314+0000] {logging_mixin.py:137} INFO - [2022-11-28T23:44:59.314+0000] {taskmixin.py:205} WARNING - Dependency <Task(_PythonDecoratedOperator): log_sql_query>, print_the_context already registered for DAG: example_python_operator
[2022-11-28T23:44:59.315+0000] {logging_mixin.py:137} INFO - [2022-11-28T23:44:59.315+0000] {taskmixin.py:205} WARNING - Dependency <Task(_PythonDecoratedOperator): print_the_context>, log_sql_query already registered for DAG: example_python_operator
[2022-11-28T23:44:59.315+0000] {logging_mixin.py:137} INFO - [2022-11-28T23:44:59.315+0000] {taskmixin.py:205} WARNING - Dependency <Task(_PythonDecoratedOperator): log_sql_query>, print_the_context already registered for DAG: example_python_operator
[2022-11-28T23:44:59.316+0000] {logging_mixin.py:137} INFO - [2022-11-28T23:44:59.316+0000] {taskmixin.py:205} WARNING - Dependency <Task(_PythonDecoratedOperator): print_the_context>, log_sql_query already registered for DAG: example_python_operator
[2022-11-28T23:44:59.316+0000] {logging_mixin.py:137} INFO - [2022-11-28T23:44:59.316+0000] {taskmixin.py:205} WARNING - Dependency <Task(_PythonDecoratedOperator): log_sql_query>, print_the_context already registered for DAG: example_python_operator
[2022-11-28T23:44:59.317+0000] {logging_mixin.py:137} INFO - [2022-11-28T23:44:59.317+0000] {taskmixin.py:205} WARNING - Dependency <Task(_PythonDecoratedOperator): print_the_context>, log_sql_query already registered for DAG: example_python_operator
[2022-11-28T23:44:59.317+0000] {logging_mixin.py:137} INFO - [2022-11-28T23:44:59.317+0000] {taskmixin.py:205} WARNING - Dependency <Task(_PythonDecoratedOperator): log_sql_query>, print_the_context already registered for DAG: example_python_operator
[2022-11-28T23:44:59.324+0000] {processor.py:766} INFO - DAG(s) dict_keys(['example_python_operator']) retrieved from /home/airflow/.local/lib/python3.7/site-packages/airflow/example_dags/example_python_operator.py
[2022-11-28T23:44:59.360+0000] {logging_mixin.py:137} INFO - [2022-11-28T23:44:59.359+0000] {dag.py:2585} INFO - Sync 1 DAGs
[2022-11-28T23:44:59.384+0000] {logging_mixin.py:137} INFO - [2022-11-28T23:44:59.384+0000] {dag.py:3340} INFO - Setting next_dagrun for example_python_operator to None, run_after=None
[2022-11-28T23:44:59.405+0000] {processor.py:176} INFO - Processing /home/airflow/.local/lib/python3.7/site-packages/airflow/example_dags/example_python_operator.py took 0.107 seconds
[2022-11-28T23:45:30.118+0000] {processor.py:154} INFO - Started process (PID=3610) to work on /home/airflow/.local/lib/python3.7/site-packages/airflow/example_dags/example_python_operator.py
[2022-11-28T23:45:30.119+0000] {processor.py:756} INFO - Processing file /home/airflow/.local/lib/python3.7/site-packages/airflow/example_dags/example_python_operator.py for tasks to queue
[2022-11-28T23:45:30.119+0000] {logging_mixin.py:137} INFO - [2022-11-28T23:45:30.119+0000] {dagbag.py:537} INFO - Filling up the DagBag from /home/airflow/.local/lib/python3.7/site-packages/airflow/example_dags/example_python_operator.py
[2022-11-28T23:45:30.144+0000] {logging_mixin.py:137} INFO - [2022-11-28T23:45:30.144+0000] {taskmixin.py:205} WARNING - Dependency <Task(_PythonDecoratedOperator): print_the_context>, log_sql_query already registered for DAG: example_python_operator
[2022-11-28T23:45:30.145+0000] {logging_mixin.py:137} INFO - [2022-11-28T23:45:30.145+0000] {taskmixin.py:205} WARNING - Dependency <Task(_PythonDecoratedOperator): log_sql_query>, print_the_context already registered for DAG: example_python_operator
[2022-11-28T23:45:30.145+0000] {logging_mixin.py:137} INFO - [2022-11-28T23:45:30.145+0000] {taskmixin.py:205} WARNING - Dependency <Task(_PythonDecoratedOperator): print_the_context>, log_sql_query already registered for DAG: example_python_operator
[2022-11-28T23:45:30.146+0000] {logging_mixin.py:137} INFO - [2022-11-28T23:45:30.146+0000] {taskmixin.py:205} WARNING - Dependency <Task(_PythonDecoratedOperator): log_sql_query>, print_the_context already registered for DAG: example_python_operator
[2022-11-28T23:45:30.146+0000] {logging_mixin.py:137} INFO - [2022-11-28T23:45:30.146+0000] {taskmixin.py:205} WARNING - Dependency <Task(_PythonDecoratedOperator): print_the_context>, log_sql_query already registered for DAG: example_python_operator
[2022-11-28T23:45:30.146+0000] {logging_mixin.py:137} INFO - [2022-11-28T23:45:30.146+0000] {taskmixin.py:205} WARNING - Dependency <Task(_PythonDecoratedOperator): log_sql_query>, print_the_context already registered for DAG: example_python_operator
[2022-11-28T23:45:30.147+0000] {logging_mixin.py:137} INFO - [2022-11-28T23:45:30.147+0000] {taskmixin.py:205} WARNING - Dependency <Task(_PythonDecoratedOperator): print_the_context>, log_sql_query already registered for DAG: example_python_operator
[2022-11-28T23:45:30.147+0000] {logging_mixin.py:137} INFO - [2022-11-28T23:45:30.147+0000] {taskmixin.py:205} WARNING - Dependency <Task(_PythonDecoratedOperator): log_sql_query>, print_the_context already registered for DAG: example_python_operator
[2022-11-28T23:45:30.155+0000] {processor.py:766} INFO - DAG(s) dict_keys(['example_python_operator']) retrieved from /home/airflow/.local/lib/python3.7/site-packages/airflow/example_dags/example_python_operator.py
[2022-11-28T23:45:30.197+0000] {logging_mixin.py:137} INFO - [2022-11-28T23:45:30.197+0000] {dag.py:2585} INFO - Sync 1 DAGs
[2022-11-28T23:45:30.230+0000] {logging_mixin.py:137} INFO - [2022-11-28T23:45:30.230+0000] {dag.py:3340} INFO - Setting next_dagrun for example_python_operator to None, run_after=None
[2022-11-28T23:45:30.251+0000] {processor.py:176} INFO - Processing /home/airflow/.local/lib/python3.7/site-packages/airflow/example_dags/example_python_operator.py took 0.136 seconds
