[2022-11-28T23:37:16.190+0000] {processor.py:154} INFO - Started process (PID=296) to work on /home/airflow/.local/lib/python3.7/site-packages/airflow/example_dags/example_branch_operator.py
[2022-11-28T23:37:16.190+0000] {processor.py:756} INFO - Processing file /home/airflow/.local/lib/python3.7/site-packages/airflow/example_dags/example_branch_operator.py for tasks to queue
[2022-11-28T23:37:16.191+0000] {logging_mixin.py:137} INFO - [2022-11-28T23:37:16.191+0000] {dagbag.py:537} INFO - Filling up the DagBag from /home/airflow/.local/lib/python3.7/site-packages/airflow/example_dags/example_branch_operator.py
[2022-11-28T23:37:16.206+0000] {processor.py:766} INFO - DAG(s) dict_keys(['example_branch_operator']) retrieved from /home/airflow/.local/lib/python3.7/site-packages/airflow/example_dags/example_branch_operator.py
[2022-11-28T23:37:16.246+0000] {logging_mixin.py:137} INFO - [2022-11-28T23:37:16.245+0000] {dag.py:2585} INFO - Sync 1 DAGs
[2022-11-28T23:37:16.274+0000] {logging_mixin.py:137} INFO - [2022-11-28T23:37:16.274+0000] {dag.py:3340} INFO - Setting next_dagrun for example_branch_operator to 2022-11-27T00:00:00+00:00, run_after=2022-11-28T00:00:00+00:00
[2022-11-28T23:37:16.295+0000] {processor.py:176} INFO - Processing /home/airflow/.local/lib/python3.7/site-packages/airflow/example_dags/example_branch_operator.py took 0.107 seconds
[2022-11-28T23:37:47.071+0000] {processor.py:154} INFO - Started process (PID=494) to work on /home/airflow/.local/lib/python3.7/site-packages/airflow/example_dags/example_branch_operator.py
[2022-11-28T23:37:47.071+0000] {processor.py:756} INFO - Processing file /home/airflow/.local/lib/python3.7/site-packages/airflow/example_dags/example_branch_operator.py for tasks to queue
[2022-11-28T23:37:47.072+0000] {logging_mixin.py:137} INFO - [2022-11-28T23:37:47.072+0000] {dagbag.py:537} INFO - Filling up the DagBag from /home/airflow/.local/lib/python3.7/site-packages/airflow/example_dags/example_branch_operator.py
[2022-11-28T23:37:47.088+0000] {processor.py:766} INFO - DAG(s) dict_keys(['example_branch_operator']) retrieved from /home/airflow/.local/lib/python3.7/site-packages/airflow/example_dags/example_branch_operator.py
[2022-11-28T23:37:47.124+0000] {logging_mixin.py:137} INFO - [2022-11-28T23:37:47.124+0000] {dag.py:2585} INFO - Sync 1 DAGs
[2022-11-28T23:37:47.152+0000] {logging_mixin.py:137} INFO - [2022-11-28T23:37:47.152+0000] {dag.py:3340} INFO - Setting next_dagrun for example_branch_operator to 2022-11-27T00:00:00+00:00, run_after=2022-11-28T00:00:00+00:00
[2022-11-28T23:37:47.175+0000] {processor.py:176} INFO - Processing /home/airflow/.local/lib/python3.7/site-packages/airflow/example_dags/example_branch_operator.py took 0.107 seconds
[2022-11-28T23:38:17.904+0000] {processor.py:154} INFO - Started process (PID=702) to work on /home/airflow/.local/lib/python3.7/site-packages/airflow/example_dags/example_branch_operator.py
[2022-11-28T23:38:17.905+0000] {processor.py:756} INFO - Processing file /home/airflow/.local/lib/python3.7/site-packages/airflow/example_dags/example_branch_operator.py for tasks to queue
[2022-11-28T23:38:17.905+0000] {logging_mixin.py:137} INFO - [2022-11-28T23:38:17.905+0000] {dagbag.py:537} INFO - Filling up the DagBag from /home/airflow/.local/lib/python3.7/site-packages/airflow/example_dags/example_branch_operator.py
[2022-11-28T23:38:17.920+0000] {processor.py:766} INFO - DAG(s) dict_keys(['example_branch_operator']) retrieved from /home/airflow/.local/lib/python3.7/site-packages/airflow/example_dags/example_branch_operator.py
[2022-11-28T23:38:17.956+0000] {logging_mixin.py:137} INFO - [2022-11-28T23:38:17.956+0000] {dag.py:2585} INFO - Sync 1 DAGs
[2022-11-28T23:38:17.984+0000] {logging_mixin.py:137} INFO - [2022-11-28T23:38:17.983+0000] {dag.py:3340} INFO - Setting next_dagrun for example_branch_operator to 2022-11-27T00:00:00+00:00, run_after=2022-11-28T00:00:00+00:00
[2022-11-28T23:38:18.007+0000] {processor.py:176} INFO - Processing /home/airflow/.local/lib/python3.7/site-packages/airflow/example_dags/example_branch_operator.py took 0.106 seconds
[2022-11-28T23:38:48.684+0000] {processor.py:154} INFO - Started process (PID=909) to work on /home/airflow/.local/lib/python3.7/site-packages/airflow/example_dags/example_branch_operator.py
[2022-11-28T23:38:48.685+0000] {processor.py:756} INFO - Processing file /home/airflow/.local/lib/python3.7/site-packages/airflow/example_dags/example_branch_operator.py for tasks to queue
[2022-11-28T23:38:48.685+0000] {logging_mixin.py:137} INFO - [2022-11-28T23:38:48.685+0000] {dagbag.py:537} INFO - Filling up the DagBag from /home/airflow/.local/lib/python3.7/site-packages/airflow/example_dags/example_branch_operator.py
[2022-11-28T23:38:48.701+0000] {processor.py:766} INFO - DAG(s) dict_keys(['example_branch_operator']) retrieved from /home/airflow/.local/lib/python3.7/site-packages/airflow/example_dags/example_branch_operator.py
[2022-11-28T23:38:48.740+0000] {logging_mixin.py:137} INFO - [2022-11-28T23:38:48.739+0000] {dag.py:2585} INFO - Sync 1 DAGs
[2022-11-28T23:38:48.767+0000] {logging_mixin.py:137} INFO - [2022-11-28T23:38:48.767+0000] {dag.py:3340} INFO - Setting next_dagrun for example_branch_operator to 2022-11-27T00:00:00+00:00, run_after=2022-11-28T00:00:00+00:00
[2022-11-28T23:38:48.789+0000] {processor.py:176} INFO - Processing /home/airflow/.local/lib/python3.7/site-packages/airflow/example_dags/example_branch_operator.py took 0.108 seconds
[2022-11-28T23:39:19.423+0000] {processor.py:154} INFO - Started process (PID=1107) to work on /home/airflow/.local/lib/python3.7/site-packages/airflow/example_dags/example_branch_operator.py
[2022-11-28T23:39:19.425+0000] {processor.py:756} INFO - Processing file /home/airflow/.local/lib/python3.7/site-packages/airflow/example_dags/example_branch_operator.py for tasks to queue
[2022-11-28T23:39:19.425+0000] {logging_mixin.py:137} INFO - [2022-11-28T23:39:19.425+0000] {dagbag.py:537} INFO - Filling up the DagBag from /home/airflow/.local/lib/python3.7/site-packages/airflow/example_dags/example_branch_operator.py
[2022-11-28T23:39:19.441+0000] {processor.py:766} INFO - DAG(s) dict_keys(['example_branch_operator']) retrieved from /home/airflow/.local/lib/python3.7/site-packages/airflow/example_dags/example_branch_operator.py
[2022-11-28T23:39:19.483+0000] {logging_mixin.py:137} INFO - [2022-11-28T23:39:19.483+0000] {dag.py:2585} INFO - Sync 1 DAGs
[2022-11-28T23:39:19.514+0000] {logging_mixin.py:137} INFO - [2022-11-28T23:39:19.514+0000] {dag.py:3340} INFO - Setting next_dagrun for example_branch_operator to 2022-11-27T00:00:00+00:00, run_after=2022-11-28T00:00:00+00:00
[2022-11-28T23:39:19.539+0000] {processor.py:176} INFO - Processing /home/airflow/.local/lib/python3.7/site-packages/airflow/example_dags/example_branch_operator.py took 0.118 seconds
[2022-11-28T23:39:50.461+0000] {processor.py:154} INFO - Started process (PID=1314) to work on /home/airflow/.local/lib/python3.7/site-packages/airflow/example_dags/example_branch_operator.py
[2022-11-28T23:39:50.461+0000] {processor.py:756} INFO - Processing file /home/airflow/.local/lib/python3.7/site-packages/airflow/example_dags/example_branch_operator.py for tasks to queue
[2022-11-28T23:39:50.462+0000] {logging_mixin.py:137} INFO - [2022-11-28T23:39:50.462+0000] {dagbag.py:537} INFO - Filling up the DagBag from /home/airflow/.local/lib/python3.7/site-packages/airflow/example_dags/example_branch_operator.py
[2022-11-28T23:39:50.479+0000] {processor.py:766} INFO - DAG(s) dict_keys(['example_branch_operator']) retrieved from /home/airflow/.local/lib/python3.7/site-packages/airflow/example_dags/example_branch_operator.py
[2022-11-28T23:39:50.518+0000] {logging_mixin.py:137} INFO - [2022-11-28T23:39:50.518+0000] {dag.py:2585} INFO - Sync 1 DAGs
[2022-11-28T23:39:50.548+0000] {logging_mixin.py:137} INFO - [2022-11-28T23:39:50.548+0000] {dag.py:3340} INFO - Setting next_dagrun for example_branch_operator to 2022-11-27T00:00:00+00:00, run_after=2022-11-28T00:00:00+00:00
[2022-11-28T23:39:50.573+0000] {processor.py:176} INFO - Processing /home/airflow/.local/lib/python3.7/site-packages/airflow/example_dags/example_branch_operator.py took 0.114 seconds
[2022-11-28T23:40:21.350+0000] {processor.py:154} INFO - Started process (PID=1522) to work on /home/airflow/.local/lib/python3.7/site-packages/airflow/example_dags/example_branch_operator.py
[2022-11-28T23:40:21.351+0000] {processor.py:756} INFO - Processing file /home/airflow/.local/lib/python3.7/site-packages/airflow/example_dags/example_branch_operator.py for tasks to queue
[2022-11-28T23:40:21.351+0000] {logging_mixin.py:137} INFO - [2022-11-28T23:40:21.351+0000] {dagbag.py:537} INFO - Filling up the DagBag from /home/airflow/.local/lib/python3.7/site-packages/airflow/example_dags/example_branch_operator.py
[2022-11-28T23:40:21.367+0000] {processor.py:766} INFO - DAG(s) dict_keys(['example_branch_operator']) retrieved from /home/airflow/.local/lib/python3.7/site-packages/airflow/example_dags/example_branch_operator.py
[2022-11-28T23:40:21.405+0000] {logging_mixin.py:137} INFO - [2022-11-28T23:40:21.405+0000] {dag.py:2585} INFO - Sync 1 DAGs
[2022-11-28T23:40:21.435+0000] {logging_mixin.py:137} INFO - [2022-11-28T23:40:21.434+0000] {dag.py:3340} INFO - Setting next_dagrun for example_branch_operator to 2022-11-27T00:00:00+00:00, run_after=2022-11-28T00:00:00+00:00
[2022-11-28T23:40:21.457+0000] {processor.py:176} INFO - Processing /home/airflow/.local/lib/python3.7/site-packages/airflow/example_dags/example_branch_operator.py took 0.110 seconds
[2022-11-28T23:40:52.114+0000] {processor.py:154} INFO - Started process (PID=1720) to work on /home/airflow/.local/lib/python3.7/site-packages/airflow/example_dags/example_branch_operator.py
[2022-11-28T23:40:52.114+0000] {processor.py:756} INFO - Processing file /home/airflow/.local/lib/python3.7/site-packages/airflow/example_dags/example_branch_operator.py for tasks to queue
[2022-11-28T23:40:52.115+0000] {logging_mixin.py:137} INFO - [2022-11-28T23:40:52.115+0000] {dagbag.py:537} INFO - Filling up the DagBag from /home/airflow/.local/lib/python3.7/site-packages/airflow/example_dags/example_branch_operator.py
[2022-11-28T23:40:52.131+0000] {processor.py:766} INFO - DAG(s) dict_keys(['example_branch_operator']) retrieved from /home/airflow/.local/lib/python3.7/site-packages/airflow/example_dags/example_branch_operator.py
[2022-11-28T23:40:52.171+0000] {logging_mixin.py:137} INFO - [2022-11-28T23:40:52.171+0000] {dag.py:2585} INFO - Sync 1 DAGs
[2022-11-28T23:40:52.200+0000] {logging_mixin.py:137} INFO - [2022-11-28T23:40:52.200+0000] {dag.py:3340} INFO - Setting next_dagrun for example_branch_operator to 2022-11-27T00:00:00+00:00, run_after=2022-11-28T00:00:00+00:00
[2022-11-28T23:40:52.224+0000] {processor.py:176} INFO - Processing /home/airflow/.local/lib/python3.7/site-packages/airflow/example_dags/example_branch_operator.py took 0.113 seconds
[2022-11-28T23:41:23.078+0000] {processor.py:154} INFO - Started process (PID=1927) to work on /home/airflow/.local/lib/python3.7/site-packages/airflow/example_dags/example_branch_operator.py
[2022-11-28T23:41:23.079+0000] {processor.py:756} INFO - Processing file /home/airflow/.local/lib/python3.7/site-packages/airflow/example_dags/example_branch_operator.py for tasks to queue
[2022-11-28T23:41:23.080+0000] {logging_mixin.py:137} INFO - [2022-11-28T23:41:23.079+0000] {dagbag.py:537} INFO - Filling up the DagBag from /home/airflow/.local/lib/python3.7/site-packages/airflow/example_dags/example_branch_operator.py
[2022-11-28T23:41:23.096+0000] {processor.py:766} INFO - DAG(s) dict_keys(['example_branch_operator']) retrieved from /home/airflow/.local/lib/python3.7/site-packages/airflow/example_dags/example_branch_operator.py
[2022-11-28T23:41:23.137+0000] {logging_mixin.py:137} INFO - [2022-11-28T23:41:23.136+0000] {dag.py:2585} INFO - Sync 1 DAGs
[2022-11-28T23:41:23.169+0000] {logging_mixin.py:137} INFO - [2022-11-28T23:41:23.168+0000] {dag.py:3340} INFO - Setting next_dagrun for example_branch_operator to 2022-11-27T00:00:00+00:00, run_after=2022-11-28T00:00:00+00:00
[2022-11-28T23:41:23.192+0000] {processor.py:176} INFO - Processing /home/airflow/.local/lib/python3.7/site-packages/airflow/example_dags/example_branch_operator.py took 0.116 seconds
[2022-11-28T23:41:54.058+0000] {processor.py:154} INFO - Started process (PID=2134) to work on /home/airflow/.local/lib/python3.7/site-packages/airflow/example_dags/example_branch_operator.py
[2022-11-28T23:41:54.059+0000] {processor.py:756} INFO - Processing file /home/airflow/.local/lib/python3.7/site-packages/airflow/example_dags/example_branch_operator.py for tasks to queue
[2022-11-28T23:41:54.059+0000] {logging_mixin.py:137} INFO - [2022-11-28T23:41:54.059+0000] {dagbag.py:537} INFO - Filling up the DagBag from /home/airflow/.local/lib/python3.7/site-packages/airflow/example_dags/example_branch_operator.py
[2022-11-28T23:41:54.075+0000] {processor.py:766} INFO - DAG(s) dict_keys(['example_branch_operator']) retrieved from /home/airflow/.local/lib/python3.7/site-packages/airflow/example_dags/example_branch_operator.py
[2022-11-28T23:41:54.113+0000] {logging_mixin.py:137} INFO - [2022-11-28T23:41:54.113+0000] {dag.py:2585} INFO - Sync 1 DAGs
[2022-11-28T23:41:54.144+0000] {logging_mixin.py:137} INFO - [2022-11-28T23:41:54.144+0000] {dag.py:3340} INFO - Setting next_dagrun for example_branch_operator to 2022-11-27T00:00:00+00:00, run_after=2022-11-28T00:00:00+00:00
[2022-11-28T23:41:54.169+0000] {processor.py:176} INFO - Processing /home/airflow/.local/lib/python3.7/site-packages/airflow/example_dags/example_branch_operator.py took 0.113 seconds
[2022-11-28T23:42:25.681+0000] {processor.py:154} INFO - Started process (PID=2332) to work on /home/airflow/.local/lib/python3.7/site-packages/airflow/example_dags/example_branch_operator.py
[2022-11-28T23:42:25.685+0000] {processor.py:756} INFO - Processing file /home/airflow/.local/lib/python3.7/site-packages/airflow/example_dags/example_branch_operator.py for tasks to queue
[2022-11-28T23:42:25.686+0000] {logging_mixin.py:137} INFO - [2022-11-28T23:42:25.686+0000] {dagbag.py:537} INFO - Filling up the DagBag from /home/airflow/.local/lib/python3.7/site-packages/airflow/example_dags/example_branch_operator.py
[2022-11-28T23:42:25.732+0000] {processor.py:766} INFO - DAG(s) dict_keys(['example_branch_operator']) retrieved from /home/airflow/.local/lib/python3.7/site-packages/airflow/example_dags/example_branch_operator.py
[2022-11-28T23:42:25.835+0000] {logging_mixin.py:137} INFO - [2022-11-28T23:42:25.835+0000] {dag.py:2585} INFO - Sync 1 DAGs
[2022-11-28T23:42:25.876+0000] {logging_mixin.py:137} INFO - [2022-11-28T23:42:25.876+0000] {dag.py:3340} INFO - Setting next_dagrun for example_branch_operator to 2022-11-27T00:00:00+00:00, run_after=2022-11-28T00:00:00+00:00
[2022-11-28T23:42:25.905+0000] {processor.py:176} INFO - Processing /home/airflow/.local/lib/python3.7/site-packages/airflow/example_dags/example_branch_operator.py took 0.230 seconds
[2022-11-28T23:42:56.550+0000] {processor.py:154} INFO - Started process (PID=2539) to work on /home/airflow/.local/lib/python3.7/site-packages/airflow/example_dags/example_branch_operator.py
[2022-11-28T23:42:56.550+0000] {processor.py:756} INFO - Processing file /home/airflow/.local/lib/python3.7/site-packages/airflow/example_dags/example_branch_operator.py for tasks to queue
[2022-11-28T23:42:56.551+0000] {logging_mixin.py:137} INFO - [2022-11-28T23:42:56.551+0000] {dagbag.py:537} INFO - Filling up the DagBag from /home/airflow/.local/lib/python3.7/site-packages/airflow/example_dags/example_branch_operator.py
[2022-11-28T23:42:56.572+0000] {processor.py:766} INFO - DAG(s) dict_keys(['example_branch_operator']) retrieved from /home/airflow/.local/lib/python3.7/site-packages/airflow/example_dags/example_branch_operator.py
[2022-11-28T23:42:56.618+0000] {logging_mixin.py:137} INFO - [2022-11-28T23:42:56.618+0000] {dag.py:2585} INFO - Sync 1 DAGs
[2022-11-28T23:42:56.650+0000] {logging_mixin.py:137} INFO - [2022-11-28T23:42:56.650+0000] {dag.py:3340} INFO - Setting next_dagrun for example_branch_operator to 2022-11-27T00:00:00+00:00, run_after=2022-11-28T00:00:00+00:00
[2022-11-28T23:42:56.679+0000] {processor.py:176} INFO - Processing /home/airflow/.local/lib/python3.7/site-packages/airflow/example_dags/example_branch_operator.py took 0.133 seconds
[2022-11-28T23:43:27.510+0000] {processor.py:154} INFO - Started process (PID=2746) to work on /home/airflow/.local/lib/python3.7/site-packages/airflow/example_dags/example_branch_operator.py
[2022-11-28T23:43:27.511+0000] {processor.py:756} INFO - Processing file /home/airflow/.local/lib/python3.7/site-packages/airflow/example_dags/example_branch_operator.py for tasks to queue
[2022-11-28T23:43:27.511+0000] {logging_mixin.py:137} INFO - [2022-11-28T23:43:27.511+0000] {dagbag.py:537} INFO - Filling up the DagBag from /home/airflow/.local/lib/python3.7/site-packages/airflow/example_dags/example_branch_operator.py
[2022-11-28T23:43:27.526+0000] {processor.py:766} INFO - DAG(s) dict_keys(['example_branch_operator']) retrieved from /home/airflow/.local/lib/python3.7/site-packages/airflow/example_dags/example_branch_operator.py
[2022-11-28T23:43:27.565+0000] {logging_mixin.py:137} INFO - [2022-11-28T23:43:27.565+0000] {dag.py:2585} INFO - Sync 1 DAGs
[2022-11-28T23:43:27.595+0000] {logging_mixin.py:137} INFO - [2022-11-28T23:43:27.595+0000] {dag.py:3340} INFO - Setting next_dagrun for example_branch_operator to 2022-11-27T00:00:00+00:00, run_after=2022-11-28T00:00:00+00:00
[2022-11-28T23:43:27.616+0000] {processor.py:176} INFO - Processing /home/airflow/.local/lib/python3.7/site-packages/airflow/example_dags/example_branch_operator.py took 0.108 seconds
[2022-11-28T23:43:58.022+0000] {processor.py:154} INFO - Started process (PID=2944) to work on /home/airflow/.local/lib/python3.7/site-packages/airflow/example_dags/example_branch_operator.py
[2022-11-28T23:43:58.023+0000] {processor.py:756} INFO - Processing file /home/airflow/.local/lib/python3.7/site-packages/airflow/example_dags/example_branch_operator.py for tasks to queue
[2022-11-28T23:43:58.023+0000] {logging_mixin.py:137} INFO - [2022-11-28T23:43:58.023+0000] {dagbag.py:537} INFO - Filling up the DagBag from /home/airflow/.local/lib/python3.7/site-packages/airflow/example_dags/example_branch_operator.py
[2022-11-28T23:43:58.038+0000] {processor.py:766} INFO - DAG(s) dict_keys(['example_branch_operator']) retrieved from /home/airflow/.local/lib/python3.7/site-packages/airflow/example_dags/example_branch_operator.py
[2022-11-28T23:43:58.074+0000] {logging_mixin.py:137} INFO - [2022-11-28T23:43:58.074+0000] {dag.py:2585} INFO - Sync 1 DAGs
[2022-11-28T23:43:58.102+0000] {logging_mixin.py:137} INFO - [2022-11-28T23:43:58.101+0000] {dag.py:3340} INFO - Setting next_dagrun for example_branch_operator to 2022-11-27T00:00:00+00:00, run_after=2022-11-28T00:00:00+00:00
[2022-11-28T23:43:58.125+0000] {processor.py:176} INFO - Processing /home/airflow/.local/lib/python3.7/site-packages/airflow/example_dags/example_branch_operator.py took 0.105 seconds
[2022-11-28T23:44:28.686+0000] {processor.py:154} INFO - Started process (PID=3151) to work on /home/airflow/.local/lib/python3.7/site-packages/airflow/example_dags/example_branch_operator.py
[2022-11-28T23:44:28.686+0000] {processor.py:756} INFO - Processing file /home/airflow/.local/lib/python3.7/site-packages/airflow/example_dags/example_branch_operator.py for tasks to queue
[2022-11-28T23:44:28.687+0000] {logging_mixin.py:137} INFO - [2022-11-28T23:44:28.687+0000] {dagbag.py:537} INFO - Filling up the DagBag from /home/airflow/.local/lib/python3.7/site-packages/airflow/example_dags/example_branch_operator.py
[2022-11-28T23:44:28.702+0000] {processor.py:766} INFO - DAG(s) dict_keys(['example_branch_operator']) retrieved from /home/airflow/.local/lib/python3.7/site-packages/airflow/example_dags/example_branch_operator.py
[2022-11-28T23:44:28.738+0000] {logging_mixin.py:137} INFO - [2022-11-28T23:44:28.738+0000] {dag.py:2585} INFO - Sync 1 DAGs
[2022-11-28T23:44:28.766+0000] {logging_mixin.py:137} INFO - [2022-11-28T23:44:28.766+0000] {dag.py:3340} INFO - Setting next_dagrun for example_branch_operator to 2022-11-27T00:00:00+00:00, run_after=2022-11-28T00:00:00+00:00
[2022-11-28T23:44:28.786+0000] {processor.py:176} INFO - Processing /home/airflow/.local/lib/python3.7/site-packages/airflow/example_dags/example_branch_operator.py took 0.103 seconds
[2022-11-28T23:44:59.424+0000] {processor.py:154} INFO - Started process (PID=3358) to work on /home/airflow/.local/lib/python3.7/site-packages/airflow/example_dags/example_branch_operator.py
[2022-11-28T23:44:59.424+0000] {processor.py:756} INFO - Processing file /home/airflow/.local/lib/python3.7/site-packages/airflow/example_dags/example_branch_operator.py for tasks to queue
[2022-11-28T23:44:59.425+0000] {logging_mixin.py:137} INFO - [2022-11-28T23:44:59.425+0000] {dagbag.py:537} INFO - Filling up the DagBag from /home/airflow/.local/lib/python3.7/site-packages/airflow/example_dags/example_branch_operator.py
[2022-11-28T23:44:59.439+0000] {processor.py:766} INFO - DAG(s) dict_keys(['example_branch_operator']) retrieved from /home/airflow/.local/lib/python3.7/site-packages/airflow/example_dags/example_branch_operator.py
[2022-11-28T23:44:59.474+0000] {logging_mixin.py:137} INFO - [2022-11-28T23:44:59.474+0000] {dag.py:2585} INFO - Sync 1 DAGs
[2022-11-28T23:44:59.501+0000] {logging_mixin.py:137} INFO - [2022-11-28T23:44:59.500+0000] {dag.py:3340} INFO - Setting next_dagrun for example_branch_operator to 2022-11-27T00:00:00+00:00, run_after=2022-11-28T00:00:00+00:00
[2022-11-28T23:44:59.521+0000] {processor.py:176} INFO - Processing /home/airflow/.local/lib/python3.7/site-packages/airflow/example_dags/example_branch_operator.py took 0.100 seconds
[2022-11-28T23:45:30.269+0000] {processor.py:154} INFO - Started process (PID=3618) to work on /home/airflow/.local/lib/python3.7/site-packages/airflow/example_dags/example_branch_operator.py
[2022-11-28T23:45:30.274+0000] {processor.py:756} INFO - Processing file /home/airflow/.local/lib/python3.7/site-packages/airflow/example_dags/example_branch_operator.py for tasks to queue
[2022-11-28T23:45:30.275+0000] {logging_mixin.py:137} INFO - [2022-11-28T23:45:30.275+0000] {dagbag.py:537} INFO - Filling up the DagBag from /home/airflow/.local/lib/python3.7/site-packages/airflow/example_dags/example_branch_operator.py
[2022-11-28T23:45:30.291+0000] {processor.py:766} INFO - DAG(s) dict_keys(['example_branch_operator']) retrieved from /home/airflow/.local/lib/python3.7/site-packages/airflow/example_dags/example_branch_operator.py
[2022-11-28T23:45:30.331+0000] {logging_mixin.py:137} INFO - [2022-11-28T23:45:30.331+0000] {dag.py:2585} INFO - Sync 1 DAGs
[2022-11-28T23:45:30.654+0000] {logging_mixin.py:137} INFO - [2022-11-28T23:45:30.654+0000] {process_utils.py:256} INFO - Waiting up to 5 seconds for processes to exit...
