[2022-11-28T23:37:16.625+0000] {processor.py:154} INFO - Started process (PID=321) to work on /home/airflow/.local/lib/python3.7/site-packages/airflow/example_dags/example_task_group_decorator.py
[2022-11-28T23:37:16.626+0000] {processor.py:756} INFO - Processing file /home/airflow/.local/lib/python3.7/site-packages/airflow/example_dags/example_task_group_decorator.py for tasks to queue
[2022-11-28T23:37:16.627+0000] {logging_mixin.py:137} INFO - [2022-11-28T23:37:16.627+0000] {dagbag.py:537} INFO - Filling up the DagBag from /home/airflow/.local/lib/python3.7/site-packages/airflow/example_dags/example_task_group_decorator.py
[2022-11-28T23:37:16.660+0000] {processor.py:766} INFO - DAG(s) dict_keys(['example_task_group_decorator']) retrieved from /home/airflow/.local/lib/python3.7/site-packages/airflow/example_dags/example_task_group_decorator.py
[2022-11-28T23:37:16.707+0000] {logging_mixin.py:137} INFO - [2022-11-28T23:37:16.707+0000] {dag.py:2585} INFO - Sync 1 DAGs
[2022-11-28T23:37:16.733+0000] {logging_mixin.py:137} INFO - [2022-11-28T23:37:16.733+0000] {dag.py:3340} INFO - Setting next_dagrun for example_task_group_decorator to 2022-11-27T23:37:16.733318+00:00, run_after=2022-11-28T23:37:16.733318+00:00
[2022-11-28T23:37:16.756+0000] {processor.py:176} INFO - Processing /home/airflow/.local/lib/python3.7/site-packages/airflow/example_dags/example_task_group_decorator.py took 0.134 seconds
[2022-11-28T23:37:47.496+0000] {processor.py:154} INFO - Started process (PID=520) to work on /home/airflow/.local/lib/python3.7/site-packages/airflow/example_dags/example_task_group_decorator.py
[2022-11-28T23:37:47.497+0000] {processor.py:756} INFO - Processing file /home/airflow/.local/lib/python3.7/site-packages/airflow/example_dags/example_task_group_decorator.py for tasks to queue
[2022-11-28T23:37:47.497+0000] {logging_mixin.py:137} INFO - [2022-11-28T23:37:47.497+0000] {dagbag.py:537} INFO - Filling up the DagBag from /home/airflow/.local/lib/python3.7/site-packages/airflow/example_dags/example_task_group_decorator.py
[2022-11-28T23:37:47.524+0000] {processor.py:766} INFO - DAG(s) dict_keys(['example_task_group_decorator']) retrieved from /home/airflow/.local/lib/python3.7/site-packages/airflow/example_dags/example_task_group_decorator.py
[2022-11-28T23:37:47.563+0000] {logging_mixin.py:137} INFO - [2022-11-28T23:37:47.563+0000] {dag.py:2585} INFO - Sync 1 DAGs
[2022-11-28T23:37:47.591+0000] {logging_mixin.py:137} INFO - [2022-11-28T23:37:47.591+0000] {dag.py:3340} INFO - Setting next_dagrun for example_task_group_decorator to 2022-11-27T23:37:47.591460+00:00, run_after=2022-11-28T23:37:47.591460+00:00
[2022-11-28T23:37:47.612+0000] {processor.py:176} INFO - Processing /home/airflow/.local/lib/python3.7/site-packages/airflow/example_dags/example_task_group_decorator.py took 0.118 seconds
[2022-11-28T23:38:18.408+0000] {processor.py:154} INFO - Started process (PID=727) to work on /home/airflow/.local/lib/python3.7/site-packages/airflow/example_dags/example_task_group_decorator.py
[2022-11-28T23:38:18.408+0000] {processor.py:756} INFO - Processing file /home/airflow/.local/lib/python3.7/site-packages/airflow/example_dags/example_task_group_decorator.py for tasks to queue
[2022-11-28T23:38:18.409+0000] {logging_mixin.py:137} INFO - [2022-11-28T23:38:18.409+0000] {dagbag.py:537} INFO - Filling up the DagBag from /home/airflow/.local/lib/python3.7/site-packages/airflow/example_dags/example_task_group_decorator.py
[2022-11-28T23:38:18.435+0000] {processor.py:766} INFO - DAG(s) dict_keys(['example_task_group_decorator']) retrieved from /home/airflow/.local/lib/python3.7/site-packages/airflow/example_dags/example_task_group_decorator.py
[2022-11-28T23:38:18.472+0000] {logging_mixin.py:137} INFO - [2022-11-28T23:38:18.471+0000] {dag.py:2585} INFO - Sync 1 DAGs
[2022-11-28T23:38:18.501+0000] {logging_mixin.py:137} INFO - [2022-11-28T23:38:18.501+0000] {dag.py:3340} INFO - Setting next_dagrun for example_task_group_decorator to 2022-11-27T23:38:18.501175+00:00, run_after=2022-11-28T23:38:18.501175+00:00
[2022-11-28T23:38:18.521+0000] {processor.py:176} INFO - Processing /home/airflow/.local/lib/python3.7/site-packages/airflow/example_dags/example_task_group_decorator.py took 0.116 seconds
[2022-11-28T23:38:49.096+0000] {processor.py:154} INFO - Started process (PID=936) to work on /home/airflow/.local/lib/python3.7/site-packages/airflow/example_dags/example_task_group_decorator.py
[2022-11-28T23:38:49.097+0000] {processor.py:756} INFO - Processing file /home/airflow/.local/lib/python3.7/site-packages/airflow/example_dags/example_task_group_decorator.py for tasks to queue
[2022-11-28T23:38:49.097+0000] {logging_mixin.py:137} INFO - [2022-11-28T23:38:49.097+0000] {dagbag.py:537} INFO - Filling up the DagBag from /home/airflow/.local/lib/python3.7/site-packages/airflow/example_dags/example_task_group_decorator.py
[2022-11-28T23:38:49.123+0000] {processor.py:766} INFO - DAG(s) dict_keys(['example_task_group_decorator']) retrieved from /home/airflow/.local/lib/python3.7/site-packages/airflow/example_dags/example_task_group_decorator.py
[2022-11-28T23:38:49.161+0000] {logging_mixin.py:137} INFO - [2022-11-28T23:38:49.161+0000] {dag.py:2585} INFO - Sync 1 DAGs
[2022-11-28T23:38:49.187+0000] {logging_mixin.py:137} INFO - [2022-11-28T23:38:49.187+0000] {dag.py:3340} INFO - Setting next_dagrun for example_task_group_decorator to 2022-11-27T23:38:49.187416+00:00, run_after=2022-11-28T23:38:49.187416+00:00
[2022-11-28T23:38:49.208+0000] {processor.py:176} INFO - Processing /home/airflow/.local/lib/python3.7/site-packages/airflow/example_dags/example_task_group_decorator.py took 0.114 seconds
[2022-11-28T23:39:19.871+0000] {processor.py:154} INFO - Started process (PID=1132) to work on /home/airflow/.local/lib/python3.7/site-packages/airflow/example_dags/example_task_group_decorator.py
[2022-11-28T23:39:19.872+0000] {processor.py:756} INFO - Processing file /home/airflow/.local/lib/python3.7/site-packages/airflow/example_dags/example_task_group_decorator.py for tasks to queue
[2022-11-28T23:39:19.873+0000] {logging_mixin.py:137} INFO - [2022-11-28T23:39:19.872+0000] {dagbag.py:537} INFO - Filling up the DagBag from /home/airflow/.local/lib/python3.7/site-packages/airflow/example_dags/example_task_group_decorator.py
[2022-11-28T23:39:19.900+0000] {processor.py:766} INFO - DAG(s) dict_keys(['example_task_group_decorator']) retrieved from /home/airflow/.local/lib/python3.7/site-packages/airflow/example_dags/example_task_group_decorator.py
[2022-11-28T23:39:19.942+0000] {logging_mixin.py:137} INFO - [2022-11-28T23:39:19.942+0000] {dag.py:2585} INFO - Sync 1 DAGs
[2022-11-28T23:39:19.969+0000] {logging_mixin.py:137} INFO - [2022-11-28T23:39:19.969+0000] {dag.py:3340} INFO - Setting next_dagrun for example_task_group_decorator to 2022-11-27T23:39:19.969492+00:00, run_after=2022-11-28T23:39:19.969492+00:00
[2022-11-28T23:39:19.996+0000] {processor.py:176} INFO - Processing /home/airflow/.local/lib/python3.7/site-packages/airflow/example_dags/example_task_group_decorator.py took 0.128 seconds
[2022-11-28T23:39:50.926+0000] {processor.py:154} INFO - Started process (PID=1339) to work on /home/airflow/.local/lib/python3.7/site-packages/airflow/example_dags/example_task_group_decorator.py
[2022-11-28T23:39:50.927+0000] {processor.py:756} INFO - Processing file /home/airflow/.local/lib/python3.7/site-packages/airflow/example_dags/example_task_group_decorator.py for tasks to queue
[2022-11-28T23:39:50.927+0000] {logging_mixin.py:137} INFO - [2022-11-28T23:39:50.927+0000] {dagbag.py:537} INFO - Filling up the DagBag from /home/airflow/.local/lib/python3.7/site-packages/airflow/example_dags/example_task_group_decorator.py
[2022-11-28T23:39:50.957+0000] {processor.py:766} INFO - DAG(s) dict_keys(['example_task_group_decorator']) retrieved from /home/airflow/.local/lib/python3.7/site-packages/airflow/example_dags/example_task_group_decorator.py
[2022-11-28T23:39:51.001+0000] {logging_mixin.py:137} INFO - [2022-11-28T23:39:51.001+0000] {dag.py:2585} INFO - Sync 1 DAGs
[2022-11-28T23:39:51.033+0000] {logging_mixin.py:137} INFO - [2022-11-28T23:39:51.033+0000] {dag.py:3340} INFO - Setting next_dagrun for example_task_group_decorator to 2022-11-27T23:39:51.032892+00:00, run_after=2022-11-28T23:39:51.032892+00:00
[2022-11-28T23:39:51.058+0000] {processor.py:176} INFO - Processing /home/airflow/.local/lib/python3.7/site-packages/airflow/example_dags/example_task_group_decorator.py took 0.134 seconds
[2022-11-28T23:40:21.807+0000] {processor.py:154} INFO - Started process (PID=1547) to work on /home/airflow/.local/lib/python3.7/site-packages/airflow/example_dags/example_task_group_decorator.py
[2022-11-28T23:40:21.808+0000] {processor.py:756} INFO - Processing file /home/airflow/.local/lib/python3.7/site-packages/airflow/example_dags/example_task_group_decorator.py for tasks to queue
[2022-11-28T23:40:21.808+0000] {logging_mixin.py:137} INFO - [2022-11-28T23:40:21.808+0000] {dagbag.py:537} INFO - Filling up the DagBag from /home/airflow/.local/lib/python3.7/site-packages/airflow/example_dags/example_task_group_decorator.py
[2022-11-28T23:40:21.835+0000] {processor.py:766} INFO - DAG(s) dict_keys(['example_task_group_decorator']) retrieved from /home/airflow/.local/lib/python3.7/site-packages/airflow/example_dags/example_task_group_decorator.py
[2022-11-28T23:40:21.874+0000] {logging_mixin.py:137} INFO - [2022-11-28T23:40:21.874+0000] {dag.py:2585} INFO - Sync 1 DAGs
[2022-11-28T23:40:21.902+0000] {logging_mixin.py:137} INFO - [2022-11-28T23:40:21.902+0000] {dag.py:3340} INFO - Setting next_dagrun for example_task_group_decorator to 2022-11-27T23:40:21.902059+00:00, run_after=2022-11-28T23:40:21.902059+00:00
[2022-11-28T23:40:21.925+0000] {processor.py:176} INFO - Processing /home/airflow/.local/lib/python3.7/site-packages/airflow/example_dags/example_task_group_decorator.py took 0.121 seconds
[2022-11-28T23:40:52.543+0000] {processor.py:154} INFO - Started process (PID=1745) to work on /home/airflow/.local/lib/python3.7/site-packages/airflow/example_dags/example_task_group_decorator.py
[2022-11-28T23:40:52.544+0000] {processor.py:756} INFO - Processing file /home/airflow/.local/lib/python3.7/site-packages/airflow/example_dags/example_task_group_decorator.py for tasks to queue
[2022-11-28T23:40:52.545+0000] {logging_mixin.py:137} INFO - [2022-11-28T23:40:52.545+0000] {dagbag.py:537} INFO - Filling up the DagBag from /home/airflow/.local/lib/python3.7/site-packages/airflow/example_dags/example_task_group_decorator.py
[2022-11-28T23:40:52.571+0000] {processor.py:766} INFO - DAG(s) dict_keys(['example_task_group_decorator']) retrieved from /home/airflow/.local/lib/python3.7/site-packages/airflow/example_dags/example_task_group_decorator.py
[2022-11-28T23:40:52.612+0000] {logging_mixin.py:137} INFO - [2022-11-28T23:40:52.611+0000] {dag.py:2585} INFO - Sync 1 DAGs
[2022-11-28T23:40:52.641+0000] {logging_mixin.py:137} INFO - [2022-11-28T23:40:52.641+0000] {dag.py:3340} INFO - Setting next_dagrun for example_task_group_decorator to 2022-11-27T23:40:52.641060+00:00, run_after=2022-11-28T23:40:52.641060+00:00
[2022-11-28T23:40:52.664+0000] {processor.py:176} INFO - Processing /home/airflow/.local/lib/python3.7/site-packages/airflow/example_dags/example_task_group_decorator.py took 0.123 seconds
[2022-11-28T23:41:23.503+0000] {processor.py:154} INFO - Started process (PID=1952) to work on /home/airflow/.local/lib/python3.7/site-packages/airflow/example_dags/example_task_group_decorator.py
[2022-11-28T23:41:23.504+0000] {processor.py:756} INFO - Processing file /home/airflow/.local/lib/python3.7/site-packages/airflow/example_dags/example_task_group_decorator.py for tasks to queue
[2022-11-28T23:41:23.504+0000] {logging_mixin.py:137} INFO - [2022-11-28T23:41:23.504+0000] {dagbag.py:537} INFO - Filling up the DagBag from /home/airflow/.local/lib/python3.7/site-packages/airflow/example_dags/example_task_group_decorator.py
[2022-11-28T23:41:23.532+0000] {processor.py:766} INFO - DAG(s) dict_keys(['example_task_group_decorator']) retrieved from /home/airflow/.local/lib/python3.7/site-packages/airflow/example_dags/example_task_group_decorator.py
[2022-11-28T23:41:23.574+0000] {logging_mixin.py:137} INFO - [2022-11-28T23:41:23.574+0000] {dag.py:2585} INFO - Sync 1 DAGs
[2022-11-28T23:41:23.601+0000] {logging_mixin.py:137} INFO - [2022-11-28T23:41:23.601+0000] {dag.py:3340} INFO - Setting next_dagrun for example_task_group_decorator to 2022-11-27T23:41:23.601613+00:00, run_after=2022-11-28T23:41:23.601613+00:00
[2022-11-28T23:41:23.627+0000] {processor.py:176} INFO - Processing /home/airflow/.local/lib/python3.7/site-packages/airflow/example_dags/example_task_group_decorator.py took 0.126 seconds
[2022-11-28T23:41:54.474+0000] {processor.py:154} INFO - Started process (PID=2159) to work on /home/airflow/.local/lib/python3.7/site-packages/airflow/example_dags/example_task_group_decorator.py
[2022-11-28T23:41:54.476+0000] {processor.py:756} INFO - Processing file /home/airflow/.local/lib/python3.7/site-packages/airflow/example_dags/example_task_group_decorator.py for tasks to queue
[2022-11-28T23:41:54.476+0000] {logging_mixin.py:137} INFO - [2022-11-28T23:41:54.476+0000] {dagbag.py:537} INFO - Filling up the DagBag from /home/airflow/.local/lib/python3.7/site-packages/airflow/example_dags/example_task_group_decorator.py
[2022-11-28T23:41:54.503+0000] {processor.py:766} INFO - DAG(s) dict_keys(['example_task_group_decorator']) retrieved from /home/airflow/.local/lib/python3.7/site-packages/airflow/example_dags/example_task_group_decorator.py
[2022-11-28T23:41:54.547+0000] {logging_mixin.py:137} INFO - [2022-11-28T23:41:54.547+0000] {dag.py:2585} INFO - Sync 1 DAGs
[2022-11-28T23:41:54.576+0000] {logging_mixin.py:137} INFO - [2022-11-28T23:41:54.576+0000] {dag.py:3340} INFO - Setting next_dagrun for example_task_group_decorator to 2022-11-27T23:41:54.576232+00:00, run_after=2022-11-28T23:41:54.576232+00:00
[2022-11-28T23:41:54.602+0000] {processor.py:176} INFO - Processing /home/airflow/.local/lib/python3.7/site-packages/airflow/example_dags/example_task_group_decorator.py took 0.130 seconds
[2022-11-28T23:42:26.503+0000] {processor.py:154} INFO - Started process (PID=2357) to work on /home/airflow/.local/lib/python3.7/site-packages/airflow/example_dags/example_task_group_decorator.py
[2022-11-28T23:42:26.505+0000] {processor.py:756} INFO - Processing file /home/airflow/.local/lib/python3.7/site-packages/airflow/example_dags/example_task_group_decorator.py for tasks to queue
[2022-11-28T23:42:26.506+0000] {logging_mixin.py:137} INFO - [2022-11-28T23:42:26.505+0000] {dagbag.py:537} INFO - Filling up the DagBag from /home/airflow/.local/lib/python3.7/site-packages/airflow/example_dags/example_task_group_decorator.py
[2022-11-28T23:42:26.560+0000] {processor.py:766} INFO - DAG(s) dict_keys(['example_task_group_decorator']) retrieved from /home/airflow/.local/lib/python3.7/site-packages/airflow/example_dags/example_task_group_decorator.py
[2022-11-28T23:42:26.637+0000] {logging_mixin.py:137} INFO - [2022-11-28T23:42:26.637+0000] {dag.py:2585} INFO - Sync 1 DAGs
[2022-11-28T23:42:26.681+0000] {logging_mixin.py:137} INFO - [2022-11-28T23:42:26.681+0000] {dag.py:3340} INFO - Setting next_dagrun for example_task_group_decorator to 2022-11-27T23:42:26.681500+00:00, run_after=2022-11-28T23:42:26.681500+00:00
[2022-11-28T23:42:26.722+0000] {processor.py:176} INFO - Processing /home/airflow/.local/lib/python3.7/site-packages/airflow/example_dags/example_task_group_decorator.py took 0.222 seconds
[2022-11-28T23:42:57.025+0000] {processor.py:154} INFO - Started process (PID=2564) to work on /home/airflow/.local/lib/python3.7/site-packages/airflow/example_dags/example_task_group_decorator.py
[2022-11-28T23:42:57.026+0000] {processor.py:756} INFO - Processing file /home/airflow/.local/lib/python3.7/site-packages/airflow/example_dags/example_task_group_decorator.py for tasks to queue
[2022-11-28T23:42:57.026+0000] {logging_mixin.py:137} INFO - [2022-11-28T23:42:57.026+0000] {dagbag.py:537} INFO - Filling up the DagBag from /home/airflow/.local/lib/python3.7/site-packages/airflow/example_dags/example_task_group_decorator.py
[2022-11-28T23:42:57.055+0000] {processor.py:766} INFO - DAG(s) dict_keys(['example_task_group_decorator']) retrieved from /home/airflow/.local/lib/python3.7/site-packages/airflow/example_dags/example_task_group_decorator.py
[2022-11-28T23:42:57.102+0000] {logging_mixin.py:137} INFO - [2022-11-28T23:42:57.102+0000] {dag.py:2585} INFO - Sync 1 DAGs
[2022-11-28T23:42:57.130+0000] {logging_mixin.py:137} INFO - [2022-11-28T23:42:57.129+0000] {dag.py:3340} INFO - Setting next_dagrun for example_task_group_decorator to 2022-11-27T23:42:57.129582+00:00, run_after=2022-11-28T23:42:57.129582+00:00
[2022-11-28T23:42:57.154+0000] {processor.py:176} INFO - Processing /home/airflow/.local/lib/python3.7/site-packages/airflow/example_dags/example_task_group_decorator.py took 0.131 seconds
[2022-11-28T23:43:27.943+0000] {processor.py:154} INFO - Started process (PID=2771) to work on /home/airflow/.local/lib/python3.7/site-packages/airflow/example_dags/example_task_group_decorator.py
[2022-11-28T23:43:27.943+0000] {processor.py:756} INFO - Processing file /home/airflow/.local/lib/python3.7/site-packages/airflow/example_dags/example_task_group_decorator.py for tasks to queue
[2022-11-28T23:43:27.944+0000] {logging_mixin.py:137} INFO - [2022-11-28T23:43:27.944+0000] {dagbag.py:537} INFO - Filling up the DagBag from /home/airflow/.local/lib/python3.7/site-packages/airflow/example_dags/example_task_group_decorator.py
[2022-11-28T23:43:27.969+0000] {processor.py:766} INFO - DAG(s) dict_keys(['example_task_group_decorator']) retrieved from /home/airflow/.local/lib/python3.7/site-packages/airflow/example_dags/example_task_group_decorator.py
[2022-11-28T23:43:28.009+0000] {logging_mixin.py:137} INFO - [2022-11-28T23:43:28.008+0000] {dag.py:2585} INFO - Sync 1 DAGs
[2022-11-28T23:43:28.035+0000] {logging_mixin.py:137} INFO - [2022-11-28T23:43:28.035+0000] {dag.py:3340} INFO - Setting next_dagrun for example_task_group_decorator to 2022-11-27T23:43:28.035052+00:00, run_after=2022-11-28T23:43:28.035052+00:00
[2022-11-28T23:43:28.057+0000] {processor.py:176} INFO - Processing /home/airflow/.local/lib/python3.7/site-packages/airflow/example_dags/example_task_group_decorator.py took 0.117 seconds
[2022-11-28T23:43:58.422+0000] {processor.py:154} INFO - Started process (PID=2969) to work on /home/airflow/.local/lib/python3.7/site-packages/airflow/example_dags/example_task_group_decorator.py
[2022-11-28T23:43:58.423+0000] {processor.py:756} INFO - Processing file /home/airflow/.local/lib/python3.7/site-packages/airflow/example_dags/example_task_group_decorator.py for tasks to queue
[2022-11-28T23:43:58.423+0000] {logging_mixin.py:137} INFO - [2022-11-28T23:43:58.423+0000] {dagbag.py:537} INFO - Filling up the DagBag from /home/airflow/.local/lib/python3.7/site-packages/airflow/example_dags/example_task_group_decorator.py
[2022-11-28T23:43:58.457+0000] {processor.py:766} INFO - DAG(s) dict_keys(['example_task_group_decorator']) retrieved from /home/airflow/.local/lib/python3.7/site-packages/airflow/example_dags/example_task_group_decorator.py
[2022-11-28T23:43:58.499+0000] {logging_mixin.py:137} INFO - [2022-11-28T23:43:58.498+0000] {dag.py:2585} INFO - Sync 1 DAGs
[2022-11-28T23:43:58.526+0000] {logging_mixin.py:137} INFO - [2022-11-28T23:43:58.526+0000] {dag.py:3340} INFO - Setting next_dagrun for example_task_group_decorator to 2022-11-27T23:43:58.526111+00:00, run_after=2022-11-28T23:43:58.526111+00:00
[2022-11-28T23:43:58.549+0000] {processor.py:176} INFO - Processing /home/airflow/.local/lib/python3.7/site-packages/airflow/example_dags/example_task_group_decorator.py took 0.129 seconds
[2022-11-28T23:44:29.090+0000] {processor.py:154} INFO - Started process (PID=3176) to work on /home/airflow/.local/lib/python3.7/site-packages/airflow/example_dags/example_task_group_decorator.py
[2022-11-28T23:44:29.091+0000] {processor.py:756} INFO - Processing file /home/airflow/.local/lib/python3.7/site-packages/airflow/example_dags/example_task_group_decorator.py for tasks to queue
[2022-11-28T23:44:29.092+0000] {logging_mixin.py:137} INFO - [2022-11-28T23:44:29.091+0000] {dagbag.py:537} INFO - Filling up the DagBag from /home/airflow/.local/lib/python3.7/site-packages/airflow/example_dags/example_task_group_decorator.py
[2022-11-28T23:44:29.128+0000] {processor.py:766} INFO - DAG(s) dict_keys(['example_task_group_decorator']) retrieved from /home/airflow/.local/lib/python3.7/site-packages/airflow/example_dags/example_task_group_decorator.py
[2022-11-28T23:44:29.171+0000] {logging_mixin.py:137} INFO - [2022-11-28T23:44:29.171+0000] {dag.py:2585} INFO - Sync 1 DAGs
[2022-11-28T23:44:29.196+0000] {logging_mixin.py:137} INFO - [2022-11-28T23:44:29.196+0000] {dag.py:3340} INFO - Setting next_dagrun for example_task_group_decorator to 2022-11-27T23:44:29.196407+00:00, run_after=2022-11-28T23:44:29.196407+00:00
[2022-11-28T23:44:29.216+0000] {processor.py:176} INFO - Processing /home/airflow/.local/lib/python3.7/site-packages/airflow/example_dags/example_task_group_decorator.py took 0.128 seconds
[2022-11-28T23:44:59.918+0000] {processor.py:154} INFO - Started process (PID=3383) to work on /home/airflow/.local/lib/python3.7/site-packages/airflow/example_dags/example_task_group_decorator.py
[2022-11-28T23:44:59.918+0000] {processor.py:756} INFO - Processing file /home/airflow/.local/lib/python3.7/site-packages/airflow/example_dags/example_task_group_decorator.py for tasks to queue
[2022-11-28T23:44:59.919+0000] {logging_mixin.py:137} INFO - [2022-11-28T23:44:59.919+0000] {dagbag.py:537} INFO - Filling up the DagBag from /home/airflow/.local/lib/python3.7/site-packages/airflow/example_dags/example_task_group_decorator.py
[2022-11-28T23:44:59.945+0000] {processor.py:766} INFO - DAG(s) dict_keys(['example_task_group_decorator']) retrieved from /home/airflow/.local/lib/python3.7/site-packages/airflow/example_dags/example_task_group_decorator.py
[2022-11-28T23:44:59.986+0000] {logging_mixin.py:137} INFO - [2022-11-28T23:44:59.986+0000] {dag.py:2585} INFO - Sync 1 DAGs
[2022-11-28T23:45:00.014+0000] {logging_mixin.py:137} INFO - [2022-11-28T23:45:00.014+0000] {dag.py:3340} INFO - Setting next_dagrun for example_task_group_decorator to 2022-11-27T23:45:00.014110+00:00, run_after=2022-11-28T23:45:00.014110+00:00
[2022-11-28T23:45:00.035+0000] {processor.py:176} INFO - Processing /home/airflow/.local/lib/python3.7/site-packages/airflow/example_dags/example_task_group_decorator.py took 0.119 seconds
