[2022-11-28T23:37:15.559+0000] {processor.py:154} INFO - Started process (PID=251) to work on /home/airflow/.local/lib/python3.7/site-packages/airflow/example_dags/example_skip_dag.py
[2022-11-28T23:37:15.560+0000] {processor.py:756} INFO - Processing file /home/airflow/.local/lib/python3.7/site-packages/airflow/example_dags/example_skip_dag.py for tasks to queue
[2022-11-28T23:37:15.560+0000] {logging_mixin.py:137} INFO - [2022-11-28T23:37:15.560+0000] {dagbag.py:537} INFO - Filling up the DagBag from /home/airflow/.local/lib/python3.7/site-packages/airflow/example_dags/example_skip_dag.py
[2022-11-28T23:37:15.573+0000] {processor.py:766} INFO - DAG(s) dict_keys(['example_skip_dag']) retrieved from /home/airflow/.local/lib/python3.7/site-packages/airflow/example_dags/example_skip_dag.py
[2022-11-28T23:37:15.612+0000] {logging_mixin.py:137} INFO - [2022-11-28T23:37:15.612+0000] {dag.py:2585} INFO - Sync 1 DAGs
[2022-11-28T23:37:15.644+0000] {logging_mixin.py:137} INFO - [2022-11-28T23:37:15.644+0000] {dag.py:3340} INFO - Setting next_dagrun for example_skip_dag to 2022-11-27T23:37:15.644589+00:00, run_after=2022-11-28T23:37:15.644589+00:00
[2022-11-28T23:37:15.676+0000] {processor.py:176} INFO - Processing /home/airflow/.local/lib/python3.7/site-packages/airflow/example_dags/example_skip_dag.py took 0.119 seconds
[2022-11-28T23:37:46.377+0000] {processor.py:154} INFO - Started process (PID=449) to work on /home/airflow/.local/lib/python3.7/site-packages/airflow/example_dags/example_skip_dag.py
[2022-11-28T23:37:46.378+0000] {processor.py:756} INFO - Processing file /home/airflow/.local/lib/python3.7/site-packages/airflow/example_dags/example_skip_dag.py for tasks to queue
[2022-11-28T23:37:46.378+0000] {logging_mixin.py:137} INFO - [2022-11-28T23:37:46.378+0000] {dagbag.py:537} INFO - Filling up the DagBag from /home/airflow/.local/lib/python3.7/site-packages/airflow/example_dags/example_skip_dag.py
[2022-11-28T23:37:46.391+0000] {processor.py:766} INFO - DAG(s) dict_keys(['example_skip_dag']) retrieved from /home/airflow/.local/lib/python3.7/site-packages/airflow/example_dags/example_skip_dag.py
[2022-11-28T23:37:46.435+0000] {logging_mixin.py:137} INFO - [2022-11-28T23:37:46.434+0000] {dag.py:2585} INFO - Sync 1 DAGs
[2022-11-28T23:37:46.466+0000] {logging_mixin.py:137} INFO - [2022-11-28T23:37:46.466+0000] {dag.py:3340} INFO - Setting next_dagrun for example_skip_dag to 2022-11-27T23:37:46.465861+00:00, run_after=2022-11-28T23:37:46.465861+00:00
[2022-11-28T23:37:46.497+0000] {processor.py:176} INFO - Processing /home/airflow/.local/lib/python3.7/site-packages/airflow/example_dags/example_skip_dag.py took 0.123 seconds
[2022-11-28T23:38:17.287+0000] {processor.py:154} INFO - Started process (PID=657) to work on /home/airflow/.local/lib/python3.7/site-packages/airflow/example_dags/example_skip_dag.py
[2022-11-28T23:38:17.287+0000] {processor.py:756} INFO - Processing file /home/airflow/.local/lib/python3.7/site-packages/airflow/example_dags/example_skip_dag.py for tasks to queue
[2022-11-28T23:38:17.288+0000] {logging_mixin.py:137} INFO - [2022-11-28T23:38:17.288+0000] {dagbag.py:537} INFO - Filling up the DagBag from /home/airflow/.local/lib/python3.7/site-packages/airflow/example_dags/example_skip_dag.py
[2022-11-28T23:38:17.300+0000] {processor.py:766} INFO - DAG(s) dict_keys(['example_skip_dag']) retrieved from /home/airflow/.local/lib/python3.7/site-packages/airflow/example_dags/example_skip_dag.py
[2022-11-28T23:38:17.338+0000] {logging_mixin.py:137} INFO - [2022-11-28T23:38:17.338+0000] {dag.py:2585} INFO - Sync 1 DAGs
[2022-11-28T23:38:17.368+0000] {logging_mixin.py:137} INFO - [2022-11-28T23:38:17.367+0000] {dag.py:3340} INFO - Setting next_dagrun for example_skip_dag to 2022-11-27T23:38:17.367598+00:00, run_after=2022-11-28T23:38:17.367598+00:00
[2022-11-28T23:38:17.393+0000] {processor.py:176} INFO - Processing /home/airflow/.local/lib/python3.7/site-packages/airflow/example_dags/example_skip_dag.py took 0.108 seconds
[2022-11-28T23:38:48.126+0000] {processor.py:154} INFO - Started process (PID=864) to work on /home/airflow/.local/lib/python3.7/site-packages/airflow/example_dags/example_skip_dag.py
[2022-11-28T23:38:48.127+0000] {processor.py:756} INFO - Processing file /home/airflow/.local/lib/python3.7/site-packages/airflow/example_dags/example_skip_dag.py for tasks to queue
[2022-11-28T23:38:48.128+0000] {logging_mixin.py:137} INFO - [2022-11-28T23:38:48.128+0000] {dagbag.py:537} INFO - Filling up the DagBag from /home/airflow/.local/lib/python3.7/site-packages/airflow/example_dags/example_skip_dag.py
[2022-11-28T23:38:48.140+0000] {processor.py:766} INFO - DAG(s) dict_keys(['example_skip_dag']) retrieved from /home/airflow/.local/lib/python3.7/site-packages/airflow/example_dags/example_skip_dag.py
[2022-11-28T23:38:48.174+0000] {logging_mixin.py:137} INFO - [2022-11-28T23:38:48.174+0000] {dag.py:2585} INFO - Sync 1 DAGs
[2022-11-28T23:38:48.200+0000] {logging_mixin.py:137} INFO - [2022-11-28T23:38:48.200+0000] {dag.py:3340} INFO - Setting next_dagrun for example_skip_dag to 2022-11-27T23:38:48.200355+00:00, run_after=2022-11-28T23:38:48.200355+00:00
[2022-11-28T23:38:48.221+0000] {processor.py:176} INFO - Processing /home/airflow/.local/lib/python3.7/site-packages/airflow/example_dags/example_skip_dag.py took 0.097 seconds
[2022-11-28T23:39:18.846+0000] {processor.py:154} INFO - Started process (PID=1064) to work on /home/airflow/.local/lib/python3.7/site-packages/airflow/example_dags/example_skip_dag.py
[2022-11-28T23:39:18.846+0000] {processor.py:756} INFO - Processing file /home/airflow/.local/lib/python3.7/site-packages/airflow/example_dags/example_skip_dag.py for tasks to queue
[2022-11-28T23:39:18.847+0000] {logging_mixin.py:137} INFO - [2022-11-28T23:39:18.847+0000] {dagbag.py:537} INFO - Filling up the DagBag from /home/airflow/.local/lib/python3.7/site-packages/airflow/example_dags/example_skip_dag.py
[2022-11-28T23:39:18.861+0000] {processor.py:766} INFO - DAG(s) dict_keys(['example_skip_dag']) retrieved from /home/airflow/.local/lib/python3.7/site-packages/airflow/example_dags/example_skip_dag.py
[2022-11-28T23:39:18.904+0000] {logging_mixin.py:137} INFO - [2022-11-28T23:39:18.904+0000] {dag.py:2585} INFO - Sync 1 DAGs
[2022-11-28T23:39:18.934+0000] {logging_mixin.py:137} INFO - [2022-11-28T23:39:18.934+0000] {dag.py:3340} INFO - Setting next_dagrun for example_skip_dag to 2022-11-27T23:39:18.933962+00:00, run_after=2022-11-28T23:39:18.933962+00:00
[2022-11-28T23:39:18.960+0000] {processor.py:176} INFO - Processing /home/airflow/.local/lib/python3.7/site-packages/airflow/example_dags/example_skip_dag.py took 0.116 seconds
[2022-11-28T23:39:49.875+0000] {processor.py:154} INFO - Started process (PID=1269) to work on /home/airflow/.local/lib/python3.7/site-packages/airflow/example_dags/example_skip_dag.py
[2022-11-28T23:39:49.876+0000] {processor.py:756} INFO - Processing file /home/airflow/.local/lib/python3.7/site-packages/airflow/example_dags/example_skip_dag.py for tasks to queue
[2022-11-28T23:39:49.876+0000] {logging_mixin.py:137} INFO - [2022-11-28T23:39:49.876+0000] {dagbag.py:537} INFO - Filling up the DagBag from /home/airflow/.local/lib/python3.7/site-packages/airflow/example_dags/example_skip_dag.py
[2022-11-28T23:39:49.891+0000] {processor.py:766} INFO - DAG(s) dict_keys(['example_skip_dag']) retrieved from /home/airflow/.local/lib/python3.7/site-packages/airflow/example_dags/example_skip_dag.py
[2022-11-28T23:39:49.930+0000] {logging_mixin.py:137} INFO - [2022-11-28T23:39:49.930+0000] {dag.py:2585} INFO - Sync 1 DAGs
[2022-11-28T23:39:49.962+0000] {logging_mixin.py:137} INFO - [2022-11-28T23:39:49.962+0000] {dag.py:3340} INFO - Setting next_dagrun for example_skip_dag to 2022-11-27T23:39:49.961946+00:00, run_after=2022-11-28T23:39:49.961946+00:00
[2022-11-28T23:39:49.988+0000] {processor.py:176} INFO - Processing /home/airflow/.local/lib/python3.7/site-packages/airflow/example_dags/example_skip_dag.py took 0.116 seconds
[2022-11-28T23:40:20.775+0000] {processor.py:154} INFO - Started process (PID=1477) to work on /home/airflow/.local/lib/python3.7/site-packages/airflow/example_dags/example_skip_dag.py
[2022-11-28T23:40:20.776+0000] {processor.py:756} INFO - Processing file /home/airflow/.local/lib/python3.7/site-packages/airflow/example_dags/example_skip_dag.py for tasks to queue
[2022-11-28T23:40:20.777+0000] {logging_mixin.py:137} INFO - [2022-11-28T23:40:20.777+0000] {dagbag.py:537} INFO - Filling up the DagBag from /home/airflow/.local/lib/python3.7/site-packages/airflow/example_dags/example_skip_dag.py
[2022-11-28T23:40:20.792+0000] {processor.py:766} INFO - DAG(s) dict_keys(['example_skip_dag']) retrieved from /home/airflow/.local/lib/python3.7/site-packages/airflow/example_dags/example_skip_dag.py
[2022-11-28T23:40:20.833+0000] {logging_mixin.py:137} INFO - [2022-11-28T23:40:20.833+0000] {dag.py:2585} INFO - Sync 1 DAGs
[2022-11-28T23:40:20.861+0000] {logging_mixin.py:137} INFO - [2022-11-28T23:40:20.861+0000] {dag.py:3340} INFO - Setting next_dagrun for example_skip_dag to 2022-11-27T23:40:20.861293+00:00, run_after=2022-11-28T23:40:20.861293+00:00
[2022-11-28T23:40:20.886+0000] {processor.py:176} INFO - Processing /home/airflow/.local/lib/python3.7/site-packages/airflow/example_dags/example_skip_dag.py took 0.113 seconds
[2022-11-28T23:40:51.530+0000] {processor.py:154} INFO - Started process (PID=1675) to work on /home/airflow/.local/lib/python3.7/site-packages/airflow/example_dags/example_skip_dag.py
[2022-11-28T23:40:51.531+0000] {processor.py:756} INFO - Processing file /home/airflow/.local/lib/python3.7/site-packages/airflow/example_dags/example_skip_dag.py for tasks to queue
[2022-11-28T23:40:51.531+0000] {logging_mixin.py:137} INFO - [2022-11-28T23:40:51.531+0000] {dagbag.py:537} INFO - Filling up the DagBag from /home/airflow/.local/lib/python3.7/site-packages/airflow/example_dags/example_skip_dag.py
[2022-11-28T23:40:51.543+0000] {processor.py:766} INFO - DAG(s) dict_keys(['example_skip_dag']) retrieved from /home/airflow/.local/lib/python3.7/site-packages/airflow/example_dags/example_skip_dag.py
[2022-11-28T23:40:51.587+0000] {logging_mixin.py:137} INFO - [2022-11-28T23:40:51.586+0000] {dag.py:2585} INFO - Sync 1 DAGs
[2022-11-28T23:40:51.618+0000] {logging_mixin.py:137} INFO - [2022-11-28T23:40:51.618+0000] {dag.py:3340} INFO - Setting next_dagrun for example_skip_dag to 2022-11-27T23:40:51.618521+00:00, run_after=2022-11-28T23:40:51.618521+00:00
[2022-11-28T23:40:51.645+0000] {processor.py:176} INFO - Processing /home/airflow/.local/lib/python3.7/site-packages/airflow/example_dags/example_skip_dag.py took 0.117 seconds
[2022-11-28T23:41:22.482+0000] {processor.py:154} INFO - Started process (PID=1882) to work on /home/airflow/.local/lib/python3.7/site-packages/airflow/example_dags/example_skip_dag.py
[2022-11-28T23:41:22.483+0000] {processor.py:756} INFO - Processing file /home/airflow/.local/lib/python3.7/site-packages/airflow/example_dags/example_skip_dag.py for tasks to queue
[2022-11-28T23:41:22.484+0000] {logging_mixin.py:137} INFO - [2022-11-28T23:41:22.484+0000] {dagbag.py:537} INFO - Filling up the DagBag from /home/airflow/.local/lib/python3.7/site-packages/airflow/example_dags/example_skip_dag.py
[2022-11-28T23:41:22.496+0000] {processor.py:766} INFO - DAG(s) dict_keys(['example_skip_dag']) retrieved from /home/airflow/.local/lib/python3.7/site-packages/airflow/example_dags/example_skip_dag.py
[2022-11-28T23:41:22.535+0000] {logging_mixin.py:137} INFO - [2022-11-28T23:41:22.534+0000] {dag.py:2585} INFO - Sync 1 DAGs
[2022-11-28T23:41:22.565+0000] {logging_mixin.py:137} INFO - [2022-11-28T23:41:22.564+0000] {dag.py:3340} INFO - Setting next_dagrun for example_skip_dag to 2022-11-27T23:41:22.564784+00:00, run_after=2022-11-28T23:41:22.564784+00:00
[2022-11-28T23:41:22.589+0000] {processor.py:176} INFO - Processing /home/airflow/.local/lib/python3.7/site-packages/airflow/example_dags/example_skip_dag.py took 0.111 seconds
[2022-11-28T23:41:53.497+0000] {processor.py:154} INFO - Started process (PID=2091) to work on /home/airflow/.local/lib/python3.7/site-packages/airflow/example_dags/example_skip_dag.py
[2022-11-28T23:41:53.498+0000] {processor.py:756} INFO - Processing file /home/airflow/.local/lib/python3.7/site-packages/airflow/example_dags/example_skip_dag.py for tasks to queue
[2022-11-28T23:41:53.498+0000] {logging_mixin.py:137} INFO - [2022-11-28T23:41:53.498+0000] {dagbag.py:537} INFO - Filling up the DagBag from /home/airflow/.local/lib/python3.7/site-packages/airflow/example_dags/example_skip_dag.py
[2022-11-28T23:41:53.511+0000] {processor.py:766} INFO - DAG(s) dict_keys(['example_skip_dag']) retrieved from /home/airflow/.local/lib/python3.7/site-packages/airflow/example_dags/example_skip_dag.py
[2022-11-28T23:41:53.550+0000] {logging_mixin.py:137} INFO - [2022-11-28T23:41:53.550+0000] {dag.py:2585} INFO - Sync 1 DAGs
[2022-11-28T23:41:53.579+0000] {logging_mixin.py:137} INFO - [2022-11-28T23:41:53.579+0000] {dag.py:3340} INFO - Setting next_dagrun for example_skip_dag to 2022-11-27T23:41:53.579010+00:00, run_after=2022-11-28T23:41:53.579010+00:00
[2022-11-28T23:41:53.603+0000] {processor.py:176} INFO - Processing /home/airflow/.local/lib/python3.7/site-packages/airflow/example_dags/example_skip_dag.py took 0.108 seconds
[2022-11-28T23:42:24.419+0000] {processor.py:154} INFO - Started process (PID=2289) to work on /home/airflow/.local/lib/python3.7/site-packages/airflow/example_dags/example_skip_dag.py
[2022-11-28T23:42:24.419+0000] {processor.py:756} INFO - Processing file /home/airflow/.local/lib/python3.7/site-packages/airflow/example_dags/example_skip_dag.py for tasks to queue
[2022-11-28T23:42:24.420+0000] {logging_mixin.py:137} INFO - [2022-11-28T23:42:24.420+0000] {dagbag.py:537} INFO - Filling up the DagBag from /home/airflow/.local/lib/python3.7/site-packages/airflow/example_dags/example_skip_dag.py
[2022-11-28T23:42:24.433+0000] {processor.py:766} INFO - DAG(s) dict_keys(['example_skip_dag']) retrieved from /home/airflow/.local/lib/python3.7/site-packages/airflow/example_dags/example_skip_dag.py
[2022-11-28T23:42:24.514+0000] {logging_mixin.py:137} INFO - [2022-11-28T23:42:24.514+0000] {dag.py:2585} INFO - Sync 1 DAGs
[2022-11-28T23:42:24.585+0000] {logging_mixin.py:137} INFO - [2022-11-28T23:42:24.584+0000] {dag.py:3340} INFO - Setting next_dagrun for example_skip_dag to 2022-11-27T23:42:24.584681+00:00, run_after=2022-11-28T23:42:24.584681+00:00
[2022-11-28T23:42:24.621+0000] {processor.py:176} INFO - Processing /home/airflow/.local/lib/python3.7/site-packages/airflow/example_dags/example_skip_dag.py took 0.205 seconds
[2022-11-28T23:42:54.942+0000] {processor.py:154} INFO - Started process (PID=2494) to work on /home/airflow/.local/lib/python3.7/site-packages/airflow/example_dags/example_skip_dag.py
[2022-11-28T23:42:54.942+0000] {processor.py:756} INFO - Processing file /home/airflow/.local/lib/python3.7/site-packages/airflow/example_dags/example_skip_dag.py for tasks to queue
[2022-11-28T23:42:54.943+0000] {logging_mixin.py:137} INFO - [2022-11-28T23:42:54.943+0000] {dagbag.py:537} INFO - Filling up the DagBag from /home/airflow/.local/lib/python3.7/site-packages/airflow/example_dags/example_skip_dag.py
[2022-11-28T23:42:54.955+0000] {processor.py:766} INFO - DAG(s) dict_keys(['example_skip_dag']) retrieved from /home/airflow/.local/lib/python3.7/site-packages/airflow/example_dags/example_skip_dag.py
[2022-11-28T23:42:54.995+0000] {logging_mixin.py:137} INFO - [2022-11-28T23:42:54.995+0000] {dag.py:2585} INFO - Sync 1 DAGs
[2022-11-28T23:42:55.023+0000] {logging_mixin.py:137} INFO - [2022-11-28T23:42:55.023+0000] {dag.py:3340} INFO - Setting next_dagrun for example_skip_dag to 2022-11-27T23:42:55.023549+00:00, run_after=2022-11-28T23:42:55.023549+00:00
[2022-11-28T23:42:55.048+0000] {processor.py:176} INFO - Processing /home/airflow/.local/lib/python3.7/site-packages/airflow/example_dags/example_skip_dag.py took 0.110 seconds
[2022-11-28T23:43:25.932+0000] {processor.py:154} INFO - Started process (PID=2701) to work on /home/airflow/.local/lib/python3.7/site-packages/airflow/example_dags/example_skip_dag.py
[2022-11-28T23:43:25.933+0000] {processor.py:756} INFO - Processing file /home/airflow/.local/lib/python3.7/site-packages/airflow/example_dags/example_skip_dag.py for tasks to queue
[2022-11-28T23:43:25.934+0000] {logging_mixin.py:137} INFO - [2022-11-28T23:43:25.934+0000] {dagbag.py:537} INFO - Filling up the DagBag from /home/airflow/.local/lib/python3.7/site-packages/airflow/example_dags/example_skip_dag.py
[2022-11-28T23:43:25.947+0000] {processor.py:766} INFO - DAG(s) dict_keys(['example_skip_dag']) retrieved from /home/airflow/.local/lib/python3.7/site-packages/airflow/example_dags/example_skip_dag.py
[2022-11-28T23:43:25.990+0000] {logging_mixin.py:137} INFO - [2022-11-28T23:43:25.989+0000] {dag.py:2585} INFO - Sync 1 DAGs
[2022-11-28T23:43:26.023+0000] {logging_mixin.py:137} INFO - [2022-11-28T23:43:26.022+0000] {dag.py:3340} INFO - Setting next_dagrun for example_skip_dag to 2022-11-27T23:43:26.022626+00:00, run_after=2022-11-28T23:43:26.022626+00:00
[2022-11-28T23:43:26.046+0000] {processor.py:176} INFO - Processing /home/airflow/.local/lib/python3.7/site-packages/airflow/example_dags/example_skip_dag.py took 0.116 seconds
[2022-11-28T23:43:56.515+0000] {processor.py:154} INFO - Started process (PID=2899) to work on /home/airflow/.local/lib/python3.7/site-packages/airflow/example_dags/example_skip_dag.py
[2022-11-28T23:43:56.516+0000] {processor.py:756} INFO - Processing file /home/airflow/.local/lib/python3.7/site-packages/airflow/example_dags/example_skip_dag.py for tasks to queue
[2022-11-28T23:43:56.516+0000] {logging_mixin.py:137} INFO - [2022-11-28T23:43:56.516+0000] {dagbag.py:537} INFO - Filling up the DagBag from /home/airflow/.local/lib/python3.7/site-packages/airflow/example_dags/example_skip_dag.py
[2022-11-28T23:43:56.528+0000] {processor.py:766} INFO - DAG(s) dict_keys(['example_skip_dag']) retrieved from /home/airflow/.local/lib/python3.7/site-packages/airflow/example_dags/example_skip_dag.py
[2022-11-28T23:43:56.566+0000] {logging_mixin.py:137} INFO - [2022-11-28T23:43:56.566+0000] {dag.py:2585} INFO - Sync 1 DAGs
[2022-11-28T23:43:56.595+0000] {logging_mixin.py:137} INFO - [2022-11-28T23:43:56.595+0000] {dag.py:3340} INFO - Setting next_dagrun for example_skip_dag to 2022-11-27T23:43:56.594772+00:00, run_after=2022-11-28T23:43:56.594772+00:00
[2022-11-28T23:43:56.620+0000] {processor.py:176} INFO - Processing /home/airflow/.local/lib/python3.7/site-packages/airflow/example_dags/example_skip_dag.py took 0.107 seconds
[2022-11-28T23:44:27.210+0000] {processor.py:154} INFO - Started process (PID=3106) to work on /home/airflow/.local/lib/python3.7/site-packages/airflow/example_dags/example_skip_dag.py
[2022-11-28T23:44:27.211+0000] {processor.py:756} INFO - Processing file /home/airflow/.local/lib/python3.7/site-packages/airflow/example_dags/example_skip_dag.py for tasks to queue
[2022-11-28T23:44:27.212+0000] {logging_mixin.py:137} INFO - [2022-11-28T23:44:27.211+0000] {dagbag.py:537} INFO - Filling up the DagBag from /home/airflow/.local/lib/python3.7/site-packages/airflow/example_dags/example_skip_dag.py
[2022-11-28T23:44:27.223+0000] {processor.py:766} INFO - DAG(s) dict_keys(['example_skip_dag']) retrieved from /home/airflow/.local/lib/python3.7/site-packages/airflow/example_dags/example_skip_dag.py
[2022-11-28T23:44:27.257+0000] {logging_mixin.py:137} INFO - [2022-11-28T23:44:27.257+0000] {dag.py:2585} INFO - Sync 1 DAGs
[2022-11-28T23:44:27.284+0000] {logging_mixin.py:137} INFO - [2022-11-28T23:44:27.284+0000] {dag.py:3340} INFO - Setting next_dagrun for example_skip_dag to 2022-11-27T23:44:27.284260+00:00, run_after=2022-11-28T23:44:27.284260+00:00
[2022-11-28T23:44:27.306+0000] {processor.py:176} INFO - Processing /home/airflow/.local/lib/python3.7/site-packages/airflow/example_dags/example_skip_dag.py took 0.097 seconds
[2022-11-28T23:44:57.896+0000] {processor.py:154} INFO - Started process (PID=3313) to work on /home/airflow/.local/lib/python3.7/site-packages/airflow/example_dags/example_skip_dag.py
[2022-11-28T23:44:57.897+0000] {processor.py:756} INFO - Processing file /home/airflow/.local/lib/python3.7/site-packages/airflow/example_dags/example_skip_dag.py for tasks to queue
[2022-11-28T23:44:57.898+0000] {logging_mixin.py:137} INFO - [2022-11-28T23:44:57.898+0000] {dagbag.py:537} INFO - Filling up the DagBag from /home/airflow/.local/lib/python3.7/site-packages/airflow/example_dags/example_skip_dag.py
[2022-11-28T23:44:57.916+0000] {processor.py:766} INFO - DAG(s) dict_keys(['example_skip_dag']) retrieved from /home/airflow/.local/lib/python3.7/site-packages/airflow/example_dags/example_skip_dag.py
[2022-11-28T23:44:57.960+0000] {logging_mixin.py:137} INFO - [2022-11-28T23:44:57.960+0000] {dag.py:2585} INFO - Sync 1 DAGs
[2022-11-28T23:44:57.988+0000] {logging_mixin.py:137} INFO - [2022-11-28T23:44:57.988+0000] {dag.py:3340} INFO - Setting next_dagrun for example_skip_dag to 2022-11-27T23:44:57.988016+00:00, run_after=2022-11-28T23:44:57.988016+00:00
[2022-11-28T23:44:58.013+0000] {processor.py:176} INFO - Processing /home/airflow/.local/lib/python3.7/site-packages/airflow/example_dags/example_skip_dag.py took 0.120 seconds
[2022-11-28T23:45:28.686+0000] {processor.py:154} INFO - Started process (PID=3511) to work on /home/airflow/.local/lib/python3.7/site-packages/airflow/example_dags/example_skip_dag.py
[2022-11-28T23:45:28.687+0000] {processor.py:756} INFO - Processing file /home/airflow/.local/lib/python3.7/site-packages/airflow/example_dags/example_skip_dag.py for tasks to queue
[2022-11-28T23:45:28.688+0000] {logging_mixin.py:137} INFO - [2022-11-28T23:45:28.687+0000] {dagbag.py:537} INFO - Filling up the DagBag from /home/airflow/.local/lib/python3.7/site-packages/airflow/example_dags/example_skip_dag.py
[2022-11-28T23:45:28.700+0000] {processor.py:766} INFO - DAG(s) dict_keys(['example_skip_dag']) retrieved from /home/airflow/.local/lib/python3.7/site-packages/airflow/example_dags/example_skip_dag.py
[2022-11-28T23:45:28.734+0000] {logging_mixin.py:137} INFO - [2022-11-28T23:45:28.734+0000] {dag.py:2585} INFO - Sync 1 DAGs
[2022-11-28T23:45:28.768+0000] {logging_mixin.py:137} INFO - [2022-11-28T23:45:28.768+0000] {dag.py:3340} INFO - Setting next_dagrun for example_skip_dag to 2022-11-27T23:45:28.767837+00:00, run_after=2022-11-28T23:45:28.767837+00:00
[2022-11-28T23:45:28.789+0000] {processor.py:176} INFO - Processing /home/airflow/.local/lib/python3.7/site-packages/airflow/example_dags/example_skip_dag.py took 0.105 seconds
