[2022-11-28T23:37:14.416+0000] {processor.py:154} INFO - Started process (PID=198) to work on /home/airflow/.local/lib/python3.7/site-packages/airflow/example_dags/example_short_circuit_operator.py
[2022-11-28T23:37:14.416+0000] {processor.py:756} INFO - Processing file /home/airflow/.local/lib/python3.7/site-packages/airflow/example_dags/example_short_circuit_operator.py for tasks to queue
[2022-11-28T23:37:14.417+0000] {logging_mixin.py:137} INFO - [2022-11-28T23:37:14.417+0000] {dagbag.py:537} INFO - Filling up the DagBag from /home/airflow/.local/lib/python3.7/site-packages/airflow/example_dags/example_short_circuit_operator.py
[2022-11-28T23:37:14.454+0000] {processor.py:766} INFO - DAG(s) dict_keys(['example_short_circuit_operator']) retrieved from /home/airflow/.local/lib/python3.7/site-packages/airflow/example_dags/example_short_circuit_operator.py
[2022-11-28T23:37:14.507+0000] {logging_mixin.py:137} INFO - [2022-11-28T23:37:14.506+0000] {dag.py:2585} INFO - Sync 1 DAGs
[2022-11-28T23:37:14.543+0000] {logging_mixin.py:137} INFO - [2022-11-28T23:37:14.543+0000] {dag.py:3340} INFO - Setting next_dagrun for example_short_circuit_operator to 2022-11-27T23:37:14.542948+00:00, run_after=2022-11-28T23:37:14.542948+00:00
[2022-11-28T23:37:14.745+0000] {processor.py:176} INFO - Processing /home/airflow/.local/lib/python3.7/site-packages/airflow/example_dags/example_short_circuit_operator.py took 0.333 seconds
[2022-11-28T23:37:45.598+0000] {processor.py:154} INFO - Started process (PID=399) to work on /home/airflow/.local/lib/python3.7/site-packages/airflow/example_dags/example_short_circuit_operator.py
[2022-11-28T23:37:45.599+0000] {processor.py:756} INFO - Processing file /home/airflow/.local/lib/python3.7/site-packages/airflow/example_dags/example_short_circuit_operator.py for tasks to queue
[2022-11-28T23:37:45.599+0000] {logging_mixin.py:137} INFO - [2022-11-28T23:37:45.599+0000] {dagbag.py:537} INFO - Filling up the DagBag from /home/airflow/.local/lib/python3.7/site-packages/airflow/example_dags/example_short_circuit_operator.py
[2022-11-28T23:37:45.613+0000] {processor.py:766} INFO - DAG(s) dict_keys(['example_short_circuit_operator']) retrieved from /home/airflow/.local/lib/python3.7/site-packages/airflow/example_dags/example_short_circuit_operator.py
[2022-11-28T23:37:45.650+0000] {logging_mixin.py:137} INFO - [2022-11-28T23:37:45.650+0000] {dag.py:2585} INFO - Sync 1 DAGs
[2022-11-28T23:37:45.675+0000] {logging_mixin.py:137} INFO - [2022-11-28T23:37:45.675+0000] {dag.py:3340} INFO - Setting next_dagrun for example_short_circuit_operator to 2022-11-27T23:37:45.674904+00:00, run_after=2022-11-28T23:37:45.674904+00:00
[2022-11-28T23:37:45.698+0000] {processor.py:176} INFO - Processing /home/airflow/.local/lib/python3.7/site-packages/airflow/example_dags/example_short_circuit_operator.py took 0.102 seconds
[2022-11-28T23:38:16.472+0000] {processor.py:154} INFO - Started process (PID=607) to work on /home/airflow/.local/lib/python3.7/site-packages/airflow/example_dags/example_short_circuit_operator.py
[2022-11-28T23:38:16.474+0000] {processor.py:756} INFO - Processing file /home/airflow/.local/lib/python3.7/site-packages/airflow/example_dags/example_short_circuit_operator.py for tasks to queue
[2022-11-28T23:38:16.474+0000] {logging_mixin.py:137} INFO - [2022-11-28T23:38:16.474+0000] {dagbag.py:537} INFO - Filling up the DagBag from /home/airflow/.local/lib/python3.7/site-packages/airflow/example_dags/example_short_circuit_operator.py
[2022-11-28T23:38:16.492+0000] {processor.py:766} INFO - DAG(s) dict_keys(['example_short_circuit_operator']) retrieved from /home/airflow/.local/lib/python3.7/site-packages/airflow/example_dags/example_short_circuit_operator.py
[2022-11-28T23:38:16.537+0000] {logging_mixin.py:137} INFO - [2022-11-28T23:38:16.537+0000] {dag.py:2585} INFO - Sync 1 DAGs
[2022-11-28T23:38:16.580+0000] {logging_mixin.py:137} INFO - [2022-11-28T23:38:16.580+0000] {dag.py:3340} INFO - Setting next_dagrun for example_short_circuit_operator to 2022-11-27T23:38:16.580381+00:00, run_after=2022-11-28T23:38:16.580381+00:00
[2022-11-28T23:38:16.607+0000] {processor.py:176} INFO - Processing /home/airflow/.local/lib/python3.7/site-packages/airflow/example_dags/example_short_circuit_operator.py took 0.138 seconds
[2022-11-28T23:38:47.350+0000] {processor.py:154} INFO - Started process (PID=814) to work on /home/airflow/.local/lib/python3.7/site-packages/airflow/example_dags/example_short_circuit_operator.py
[2022-11-28T23:38:47.351+0000] {processor.py:756} INFO - Processing file /home/airflow/.local/lib/python3.7/site-packages/airflow/example_dags/example_short_circuit_operator.py for tasks to queue
[2022-11-28T23:38:47.352+0000] {logging_mixin.py:137} INFO - [2022-11-28T23:38:47.352+0000] {dagbag.py:537} INFO - Filling up the DagBag from /home/airflow/.local/lib/python3.7/site-packages/airflow/example_dags/example_short_circuit_operator.py
[2022-11-28T23:38:47.368+0000] {processor.py:766} INFO - DAG(s) dict_keys(['example_short_circuit_operator']) retrieved from /home/airflow/.local/lib/python3.7/site-packages/airflow/example_dags/example_short_circuit_operator.py
[2022-11-28T23:38:47.412+0000] {logging_mixin.py:137} INFO - [2022-11-28T23:38:47.412+0000] {dag.py:2585} INFO - Sync 1 DAGs
[2022-11-28T23:38:47.439+0000] {logging_mixin.py:137} INFO - [2022-11-28T23:38:47.439+0000] {dag.py:3340} INFO - Setting next_dagrun for example_short_circuit_operator to 2022-11-27T23:38:47.438858+00:00, run_after=2022-11-28T23:38:47.438858+00:00
[2022-11-28T23:38:47.463+0000] {processor.py:176} INFO - Processing /home/airflow/.local/lib/python3.7/site-packages/airflow/example_dags/example_short_circuit_operator.py took 0.115 seconds
[2022-11-28T23:39:18.043+0000] {processor.py:154} INFO - Started process (PID=1012) to work on /home/airflow/.local/lib/python3.7/site-packages/airflow/example_dags/example_short_circuit_operator.py
[2022-11-28T23:39:18.046+0000] {processor.py:756} INFO - Processing file /home/airflow/.local/lib/python3.7/site-packages/airflow/example_dags/example_short_circuit_operator.py for tasks to queue
[2022-11-28T23:39:18.047+0000] {logging_mixin.py:137} INFO - [2022-11-28T23:39:18.047+0000] {dagbag.py:537} INFO - Filling up the DagBag from /home/airflow/.local/lib/python3.7/site-packages/airflow/example_dags/example_short_circuit_operator.py
[2022-11-28T23:39:18.061+0000] {processor.py:766} INFO - DAG(s) dict_keys(['example_short_circuit_operator']) retrieved from /home/airflow/.local/lib/python3.7/site-packages/airflow/example_dags/example_short_circuit_operator.py
[2022-11-28T23:39:18.103+0000] {logging_mixin.py:137} INFO - [2022-11-28T23:39:18.102+0000] {dag.py:2585} INFO - Sync 1 DAGs
[2022-11-28T23:39:18.130+0000] {logging_mixin.py:137} INFO - [2022-11-28T23:39:18.130+0000] {dag.py:3340} INFO - Setting next_dagrun for example_short_circuit_operator to 2022-11-27T23:39:18.130346+00:00, run_after=2022-11-28T23:39:18.130346+00:00
[2022-11-28T23:39:18.156+0000] {processor.py:176} INFO - Processing /home/airflow/.local/lib/python3.7/site-packages/airflow/example_dags/example_short_circuit_operator.py took 0.116 seconds
[2022-11-28T23:39:49.006+0000] {processor.py:154} INFO - Started process (PID=1219) to work on /home/airflow/.local/lib/python3.7/site-packages/airflow/example_dags/example_short_circuit_operator.py
[2022-11-28T23:39:49.007+0000] {processor.py:756} INFO - Processing file /home/airflow/.local/lib/python3.7/site-packages/airflow/example_dags/example_short_circuit_operator.py for tasks to queue
[2022-11-28T23:39:49.007+0000] {logging_mixin.py:137} INFO - [2022-11-28T23:39:49.007+0000] {dagbag.py:537} INFO - Filling up the DagBag from /home/airflow/.local/lib/python3.7/site-packages/airflow/example_dags/example_short_circuit_operator.py
[2022-11-28T23:39:49.024+0000] {processor.py:766} INFO - DAG(s) dict_keys(['example_short_circuit_operator']) retrieved from /home/airflow/.local/lib/python3.7/site-packages/airflow/example_dags/example_short_circuit_operator.py
[2022-11-28T23:39:49.063+0000] {logging_mixin.py:137} INFO - [2022-11-28T23:39:49.063+0000] {dag.py:2585} INFO - Sync 1 DAGs
[2022-11-28T23:39:49.092+0000] {logging_mixin.py:137} INFO - [2022-11-28T23:39:49.092+0000] {dag.py:3340} INFO - Setting next_dagrun for example_short_circuit_operator to 2022-11-27T23:39:49.092330+00:00, run_after=2022-11-28T23:39:49.092330+00:00
[2022-11-28T23:39:49.117+0000] {processor.py:176} INFO - Processing /home/airflow/.local/lib/python3.7/site-packages/airflow/example_dags/example_short_circuit_operator.py took 0.114 seconds
[2022-11-28T23:40:19.997+0000] {processor.py:154} INFO - Started process (PID=1427) to work on /home/airflow/.local/lib/python3.7/site-packages/airflow/example_dags/example_short_circuit_operator.py
[2022-11-28T23:40:20.000+0000] {processor.py:756} INFO - Processing file /home/airflow/.local/lib/python3.7/site-packages/airflow/example_dags/example_short_circuit_operator.py for tasks to queue
[2022-11-28T23:40:20.001+0000] {logging_mixin.py:137} INFO - [2022-11-28T23:40:20.001+0000] {dagbag.py:537} INFO - Filling up the DagBag from /home/airflow/.local/lib/python3.7/site-packages/airflow/example_dags/example_short_circuit_operator.py
[2022-11-28T23:40:20.019+0000] {processor.py:766} INFO - DAG(s) dict_keys(['example_short_circuit_operator']) retrieved from /home/airflow/.local/lib/python3.7/site-packages/airflow/example_dags/example_short_circuit_operator.py
[2022-11-28T23:40:20.058+0000] {logging_mixin.py:137} INFO - [2022-11-28T23:40:20.058+0000] {dag.py:2585} INFO - Sync 1 DAGs
[2022-11-28T23:40:20.087+0000] {logging_mixin.py:137} INFO - [2022-11-28T23:40:20.086+0000] {dag.py:3340} INFO - Setting next_dagrun for example_short_circuit_operator to 2022-11-27T23:40:20.086754+00:00, run_after=2022-11-28T23:40:20.086754+00:00
[2022-11-28T23:40:20.111+0000] {processor.py:176} INFO - Processing /home/airflow/.local/lib/python3.7/site-packages/airflow/example_dags/example_short_circuit_operator.py took 0.117 seconds
[2022-11-28T23:40:50.770+0000] {processor.py:154} INFO - Started process (PID=1625) to work on /home/airflow/.local/lib/python3.7/site-packages/airflow/example_dags/example_short_circuit_operator.py
[2022-11-28T23:40:50.771+0000] {processor.py:756} INFO - Processing file /home/airflow/.local/lib/python3.7/site-packages/airflow/example_dags/example_short_circuit_operator.py for tasks to queue
[2022-11-28T23:40:50.771+0000] {logging_mixin.py:137} INFO - [2022-11-28T23:40:50.771+0000] {dagbag.py:537} INFO - Filling up the DagBag from /home/airflow/.local/lib/python3.7/site-packages/airflow/example_dags/example_short_circuit_operator.py
[2022-11-28T23:40:50.785+0000] {processor.py:766} INFO - DAG(s) dict_keys(['example_short_circuit_operator']) retrieved from /home/airflow/.local/lib/python3.7/site-packages/airflow/example_dags/example_short_circuit_operator.py
[2022-11-28T23:40:50.822+0000] {logging_mixin.py:137} INFO - [2022-11-28T23:40:50.822+0000] {dag.py:2585} INFO - Sync 1 DAGs
[2022-11-28T23:40:50.849+0000] {logging_mixin.py:137} INFO - [2022-11-28T23:40:50.849+0000] {dag.py:3340} INFO - Setting next_dagrun for example_short_circuit_operator to 2022-11-27T23:40:50.849488+00:00, run_after=2022-11-28T23:40:50.849488+00:00
[2022-11-28T23:40:50.872+0000] {processor.py:176} INFO - Processing /home/airflow/.local/lib/python3.7/site-packages/airflow/example_dags/example_short_circuit_operator.py took 0.104 seconds
[2022-11-28T23:41:21.623+0000] {processor.py:154} INFO - Started process (PID=1832) to work on /home/airflow/.local/lib/python3.7/site-packages/airflow/example_dags/example_short_circuit_operator.py
[2022-11-28T23:41:21.624+0000] {processor.py:756} INFO - Processing file /home/airflow/.local/lib/python3.7/site-packages/airflow/example_dags/example_short_circuit_operator.py for tasks to queue
[2022-11-28T23:41:21.625+0000] {logging_mixin.py:137} INFO - [2022-11-28T23:41:21.625+0000] {dagbag.py:537} INFO - Filling up the DagBag from /home/airflow/.local/lib/python3.7/site-packages/airflow/example_dags/example_short_circuit_operator.py
[2022-11-28T23:41:21.642+0000] {processor.py:766} INFO - DAG(s) dict_keys(['example_short_circuit_operator']) retrieved from /home/airflow/.local/lib/python3.7/site-packages/airflow/example_dags/example_short_circuit_operator.py
[2022-11-28T23:41:21.705+0000] {logging_mixin.py:137} INFO - [2022-11-28T23:41:21.704+0000] {dag.py:2585} INFO - Sync 1 DAGs
[2022-11-28T23:41:21.738+0000] {logging_mixin.py:137} INFO - [2022-11-28T23:41:21.738+0000] {dag.py:3340} INFO - Setting next_dagrun for example_short_circuit_operator to 2022-11-27T23:41:21.738257+00:00, run_after=2022-11-28T23:41:21.738257+00:00
[2022-11-28T23:41:21.766+0000] {processor.py:176} INFO - Processing /home/airflow/.local/lib/python3.7/site-packages/airflow/example_dags/example_short_circuit_operator.py took 0.146 seconds
[2022-11-28T23:41:52.559+0000] {processor.py:154} INFO - Started process (PID=2039) to work on /home/airflow/.local/lib/python3.7/site-packages/airflow/example_dags/example_short_circuit_operator.py
[2022-11-28T23:41:52.560+0000] {processor.py:756} INFO - Processing file /home/airflow/.local/lib/python3.7/site-packages/airflow/example_dags/example_short_circuit_operator.py for tasks to queue
[2022-11-28T23:41:52.560+0000] {logging_mixin.py:137} INFO - [2022-11-28T23:41:52.560+0000] {dagbag.py:537} INFO - Filling up the DagBag from /home/airflow/.local/lib/python3.7/site-packages/airflow/example_dags/example_short_circuit_operator.py
[2022-11-28T23:41:52.577+0000] {processor.py:766} INFO - DAG(s) dict_keys(['example_short_circuit_operator']) retrieved from /home/airflow/.local/lib/python3.7/site-packages/airflow/example_dags/example_short_circuit_operator.py
[2022-11-28T23:41:52.626+0000] {logging_mixin.py:137} INFO - [2022-11-28T23:41:52.625+0000] {dag.py:2585} INFO - Sync 1 DAGs
[2022-11-28T23:41:52.659+0000] {logging_mixin.py:137} INFO - [2022-11-28T23:41:52.659+0000] {dag.py:3340} INFO - Setting next_dagrun for example_short_circuit_operator to 2022-11-27T23:41:52.658823+00:00, run_after=2022-11-28T23:41:52.658823+00:00
[2022-11-28T23:41:52.692+0000] {processor.py:176} INFO - Processing /home/airflow/.local/lib/python3.7/site-packages/airflow/example_dags/example_short_circuit_operator.py took 0.135 seconds
[2022-11-28T23:42:23.515+0000] {processor.py:154} INFO - Started process (PID=2237) to work on /home/airflow/.local/lib/python3.7/site-packages/airflow/example_dags/example_short_circuit_operator.py
[2022-11-28T23:42:23.516+0000] {processor.py:756} INFO - Processing file /home/airflow/.local/lib/python3.7/site-packages/airflow/example_dags/example_short_circuit_operator.py for tasks to queue
[2022-11-28T23:42:23.516+0000] {logging_mixin.py:137} INFO - [2022-11-28T23:42:23.516+0000] {dagbag.py:537} INFO - Filling up the DagBag from /home/airflow/.local/lib/python3.7/site-packages/airflow/example_dags/example_short_circuit_operator.py
[2022-11-28T23:42:23.535+0000] {processor.py:766} INFO - DAG(s) dict_keys(['example_short_circuit_operator']) retrieved from /home/airflow/.local/lib/python3.7/site-packages/airflow/example_dags/example_short_circuit_operator.py
[2022-11-28T23:42:23.582+0000] {logging_mixin.py:137} INFO - [2022-11-28T23:42:23.581+0000] {dag.py:2585} INFO - Sync 1 DAGs
[2022-11-28T23:42:23.615+0000] {logging_mixin.py:137} INFO - [2022-11-28T23:42:23.615+0000] {dag.py:3340} INFO - Setting next_dagrun for example_short_circuit_operator to 2022-11-27T23:42:23.615517+00:00, run_after=2022-11-28T23:42:23.615517+00:00
[2022-11-28T23:42:23.643+0000] {processor.py:176} INFO - Processing /home/airflow/.local/lib/python3.7/site-packages/airflow/example_dags/example_short_circuit_operator.py took 0.131 seconds
[2022-11-28T23:42:54.143+0000] {processor.py:154} INFO - Started process (PID=2444) to work on /home/airflow/.local/lib/python3.7/site-packages/airflow/example_dags/example_short_circuit_operator.py
[2022-11-28T23:42:54.144+0000] {processor.py:756} INFO - Processing file /home/airflow/.local/lib/python3.7/site-packages/airflow/example_dags/example_short_circuit_operator.py for tasks to queue
[2022-11-28T23:42:54.145+0000] {logging_mixin.py:137} INFO - [2022-11-28T23:42:54.144+0000] {dagbag.py:537} INFO - Filling up the DagBag from /home/airflow/.local/lib/python3.7/site-packages/airflow/example_dags/example_short_circuit_operator.py
[2022-11-28T23:42:54.161+0000] {processor.py:766} INFO - DAG(s) dict_keys(['example_short_circuit_operator']) retrieved from /home/airflow/.local/lib/python3.7/site-packages/airflow/example_dags/example_short_circuit_operator.py
[2022-11-28T23:42:54.206+0000] {logging_mixin.py:137} INFO - [2022-11-28T23:42:54.206+0000] {dag.py:2585} INFO - Sync 1 DAGs
[2022-11-28T23:42:54.238+0000] {logging_mixin.py:137} INFO - [2022-11-28T23:42:54.237+0000] {dag.py:3340} INFO - Setting next_dagrun for example_short_circuit_operator to 2022-11-27T23:42:54.237778+00:00, run_after=2022-11-28T23:42:54.237778+00:00
[2022-11-28T23:42:54.263+0000] {processor.py:176} INFO - Processing /home/airflow/.local/lib/python3.7/site-packages/airflow/example_dags/example_short_circuit_operator.py took 0.122 seconds
[2022-11-28T23:43:25.154+0000] {processor.py:154} INFO - Started process (PID=2648) to work on /home/airflow/.local/lib/python3.7/site-packages/airflow/example_dags/example_short_circuit_operator.py
[2022-11-28T23:43:25.154+0000] {processor.py:756} INFO - Processing file /home/airflow/.local/lib/python3.7/site-packages/airflow/example_dags/example_short_circuit_operator.py for tasks to queue
[2022-11-28T23:43:25.155+0000] {logging_mixin.py:137} INFO - [2022-11-28T23:43:25.155+0000] {dagbag.py:537} INFO - Filling up the DagBag from /home/airflow/.local/lib/python3.7/site-packages/airflow/example_dags/example_short_circuit_operator.py
[2022-11-28T23:43:25.174+0000] {processor.py:766} INFO - DAG(s) dict_keys(['example_short_circuit_operator']) retrieved from /home/airflow/.local/lib/python3.7/site-packages/airflow/example_dags/example_short_circuit_operator.py
[2022-11-28T23:43:25.214+0000] {logging_mixin.py:137} INFO - [2022-11-28T23:43:25.214+0000] {dag.py:2585} INFO - Sync 1 DAGs
[2022-11-28T23:43:25.242+0000] {logging_mixin.py:137} INFO - [2022-11-28T23:43:25.242+0000] {dag.py:3340} INFO - Setting next_dagrun for example_short_circuit_operator to 2022-11-27T23:43:25.241928+00:00, run_after=2022-11-28T23:43:25.241928+00:00
[2022-11-28T23:43:25.264+0000] {processor.py:176} INFO - Processing /home/airflow/.local/lib/python3.7/site-packages/airflow/example_dags/example_short_circuit_operator.py took 0.112 seconds
[2022-11-28T23:43:55.812+0000] {processor.py:154} INFO - Started process (PID=2849) to work on /home/airflow/.local/lib/python3.7/site-packages/airflow/example_dags/example_short_circuit_operator.py
[2022-11-28T23:43:55.813+0000] {processor.py:756} INFO - Processing file /home/airflow/.local/lib/python3.7/site-packages/airflow/example_dags/example_short_circuit_operator.py for tasks to queue
[2022-11-28T23:43:55.813+0000] {logging_mixin.py:137} INFO - [2022-11-28T23:43:55.813+0000] {dagbag.py:537} INFO - Filling up the DagBag from /home/airflow/.local/lib/python3.7/site-packages/airflow/example_dags/example_short_circuit_operator.py
[2022-11-28T23:43:55.827+0000] {processor.py:766} INFO - DAG(s) dict_keys(['example_short_circuit_operator']) retrieved from /home/airflow/.local/lib/python3.7/site-packages/airflow/example_dags/example_short_circuit_operator.py
[2022-11-28T23:43:55.862+0000] {logging_mixin.py:137} INFO - [2022-11-28T23:43:55.862+0000] {dag.py:2585} INFO - Sync 1 DAGs
[2022-11-28T23:43:55.888+0000] {logging_mixin.py:137} INFO - [2022-11-28T23:43:55.888+0000] {dag.py:3340} INFO - Setting next_dagrun for example_short_circuit_operator to 2022-11-27T23:43:55.888357+00:00, run_after=2022-11-28T23:43:55.888357+00:00
[2022-11-28T23:43:55.910+0000] {processor.py:176} INFO - Processing /home/airflow/.local/lib/python3.7/site-packages/airflow/example_dags/example_short_circuit_operator.py took 0.100 seconds
[2022-11-28T23:44:26.474+0000] {processor.py:154} INFO - Started process (PID=3056) to work on /home/airflow/.local/lib/python3.7/site-packages/airflow/example_dags/example_short_circuit_operator.py
[2022-11-28T23:44:26.475+0000] {processor.py:756} INFO - Processing file /home/airflow/.local/lib/python3.7/site-packages/airflow/example_dags/example_short_circuit_operator.py for tasks to queue
[2022-11-28T23:44:26.475+0000] {logging_mixin.py:137} INFO - [2022-11-28T23:44:26.475+0000] {dagbag.py:537} INFO - Filling up the DagBag from /home/airflow/.local/lib/python3.7/site-packages/airflow/example_dags/example_short_circuit_operator.py
[2022-11-28T23:44:26.494+0000] {processor.py:766} INFO - DAG(s) dict_keys(['example_short_circuit_operator']) retrieved from /home/airflow/.local/lib/python3.7/site-packages/airflow/example_dags/example_short_circuit_operator.py
[2022-11-28T23:44:26.534+0000] {logging_mixin.py:137} INFO - [2022-11-28T23:44:26.534+0000] {dag.py:2585} INFO - Sync 1 DAGs
[2022-11-28T23:44:26.569+0000] {logging_mixin.py:137} INFO - [2022-11-28T23:44:26.568+0000] {dag.py:3340} INFO - Setting next_dagrun for example_short_circuit_operator to 2022-11-27T23:44:26.568668+00:00, run_after=2022-11-28T23:44:26.568668+00:00
[2022-11-28T23:44:26.592+0000] {processor.py:176} INFO - Processing /home/airflow/.local/lib/python3.7/site-packages/airflow/example_dags/example_short_circuit_operator.py took 0.122 seconds
[2022-11-28T23:44:56.980+0000] {processor.py:154} INFO - Started process (PID=3263) to work on /home/airflow/.local/lib/python3.7/site-packages/airflow/example_dags/example_short_circuit_operator.py
[2022-11-28T23:44:56.980+0000] {processor.py:756} INFO - Processing file /home/airflow/.local/lib/python3.7/site-packages/airflow/example_dags/example_short_circuit_operator.py for tasks to queue
[2022-11-28T23:44:56.981+0000] {logging_mixin.py:137} INFO - [2022-11-28T23:44:56.981+0000] {dagbag.py:537} INFO - Filling up the DagBag from /home/airflow/.local/lib/python3.7/site-packages/airflow/example_dags/example_short_circuit_operator.py
[2022-11-28T23:44:56.998+0000] {processor.py:766} INFO - DAG(s) dict_keys(['example_short_circuit_operator']) retrieved from /home/airflow/.local/lib/python3.7/site-packages/airflow/example_dags/example_short_circuit_operator.py
[2022-11-28T23:44:57.041+0000] {logging_mixin.py:137} INFO - [2022-11-28T23:44:57.041+0000] {dag.py:2585} INFO - Sync 1 DAGs
[2022-11-28T23:44:57.069+0000] {logging_mixin.py:137} INFO - [2022-11-28T23:44:57.069+0000] {dag.py:3340} INFO - Setting next_dagrun for example_short_circuit_operator to 2022-11-27T23:44:57.069428+00:00, run_after=2022-11-28T23:44:57.069428+00:00
[2022-11-28T23:44:57.093+0000] {processor.py:176} INFO - Processing /home/airflow/.local/lib/python3.7/site-packages/airflow/example_dags/example_short_circuit_operator.py took 0.116 seconds
[2022-11-28T23:45:27.817+0000] {processor.py:154} INFO - Started process (PID=3461) to work on /home/airflow/.local/lib/python3.7/site-packages/airflow/example_dags/example_short_circuit_operator.py
[2022-11-28T23:45:27.818+0000] {processor.py:756} INFO - Processing file /home/airflow/.local/lib/python3.7/site-packages/airflow/example_dags/example_short_circuit_operator.py for tasks to queue
[2022-11-28T23:45:27.819+0000] {logging_mixin.py:137} INFO - [2022-11-28T23:45:27.819+0000] {dagbag.py:537} INFO - Filling up the DagBag from /home/airflow/.local/lib/python3.7/site-packages/airflow/example_dags/example_short_circuit_operator.py
[2022-11-28T23:45:27.834+0000] {processor.py:766} INFO - DAG(s) dict_keys(['example_short_circuit_operator']) retrieved from /home/airflow/.local/lib/python3.7/site-packages/airflow/example_dags/example_short_circuit_operator.py
[2022-11-28T23:45:27.876+0000] {logging_mixin.py:137} INFO - [2022-11-28T23:45:27.876+0000] {dag.py:2585} INFO - Sync 1 DAGs
[2022-11-28T23:45:27.903+0000] {logging_mixin.py:137} INFO - [2022-11-28T23:45:27.903+0000] {dag.py:3340} INFO - Setting next_dagrun for example_short_circuit_operator to 2022-11-27T23:45:27.902865+00:00, run_after=2022-11-28T23:45:27.902865+00:00
[2022-11-28T23:45:27.926+0000] {processor.py:176} INFO - Processing /home/airflow/.local/lib/python3.7/site-packages/airflow/example_dags/example_short_circuit_operator.py took 0.111 seconds
