[2022-11-28T23:37:17.101+0000] {processor.py:154} INFO - Started process (PID=356) to work on /home/airflow/.local/lib/python3.7/site-packages/airflow/example_dags/example_external_task_marker_dag.py
[2022-11-28T23:37:17.101+0000] {processor.py:756} INFO - Processing file /home/airflow/.local/lib/python3.7/site-packages/airflow/example_dags/example_external_task_marker_dag.py for tasks to queue
[2022-11-28T23:37:17.101+0000] {logging_mixin.py:137} INFO - [2022-11-28T23:37:17.101+0000] {dagbag.py:537} INFO - Filling up the DagBag from /home/airflow/.local/lib/python3.7/site-packages/airflow/example_dags/example_external_task_marker_dag.py
[2022-11-28T23:37:17.115+0000] {processor.py:766} INFO - DAG(s) dict_keys(['example_external_task_marker_child', 'example_external_task_marker_parent']) retrieved from /home/airflow/.local/lib/python3.7/site-packages/airflow/example_dags/example_external_task_marker_dag.py
[2022-11-28T23:37:17.335+0000] {logging_mixin.py:137} INFO - [2022-11-28T23:37:17.335+0000] {dag.py:2585} INFO - Sync 2 DAGs
[2022-11-28T23:37:17.362+0000] {logging_mixin.py:137} INFO - [2022-11-28T23:37:17.362+0000] {dag.py:3340} INFO - Setting next_dagrun for example_external_task_marker_child to None, run_after=None
[2022-11-28T23:37:17.366+0000] {logging_mixin.py:137} INFO - [2022-11-28T23:37:17.365+0000] {dag.py:3340} INFO - Setting next_dagrun for example_external_task_marker_parent to None, run_after=None
[2022-11-28T23:37:17.386+0000] {processor.py:176} INFO - Processing /home/airflow/.local/lib/python3.7/site-packages/airflow/example_dags/example_external_task_marker_dag.py took 0.287 seconds
[2022-11-28T23:37:47.998+0000] {processor.py:154} INFO - Started process (PID=554) to work on /home/airflow/.local/lib/python3.7/site-packages/airflow/example_dags/example_external_task_marker_dag.py
[2022-11-28T23:37:47.999+0000] {processor.py:756} INFO - Processing file /home/airflow/.local/lib/python3.7/site-packages/airflow/example_dags/example_external_task_marker_dag.py for tasks to queue
[2022-11-28T23:37:47.999+0000] {logging_mixin.py:137} INFO - [2022-11-28T23:37:47.999+0000] {dagbag.py:537} INFO - Filling up the DagBag from /home/airflow/.local/lib/python3.7/site-packages/airflow/example_dags/example_external_task_marker_dag.py
[2022-11-28T23:37:48.010+0000] {processor.py:766} INFO - DAG(s) dict_keys(['example_external_task_marker_parent', 'example_external_task_marker_child']) retrieved from /home/airflow/.local/lib/python3.7/site-packages/airflow/example_dags/example_external_task_marker_dag.py
[2022-11-28T23:37:48.237+0000] {logging_mixin.py:137} INFO - [2022-11-28T23:37:48.236+0000] {dag.py:2585} INFO - Sync 2 DAGs
[2022-11-28T23:37:48.263+0000] {logging_mixin.py:137} INFO - [2022-11-28T23:37:48.263+0000] {dag.py:3340} INFO - Setting next_dagrun for example_external_task_marker_child to None, run_after=None
[2022-11-28T23:37:48.267+0000] {logging_mixin.py:137} INFO - [2022-11-28T23:37:48.267+0000] {dag.py:3340} INFO - Setting next_dagrun for example_external_task_marker_parent to None, run_after=None
[2022-11-28T23:37:48.285+0000] {processor.py:176} INFO - Processing /home/airflow/.local/lib/python3.7/site-packages/airflow/example_dags/example_external_task_marker_dag.py took 0.288 seconds
[2022-11-28T23:38:18.792+0000] {processor.py:154} INFO - Started process (PID=762) to work on /home/airflow/.local/lib/python3.7/site-packages/airflow/example_dags/example_external_task_marker_dag.py
[2022-11-28T23:38:18.793+0000] {processor.py:756} INFO - Processing file /home/airflow/.local/lib/python3.7/site-packages/airflow/example_dags/example_external_task_marker_dag.py for tasks to queue
[2022-11-28T23:38:18.793+0000] {logging_mixin.py:137} INFO - [2022-11-28T23:38:18.793+0000] {dagbag.py:537} INFO - Filling up the DagBag from /home/airflow/.local/lib/python3.7/site-packages/airflow/example_dags/example_external_task_marker_dag.py
[2022-11-28T23:38:18.805+0000] {processor.py:766} INFO - DAG(s) dict_keys(['example_external_task_marker_child', 'example_external_task_marker_parent']) retrieved from /home/airflow/.local/lib/python3.7/site-packages/airflow/example_dags/example_external_task_marker_dag.py
[2022-11-28T23:38:19.020+0000] {logging_mixin.py:137} INFO - [2022-11-28T23:38:19.020+0000] {dag.py:2585} INFO - Sync 2 DAGs
[2022-11-28T23:38:19.046+0000] {logging_mixin.py:137} INFO - [2022-11-28T23:38:19.046+0000] {dag.py:3340} INFO - Setting next_dagrun for example_external_task_marker_child to None, run_after=None
[2022-11-28T23:38:19.050+0000] {logging_mixin.py:137} INFO - [2022-11-28T23:38:19.050+0000] {dag.py:3340} INFO - Setting next_dagrun for example_external_task_marker_parent to None, run_after=None
[2022-11-28T23:38:19.069+0000] {processor.py:176} INFO - Processing /home/airflow/.local/lib/python3.7/site-packages/airflow/example_dags/example_external_task_marker_dag.py took 0.279 seconds
[2022-11-28T23:38:49.575+0000] {processor.py:154} INFO - Started process (PID=969) to work on /home/airflow/.local/lib/python3.7/site-packages/airflow/example_dags/example_external_task_marker_dag.py
[2022-11-28T23:38:49.576+0000] {processor.py:756} INFO - Processing file /home/airflow/.local/lib/python3.7/site-packages/airflow/example_dags/example_external_task_marker_dag.py for tasks to queue
[2022-11-28T23:38:49.576+0000] {logging_mixin.py:137} INFO - [2022-11-28T23:38:49.576+0000] {dagbag.py:537} INFO - Filling up the DagBag from /home/airflow/.local/lib/python3.7/site-packages/airflow/example_dags/example_external_task_marker_dag.py
[2022-11-28T23:38:49.587+0000] {processor.py:766} INFO - DAG(s) dict_keys(['example_external_task_marker_child', 'example_external_task_marker_parent']) retrieved from /home/airflow/.local/lib/python3.7/site-packages/airflow/example_dags/example_external_task_marker_dag.py
[2022-11-28T23:38:49.806+0000] {logging_mixin.py:137} INFO - [2022-11-28T23:38:49.806+0000] {dag.py:2585} INFO - Sync 2 DAGs
[2022-11-28T23:38:49.834+0000] {logging_mixin.py:137} INFO - [2022-11-28T23:38:49.834+0000] {dag.py:3340} INFO - Setting next_dagrun for example_external_task_marker_child to None, run_after=None
[2022-11-28T23:38:49.837+0000] {logging_mixin.py:137} INFO - [2022-11-28T23:38:49.837+0000] {dag.py:3340} INFO - Setting next_dagrun for example_external_task_marker_parent to None, run_after=None
[2022-11-28T23:38:49.856+0000] {processor.py:176} INFO - Processing /home/airflow/.local/lib/python3.7/site-packages/airflow/example_dags/example_external_task_marker_dag.py took 0.283 seconds
[2022-11-28T23:39:20.363+0000] {processor.py:154} INFO - Started process (PID=1167) to work on /home/airflow/.local/lib/python3.7/site-packages/airflow/example_dags/example_external_task_marker_dag.py
[2022-11-28T23:39:20.364+0000] {processor.py:756} INFO - Processing file /home/airflow/.local/lib/python3.7/site-packages/airflow/example_dags/example_external_task_marker_dag.py for tasks to queue
[2022-11-28T23:39:20.365+0000] {logging_mixin.py:137} INFO - [2022-11-28T23:39:20.365+0000] {dagbag.py:537} INFO - Filling up the DagBag from /home/airflow/.local/lib/python3.7/site-packages/airflow/example_dags/example_external_task_marker_dag.py
[2022-11-28T23:39:20.377+0000] {processor.py:766} INFO - DAG(s) dict_keys(['example_external_task_marker_child', 'example_external_task_marker_parent']) retrieved from /home/airflow/.local/lib/python3.7/site-packages/airflow/example_dags/example_external_task_marker_dag.py
[2022-11-28T23:39:20.612+0000] {logging_mixin.py:137} INFO - [2022-11-28T23:39:20.612+0000] {dag.py:2585} INFO - Sync 2 DAGs
[2022-11-28T23:39:20.642+0000] {logging_mixin.py:137} INFO - [2022-11-28T23:39:20.642+0000] {dag.py:3340} INFO - Setting next_dagrun for example_external_task_marker_child to None, run_after=None
[2022-11-28T23:39:20.646+0000] {logging_mixin.py:137} INFO - [2022-11-28T23:39:20.646+0000] {dag.py:3340} INFO - Setting next_dagrun for example_external_task_marker_parent to None, run_after=None
[2022-11-28T23:39:20.678+0000] {processor.py:176} INFO - Processing /home/airflow/.local/lib/python3.7/site-packages/airflow/example_dags/example_external_task_marker_dag.py took 0.317 seconds
[2022-11-28T23:39:51.427+0000] {processor.py:154} INFO - Started process (PID=1374) to work on /home/airflow/.local/lib/python3.7/site-packages/airflow/example_dags/example_external_task_marker_dag.py
[2022-11-28T23:39:51.428+0000] {processor.py:756} INFO - Processing file /home/airflow/.local/lib/python3.7/site-packages/airflow/example_dags/example_external_task_marker_dag.py for tasks to queue
[2022-11-28T23:39:51.428+0000] {logging_mixin.py:137} INFO - [2022-11-28T23:39:51.428+0000] {dagbag.py:537} INFO - Filling up the DagBag from /home/airflow/.local/lib/python3.7/site-packages/airflow/example_dags/example_external_task_marker_dag.py
[2022-11-28T23:39:51.441+0000] {processor.py:766} INFO - DAG(s) dict_keys(['example_external_task_marker_child', 'example_external_task_marker_parent']) retrieved from /home/airflow/.local/lib/python3.7/site-packages/airflow/example_dags/example_external_task_marker_dag.py
[2022-11-28T23:39:51.696+0000] {logging_mixin.py:137} INFO - [2022-11-28T23:39:51.696+0000] {dag.py:2585} INFO - Sync 2 DAGs
[2022-11-28T23:39:51.731+0000] {logging_mixin.py:137} INFO - [2022-11-28T23:39:51.731+0000] {dag.py:3340} INFO - Setting next_dagrun for example_external_task_marker_child to None, run_after=None
[2022-11-28T23:39:51.735+0000] {logging_mixin.py:137} INFO - [2022-11-28T23:39:51.735+0000] {dag.py:3340} INFO - Setting next_dagrun for example_external_task_marker_parent to None, run_after=None
[2022-11-28T23:39:51.758+0000] {processor.py:176} INFO - Processing /home/airflow/.local/lib/python3.7/site-packages/airflow/example_dags/example_external_task_marker_dag.py took 0.333 seconds
[2022-11-28T23:40:22.251+0000] {processor.py:154} INFO - Started process (PID=1582) to work on /home/airflow/.local/lib/python3.7/site-packages/airflow/example_dags/example_external_task_marker_dag.py
[2022-11-28T23:40:22.252+0000] {processor.py:756} INFO - Processing file /home/airflow/.local/lib/python3.7/site-packages/airflow/example_dags/example_external_task_marker_dag.py for tasks to queue
[2022-11-28T23:40:22.252+0000] {logging_mixin.py:137} INFO - [2022-11-28T23:40:22.252+0000] {dagbag.py:537} INFO - Filling up the DagBag from /home/airflow/.local/lib/python3.7/site-packages/airflow/example_dags/example_external_task_marker_dag.py
[2022-11-28T23:40:22.263+0000] {processor.py:766} INFO - DAG(s) dict_keys(['example_external_task_marker_parent', 'example_external_task_marker_child']) retrieved from /home/airflow/.local/lib/python3.7/site-packages/airflow/example_dags/example_external_task_marker_dag.py
[2022-11-28T23:40:22.487+0000] {logging_mixin.py:137} INFO - [2022-11-28T23:40:22.487+0000] {dag.py:2585} INFO - Sync 2 DAGs
[2022-11-28T23:40:22.517+0000] {logging_mixin.py:137} INFO - [2022-11-28T23:40:22.517+0000] {dag.py:3340} INFO - Setting next_dagrun for example_external_task_marker_child to None, run_after=None
[2022-11-28T23:40:22.521+0000] {logging_mixin.py:137} INFO - [2022-11-28T23:40:22.521+0000] {dag.py:3340} INFO - Setting next_dagrun for example_external_task_marker_parent to None, run_after=None
[2022-11-28T23:40:22.542+0000] {processor.py:176} INFO - Processing /home/airflow/.local/lib/python3.7/site-packages/airflow/example_dags/example_external_task_marker_dag.py took 0.293 seconds
[2022-11-28T23:40:53.009+0000] {processor.py:154} INFO - Started process (PID=1780) to work on /home/airflow/.local/lib/python3.7/site-packages/airflow/example_dags/example_external_task_marker_dag.py
[2022-11-28T23:40:53.010+0000] {processor.py:756} INFO - Processing file /home/airflow/.local/lib/python3.7/site-packages/airflow/example_dags/example_external_task_marker_dag.py for tasks to queue
[2022-11-28T23:40:53.010+0000] {logging_mixin.py:137} INFO - [2022-11-28T23:40:53.010+0000] {dagbag.py:537} INFO - Filling up the DagBag from /home/airflow/.local/lib/python3.7/site-packages/airflow/example_dags/example_external_task_marker_dag.py
[2022-11-28T23:40:53.024+0000] {processor.py:766} INFO - DAG(s) dict_keys(['example_external_task_marker_child', 'example_external_task_marker_parent']) retrieved from /home/airflow/.local/lib/python3.7/site-packages/airflow/example_dags/example_external_task_marker_dag.py
[2022-11-28T23:40:53.257+0000] {logging_mixin.py:137} INFO - [2022-11-28T23:40:53.256+0000] {dag.py:2585} INFO - Sync 2 DAGs
[2022-11-28T23:40:53.285+0000] {logging_mixin.py:137} INFO - [2022-11-28T23:40:53.284+0000] {dag.py:3340} INFO - Setting next_dagrun for example_external_task_marker_child to None, run_after=None
[2022-11-28T23:40:53.288+0000] {logging_mixin.py:137} INFO - [2022-11-28T23:40:53.288+0000] {dag.py:3340} INFO - Setting next_dagrun for example_external_task_marker_parent to None, run_after=None
[2022-11-28T23:40:53.317+0000] {processor.py:176} INFO - Processing /home/airflow/.local/lib/python3.7/site-packages/airflow/example_dags/example_external_task_marker_dag.py took 0.311 seconds
[2022-11-28T23:41:24.040+0000] {processor.py:154} INFO - Started process (PID=1987) to work on /home/airflow/.local/lib/python3.7/site-packages/airflow/example_dags/example_external_task_marker_dag.py
[2022-11-28T23:41:24.041+0000] {processor.py:756} INFO - Processing file /home/airflow/.local/lib/python3.7/site-packages/airflow/example_dags/example_external_task_marker_dag.py for tasks to queue
[2022-11-28T23:41:24.041+0000] {logging_mixin.py:137} INFO - [2022-11-28T23:41:24.041+0000] {dagbag.py:537} INFO - Filling up the DagBag from /home/airflow/.local/lib/python3.7/site-packages/airflow/example_dags/example_external_task_marker_dag.py
[2022-11-28T23:41:24.054+0000] {processor.py:766} INFO - DAG(s) dict_keys(['example_external_task_marker_child', 'example_external_task_marker_parent']) retrieved from /home/airflow/.local/lib/python3.7/site-packages/airflow/example_dags/example_external_task_marker_dag.py
[2022-11-28T23:41:24.291+0000] {logging_mixin.py:137} INFO - [2022-11-28T23:41:24.290+0000] {dag.py:2585} INFO - Sync 2 DAGs
[2022-11-28T23:41:24.326+0000] {logging_mixin.py:137} INFO - [2022-11-28T23:41:24.325+0000] {dag.py:3340} INFO - Setting next_dagrun for example_external_task_marker_child to None, run_after=None
[2022-11-28T23:41:24.329+0000] {logging_mixin.py:137} INFO - [2022-11-28T23:41:24.329+0000] {dag.py:3340} INFO - Setting next_dagrun for example_external_task_marker_parent to None, run_after=None
[2022-11-28T23:41:24.353+0000] {processor.py:176} INFO - Processing /home/airflow/.local/lib/python3.7/site-packages/airflow/example_dags/example_external_task_marker_dag.py took 0.315 seconds
[2022-11-28T23:41:54.970+0000] {processor.py:154} INFO - Started process (PID=2194) to work on /home/airflow/.local/lib/python3.7/site-packages/airflow/example_dags/example_external_task_marker_dag.py
[2022-11-28T23:41:54.970+0000] {processor.py:756} INFO - Processing file /home/airflow/.local/lib/python3.7/site-packages/airflow/example_dags/example_external_task_marker_dag.py for tasks to queue
[2022-11-28T23:41:54.971+0000] {logging_mixin.py:137} INFO - [2022-11-28T23:41:54.971+0000] {dagbag.py:537} INFO - Filling up the DagBag from /home/airflow/.local/lib/python3.7/site-packages/airflow/example_dags/example_external_task_marker_dag.py
[2022-11-28T23:41:54.984+0000] {processor.py:766} INFO - DAG(s) dict_keys(['example_external_task_marker_child', 'example_external_task_marker_parent']) retrieved from /home/airflow/.local/lib/python3.7/site-packages/airflow/example_dags/example_external_task_marker_dag.py
[2022-11-28T23:41:55.221+0000] {logging_mixin.py:137} INFO - [2022-11-28T23:41:55.221+0000] {dag.py:2585} INFO - Sync 2 DAGs
[2022-11-28T23:41:55.251+0000] {logging_mixin.py:137} INFO - [2022-11-28T23:41:55.251+0000] {dag.py:3340} INFO - Setting next_dagrun for example_external_task_marker_child to None, run_after=None
[2022-11-28T23:41:55.255+0000] {logging_mixin.py:137} INFO - [2022-11-28T23:41:55.255+0000] {dag.py:3340} INFO - Setting next_dagrun for example_external_task_marker_parent to None, run_after=None
[2022-11-28T23:41:55.277+0000] {processor.py:176} INFO - Processing /home/airflow/.local/lib/python3.7/site-packages/airflow/example_dags/example_external_task_marker_dag.py took 0.309 seconds
[2022-11-28T23:42:27.353+0000] {processor.py:154} INFO - Started process (PID=2401) to work on /home/airflow/.local/lib/python3.7/site-packages/airflow/example_dags/example_external_task_marker_dag.py
[2022-11-28T23:42:27.355+0000] {processor.py:756} INFO - Processing file /home/airflow/.local/lib/python3.7/site-packages/airflow/example_dags/example_external_task_marker_dag.py for tasks to queue
[2022-11-28T23:42:27.355+0000] {logging_mixin.py:137} INFO - [2022-11-28T23:42:27.355+0000] {dagbag.py:537} INFO - Filling up the DagBag from /home/airflow/.local/lib/python3.7/site-packages/airflow/example_dags/example_external_task_marker_dag.py
[2022-11-28T23:42:27.374+0000] {processor.py:766} INFO - DAG(s) dict_keys(['example_external_task_marker_parent', 'example_external_task_marker_child']) retrieved from /home/airflow/.local/lib/python3.7/site-packages/airflow/example_dags/example_external_task_marker_dag.py
[2022-11-28T23:42:27.711+0000] {logging_mixin.py:137} INFO - [2022-11-28T23:42:27.710+0000] {dag.py:2585} INFO - Sync 2 DAGs
[2022-11-28T23:42:27.804+0000] {logging_mixin.py:137} INFO - [2022-11-28T23:42:27.804+0000] {dag.py:3340} INFO - Setting next_dagrun for example_external_task_marker_child to None, run_after=None
[2022-11-28T23:42:27.821+0000] {logging_mixin.py:137} INFO - [2022-11-28T23:42:27.819+0000] {dag.py:3340} INFO - Setting next_dagrun for example_external_task_marker_parent to None, run_after=None
[2022-11-28T23:42:27.899+0000] {processor.py:176} INFO - Processing /home/airflow/.local/lib/python3.7/site-packages/airflow/example_dags/example_external_task_marker_dag.py took 0.550 seconds
[2022-11-28T23:42:58.610+0000] {processor.py:154} INFO - Started process (PID=2599) to work on /home/airflow/.local/lib/python3.7/site-packages/airflow/example_dags/example_external_task_marker_dag.py
[2022-11-28T23:42:58.610+0000] {processor.py:756} INFO - Processing file /home/airflow/.local/lib/python3.7/site-packages/airflow/example_dags/example_external_task_marker_dag.py for tasks to queue
[2022-11-28T23:42:58.611+0000] {logging_mixin.py:137} INFO - [2022-11-28T23:42:58.610+0000] {dagbag.py:537} INFO - Filling up the DagBag from /home/airflow/.local/lib/python3.7/site-packages/airflow/example_dags/example_external_task_marker_dag.py
[2022-11-28T23:42:58.622+0000] {processor.py:766} INFO - DAG(s) dict_keys(['example_external_task_marker_child', 'example_external_task_marker_parent']) retrieved from /home/airflow/.local/lib/python3.7/site-packages/airflow/example_dags/example_external_task_marker_dag.py
[2022-11-28T23:42:58.847+0000] {logging_mixin.py:137} INFO - [2022-11-28T23:42:58.847+0000] {dag.py:2585} INFO - Sync 2 DAGs
[2022-11-28T23:42:58.876+0000] {logging_mixin.py:137} INFO - [2022-11-28T23:42:58.876+0000] {dag.py:3340} INFO - Setting next_dagrun for example_external_task_marker_child to None, run_after=None
[2022-11-28T23:42:58.880+0000] {logging_mixin.py:137} INFO - [2022-11-28T23:42:58.880+0000] {dag.py:3340} INFO - Setting next_dagrun for example_external_task_marker_parent to None, run_after=None
[2022-11-28T23:42:58.901+0000] {processor.py:176} INFO - Processing /home/airflow/.local/lib/python3.7/site-packages/airflow/example_dags/example_external_task_marker_dag.py took 0.293 seconds
[2022-11-28T23:43:29.322+0000] {processor.py:154} INFO - Started process (PID=2806) to work on /home/airflow/.local/lib/python3.7/site-packages/airflow/example_dags/example_external_task_marker_dag.py
[2022-11-28T23:43:29.323+0000] {processor.py:756} INFO - Processing file /home/airflow/.local/lib/python3.7/site-packages/airflow/example_dags/example_external_task_marker_dag.py for tasks to queue
[2022-11-28T23:43:29.323+0000] {logging_mixin.py:137} INFO - [2022-11-28T23:43:29.323+0000] {dagbag.py:537} INFO - Filling up the DagBag from /home/airflow/.local/lib/python3.7/site-packages/airflow/example_dags/example_external_task_marker_dag.py
[2022-11-28T23:43:29.334+0000] {processor.py:766} INFO - DAG(s) dict_keys(['example_external_task_marker_parent', 'example_external_task_marker_child']) retrieved from /home/airflow/.local/lib/python3.7/site-packages/airflow/example_dags/example_external_task_marker_dag.py
[2022-11-28T23:43:29.543+0000] {logging_mixin.py:137} INFO - [2022-11-28T23:43:29.543+0000] {dag.py:2585} INFO - Sync 2 DAGs
[2022-11-28T23:43:29.571+0000] {logging_mixin.py:137} INFO - [2022-11-28T23:43:29.571+0000] {dag.py:3340} INFO - Setting next_dagrun for example_external_task_marker_child to None, run_after=None
[2022-11-28T23:43:29.575+0000] {logging_mixin.py:137} INFO - [2022-11-28T23:43:29.575+0000] {dag.py:3340} INFO - Setting next_dagrun for example_external_task_marker_parent to None, run_after=None
[2022-11-28T23:43:29.593+0000] {processor.py:176} INFO - Processing /home/airflow/.local/lib/python3.7/site-packages/airflow/example_dags/example_external_task_marker_dag.py took 0.274 seconds
[2022-11-28T23:43:59.926+0000] {processor.py:154} INFO - Started process (PID=3013) to work on /home/airflow/.local/lib/python3.7/site-packages/airflow/example_dags/example_external_task_marker_dag.py
[2022-11-28T23:43:59.926+0000] {processor.py:756} INFO - Processing file /home/airflow/.local/lib/python3.7/site-packages/airflow/example_dags/example_external_task_marker_dag.py for tasks to queue
[2022-11-28T23:43:59.927+0000] {logging_mixin.py:137} INFO - [2022-11-28T23:43:59.927+0000] {dagbag.py:537} INFO - Filling up the DagBag from /home/airflow/.local/lib/python3.7/site-packages/airflow/example_dags/example_external_task_marker_dag.py
[2022-11-28T23:43:59.940+0000] {processor.py:766} INFO - DAG(s) dict_keys(['example_external_task_marker_parent', 'example_external_task_marker_child']) retrieved from /home/airflow/.local/lib/python3.7/site-packages/airflow/example_dags/example_external_task_marker_dag.py
[2022-11-28T23:44:00.180+0000] {logging_mixin.py:137} INFO - [2022-11-28T23:44:00.179+0000] {dag.py:2585} INFO - Sync 2 DAGs
[2022-11-28T23:44:00.207+0000] {logging_mixin.py:137} INFO - [2022-11-28T23:44:00.207+0000] {dag.py:3340} INFO - Setting next_dagrun for example_external_task_marker_child to None, run_after=None
[2022-11-28T23:44:00.211+0000] {logging_mixin.py:137} INFO - [2022-11-28T23:44:00.211+0000] {dag.py:3340} INFO - Setting next_dagrun for example_external_task_marker_parent to None, run_after=None
[2022-11-28T23:44:00.232+0000] {processor.py:176} INFO - Processing /home/airflow/.local/lib/python3.7/site-packages/airflow/example_dags/example_external_task_marker_dag.py took 0.309 seconds
[2022-11-28T23:44:30.490+0000] {processor.py:154} INFO - Started process (PID=3211) to work on /home/airflow/.local/lib/python3.7/site-packages/airflow/example_dags/example_external_task_marker_dag.py
[2022-11-28T23:44:30.491+0000] {processor.py:756} INFO - Processing file /home/airflow/.local/lib/python3.7/site-packages/airflow/example_dags/example_external_task_marker_dag.py for tasks to queue
[2022-11-28T23:44:30.491+0000] {logging_mixin.py:137} INFO - [2022-11-28T23:44:30.491+0000] {dagbag.py:537} INFO - Filling up the DagBag from /home/airflow/.local/lib/python3.7/site-packages/airflow/example_dags/example_external_task_marker_dag.py
[2022-11-28T23:44:30.502+0000] {processor.py:766} INFO - DAG(s) dict_keys(['example_external_task_marker_child', 'example_external_task_marker_parent']) retrieved from /home/airflow/.local/lib/python3.7/site-packages/airflow/example_dags/example_external_task_marker_dag.py
[2022-11-28T23:44:30.717+0000] {logging_mixin.py:137} INFO - [2022-11-28T23:44:30.717+0000] {dag.py:2585} INFO - Sync 2 DAGs
[2022-11-28T23:44:30.742+0000] {logging_mixin.py:137} INFO - [2022-11-28T23:44:30.742+0000] {dag.py:3340} INFO - Setting next_dagrun for example_external_task_marker_child to None, run_after=None
[2022-11-28T23:44:30.745+0000] {logging_mixin.py:137} INFO - [2022-11-28T23:44:30.745+0000] {dag.py:3340} INFO - Setting next_dagrun for example_external_task_marker_parent to None, run_after=None
[2022-11-28T23:44:30.763+0000] {processor.py:176} INFO - Processing /home/airflow/.local/lib/python3.7/site-packages/airflow/example_dags/example_external_task_marker_dag.py took 0.275 seconds
[2022-11-28T23:45:01.297+0000] {processor.py:154} INFO - Started process (PID=3418) to work on /home/airflow/.local/lib/python3.7/site-packages/airflow/example_dags/example_external_task_marker_dag.py
[2022-11-28T23:45:01.297+0000] {processor.py:756} INFO - Processing file /home/airflow/.local/lib/python3.7/site-packages/airflow/example_dags/example_external_task_marker_dag.py for tasks to queue
[2022-11-28T23:45:01.298+0000] {logging_mixin.py:137} INFO - [2022-11-28T23:45:01.298+0000] {dagbag.py:537} INFO - Filling up the DagBag from /home/airflow/.local/lib/python3.7/site-packages/airflow/example_dags/example_external_task_marker_dag.py
[2022-11-28T23:45:01.308+0000] {processor.py:766} INFO - DAG(s) dict_keys(['example_external_task_marker_parent', 'example_external_task_marker_child']) retrieved from /home/airflow/.local/lib/python3.7/site-packages/airflow/example_dags/example_external_task_marker_dag.py
[2022-11-28T23:45:01.519+0000] {logging_mixin.py:137} INFO - [2022-11-28T23:45:01.519+0000] {dag.py:2585} INFO - Sync 2 DAGs
[2022-11-28T23:45:01.549+0000] {logging_mixin.py:137} INFO - [2022-11-28T23:45:01.549+0000] {dag.py:3340} INFO - Setting next_dagrun for example_external_task_marker_child to None, run_after=None
[2022-11-28T23:45:01.553+0000] {logging_mixin.py:137} INFO - [2022-11-28T23:45:01.553+0000] {dag.py:3340} INFO - Setting next_dagrun for example_external_task_marker_parent to None, run_after=None
[2022-11-28T23:45:01.576+0000] {processor.py:176} INFO - Processing /home/airflow/.local/lib/python3.7/site-packages/airflow/example_dags/example_external_task_marker_dag.py took 0.282 seconds
