[2022-11-28T23:37:15.745+0000] {processor.py:154} INFO - Started process (PID=266) to work on /home/airflow/.local/lib/python3.7/site-packages/airflow/example_dags/example_short_circuit_decorator.py
[2022-11-28T23:37:15.746+0000] {processor.py:756} INFO - Processing file /home/airflow/.local/lib/python3.7/site-packages/airflow/example_dags/example_short_circuit_decorator.py for tasks to queue
[2022-11-28T23:37:15.746+0000] {logging_mixin.py:137} INFO - [2022-11-28T23:37:15.746+0000] {dagbag.py:537} INFO - Filling up the DagBag from /home/airflow/.local/lib/python3.7/site-packages/airflow/example_dags/example_short_circuit_decorator.py
[2022-11-28T23:37:15.788+0000] {processor.py:766} INFO - DAG(s) dict_keys(['example_short_circuit_decorator']) retrieved from /home/airflow/.local/lib/python3.7/site-packages/airflow/example_dags/example_short_circuit_decorator.py
[2022-11-28T23:37:15.844+0000] {logging_mixin.py:137} INFO - [2022-11-28T23:37:15.844+0000] {dag.py:2585} INFO - Sync 1 DAGs
[2022-11-28T23:37:15.874+0000] {logging_mixin.py:137} INFO - [2022-11-28T23:37:15.874+0000] {dag.py:3340} INFO - Setting next_dagrun for example_short_circuit_decorator to 2022-11-27T23:37:15.873856+00:00, run_after=2022-11-28T23:37:15.873856+00:00
[2022-11-28T23:37:15.895+0000] {processor.py:176} INFO - Processing /home/airflow/.local/lib/python3.7/site-packages/airflow/example_dags/example_short_circuit_decorator.py took 0.152 seconds
[2022-11-28T23:37:46.636+0000] {processor.py:154} INFO - Started process (PID=464) to work on /home/airflow/.local/lib/python3.7/site-packages/airflow/example_dags/example_short_circuit_decorator.py
[2022-11-28T23:37:46.636+0000] {processor.py:756} INFO - Processing file /home/airflow/.local/lib/python3.7/site-packages/airflow/example_dags/example_short_circuit_decorator.py for tasks to queue
[2022-11-28T23:37:46.637+0000] {logging_mixin.py:137} INFO - [2022-11-28T23:37:46.637+0000] {dagbag.py:537} INFO - Filling up the DagBag from /home/airflow/.local/lib/python3.7/site-packages/airflow/example_dags/example_short_circuit_decorator.py
[2022-11-28T23:37:46.670+0000] {processor.py:766} INFO - DAG(s) dict_keys(['example_short_circuit_decorator']) retrieved from /home/airflow/.local/lib/python3.7/site-packages/airflow/example_dags/example_short_circuit_decorator.py
[2022-11-28T23:37:46.723+0000] {logging_mixin.py:137} INFO - [2022-11-28T23:37:46.722+0000] {dag.py:2585} INFO - Sync 1 DAGs
[2022-11-28T23:37:46.762+0000] {logging_mixin.py:137} INFO - [2022-11-28T23:37:46.762+0000] {dag.py:3340} INFO - Setting next_dagrun for example_short_circuit_decorator to 2022-11-27T23:37:46.762312+00:00, run_after=2022-11-28T23:37:46.762312+00:00
[2022-11-28T23:37:46.787+0000] {processor.py:176} INFO - Processing /home/airflow/.local/lib/python3.7/site-packages/airflow/example_dags/example_short_circuit_decorator.py took 0.154 seconds
[2022-11-28T23:38:17.508+0000] {processor.py:154} INFO - Started process (PID=672) to work on /home/airflow/.local/lib/python3.7/site-packages/airflow/example_dags/example_short_circuit_decorator.py
[2022-11-28T23:38:17.508+0000] {processor.py:756} INFO - Processing file /home/airflow/.local/lib/python3.7/site-packages/airflow/example_dags/example_short_circuit_decorator.py for tasks to queue
[2022-11-28T23:38:17.509+0000] {logging_mixin.py:137} INFO - [2022-11-28T23:38:17.509+0000] {dagbag.py:537} INFO - Filling up the DagBag from /home/airflow/.local/lib/python3.7/site-packages/airflow/example_dags/example_short_circuit_decorator.py
[2022-11-28T23:38:17.532+0000] {processor.py:766} INFO - DAG(s) dict_keys(['example_short_circuit_decorator']) retrieved from /home/airflow/.local/lib/python3.7/site-packages/airflow/example_dags/example_short_circuit_decorator.py
[2022-11-28T23:38:17.569+0000] {logging_mixin.py:137} INFO - [2022-11-28T23:38:17.569+0000] {dag.py:2585} INFO - Sync 1 DAGs
[2022-11-28T23:38:17.595+0000] {logging_mixin.py:137} INFO - [2022-11-28T23:38:17.595+0000] {dag.py:3340} INFO - Setting next_dagrun for example_short_circuit_decorator to 2022-11-27T23:38:17.594927+00:00, run_after=2022-11-28T23:38:17.594927+00:00
[2022-11-28T23:38:17.615+0000] {processor.py:176} INFO - Processing /home/airflow/.local/lib/python3.7/site-packages/airflow/example_dags/example_short_circuit_decorator.py took 0.110 seconds
[2022-11-28T23:38:48.317+0000] {processor.py:154} INFO - Started process (PID=879) to work on /home/airflow/.local/lib/python3.7/site-packages/airflow/example_dags/example_short_circuit_decorator.py
[2022-11-28T23:38:48.317+0000] {processor.py:756} INFO - Processing file /home/airflow/.local/lib/python3.7/site-packages/airflow/example_dags/example_short_circuit_decorator.py for tasks to queue
[2022-11-28T23:38:48.317+0000] {logging_mixin.py:137} INFO - [2022-11-28T23:38:48.317+0000] {dagbag.py:537} INFO - Filling up the DagBag from /home/airflow/.local/lib/python3.7/site-packages/airflow/example_dags/example_short_circuit_decorator.py
[2022-11-28T23:38:48.339+0000] {processor.py:766} INFO - DAG(s) dict_keys(['example_short_circuit_decorator']) retrieved from /home/airflow/.local/lib/python3.7/site-packages/airflow/example_dags/example_short_circuit_decorator.py
[2022-11-28T23:38:48.376+0000] {logging_mixin.py:137} INFO - [2022-11-28T23:38:48.376+0000] {dag.py:2585} INFO - Sync 1 DAGs
[2022-11-28T23:38:48.403+0000] {logging_mixin.py:137} INFO - [2022-11-28T23:38:48.403+0000] {dag.py:3340} INFO - Setting next_dagrun for example_short_circuit_decorator to 2022-11-27T23:38:48.403259+00:00, run_after=2022-11-28T23:38:48.403259+00:00
[2022-11-28T23:38:48.424+0000] {processor.py:176} INFO - Processing /home/airflow/.local/lib/python3.7/site-packages/airflow/example_dags/example_short_circuit_decorator.py took 0.110 seconds
[2022-11-28T23:39:18.990+0000] {processor.py:154} INFO - Started process (PID=1077) to work on /home/airflow/.local/lib/python3.7/site-packages/airflow/example_dags/example_short_circuit_decorator.py
[2022-11-28T23:39:18.992+0000] {processor.py:756} INFO - Processing file /home/airflow/.local/lib/python3.7/site-packages/airflow/example_dags/example_short_circuit_decorator.py for tasks to queue
[2022-11-28T23:39:18.993+0000] {logging_mixin.py:137} INFO - [2022-11-28T23:39:18.992+0000] {dagbag.py:537} INFO - Filling up the DagBag from /home/airflow/.local/lib/python3.7/site-packages/airflow/example_dags/example_short_circuit_decorator.py
[2022-11-28T23:39:19.019+0000] {processor.py:766} INFO - DAG(s) dict_keys(['example_short_circuit_decorator']) retrieved from /home/airflow/.local/lib/python3.7/site-packages/airflow/example_dags/example_short_circuit_decorator.py
[2022-11-28T23:39:19.059+0000] {logging_mixin.py:137} INFO - [2022-11-28T23:39:19.058+0000] {dag.py:2585} INFO - Sync 1 DAGs
[2022-11-28T23:39:19.093+0000] {logging_mixin.py:137} INFO - [2022-11-28T23:39:19.092+0000] {dag.py:3340} INFO - Setting next_dagrun for example_short_circuit_decorator to 2022-11-27T23:39:19.092722+00:00, run_after=2022-11-28T23:39:19.092722+00:00
[2022-11-28T23:39:19.119+0000] {processor.py:176} INFO - Processing /home/airflow/.local/lib/python3.7/site-packages/airflow/example_dags/example_short_circuit_decorator.py took 0.131 seconds
[2022-11-28T23:39:50.038+0000] {processor.py:154} INFO - Started process (PID=1284) to work on /home/airflow/.local/lib/python3.7/site-packages/airflow/example_dags/example_short_circuit_decorator.py
[2022-11-28T23:39:50.039+0000] {processor.py:756} INFO - Processing file /home/airflow/.local/lib/python3.7/site-packages/airflow/example_dags/example_short_circuit_decorator.py for tasks to queue
[2022-11-28T23:39:50.040+0000] {logging_mixin.py:137} INFO - [2022-11-28T23:39:50.039+0000] {dagbag.py:537} INFO - Filling up the DagBag from /home/airflow/.local/lib/python3.7/site-packages/airflow/example_dags/example_short_circuit_decorator.py
[2022-11-28T23:39:50.063+0000] {processor.py:766} INFO - DAG(s) dict_keys(['example_short_circuit_decorator']) retrieved from /home/airflow/.local/lib/python3.7/site-packages/airflow/example_dags/example_short_circuit_decorator.py
[2022-11-28T23:39:50.103+0000] {logging_mixin.py:137} INFO - [2022-11-28T23:39:50.102+0000] {dag.py:2585} INFO - Sync 1 DAGs
[2022-11-28T23:39:50.130+0000] {logging_mixin.py:137} INFO - [2022-11-28T23:39:50.130+0000] {dag.py:3340} INFO - Setting next_dagrun for example_short_circuit_decorator to 2022-11-27T23:39:50.130542+00:00, run_after=2022-11-28T23:39:50.130542+00:00
[2022-11-28T23:39:50.158+0000] {processor.py:176} INFO - Processing /home/airflow/.local/lib/python3.7/site-packages/airflow/example_dags/example_short_circuit_decorator.py took 0.122 seconds
[2022-11-28T23:40:20.940+0000] {processor.py:154} INFO - Started process (PID=1492) to work on /home/airflow/.local/lib/python3.7/site-packages/airflow/example_dags/example_short_circuit_decorator.py
[2022-11-28T23:40:20.941+0000] {processor.py:756} INFO - Processing file /home/airflow/.local/lib/python3.7/site-packages/airflow/example_dags/example_short_circuit_decorator.py for tasks to queue
[2022-11-28T23:40:20.942+0000] {logging_mixin.py:137} INFO - [2022-11-28T23:40:20.942+0000] {dagbag.py:537} INFO - Filling up the DagBag from /home/airflow/.local/lib/python3.7/site-packages/airflow/example_dags/example_short_circuit_decorator.py
[2022-11-28T23:40:20.963+0000] {processor.py:766} INFO - DAG(s) dict_keys(['example_short_circuit_decorator']) retrieved from /home/airflow/.local/lib/python3.7/site-packages/airflow/example_dags/example_short_circuit_decorator.py
[2022-11-28T23:40:21.001+0000] {logging_mixin.py:137} INFO - [2022-11-28T23:40:21.000+0000] {dag.py:2585} INFO - Sync 1 DAGs
[2022-11-28T23:40:21.030+0000] {logging_mixin.py:137} INFO - [2022-11-28T23:40:21.030+0000] {dag.py:3340} INFO - Setting next_dagrun for example_short_circuit_decorator to 2022-11-27T23:40:21.030243+00:00, run_after=2022-11-28T23:40:21.030243+00:00
[2022-11-28T23:40:21.053+0000] {processor.py:176} INFO - Processing /home/airflow/.local/lib/python3.7/site-packages/airflow/example_dags/example_short_circuit_decorator.py took 0.115 seconds
[2022-11-28T23:40:51.703+0000] {processor.py:154} INFO - Started process (PID=1690) to work on /home/airflow/.local/lib/python3.7/site-packages/airflow/example_dags/example_short_circuit_decorator.py
[2022-11-28T23:40:51.703+0000] {processor.py:756} INFO - Processing file /home/airflow/.local/lib/python3.7/site-packages/airflow/example_dags/example_short_circuit_decorator.py for tasks to queue
[2022-11-28T23:40:51.704+0000] {logging_mixin.py:137} INFO - [2022-11-28T23:40:51.704+0000] {dagbag.py:537} INFO - Filling up the DagBag from /home/airflow/.local/lib/python3.7/site-packages/airflow/example_dags/example_short_circuit_decorator.py
[2022-11-28T23:40:51.728+0000] {processor.py:766} INFO - DAG(s) dict_keys(['example_short_circuit_decorator']) retrieved from /home/airflow/.local/lib/python3.7/site-packages/airflow/example_dags/example_short_circuit_decorator.py
[2022-11-28T23:40:51.769+0000] {logging_mixin.py:137} INFO - [2022-11-28T23:40:51.768+0000] {dag.py:2585} INFO - Sync 1 DAGs
[2022-11-28T23:40:51.797+0000] {logging_mixin.py:137} INFO - [2022-11-28T23:40:51.797+0000] {dag.py:3340} INFO - Setting next_dagrun for example_short_circuit_decorator to 2022-11-27T23:40:51.797550+00:00, run_after=2022-11-28T23:40:51.797550+00:00
[2022-11-28T23:40:51.821+0000] {processor.py:176} INFO - Processing /home/airflow/.local/lib/python3.7/site-packages/airflow/example_dags/example_short_circuit_decorator.py took 0.122 seconds
[2022-11-28T23:41:22.631+0000] {processor.py:154} INFO - Started process (PID=1897) to work on /home/airflow/.local/lib/python3.7/site-packages/airflow/example_dags/example_short_circuit_decorator.py
[2022-11-28T23:41:22.632+0000] {processor.py:756} INFO - Processing file /home/airflow/.local/lib/python3.7/site-packages/airflow/example_dags/example_short_circuit_decorator.py for tasks to queue
[2022-11-28T23:41:22.632+0000] {logging_mixin.py:137} INFO - [2022-11-28T23:41:22.632+0000] {dagbag.py:537} INFO - Filling up the DagBag from /home/airflow/.local/lib/python3.7/site-packages/airflow/example_dags/example_short_circuit_decorator.py
[2022-11-28T23:41:22.655+0000] {processor.py:766} INFO - DAG(s) dict_keys(['example_short_circuit_decorator']) retrieved from /home/airflow/.local/lib/python3.7/site-packages/airflow/example_dags/example_short_circuit_decorator.py
[2022-11-28T23:41:22.694+0000] {logging_mixin.py:137} INFO - [2022-11-28T23:41:22.693+0000] {dag.py:2585} INFO - Sync 1 DAGs
[2022-11-28T23:41:22.724+0000] {logging_mixin.py:137} INFO - [2022-11-28T23:41:22.724+0000] {dag.py:3340} INFO - Setting next_dagrun for example_short_circuit_decorator to 2022-11-27T23:41:22.724204+00:00, run_after=2022-11-28T23:41:22.724204+00:00
[2022-11-28T23:41:22.756+0000] {processor.py:176} INFO - Processing /home/airflow/.local/lib/python3.7/site-packages/airflow/example_dags/example_short_circuit_decorator.py took 0.127 seconds
[2022-11-28T23:41:53.640+0000] {processor.py:154} INFO - Started process (PID=2104) to work on /home/airflow/.local/lib/python3.7/site-packages/airflow/example_dags/example_short_circuit_decorator.py
[2022-11-28T23:41:53.641+0000] {processor.py:756} INFO - Processing file /home/airflow/.local/lib/python3.7/site-packages/airflow/example_dags/example_short_circuit_decorator.py for tasks to queue
[2022-11-28T23:41:53.641+0000] {logging_mixin.py:137} INFO - [2022-11-28T23:41:53.641+0000] {dagbag.py:537} INFO - Filling up the DagBag from /home/airflow/.local/lib/python3.7/site-packages/airflow/example_dags/example_short_circuit_decorator.py
[2022-11-28T23:41:53.667+0000] {processor.py:766} INFO - DAG(s) dict_keys(['example_short_circuit_decorator']) retrieved from /home/airflow/.local/lib/python3.7/site-packages/airflow/example_dags/example_short_circuit_decorator.py
[2022-11-28T23:41:53.708+0000] {logging_mixin.py:137} INFO - [2022-11-28T23:41:53.708+0000] {dag.py:2585} INFO - Sync 1 DAGs
[2022-11-28T23:41:53.736+0000] {logging_mixin.py:137} INFO - [2022-11-28T23:41:53.736+0000] {dag.py:3340} INFO - Setting next_dagrun for example_short_circuit_decorator to 2022-11-27T23:41:53.736530+00:00, run_after=2022-11-28T23:41:53.736530+00:00
[2022-11-28T23:41:53.763+0000] {processor.py:176} INFO - Processing /home/airflow/.local/lib/python3.7/site-packages/airflow/example_dags/example_short_circuit_decorator.py took 0.126 seconds
[2022-11-28T23:42:24.915+0000] {processor.py:154} INFO - Started process (PID=2304) to work on /home/airflow/.local/lib/python3.7/site-packages/airflow/example_dags/example_short_circuit_decorator.py
[2022-11-28T23:42:24.915+0000] {processor.py:756} INFO - Processing file /home/airflow/.local/lib/python3.7/site-packages/airflow/example_dags/example_short_circuit_decorator.py for tasks to queue
[2022-11-28T23:42:24.916+0000] {logging_mixin.py:137} INFO - [2022-11-28T23:42:24.916+0000] {dagbag.py:537} INFO - Filling up the DagBag from /home/airflow/.local/lib/python3.7/site-packages/airflow/example_dags/example_short_circuit_decorator.py
[2022-11-28T23:42:24.940+0000] {processor.py:766} INFO - DAG(s) dict_keys(['example_short_circuit_decorator']) retrieved from /home/airflow/.local/lib/python3.7/site-packages/airflow/example_dags/example_short_circuit_decorator.py
[2022-11-28T23:42:24.986+0000] {logging_mixin.py:137} INFO - [2022-11-28T23:42:24.985+0000] {dag.py:2585} INFO - Sync 1 DAGs
[2022-11-28T23:42:25.023+0000] {logging_mixin.py:137} INFO - [2022-11-28T23:42:25.023+0000] {dag.py:3340} INFO - Setting next_dagrun for example_short_circuit_decorator to 2022-11-27T23:42:25.023417+00:00, run_after=2022-11-28T23:42:25.023417+00:00
[2022-11-28T23:42:25.056+0000] {processor.py:176} INFO - Processing /home/airflow/.local/lib/python3.7/site-packages/airflow/example_dags/example_short_circuit_decorator.py took 0.144 seconds
[2022-11-28T23:42:55.117+0000] {processor.py:154} INFO - Started process (PID=2509) to work on /home/airflow/.local/lib/python3.7/site-packages/airflow/example_dags/example_short_circuit_decorator.py
[2022-11-28T23:42:55.118+0000] {processor.py:756} INFO - Processing file /home/airflow/.local/lib/python3.7/site-packages/airflow/example_dags/example_short_circuit_decorator.py for tasks to queue
[2022-11-28T23:42:55.118+0000] {logging_mixin.py:137} INFO - [2022-11-28T23:42:55.118+0000] {dagbag.py:537} INFO - Filling up the DagBag from /home/airflow/.local/lib/python3.7/site-packages/airflow/example_dags/example_short_circuit_decorator.py
[2022-11-28T23:42:55.141+0000] {processor.py:766} INFO - DAG(s) dict_keys(['example_short_circuit_decorator']) retrieved from /home/airflow/.local/lib/python3.7/site-packages/airflow/example_dags/example_short_circuit_decorator.py
[2022-11-28T23:42:55.186+0000] {logging_mixin.py:137} INFO - [2022-11-28T23:42:55.185+0000] {dag.py:2585} INFO - Sync 1 DAGs
[2022-11-28T23:42:55.215+0000] {logging_mixin.py:137} INFO - [2022-11-28T23:42:55.215+0000] {dag.py:3340} INFO - Setting next_dagrun for example_short_circuit_decorator to 2022-11-27T23:42:55.215582+00:00, run_after=2022-11-28T23:42:55.215582+00:00
[2022-11-28T23:42:55.240+0000] {processor.py:176} INFO - Processing /home/airflow/.local/lib/python3.7/site-packages/airflow/example_dags/example_short_circuit_decorator.py took 0.126 seconds
[2022-11-28T23:43:26.096+0000] {processor.py:154} INFO - Started process (PID=2716) to work on /home/airflow/.local/lib/python3.7/site-packages/airflow/example_dags/example_short_circuit_decorator.py
[2022-11-28T23:43:26.097+0000] {processor.py:756} INFO - Processing file /home/airflow/.local/lib/python3.7/site-packages/airflow/example_dags/example_short_circuit_decorator.py for tasks to queue
[2022-11-28T23:43:26.097+0000] {logging_mixin.py:137} INFO - [2022-11-28T23:43:26.097+0000] {dagbag.py:537} INFO - Filling up the DagBag from /home/airflow/.local/lib/python3.7/site-packages/airflow/example_dags/example_short_circuit_decorator.py
[2022-11-28T23:43:26.120+0000] {processor.py:766} INFO - DAG(s) dict_keys(['example_short_circuit_decorator']) retrieved from /home/airflow/.local/lib/python3.7/site-packages/airflow/example_dags/example_short_circuit_decorator.py
[2022-11-28T23:43:26.158+0000] {logging_mixin.py:137} INFO - [2022-11-28T23:43:26.158+0000] {dag.py:2585} INFO - Sync 1 DAGs
[2022-11-28T23:43:26.189+0000] {logging_mixin.py:137} INFO - [2022-11-28T23:43:26.189+0000] {dag.py:3340} INFO - Setting next_dagrun for example_short_circuit_decorator to 2022-11-27T23:43:26.188899+00:00, run_after=2022-11-28T23:43:26.188899+00:00
[2022-11-28T23:43:26.211+0000] {processor.py:176} INFO - Processing /home/airflow/.local/lib/python3.7/site-packages/airflow/example_dags/example_short_circuit_decorator.py took 0.117 seconds
[2022-11-28T23:43:56.684+0000] {processor.py:154} INFO - Started process (PID=2914) to work on /home/airflow/.local/lib/python3.7/site-packages/airflow/example_dags/example_short_circuit_decorator.py
[2022-11-28T23:43:56.684+0000] {processor.py:756} INFO - Processing file /home/airflow/.local/lib/python3.7/site-packages/airflow/example_dags/example_short_circuit_decorator.py for tasks to queue
[2022-11-28T23:43:56.685+0000] {logging_mixin.py:137} INFO - [2022-11-28T23:43:56.685+0000] {dagbag.py:537} INFO - Filling up the DagBag from /home/airflow/.local/lib/python3.7/site-packages/airflow/example_dags/example_short_circuit_decorator.py
[2022-11-28T23:43:56.708+0000] {processor.py:766} INFO - DAG(s) dict_keys(['example_short_circuit_decorator']) retrieved from /home/airflow/.local/lib/python3.7/site-packages/airflow/example_dags/example_short_circuit_decorator.py
[2022-11-28T23:43:56.746+0000] {logging_mixin.py:137} INFO - [2022-11-28T23:43:56.746+0000] {dag.py:2585} INFO - Sync 1 DAGs
[2022-11-28T23:43:56.774+0000] {logging_mixin.py:137} INFO - [2022-11-28T23:43:56.774+0000] {dag.py:3340} INFO - Setting next_dagrun for example_short_circuit_decorator to 2022-11-27T23:43:56.774385+00:00, run_after=2022-11-28T23:43:56.774385+00:00
[2022-11-28T23:43:56.795+0000] {processor.py:176} INFO - Processing /home/airflow/.local/lib/python3.7/site-packages/airflow/example_dags/example_short_circuit_decorator.py took 0.115 seconds
[2022-11-28T23:44:27.358+0000] {processor.py:154} INFO - Started process (PID=3121) to work on /home/airflow/.local/lib/python3.7/site-packages/airflow/example_dags/example_short_circuit_decorator.py
[2022-11-28T23:44:27.359+0000] {processor.py:756} INFO - Processing file /home/airflow/.local/lib/python3.7/site-packages/airflow/example_dags/example_short_circuit_decorator.py for tasks to queue
[2022-11-28T23:44:27.359+0000] {logging_mixin.py:137} INFO - [2022-11-28T23:44:27.359+0000] {dagbag.py:537} INFO - Filling up the DagBag from /home/airflow/.local/lib/python3.7/site-packages/airflow/example_dags/example_short_circuit_decorator.py
[2022-11-28T23:44:27.380+0000] {processor.py:766} INFO - DAG(s) dict_keys(['example_short_circuit_decorator']) retrieved from /home/airflow/.local/lib/python3.7/site-packages/airflow/example_dags/example_short_circuit_decorator.py
[2022-11-28T23:44:27.418+0000] {logging_mixin.py:137} INFO - [2022-11-28T23:44:27.418+0000] {dag.py:2585} INFO - Sync 1 DAGs
[2022-11-28T23:44:27.446+0000] {logging_mixin.py:137} INFO - [2022-11-28T23:44:27.446+0000] {dag.py:3340} INFO - Setting next_dagrun for example_short_circuit_decorator to 2022-11-27T23:44:27.446447+00:00, run_after=2022-11-28T23:44:27.446447+00:00
[2022-11-28T23:44:27.468+0000] {processor.py:176} INFO - Processing /home/airflow/.local/lib/python3.7/site-packages/airflow/example_dags/example_short_circuit_decorator.py took 0.112 seconds
[2022-11-28T23:44:58.111+0000] {processor.py:154} INFO - Started process (PID=3328) to work on /home/airflow/.local/lib/python3.7/site-packages/airflow/example_dags/example_short_circuit_decorator.py
[2022-11-28T23:44:58.112+0000] {processor.py:756} INFO - Processing file /home/airflow/.local/lib/python3.7/site-packages/airflow/example_dags/example_short_circuit_decorator.py for tasks to queue
[2022-11-28T23:44:58.112+0000] {logging_mixin.py:137} INFO - [2022-11-28T23:44:58.112+0000] {dagbag.py:537} INFO - Filling up the DagBag from /home/airflow/.local/lib/python3.7/site-packages/airflow/example_dags/example_short_circuit_decorator.py
[2022-11-28T23:44:58.138+0000] {processor.py:766} INFO - DAG(s) dict_keys(['example_short_circuit_decorator']) retrieved from /home/airflow/.local/lib/python3.7/site-packages/airflow/example_dags/example_short_circuit_decorator.py
[2022-11-28T23:44:58.182+0000] {logging_mixin.py:137} INFO - [2022-11-28T23:44:58.182+0000] {dag.py:2585} INFO - Sync 1 DAGs
[2022-11-28T23:44:58.211+0000] {logging_mixin.py:137} INFO - [2022-11-28T23:44:58.210+0000] {dag.py:3340} INFO - Setting next_dagrun for example_short_circuit_decorator to 2022-11-27T23:44:58.210804+00:00, run_after=2022-11-28T23:44:58.210804+00:00
[2022-11-28T23:44:58.231+0000] {processor.py:176} INFO - Processing /home/airflow/.local/lib/python3.7/site-packages/airflow/example_dags/example_short_circuit_decorator.py took 0.123 seconds
[2022-11-28T23:45:28.985+0000] {processor.py:154} INFO - Started process (PID=3528) to work on /home/airflow/.local/lib/python3.7/site-packages/airflow/example_dags/example_short_circuit_decorator.py
[2022-11-28T23:45:28.986+0000] {processor.py:756} INFO - Processing file /home/airflow/.local/lib/python3.7/site-packages/airflow/example_dags/example_short_circuit_decorator.py for tasks to queue
[2022-11-28T23:45:28.987+0000] {logging_mixin.py:137} INFO - [2022-11-28T23:45:28.987+0000] {dagbag.py:537} INFO - Filling up the DagBag from /home/airflow/.local/lib/python3.7/site-packages/airflow/example_dags/example_short_circuit_decorator.py
[2022-11-28T23:45:29.008+0000] {processor.py:766} INFO - DAG(s) dict_keys(['example_short_circuit_decorator']) retrieved from /home/airflow/.local/lib/python3.7/site-packages/airflow/example_dags/example_short_circuit_decorator.py
[2022-11-28T23:45:29.045+0000] {logging_mixin.py:137} INFO - [2022-11-28T23:45:29.045+0000] {dag.py:2585} INFO - Sync 1 DAGs
[2022-11-28T23:45:29.072+0000] {logging_mixin.py:137} INFO - [2022-11-28T23:45:29.072+0000] {dag.py:3340} INFO - Setting next_dagrun for example_short_circuit_decorator to 2022-11-27T23:45:29.072113+00:00, run_after=2022-11-28T23:45:29.072113+00:00
[2022-11-28T23:45:29.094+0000] {processor.py:176} INFO - Processing /home/airflow/.local/lib/python3.7/site-packages/airflow/example_dags/example_short_circuit_decorator.py took 0.111 seconds
