[2022-11-28T23:37:15.369+0000] {processor.py:154} INFO - Started process (PID=246) to work on /home/airflow/.local/lib/python3.7/site-packages/airflow/example_dags/example_complex.py
[2022-11-28T23:37:15.370+0000] {processor.py:756} INFO - Processing file /home/airflow/.local/lib/python3.7/site-packages/airflow/example_dags/example_complex.py for tasks to queue
[2022-11-28T23:37:15.370+0000] {logging_mixin.py:137} INFO - [2022-11-28T23:37:15.370+0000] {dagbag.py:537} INFO - Filling up the DagBag from /home/airflow/.local/lib/python3.7/site-packages/airflow/example_dags/example_complex.py
[2022-11-28T23:37:15.394+0000] {logging_mixin.py:137} INFO - [2022-11-28T23:37:15.394+0000] {taskmixin.py:205} WARNING - Dependency <Task(BashOperator): create_entry_group>, delete_entry_group already registered for DAG: example_complex
[2022-11-28T23:37:15.394+0000] {logging_mixin.py:137} INFO - [2022-11-28T23:37:15.394+0000] {taskmixin.py:205} WARNING - Dependency <Task(BashOperator): delete_entry_group>, create_entry_group already registered for DAG: example_complex
[2022-11-28T23:37:15.395+0000] {logging_mixin.py:137} INFO - [2022-11-28T23:37:15.395+0000] {taskmixin.py:205} WARNING - Dependency <Task(BashOperator): create_entry_gcs>, delete_entry already registered for DAG: example_complex
[2022-11-28T23:37:15.395+0000] {logging_mixin.py:137} INFO - [2022-11-28T23:37:15.395+0000] {taskmixin.py:205} WARNING - Dependency <Task(BashOperator): delete_entry>, create_entry_gcs already registered for DAG: example_complex
[2022-11-28T23:37:15.396+0000] {logging_mixin.py:137} INFO - [2022-11-28T23:37:15.396+0000] {taskmixin.py:205} WARNING - Dependency <Task(BashOperator): create_tag>, delete_tag already registered for DAG: example_complex
[2022-11-28T23:37:15.396+0000] {logging_mixin.py:137} INFO - [2022-11-28T23:37:15.396+0000] {taskmixin.py:205} WARNING - Dependency <Task(BashOperator): delete_tag>, create_tag already registered for DAG: example_complex
[2022-11-28T23:37:15.409+0000] {processor.py:766} INFO - DAG(s) dict_keys(['example_complex']) retrieved from /home/airflow/.local/lib/python3.7/site-packages/airflow/example_dags/example_complex.py
[2022-11-28T23:37:15.471+0000] {logging_mixin.py:137} INFO - [2022-11-28T23:37:15.471+0000] {dag.py:2585} INFO - Sync 1 DAGs
[2022-11-28T23:37:15.507+0000] {logging_mixin.py:137} INFO - [2022-11-28T23:37:15.507+0000] {dag.py:3340} INFO - Setting next_dagrun for example_complex to None, run_after=None
[2022-11-28T23:37:15.535+0000] {processor.py:176} INFO - Processing /home/airflow/.local/lib/python3.7/site-packages/airflow/example_dags/example_complex.py took 0.169 seconds
[2022-11-28T23:37:46.206+0000] {processor.py:154} INFO - Started process (PID=439) to work on /home/airflow/.local/lib/python3.7/site-packages/airflow/example_dags/example_complex.py
[2022-11-28T23:37:46.207+0000] {processor.py:756} INFO - Processing file /home/airflow/.local/lib/python3.7/site-packages/airflow/example_dags/example_complex.py for tasks to queue
[2022-11-28T23:37:46.207+0000] {logging_mixin.py:137} INFO - [2022-11-28T23:37:46.207+0000] {dagbag.py:537} INFO - Filling up the DagBag from /home/airflow/.local/lib/python3.7/site-packages/airflow/example_dags/example_complex.py
[2022-11-28T23:37:46.219+0000] {logging_mixin.py:137} INFO - [2022-11-28T23:37:46.219+0000] {taskmixin.py:205} WARNING - Dependency <Task(BashOperator): create_entry_group>, delete_entry_group already registered for DAG: example_complex
[2022-11-28T23:37:46.219+0000] {logging_mixin.py:137} INFO - [2022-11-28T23:37:46.219+0000] {taskmixin.py:205} WARNING - Dependency <Task(BashOperator): delete_entry_group>, create_entry_group already registered for DAG: example_complex
[2022-11-28T23:37:46.220+0000] {logging_mixin.py:137} INFO - [2022-11-28T23:37:46.220+0000] {taskmixin.py:205} WARNING - Dependency <Task(BashOperator): create_entry_gcs>, delete_entry already registered for DAG: example_complex
[2022-11-28T23:37:46.220+0000] {logging_mixin.py:137} INFO - [2022-11-28T23:37:46.220+0000] {taskmixin.py:205} WARNING - Dependency <Task(BashOperator): delete_entry>, create_entry_gcs already registered for DAG: example_complex
[2022-11-28T23:37:46.220+0000] {logging_mixin.py:137} INFO - [2022-11-28T23:37:46.220+0000] {taskmixin.py:205} WARNING - Dependency <Task(BashOperator): create_tag>, delete_tag already registered for DAG: example_complex
[2022-11-28T23:37:46.221+0000] {logging_mixin.py:137} INFO - [2022-11-28T23:37:46.221+0000] {taskmixin.py:205} WARNING - Dependency <Task(BashOperator): delete_tag>, create_tag already registered for DAG: example_complex
[2022-11-28T23:37:46.230+0000] {processor.py:766} INFO - DAG(s) dict_keys(['example_complex']) retrieved from /home/airflow/.local/lib/python3.7/site-packages/airflow/example_dags/example_complex.py
[2022-11-28T23:37:46.288+0000] {logging_mixin.py:137} INFO - [2022-11-28T23:37:46.288+0000] {dag.py:2585} INFO - Sync 1 DAGs
[2022-11-28T23:37:46.322+0000] {logging_mixin.py:137} INFO - [2022-11-28T23:37:46.322+0000] {dag.py:3340} INFO - Setting next_dagrun for example_complex to None, run_after=None
[2022-11-28T23:37:46.356+0000] {processor.py:176} INFO - Processing /home/airflow/.local/lib/python3.7/site-packages/airflow/example_dags/example_complex.py took 0.152 seconds
[2022-11-28T23:38:17.153+0000] {processor.py:154} INFO - Started process (PID=647) to work on /home/airflow/.local/lib/python3.7/site-packages/airflow/example_dags/example_complex.py
[2022-11-28T23:38:17.154+0000] {processor.py:756} INFO - Processing file /home/airflow/.local/lib/python3.7/site-packages/airflow/example_dags/example_complex.py for tasks to queue
[2022-11-28T23:38:17.154+0000] {logging_mixin.py:137} INFO - [2022-11-28T23:38:17.154+0000] {dagbag.py:537} INFO - Filling up the DagBag from /home/airflow/.local/lib/python3.7/site-packages/airflow/example_dags/example_complex.py
[2022-11-28T23:38:17.166+0000] {logging_mixin.py:137} INFO - [2022-11-28T23:38:17.166+0000] {taskmixin.py:205} WARNING - Dependency <Task(BashOperator): create_entry_group>, delete_entry_group already registered for DAG: example_complex
[2022-11-28T23:38:17.166+0000] {logging_mixin.py:137} INFO - [2022-11-28T23:38:17.166+0000] {taskmixin.py:205} WARNING - Dependency <Task(BashOperator): delete_entry_group>, create_entry_group already registered for DAG: example_complex
[2022-11-28T23:38:17.167+0000] {logging_mixin.py:137} INFO - [2022-11-28T23:38:17.167+0000] {taskmixin.py:205} WARNING - Dependency <Task(BashOperator): create_entry_gcs>, delete_entry already registered for DAG: example_complex
[2022-11-28T23:38:17.167+0000] {logging_mixin.py:137} INFO - [2022-11-28T23:38:17.167+0000] {taskmixin.py:205} WARNING - Dependency <Task(BashOperator): delete_entry>, create_entry_gcs already registered for DAG: example_complex
[2022-11-28T23:38:17.167+0000] {logging_mixin.py:137} INFO - [2022-11-28T23:38:17.167+0000] {taskmixin.py:205} WARNING - Dependency <Task(BashOperator): create_tag>, delete_tag already registered for DAG: example_complex
[2022-11-28T23:38:17.167+0000] {logging_mixin.py:137} INFO - [2022-11-28T23:38:17.167+0000] {taskmixin.py:205} WARNING - Dependency <Task(BashOperator): delete_tag>, create_tag already registered for DAG: example_complex
[2022-11-28T23:38:17.175+0000] {processor.py:766} INFO - DAG(s) dict_keys(['example_complex']) retrieved from /home/airflow/.local/lib/python3.7/site-packages/airflow/example_dags/example_complex.py
[2022-11-28T23:38:17.219+0000] {logging_mixin.py:137} INFO - [2022-11-28T23:38:17.219+0000] {dag.py:2585} INFO - Sync 1 DAGs
[2022-11-28T23:38:17.247+0000] {logging_mixin.py:137} INFO - [2022-11-28T23:38:17.247+0000] {dag.py:3340} INFO - Setting next_dagrun for example_complex to None, run_after=None
[2022-11-28T23:38:17.269+0000] {processor.py:176} INFO - Processing /home/airflow/.local/lib/python3.7/site-packages/airflow/example_dags/example_complex.py took 0.118 seconds
[2022-11-28T23:38:47.998+0000] {processor.py:154} INFO - Started process (PID=854) to work on /home/airflow/.local/lib/python3.7/site-packages/airflow/example_dags/example_complex.py
[2022-11-28T23:38:47.999+0000] {processor.py:756} INFO - Processing file /home/airflow/.local/lib/python3.7/site-packages/airflow/example_dags/example_complex.py for tasks to queue
[2022-11-28T23:38:47.999+0000] {logging_mixin.py:137} INFO - [2022-11-28T23:38:47.999+0000] {dagbag.py:537} INFO - Filling up the DagBag from /home/airflow/.local/lib/python3.7/site-packages/airflow/example_dags/example_complex.py
[2022-11-28T23:38:48.010+0000] {logging_mixin.py:137} INFO - [2022-11-28T23:38:48.010+0000] {taskmixin.py:205} WARNING - Dependency <Task(BashOperator): create_entry_group>, delete_entry_group already registered for DAG: example_complex
[2022-11-28T23:38:48.010+0000] {logging_mixin.py:137} INFO - [2022-11-28T23:38:48.010+0000] {taskmixin.py:205} WARNING - Dependency <Task(BashOperator): delete_entry_group>, create_entry_group already registered for DAG: example_complex
[2022-11-28T23:38:48.011+0000] {logging_mixin.py:137} INFO - [2022-11-28T23:38:48.010+0000] {taskmixin.py:205} WARNING - Dependency <Task(BashOperator): create_entry_gcs>, delete_entry already registered for DAG: example_complex
[2022-11-28T23:38:48.011+0000] {logging_mixin.py:137} INFO - [2022-11-28T23:38:48.011+0000] {taskmixin.py:205} WARNING - Dependency <Task(BashOperator): delete_entry>, create_entry_gcs already registered for DAG: example_complex
[2022-11-28T23:38:48.011+0000] {logging_mixin.py:137} INFO - [2022-11-28T23:38:48.011+0000] {taskmixin.py:205} WARNING - Dependency <Task(BashOperator): create_tag>, delete_tag already registered for DAG: example_complex
[2022-11-28T23:38:48.011+0000] {logging_mixin.py:137} INFO - [2022-11-28T23:38:48.011+0000] {taskmixin.py:205} WARNING - Dependency <Task(BashOperator): delete_tag>, create_tag already registered for DAG: example_complex
[2022-11-28T23:38:48.018+0000] {processor.py:766} INFO - DAG(s) dict_keys(['example_complex']) retrieved from /home/airflow/.local/lib/python3.7/site-packages/airflow/example_dags/example_complex.py
[2022-11-28T23:38:48.061+0000] {logging_mixin.py:137} INFO - [2022-11-28T23:38:48.061+0000] {dag.py:2585} INFO - Sync 1 DAGs
[2022-11-28T23:38:48.087+0000] {logging_mixin.py:137} INFO - [2022-11-28T23:38:48.087+0000] {dag.py:3340} INFO - Setting next_dagrun for example_complex to None, run_after=None
[2022-11-28T23:38:48.108+0000] {processor.py:176} INFO - Processing /home/airflow/.local/lib/python3.7/site-packages/airflow/example_dags/example_complex.py took 0.112 seconds
[2022-11-28T23:39:18.712+0000] {processor.py:154} INFO - Started process (PID=1057) to work on /home/airflow/.local/lib/python3.7/site-packages/airflow/example_dags/example_complex.py
[2022-11-28T23:39:18.712+0000] {processor.py:756} INFO - Processing file /home/airflow/.local/lib/python3.7/site-packages/airflow/example_dags/example_complex.py for tasks to queue
[2022-11-28T23:39:18.713+0000] {logging_mixin.py:137} INFO - [2022-11-28T23:39:18.713+0000] {dagbag.py:537} INFO - Filling up the DagBag from /home/airflow/.local/lib/python3.7/site-packages/airflow/example_dags/example_complex.py
[2022-11-28T23:39:18.724+0000] {logging_mixin.py:137} INFO - [2022-11-28T23:39:18.724+0000] {taskmixin.py:205} WARNING - Dependency <Task(BashOperator): create_entry_group>, delete_entry_group already registered for DAG: example_complex
[2022-11-28T23:39:18.724+0000] {logging_mixin.py:137} INFO - [2022-11-28T23:39:18.724+0000] {taskmixin.py:205} WARNING - Dependency <Task(BashOperator): delete_entry_group>, create_entry_group already registered for DAG: example_complex
[2022-11-28T23:39:18.725+0000] {logging_mixin.py:137} INFO - [2022-11-28T23:39:18.725+0000] {taskmixin.py:205} WARNING - Dependency <Task(BashOperator): create_entry_gcs>, delete_entry already registered for DAG: example_complex
[2022-11-28T23:39:18.725+0000] {logging_mixin.py:137} INFO - [2022-11-28T23:39:18.725+0000] {taskmixin.py:205} WARNING - Dependency <Task(BashOperator): delete_entry>, create_entry_gcs already registered for DAG: example_complex
[2022-11-28T23:39:18.725+0000] {logging_mixin.py:137} INFO - [2022-11-28T23:39:18.725+0000] {taskmixin.py:205} WARNING - Dependency <Task(BashOperator): create_tag>, delete_tag already registered for DAG: example_complex
[2022-11-28T23:39:18.725+0000] {logging_mixin.py:137} INFO - [2022-11-28T23:39:18.725+0000] {taskmixin.py:205} WARNING - Dependency <Task(BashOperator): delete_tag>, create_tag already registered for DAG: example_complex
[2022-11-28T23:39:18.733+0000] {processor.py:766} INFO - DAG(s) dict_keys(['example_complex']) retrieved from /home/airflow/.local/lib/python3.7/site-packages/airflow/example_dags/example_complex.py
[2022-11-28T23:39:18.780+0000] {logging_mixin.py:137} INFO - [2022-11-28T23:39:18.780+0000] {dag.py:2585} INFO - Sync 1 DAGs
[2022-11-28T23:39:18.809+0000] {logging_mixin.py:137} INFO - [2022-11-28T23:39:18.809+0000] {dag.py:3340} INFO - Setting next_dagrun for example_complex to None, run_after=None
[2022-11-28T23:39:18.834+0000] {processor.py:176} INFO - Processing /home/airflow/.local/lib/python3.7/site-packages/airflow/example_dags/example_complex.py took 0.124 seconds
[2022-11-28T23:39:49.757+0000] {processor.py:154} INFO - Started process (PID=1264) to work on /home/airflow/.local/lib/python3.7/site-packages/airflow/example_dags/example_complex.py
[2022-11-28T23:39:49.757+0000] {processor.py:756} INFO - Processing file /home/airflow/.local/lib/python3.7/site-packages/airflow/example_dags/example_complex.py for tasks to queue
[2022-11-28T23:39:49.758+0000] {logging_mixin.py:137} INFO - [2022-11-28T23:39:49.758+0000] {dagbag.py:537} INFO - Filling up the DagBag from /home/airflow/.local/lib/python3.7/site-packages/airflow/example_dags/example_complex.py
[2022-11-28T23:39:49.770+0000] {logging_mixin.py:137} INFO - [2022-11-28T23:39:49.769+0000] {taskmixin.py:205} WARNING - Dependency <Task(BashOperator): create_entry_group>, delete_entry_group already registered for DAG: example_complex
[2022-11-28T23:39:49.770+0000] {logging_mixin.py:137} INFO - [2022-11-28T23:39:49.770+0000] {taskmixin.py:205} WARNING - Dependency <Task(BashOperator): delete_entry_group>, create_entry_group already registered for DAG: example_complex
[2022-11-28T23:39:49.770+0000] {logging_mixin.py:137} INFO - [2022-11-28T23:39:49.770+0000] {taskmixin.py:205} WARNING - Dependency <Task(BashOperator): create_entry_gcs>, delete_entry already registered for DAG: example_complex
[2022-11-28T23:39:49.770+0000] {logging_mixin.py:137} INFO - [2022-11-28T23:39:49.770+0000] {taskmixin.py:205} WARNING - Dependency <Task(BashOperator): delete_entry>, create_entry_gcs already registered for DAG: example_complex
[2022-11-28T23:39:49.771+0000] {logging_mixin.py:137} INFO - [2022-11-28T23:39:49.771+0000] {taskmixin.py:205} WARNING - Dependency <Task(BashOperator): create_tag>, delete_tag already registered for DAG: example_complex
[2022-11-28T23:39:49.771+0000] {logging_mixin.py:137} INFO - [2022-11-28T23:39:49.771+0000] {taskmixin.py:205} WARNING - Dependency <Task(BashOperator): delete_tag>, create_tag already registered for DAG: example_complex
[2022-11-28T23:39:49.779+0000] {processor.py:766} INFO - DAG(s) dict_keys(['example_complex']) retrieved from /home/airflow/.local/lib/python3.7/site-packages/airflow/example_dags/example_complex.py
[2022-11-28T23:39:49.825+0000] {logging_mixin.py:137} INFO - [2022-11-28T23:39:49.825+0000] {dag.py:2585} INFO - Sync 1 DAGs
[2022-11-28T23:39:49.855+0000] {logging_mixin.py:137} INFO - [2022-11-28T23:39:49.855+0000] {dag.py:3340} INFO - Setting next_dagrun for example_complex to None, run_after=None
[2022-11-28T23:39:49.882+0000] {processor.py:176} INFO - Processing /home/airflow/.local/lib/python3.7/site-packages/airflow/example_dags/example_complex.py took 0.128 seconds
[2022-11-28T23:40:20.677+0000] {processor.py:154} INFO - Started process (PID=1472) to work on /home/airflow/.local/lib/python3.7/site-packages/airflow/example_dags/example_complex.py
[2022-11-28T23:40:20.678+0000] {processor.py:756} INFO - Processing file /home/airflow/.local/lib/python3.7/site-packages/airflow/example_dags/example_complex.py for tasks to queue
[2022-11-28T23:40:20.678+0000] {logging_mixin.py:137} INFO - [2022-11-28T23:40:20.678+0000] {dagbag.py:537} INFO - Filling up the DagBag from /home/airflow/.local/lib/python3.7/site-packages/airflow/example_dags/example_complex.py
[2022-11-28T23:40:20.690+0000] {logging_mixin.py:137} INFO - [2022-11-28T23:40:20.690+0000] {taskmixin.py:205} WARNING - Dependency <Task(BashOperator): create_entry_group>, delete_entry_group already registered for DAG: example_complex
[2022-11-28T23:40:20.691+0000] {logging_mixin.py:137} INFO - [2022-11-28T23:40:20.691+0000] {taskmixin.py:205} WARNING - Dependency <Task(BashOperator): delete_entry_group>, create_entry_group already registered for DAG: example_complex
[2022-11-28T23:40:20.691+0000] {logging_mixin.py:137} INFO - [2022-11-28T23:40:20.691+0000] {taskmixin.py:205} WARNING - Dependency <Task(BashOperator): create_entry_gcs>, delete_entry already registered for DAG: example_complex
[2022-11-28T23:40:20.691+0000] {logging_mixin.py:137} INFO - [2022-11-28T23:40:20.691+0000] {taskmixin.py:205} WARNING - Dependency <Task(BashOperator): delete_entry>, create_entry_gcs already registered for DAG: example_complex
[2022-11-28T23:40:20.692+0000] {logging_mixin.py:137} INFO - [2022-11-28T23:40:20.691+0000] {taskmixin.py:205} WARNING - Dependency <Task(BashOperator): create_tag>, delete_tag already registered for DAG: example_complex
[2022-11-28T23:40:20.692+0000] {logging_mixin.py:137} INFO - [2022-11-28T23:40:20.692+0000] {taskmixin.py:205} WARNING - Dependency <Task(BashOperator): delete_tag>, create_tag already registered for DAG: example_complex
[2022-11-28T23:40:20.699+0000] {processor.py:766} INFO - DAG(s) dict_keys(['example_complex']) retrieved from /home/airflow/.local/lib/python3.7/site-packages/airflow/example_dags/example_complex.py
[2022-11-28T23:40:20.743+0000] {logging_mixin.py:137} INFO - [2022-11-28T23:40:20.742+0000] {dag.py:2585} INFO - Sync 1 DAGs
[2022-11-28T23:40:20.771+0000] {logging_mixin.py:137} INFO - [2022-11-28T23:40:20.771+0000] {dag.py:3340} INFO - Setting next_dagrun for example_complex to None, run_after=None
[2022-11-28T23:40:20.794+0000] {processor.py:176} INFO - Processing /home/airflow/.local/lib/python3.7/site-packages/airflow/example_dags/example_complex.py took 0.119 seconds
[2022-11-28T23:40:51.415+0000] {processor.py:154} INFO - Started process (PID=1670) to work on /home/airflow/.local/lib/python3.7/site-packages/airflow/example_dags/example_complex.py
[2022-11-28T23:40:51.416+0000] {processor.py:756} INFO - Processing file /home/airflow/.local/lib/python3.7/site-packages/airflow/example_dags/example_complex.py for tasks to queue
[2022-11-28T23:40:51.417+0000] {logging_mixin.py:137} INFO - [2022-11-28T23:40:51.417+0000] {dagbag.py:537} INFO - Filling up the DagBag from /home/airflow/.local/lib/python3.7/site-packages/airflow/example_dags/example_complex.py
[2022-11-28T23:40:51.428+0000] {logging_mixin.py:137} INFO - [2022-11-28T23:40:51.427+0000] {taskmixin.py:205} WARNING - Dependency <Task(BashOperator): create_entry_group>, delete_entry_group already registered for DAG: example_complex
[2022-11-28T23:40:51.428+0000] {logging_mixin.py:137} INFO - [2022-11-28T23:40:51.428+0000] {taskmixin.py:205} WARNING - Dependency <Task(BashOperator): delete_entry_group>, create_entry_group already registered for DAG: example_complex
[2022-11-28T23:40:51.428+0000] {logging_mixin.py:137} INFO - [2022-11-28T23:40:51.428+0000] {taskmixin.py:205} WARNING - Dependency <Task(BashOperator): create_entry_gcs>, delete_entry already registered for DAG: example_complex
[2022-11-28T23:40:51.428+0000] {logging_mixin.py:137} INFO - [2022-11-28T23:40:51.428+0000] {taskmixin.py:205} WARNING - Dependency <Task(BashOperator): delete_entry>, create_entry_gcs already registered for DAG: example_complex
[2022-11-28T23:40:51.429+0000] {logging_mixin.py:137} INFO - [2022-11-28T23:40:51.428+0000] {taskmixin.py:205} WARNING - Dependency <Task(BashOperator): create_tag>, delete_tag already registered for DAG: example_complex
[2022-11-28T23:40:51.429+0000] {logging_mixin.py:137} INFO - [2022-11-28T23:40:51.429+0000] {taskmixin.py:205} WARNING - Dependency <Task(BashOperator): delete_tag>, create_tag already registered for DAG: example_complex
[2022-11-28T23:40:51.436+0000] {processor.py:766} INFO - DAG(s) dict_keys(['example_complex']) retrieved from /home/airflow/.local/lib/python3.7/site-packages/airflow/example_dags/example_complex.py
[2022-11-28T23:40:51.484+0000] {logging_mixin.py:137} INFO - [2022-11-28T23:40:51.484+0000] {dag.py:2585} INFO - Sync 1 DAGs
[2022-11-28T23:40:51.511+0000] {logging_mixin.py:137} INFO - [2022-11-28T23:40:51.511+0000] {dag.py:3340} INFO - Setting next_dagrun for example_complex to None, run_after=None
[2022-11-28T23:40:51.536+0000] {processor.py:176} INFO - Processing /home/airflow/.local/lib/python3.7/site-packages/airflow/example_dags/example_complex.py took 0.123 seconds
[2022-11-28T23:41:22.349+0000] {processor.py:154} INFO - Started process (PID=1877) to work on /home/airflow/.local/lib/python3.7/site-packages/airflow/example_dags/example_complex.py
[2022-11-28T23:41:22.350+0000] {processor.py:756} INFO - Processing file /home/airflow/.local/lib/python3.7/site-packages/airflow/example_dags/example_complex.py for tasks to queue
[2022-11-28T23:41:22.350+0000] {logging_mixin.py:137} INFO - [2022-11-28T23:41:22.350+0000] {dagbag.py:537} INFO - Filling up the DagBag from /home/airflow/.local/lib/python3.7/site-packages/airflow/example_dags/example_complex.py
[2022-11-28T23:41:22.363+0000] {logging_mixin.py:137} INFO - [2022-11-28T23:41:22.363+0000] {taskmixin.py:205} WARNING - Dependency <Task(BashOperator): create_entry_group>, delete_entry_group already registered for DAG: example_complex
[2022-11-28T23:41:22.363+0000] {logging_mixin.py:137} INFO - [2022-11-28T23:41:22.363+0000] {taskmixin.py:205} WARNING - Dependency <Task(BashOperator): delete_entry_group>, create_entry_group already registered for DAG: example_complex
[2022-11-28T23:41:22.364+0000] {logging_mixin.py:137} INFO - [2022-11-28T23:41:22.364+0000] {taskmixin.py:205} WARNING - Dependency <Task(BashOperator): create_entry_gcs>, delete_entry already registered for DAG: example_complex
[2022-11-28T23:41:22.364+0000] {logging_mixin.py:137} INFO - [2022-11-28T23:41:22.364+0000] {taskmixin.py:205} WARNING - Dependency <Task(BashOperator): delete_entry>, create_entry_gcs already registered for DAG: example_complex
[2022-11-28T23:41:22.364+0000] {logging_mixin.py:137} INFO - [2022-11-28T23:41:22.364+0000] {taskmixin.py:205} WARNING - Dependency <Task(BashOperator): create_tag>, delete_tag already registered for DAG: example_complex
[2022-11-28T23:41:22.365+0000] {logging_mixin.py:137} INFO - [2022-11-28T23:41:22.364+0000] {taskmixin.py:205} WARNING - Dependency <Task(BashOperator): delete_tag>, create_tag already registered for DAG: example_complex
[2022-11-28T23:41:22.373+0000] {processor.py:766} INFO - DAG(s) dict_keys(['example_complex']) retrieved from /home/airflow/.local/lib/python3.7/site-packages/airflow/example_dags/example_complex.py
[2022-11-28T23:41:22.424+0000] {logging_mixin.py:137} INFO - [2022-11-28T23:41:22.424+0000] {dag.py:2585} INFO - Sync 1 DAGs
[2022-11-28T23:41:22.454+0000] {logging_mixin.py:137} INFO - [2022-11-28T23:41:22.454+0000] {dag.py:3340} INFO - Setting next_dagrun for example_complex to None, run_after=None
[2022-11-28T23:41:22.482+0000] {processor.py:176} INFO - Processing /home/airflow/.local/lib/python3.7/site-packages/airflow/example_dags/example_complex.py took 0.137 seconds
[2022-11-28T23:41:53.369+0000] {processor.py:154} INFO - Started process (PID=2084) to work on /home/airflow/.local/lib/python3.7/site-packages/airflow/example_dags/example_complex.py
[2022-11-28T23:41:53.369+0000] {processor.py:756} INFO - Processing file /home/airflow/.local/lib/python3.7/site-packages/airflow/example_dags/example_complex.py for tasks to queue
[2022-11-28T23:41:53.370+0000] {logging_mixin.py:137} INFO - [2022-11-28T23:41:53.370+0000] {dagbag.py:537} INFO - Filling up the DagBag from /home/airflow/.local/lib/python3.7/site-packages/airflow/example_dags/example_complex.py
[2022-11-28T23:41:53.381+0000] {logging_mixin.py:137} INFO - [2022-11-28T23:41:53.381+0000] {taskmixin.py:205} WARNING - Dependency <Task(BashOperator): create_entry_group>, delete_entry_group already registered for DAG: example_complex
[2022-11-28T23:41:53.381+0000] {logging_mixin.py:137} INFO - [2022-11-28T23:41:53.381+0000] {taskmixin.py:205} WARNING - Dependency <Task(BashOperator): delete_entry_group>, create_entry_group already registered for DAG: example_complex
[2022-11-28T23:41:53.381+0000] {logging_mixin.py:137} INFO - [2022-11-28T23:41:53.381+0000] {taskmixin.py:205} WARNING - Dependency <Task(BashOperator): create_entry_gcs>, delete_entry already registered for DAG: example_complex
[2022-11-28T23:41:53.382+0000] {logging_mixin.py:137} INFO - [2022-11-28T23:41:53.381+0000] {taskmixin.py:205} WARNING - Dependency <Task(BashOperator): delete_entry>, create_entry_gcs already registered for DAG: example_complex
[2022-11-28T23:41:53.382+0000] {logging_mixin.py:137} INFO - [2022-11-28T23:41:53.382+0000] {taskmixin.py:205} WARNING - Dependency <Task(BashOperator): create_tag>, delete_tag already registered for DAG: example_complex
[2022-11-28T23:41:53.382+0000] {logging_mixin.py:137} INFO - [2022-11-28T23:41:53.382+0000] {taskmixin.py:205} WARNING - Dependency <Task(BashOperator): delete_tag>, create_tag already registered for DAG: example_complex
[2022-11-28T23:41:53.390+0000] {processor.py:766} INFO - DAG(s) dict_keys(['example_complex']) retrieved from /home/airflow/.local/lib/python3.7/site-packages/airflow/example_dags/example_complex.py
[2022-11-28T23:41:53.435+0000] {logging_mixin.py:137} INFO - [2022-11-28T23:41:53.435+0000] {dag.py:2585} INFO - Sync 1 DAGs
[2022-11-28T23:41:53.462+0000] {logging_mixin.py:137} INFO - [2022-11-28T23:41:53.462+0000] {dag.py:3340} INFO - Setting next_dagrun for example_complex to None, run_after=None
[2022-11-28T23:41:53.486+0000] {processor.py:176} INFO - Processing /home/airflow/.local/lib/python3.7/site-packages/airflow/example_dags/example_complex.py took 0.119 seconds
[2022-11-28T23:42:24.272+0000] {processor.py:154} INFO - Started process (PID=2282) to work on /home/airflow/.local/lib/python3.7/site-packages/airflow/example_dags/example_complex.py
[2022-11-28T23:42:24.272+0000] {processor.py:756} INFO - Processing file /home/airflow/.local/lib/python3.7/site-packages/airflow/example_dags/example_complex.py for tasks to queue
[2022-11-28T23:42:24.273+0000] {logging_mixin.py:137} INFO - [2022-11-28T23:42:24.272+0000] {dagbag.py:537} INFO - Filling up the DagBag from /home/airflow/.local/lib/python3.7/site-packages/airflow/example_dags/example_complex.py
[2022-11-28T23:42:24.284+0000] {logging_mixin.py:137} INFO - [2022-11-28T23:42:24.283+0000] {taskmixin.py:205} WARNING - Dependency <Task(BashOperator): create_entry_group>, delete_entry_group already registered for DAG: example_complex
[2022-11-28T23:42:24.284+0000] {logging_mixin.py:137} INFO - [2022-11-28T23:42:24.284+0000] {taskmixin.py:205} WARNING - Dependency <Task(BashOperator): delete_entry_group>, create_entry_group already registered for DAG: example_complex
[2022-11-28T23:42:24.284+0000] {logging_mixin.py:137} INFO - [2022-11-28T23:42:24.284+0000] {taskmixin.py:205} WARNING - Dependency <Task(BashOperator): create_entry_gcs>, delete_entry already registered for DAG: example_complex
[2022-11-28T23:42:24.284+0000] {logging_mixin.py:137} INFO - [2022-11-28T23:42:24.284+0000] {taskmixin.py:205} WARNING - Dependency <Task(BashOperator): delete_entry>, create_entry_gcs already registered for DAG: example_complex
[2022-11-28T23:42:24.285+0000] {logging_mixin.py:137} INFO - [2022-11-28T23:42:24.285+0000] {taskmixin.py:205} WARNING - Dependency <Task(BashOperator): create_tag>, delete_tag already registered for DAG: example_complex
[2022-11-28T23:42:24.285+0000] {logging_mixin.py:137} INFO - [2022-11-28T23:42:24.285+0000] {taskmixin.py:205} WARNING - Dependency <Task(BashOperator): delete_tag>, create_tag already registered for DAG: example_complex
[2022-11-28T23:42:24.293+0000] {processor.py:766} INFO - DAG(s) dict_keys(['example_complex']) retrieved from /home/airflow/.local/lib/python3.7/site-packages/airflow/example_dags/example_complex.py
[2022-11-28T23:42:24.341+0000] {logging_mixin.py:137} INFO - [2022-11-28T23:42:24.341+0000] {dag.py:2585} INFO - Sync 1 DAGs
[2022-11-28T23:42:24.371+0000] {logging_mixin.py:137} INFO - [2022-11-28T23:42:24.371+0000] {dag.py:3340} INFO - Setting next_dagrun for example_complex to None, run_after=None
[2022-11-28T23:42:24.400+0000] {processor.py:176} INFO - Processing /home/airflow/.local/lib/python3.7/site-packages/airflow/example_dags/example_complex.py took 0.130 seconds
[2022-11-28T23:42:54.837+0000] {processor.py:154} INFO - Started process (PID=2489) to work on /home/airflow/.local/lib/python3.7/site-packages/airflow/example_dags/example_complex.py
[2022-11-28T23:42:54.838+0000] {processor.py:756} INFO - Processing file /home/airflow/.local/lib/python3.7/site-packages/airflow/example_dags/example_complex.py for tasks to queue
[2022-11-28T23:42:54.839+0000] {logging_mixin.py:137} INFO - [2022-11-28T23:42:54.839+0000] {dagbag.py:537} INFO - Filling up the DagBag from /home/airflow/.local/lib/python3.7/site-packages/airflow/example_dags/example_complex.py
[2022-11-28T23:42:54.850+0000] {logging_mixin.py:137} INFO - [2022-11-28T23:42:54.850+0000] {taskmixin.py:205} WARNING - Dependency <Task(BashOperator): create_entry_group>, delete_entry_group already registered for DAG: example_complex
[2022-11-28T23:42:54.850+0000] {logging_mixin.py:137} INFO - [2022-11-28T23:42:54.850+0000] {taskmixin.py:205} WARNING - Dependency <Task(BashOperator): delete_entry_group>, create_entry_group already registered for DAG: example_complex
[2022-11-28T23:42:54.851+0000] {logging_mixin.py:137} INFO - [2022-11-28T23:42:54.850+0000] {taskmixin.py:205} WARNING - Dependency <Task(BashOperator): create_entry_gcs>, delete_entry already registered for DAG: example_complex
[2022-11-28T23:42:54.851+0000] {logging_mixin.py:137} INFO - [2022-11-28T23:42:54.851+0000] {taskmixin.py:205} WARNING - Dependency <Task(BashOperator): delete_entry>, create_entry_gcs already registered for DAG: example_complex
[2022-11-28T23:42:54.851+0000] {logging_mixin.py:137} INFO - [2022-11-28T23:42:54.851+0000] {taskmixin.py:205} WARNING - Dependency <Task(BashOperator): create_tag>, delete_tag already registered for DAG: example_complex
[2022-11-28T23:42:54.851+0000] {logging_mixin.py:137} INFO - [2022-11-28T23:42:54.851+0000] {taskmixin.py:205} WARNING - Dependency <Task(BashOperator): delete_tag>, create_tag already registered for DAG: example_complex
[2022-11-28T23:42:54.859+0000] {processor.py:766} INFO - DAG(s) dict_keys(['example_complex']) retrieved from /home/airflow/.local/lib/python3.7/site-packages/airflow/example_dags/example_complex.py
[2022-11-28T23:42:54.908+0000] {logging_mixin.py:137} INFO - [2022-11-28T23:42:54.908+0000] {dag.py:2585} INFO - Sync 1 DAGs
[2022-11-28T23:42:54.937+0000] {logging_mixin.py:137} INFO - [2022-11-28T23:42:54.937+0000] {dag.py:3340} INFO - Setting next_dagrun for example_complex to None, run_after=None
[2022-11-28T23:42:54.965+0000] {processor.py:176} INFO - Processing /home/airflow/.local/lib/python3.7/site-packages/airflow/example_dags/example_complex.py took 0.130 seconds
[2022-11-28T23:43:25.828+0000] {processor.py:154} INFO - Started process (PID=2696) to work on /home/airflow/.local/lib/python3.7/site-packages/airflow/example_dags/example_complex.py
[2022-11-28T23:43:25.829+0000] {processor.py:756} INFO - Processing file /home/airflow/.local/lib/python3.7/site-packages/airflow/example_dags/example_complex.py for tasks to queue
[2022-11-28T23:43:25.829+0000] {logging_mixin.py:137} INFO - [2022-11-28T23:43:25.829+0000] {dagbag.py:537} INFO - Filling up the DagBag from /home/airflow/.local/lib/python3.7/site-packages/airflow/example_dags/example_complex.py
[2022-11-28T23:43:25.840+0000] {logging_mixin.py:137} INFO - [2022-11-28T23:43:25.840+0000] {taskmixin.py:205} WARNING - Dependency <Task(BashOperator): create_entry_group>, delete_entry_group already registered for DAG: example_complex
[2022-11-28T23:43:25.840+0000] {logging_mixin.py:137} INFO - [2022-11-28T23:43:25.840+0000] {taskmixin.py:205} WARNING - Dependency <Task(BashOperator): delete_entry_group>, create_entry_group already registered for DAG: example_complex
[2022-11-28T23:43:25.841+0000] {logging_mixin.py:137} INFO - [2022-11-28T23:43:25.841+0000] {taskmixin.py:205} WARNING - Dependency <Task(BashOperator): create_entry_gcs>, delete_entry already registered for DAG: example_complex
[2022-11-28T23:43:25.841+0000] {logging_mixin.py:137} INFO - [2022-11-28T23:43:25.841+0000] {taskmixin.py:205} WARNING - Dependency <Task(BashOperator): delete_entry>, create_entry_gcs already registered for DAG: example_complex
[2022-11-28T23:43:25.841+0000] {logging_mixin.py:137} INFO - [2022-11-28T23:43:25.841+0000] {taskmixin.py:205} WARNING - Dependency <Task(BashOperator): create_tag>, delete_tag already registered for DAG: example_complex
[2022-11-28T23:43:25.841+0000] {logging_mixin.py:137} INFO - [2022-11-28T23:43:25.841+0000] {taskmixin.py:205} WARNING - Dependency <Task(BashOperator): delete_tag>, create_tag already registered for DAG: example_complex
[2022-11-28T23:43:25.849+0000] {processor.py:766} INFO - DAG(s) dict_keys(['example_complex']) retrieved from /home/airflow/.local/lib/python3.7/site-packages/airflow/example_dags/example_complex.py
[2022-11-28T23:43:25.897+0000] {logging_mixin.py:137} INFO - [2022-11-28T23:43:25.897+0000] {dag.py:2585} INFO - Sync 1 DAGs
[2022-11-28T23:43:25.926+0000] {logging_mixin.py:137} INFO - [2022-11-28T23:43:25.926+0000] {dag.py:3340} INFO - Setting next_dagrun for example_complex to None, run_after=None
[2022-11-28T23:43:25.947+0000] {processor.py:176} INFO - Processing /home/airflow/.local/lib/python3.7/site-packages/airflow/example_dags/example_complex.py took 0.121 seconds
[2022-11-28T23:43:56.418+0000] {processor.py:154} INFO - Started process (PID=2894) to work on /home/airflow/.local/lib/python3.7/site-packages/airflow/example_dags/example_complex.py
[2022-11-28T23:43:56.419+0000] {processor.py:756} INFO - Processing file /home/airflow/.local/lib/python3.7/site-packages/airflow/example_dags/example_complex.py for tasks to queue
[2022-11-28T23:43:56.419+0000] {logging_mixin.py:137} INFO - [2022-11-28T23:43:56.419+0000] {dagbag.py:537} INFO - Filling up the DagBag from /home/airflow/.local/lib/python3.7/site-packages/airflow/example_dags/example_complex.py
[2022-11-28T23:43:56.429+0000] {logging_mixin.py:137} INFO - [2022-11-28T23:43:56.429+0000] {taskmixin.py:205} WARNING - Dependency <Task(BashOperator): create_entry_group>, delete_entry_group already registered for DAG: example_complex
[2022-11-28T23:43:56.430+0000] {logging_mixin.py:137} INFO - [2022-11-28T23:43:56.430+0000] {taskmixin.py:205} WARNING - Dependency <Task(BashOperator): delete_entry_group>, create_entry_group already registered for DAG: example_complex
[2022-11-28T23:43:56.430+0000] {logging_mixin.py:137} INFO - [2022-11-28T23:43:56.430+0000] {taskmixin.py:205} WARNING - Dependency <Task(BashOperator): create_entry_gcs>, delete_entry already registered for DAG: example_complex
[2022-11-28T23:43:56.430+0000] {logging_mixin.py:137} INFO - [2022-11-28T23:43:56.430+0000] {taskmixin.py:205} WARNING - Dependency <Task(BashOperator): delete_entry>, create_entry_gcs already registered for DAG: example_complex
[2022-11-28T23:43:56.430+0000] {logging_mixin.py:137} INFO - [2022-11-28T23:43:56.430+0000] {taskmixin.py:205} WARNING - Dependency <Task(BashOperator): create_tag>, delete_tag already registered for DAG: example_complex
[2022-11-28T23:43:56.431+0000] {logging_mixin.py:137} INFO - [2022-11-28T23:43:56.430+0000] {taskmixin.py:205} WARNING - Dependency <Task(BashOperator): delete_tag>, create_tag already registered for DAG: example_complex
[2022-11-28T23:43:56.437+0000] {processor.py:766} INFO - DAG(s) dict_keys(['example_complex']) retrieved from /home/airflow/.local/lib/python3.7/site-packages/airflow/example_dags/example_complex.py
[2022-11-28T23:43:56.481+0000] {logging_mixin.py:137} INFO - [2022-11-28T23:43:56.481+0000] {dag.py:2585} INFO - Sync 1 DAGs
[2022-11-28T23:43:56.509+0000] {logging_mixin.py:137} INFO - [2022-11-28T23:43:56.508+0000] {dag.py:3340} INFO - Setting next_dagrun for example_complex to None, run_after=None
[2022-11-28T23:43:56.531+0000] {processor.py:176} INFO - Processing /home/airflow/.local/lib/python3.7/site-packages/airflow/example_dags/example_complex.py took 0.115 seconds
[2022-11-28T23:44:27.118+0000] {processor.py:154} INFO - Started process (PID=3101) to work on /home/airflow/.local/lib/python3.7/site-packages/airflow/example_dags/example_complex.py
[2022-11-28T23:44:27.118+0000] {processor.py:756} INFO - Processing file /home/airflow/.local/lib/python3.7/site-packages/airflow/example_dags/example_complex.py for tasks to queue
[2022-11-28T23:44:27.119+0000] {logging_mixin.py:137} INFO - [2022-11-28T23:44:27.119+0000] {dagbag.py:537} INFO - Filling up the DagBag from /home/airflow/.local/lib/python3.7/site-packages/airflow/example_dags/example_complex.py
[2022-11-28T23:44:27.130+0000] {logging_mixin.py:137} INFO - [2022-11-28T23:44:27.129+0000] {taskmixin.py:205} WARNING - Dependency <Task(BashOperator): create_entry_group>, delete_entry_group already registered for DAG: example_complex
[2022-11-28T23:44:27.130+0000] {logging_mixin.py:137} INFO - [2022-11-28T23:44:27.130+0000] {taskmixin.py:205} WARNING - Dependency <Task(BashOperator): delete_entry_group>, create_entry_group already registered for DAG: example_complex
[2022-11-28T23:44:27.130+0000] {logging_mixin.py:137} INFO - [2022-11-28T23:44:27.130+0000] {taskmixin.py:205} WARNING - Dependency <Task(BashOperator): create_entry_gcs>, delete_entry already registered for DAG: example_complex
[2022-11-28T23:44:27.130+0000] {logging_mixin.py:137} INFO - [2022-11-28T23:44:27.130+0000] {taskmixin.py:205} WARNING - Dependency <Task(BashOperator): delete_entry>, create_entry_gcs already registered for DAG: example_complex
[2022-11-28T23:44:27.131+0000] {logging_mixin.py:137} INFO - [2022-11-28T23:44:27.131+0000] {taskmixin.py:205} WARNING - Dependency <Task(BashOperator): create_tag>, delete_tag already registered for DAG: example_complex
[2022-11-28T23:44:27.131+0000] {logging_mixin.py:137} INFO - [2022-11-28T23:44:27.131+0000] {taskmixin.py:205} WARNING - Dependency <Task(BashOperator): delete_tag>, create_tag already registered for DAG: example_complex
[2022-11-28T23:44:27.138+0000] {processor.py:766} INFO - DAG(s) dict_keys(['example_complex']) retrieved from /home/airflow/.local/lib/python3.7/site-packages/airflow/example_dags/example_complex.py
[2022-11-28T23:44:27.179+0000] {logging_mixin.py:137} INFO - [2022-11-28T23:44:27.179+0000] {dag.py:2585} INFO - Sync 1 DAGs
[2022-11-28T23:44:27.205+0000] {logging_mixin.py:137} INFO - [2022-11-28T23:44:27.205+0000] {dag.py:3340} INFO - Setting next_dagrun for example_complex to None, run_after=None
[2022-11-28T23:44:27.225+0000] {processor.py:176} INFO - Processing /home/airflow/.local/lib/python3.7/site-packages/airflow/example_dags/example_complex.py took 0.110 seconds
[2022-11-28T23:44:57.801+0000] {processor.py:154} INFO - Started process (PID=3308) to work on /home/airflow/.local/lib/python3.7/site-packages/airflow/example_dags/example_complex.py
[2022-11-28T23:44:57.801+0000] {processor.py:756} INFO - Processing file /home/airflow/.local/lib/python3.7/site-packages/airflow/example_dags/example_complex.py for tasks to queue
[2022-11-28T23:44:57.802+0000] {logging_mixin.py:137} INFO - [2022-11-28T23:44:57.802+0000] {dagbag.py:537} INFO - Filling up the DagBag from /home/airflow/.local/lib/python3.7/site-packages/airflow/example_dags/example_complex.py
[2022-11-28T23:44:57.813+0000] {logging_mixin.py:137} INFO - [2022-11-28T23:44:57.813+0000] {taskmixin.py:205} WARNING - Dependency <Task(BashOperator): create_entry_group>, delete_entry_group already registered for DAG: example_complex
[2022-11-28T23:44:57.813+0000] {logging_mixin.py:137} INFO - [2022-11-28T23:44:57.813+0000] {taskmixin.py:205} WARNING - Dependency <Task(BashOperator): delete_entry_group>, create_entry_group already registered for DAG: example_complex
[2022-11-28T23:44:57.814+0000] {logging_mixin.py:137} INFO - [2022-11-28T23:44:57.814+0000] {taskmixin.py:205} WARNING - Dependency <Task(BashOperator): create_entry_gcs>, delete_entry already registered for DAG: example_complex
[2022-11-28T23:44:57.814+0000] {logging_mixin.py:137} INFO - [2022-11-28T23:44:57.814+0000] {taskmixin.py:205} WARNING - Dependency <Task(BashOperator): delete_entry>, create_entry_gcs already registered for DAG: example_complex
[2022-11-28T23:44:57.814+0000] {logging_mixin.py:137} INFO - [2022-11-28T23:44:57.814+0000] {taskmixin.py:205} WARNING - Dependency <Task(BashOperator): create_tag>, delete_tag already registered for DAG: example_complex
[2022-11-28T23:44:57.814+0000] {logging_mixin.py:137} INFO - [2022-11-28T23:44:57.814+0000] {taskmixin.py:205} WARNING - Dependency <Task(BashOperator): delete_tag>, create_tag already registered for DAG: example_complex
[2022-11-28T23:44:57.822+0000] {processor.py:766} INFO - DAG(s) dict_keys(['example_complex']) retrieved from /home/airflow/.local/lib/python3.7/site-packages/airflow/example_dags/example_complex.py
[2022-11-28T23:44:57.876+0000] {logging_mixin.py:137} INFO - [2022-11-28T23:44:57.876+0000] {dag.py:2585} INFO - Sync 1 DAGs
[2022-11-28T23:44:57.910+0000] {logging_mixin.py:137} INFO - [2022-11-28T23:44:57.909+0000] {dag.py:3340} INFO - Setting next_dagrun for example_complex to None, run_after=None
[2022-11-28T23:44:57.937+0000] {processor.py:176} INFO - Processing /home/airflow/.local/lib/python3.7/site-packages/airflow/example_dags/example_complex.py took 0.138 seconds
[2022-11-28T23:45:28.595+0000] {processor.py:154} INFO - Started process (PID=3506) to work on /home/airflow/.local/lib/python3.7/site-packages/airflow/example_dags/example_complex.py
[2022-11-28T23:45:28.595+0000] {processor.py:756} INFO - Processing file /home/airflow/.local/lib/python3.7/site-packages/airflow/example_dags/example_complex.py for tasks to queue
[2022-11-28T23:45:28.596+0000] {logging_mixin.py:137} INFO - [2022-11-28T23:45:28.596+0000] {dagbag.py:537} INFO - Filling up the DagBag from /home/airflow/.local/lib/python3.7/site-packages/airflow/example_dags/example_complex.py
[2022-11-28T23:45:28.607+0000] {logging_mixin.py:137} INFO - [2022-11-28T23:45:28.606+0000] {taskmixin.py:205} WARNING - Dependency <Task(BashOperator): create_entry_group>, delete_entry_group already registered for DAG: example_complex
[2022-11-28T23:45:28.607+0000] {logging_mixin.py:137} INFO - [2022-11-28T23:45:28.607+0000] {taskmixin.py:205} WARNING - Dependency <Task(BashOperator): delete_entry_group>, create_entry_group already registered for DAG: example_complex
[2022-11-28T23:45:28.607+0000] {logging_mixin.py:137} INFO - [2022-11-28T23:45:28.607+0000] {taskmixin.py:205} WARNING - Dependency <Task(BashOperator): create_entry_gcs>, delete_entry already registered for DAG: example_complex
[2022-11-28T23:45:28.607+0000] {logging_mixin.py:137} INFO - [2022-11-28T23:45:28.607+0000] {taskmixin.py:205} WARNING - Dependency <Task(BashOperator): delete_entry>, create_entry_gcs already registered for DAG: example_complex
[2022-11-28T23:45:28.608+0000] {logging_mixin.py:137} INFO - [2022-11-28T23:45:28.608+0000] {taskmixin.py:205} WARNING - Dependency <Task(BashOperator): create_tag>, delete_tag already registered for DAG: example_complex
[2022-11-28T23:45:28.608+0000] {logging_mixin.py:137} INFO - [2022-11-28T23:45:28.608+0000] {taskmixin.py:205} WARNING - Dependency <Task(BashOperator): delete_tag>, create_tag already registered for DAG: example_complex
[2022-11-28T23:45:28.615+0000] {processor.py:766} INFO - DAG(s) dict_keys(['example_complex']) retrieved from /home/airflow/.local/lib/python3.7/site-packages/airflow/example_dags/example_complex.py
[2022-11-28T23:45:28.658+0000] {logging_mixin.py:137} INFO - [2022-11-28T23:45:28.657+0000] {dag.py:2585} INFO - Sync 1 DAGs
[2022-11-28T23:45:28.684+0000] {logging_mixin.py:137} INFO - [2022-11-28T23:45:28.684+0000] {dag.py:3340} INFO - Setting next_dagrun for example_complex to None, run_after=None
[2022-11-28T23:45:28.706+0000] {processor.py:176} INFO - Processing /home/airflow/.local/lib/python3.7/site-packages/airflow/example_dags/example_complex.py took 0.113 seconds
