[2022-11-28T23:37:16.939+0000] {processor.py:154} INFO - Started process (PID=346) to work on /home/airflow/.local/lib/python3.7/site-packages/airflow/example_dags/example_trigger_target_dag.py
[2022-11-28T23:37:16.940+0000] {processor.py:756} INFO - Processing file /home/airflow/.local/lib/python3.7/site-packages/airflow/example_dags/example_trigger_target_dag.py for tasks to queue
[2022-11-28T23:37:16.940+0000] {logging_mixin.py:137} INFO - [2022-11-28T23:37:16.940+0000] {dagbag.py:537} INFO - Filling up the DagBag from /home/airflow/.local/lib/python3.7/site-packages/airflow/example_dags/example_trigger_target_dag.py
[2022-11-28T23:37:16.959+0000] {processor.py:766} INFO - DAG(s) dict_keys(['example_trigger_target_dag']) retrieved from /home/airflow/.local/lib/python3.7/site-packages/airflow/example_dags/example_trigger_target_dag.py
[2022-11-28T23:37:17.028+0000] {logging_mixin.py:137} INFO - [2022-11-28T23:37:17.028+0000] {dag.py:2585} INFO - Sync 1 DAGs
[2022-11-28T23:37:17.057+0000] {logging_mixin.py:137} INFO - [2022-11-28T23:37:17.057+0000] {dag.py:3340} INFO - Setting next_dagrun for example_trigger_target_dag to None, run_after=None
[2022-11-28T23:37:17.082+0000] {processor.py:176} INFO - Processing /home/airflow/.local/lib/python3.7/site-packages/airflow/example_dags/example_trigger_target_dag.py took 0.145 seconds
[2022-11-28T23:37:47.880+0000] {processor.py:154} INFO - Started process (PID=546) to work on /home/airflow/.local/lib/python3.7/site-packages/airflow/example_dags/example_trigger_target_dag.py
[2022-11-28T23:37:47.881+0000] {processor.py:756} INFO - Processing file /home/airflow/.local/lib/python3.7/site-packages/airflow/example_dags/example_trigger_target_dag.py for tasks to queue
[2022-11-28T23:37:47.881+0000] {logging_mixin.py:137} INFO - [2022-11-28T23:37:47.881+0000] {dagbag.py:537} INFO - Filling up the DagBag from /home/airflow/.local/lib/python3.7/site-packages/airflow/example_dags/example_trigger_target_dag.py
[2022-11-28T23:37:47.900+0000] {processor.py:766} INFO - DAG(s) dict_keys(['example_trigger_target_dag']) retrieved from /home/airflow/.local/lib/python3.7/site-packages/airflow/example_dags/example_trigger_target_dag.py
[2022-11-28T23:37:47.934+0000] {logging_mixin.py:137} INFO - [2022-11-28T23:37:47.934+0000] {dag.py:2585} INFO - Sync 1 DAGs
[2022-11-28T23:37:47.960+0000] {logging_mixin.py:137} INFO - [2022-11-28T23:37:47.960+0000] {dag.py:3340} INFO - Setting next_dagrun for example_trigger_target_dag to None, run_after=None
[2022-11-28T23:37:47.981+0000] {processor.py:176} INFO - Processing /home/airflow/.local/lib/python3.7/site-packages/airflow/example_dags/example_trigger_target_dag.py took 0.103 seconds
[2022-11-28T23:38:18.670+0000] {processor.py:154} INFO - Started process (PID=752) to work on /home/airflow/.local/lib/python3.7/site-packages/airflow/example_dags/example_trigger_target_dag.py
[2022-11-28T23:38:18.670+0000] {processor.py:756} INFO - Processing file /home/airflow/.local/lib/python3.7/site-packages/airflow/example_dags/example_trigger_target_dag.py for tasks to queue
[2022-11-28T23:38:18.671+0000] {logging_mixin.py:137} INFO - [2022-11-28T23:38:18.671+0000] {dagbag.py:537} INFO - Filling up the DagBag from /home/airflow/.local/lib/python3.7/site-packages/airflow/example_dags/example_trigger_target_dag.py
[2022-11-28T23:38:18.689+0000] {processor.py:766} INFO - DAG(s) dict_keys(['example_trigger_target_dag']) retrieved from /home/airflow/.local/lib/python3.7/site-packages/airflow/example_dags/example_trigger_target_dag.py
[2022-11-28T23:38:18.726+0000] {logging_mixin.py:137} INFO - [2022-11-28T23:38:18.726+0000] {dag.py:2585} INFO - Sync 1 DAGs
[2022-11-28T23:38:18.752+0000] {logging_mixin.py:137} INFO - [2022-11-28T23:38:18.751+0000] {dag.py:3340} INFO - Setting next_dagrun for example_trigger_target_dag to None, run_after=None
[2022-11-28T23:38:18.774+0000] {processor.py:176} INFO - Processing /home/airflow/.local/lib/python3.7/site-packages/airflow/example_dags/example_trigger_target_dag.py took 0.106 seconds
[2022-11-28T23:38:49.459+0000] {processor.py:154} INFO - Started process (PID=961) to work on /home/airflow/.local/lib/python3.7/site-packages/airflow/example_dags/example_trigger_target_dag.py
[2022-11-28T23:38:49.459+0000] {processor.py:756} INFO - Processing file /home/airflow/.local/lib/python3.7/site-packages/airflow/example_dags/example_trigger_target_dag.py for tasks to queue
[2022-11-28T23:38:49.460+0000] {logging_mixin.py:137} INFO - [2022-11-28T23:38:49.460+0000] {dagbag.py:537} INFO - Filling up the DagBag from /home/airflow/.local/lib/python3.7/site-packages/airflow/example_dags/example_trigger_target_dag.py
[2022-11-28T23:38:49.478+0000] {processor.py:766} INFO - DAG(s) dict_keys(['example_trigger_target_dag']) retrieved from /home/airflow/.local/lib/python3.7/site-packages/airflow/example_dags/example_trigger_target_dag.py
[2022-11-28T23:38:49.513+0000] {logging_mixin.py:137} INFO - [2022-11-28T23:38:49.513+0000] {dag.py:2585} INFO - Sync 1 DAGs
[2022-11-28T23:38:49.537+0000] {logging_mixin.py:137} INFO - [2022-11-28T23:38:49.537+0000] {dag.py:3340} INFO - Setting next_dagrun for example_trigger_target_dag to None, run_after=None
[2022-11-28T23:38:49.558+0000] {processor.py:176} INFO - Processing /home/airflow/.local/lib/python3.7/site-packages/airflow/example_dags/example_trigger_target_dag.py took 0.101 seconds
[2022-11-28T23:39:20.210+0000] {processor.py:154} INFO - Started process (PID=1157) to work on /home/airflow/.local/lib/python3.7/site-packages/airflow/example_dags/example_trigger_target_dag.py
[2022-11-28T23:39:20.211+0000] {processor.py:756} INFO - Processing file /home/airflow/.local/lib/python3.7/site-packages/airflow/example_dags/example_trigger_target_dag.py for tasks to queue
[2022-11-28T23:39:20.211+0000] {logging_mixin.py:137} INFO - [2022-11-28T23:39:20.211+0000] {dagbag.py:537} INFO - Filling up the DagBag from /home/airflow/.local/lib/python3.7/site-packages/airflow/example_dags/example_trigger_target_dag.py
[2022-11-28T23:39:20.230+0000] {processor.py:766} INFO - DAG(s) dict_keys(['example_trigger_target_dag']) retrieved from /home/airflow/.local/lib/python3.7/site-packages/airflow/example_dags/example_trigger_target_dag.py
[2022-11-28T23:39:20.276+0000] {logging_mixin.py:137} INFO - [2022-11-28T23:39:20.276+0000] {dag.py:2585} INFO - Sync 1 DAGs
[2022-11-28T23:39:20.314+0000] {logging_mixin.py:137} INFO - [2022-11-28T23:39:20.314+0000] {dag.py:3340} INFO - Setting next_dagrun for example_trigger_target_dag to None, run_after=None
[2022-11-28T23:39:20.343+0000] {processor.py:176} INFO - Processing /home/airflow/.local/lib/python3.7/site-packages/airflow/example_dags/example_trigger_target_dag.py took 0.136 seconds
[2022-11-28T23:39:51.294+0000] {processor.py:154} INFO - Started process (PID=1364) to work on /home/airflow/.local/lib/python3.7/site-packages/airflow/example_dags/example_trigger_target_dag.py
[2022-11-28T23:39:51.294+0000] {processor.py:756} INFO - Processing file /home/airflow/.local/lib/python3.7/site-packages/airflow/example_dags/example_trigger_target_dag.py for tasks to queue
[2022-11-28T23:39:51.295+0000] {logging_mixin.py:137} INFO - [2022-11-28T23:39:51.295+0000] {dagbag.py:537} INFO - Filling up the DagBag from /home/airflow/.local/lib/python3.7/site-packages/airflow/example_dags/example_trigger_target_dag.py
[2022-11-28T23:39:51.315+0000] {processor.py:766} INFO - DAG(s) dict_keys(['example_trigger_target_dag']) retrieved from /home/airflow/.local/lib/python3.7/site-packages/airflow/example_dags/example_trigger_target_dag.py
[2022-11-28T23:39:51.356+0000] {logging_mixin.py:137} INFO - [2022-11-28T23:39:51.355+0000] {dag.py:2585} INFO - Sync 1 DAGs
[2022-11-28T23:39:51.384+0000] {logging_mixin.py:137} INFO - [2022-11-28T23:39:51.384+0000] {dag.py:3340} INFO - Setting next_dagrun for example_trigger_target_dag to None, run_after=None
[2022-11-28T23:39:51.407+0000] {processor.py:176} INFO - Processing /home/airflow/.local/lib/python3.7/site-packages/airflow/example_dags/example_trigger_target_dag.py took 0.117 seconds
[2022-11-28T23:40:22.122+0000] {processor.py:154} INFO - Started process (PID=1572) to work on /home/airflow/.local/lib/python3.7/site-packages/airflow/example_dags/example_trigger_target_dag.py
[2022-11-28T23:40:22.123+0000] {processor.py:756} INFO - Processing file /home/airflow/.local/lib/python3.7/site-packages/airflow/example_dags/example_trigger_target_dag.py for tasks to queue
[2022-11-28T23:40:22.124+0000] {logging_mixin.py:137} INFO - [2022-11-28T23:40:22.123+0000] {dagbag.py:537} INFO - Filling up the DagBag from /home/airflow/.local/lib/python3.7/site-packages/airflow/example_dags/example_trigger_target_dag.py
[2022-11-28T23:40:22.143+0000] {processor.py:766} INFO - DAG(s) dict_keys(['example_trigger_target_dag']) retrieved from /home/airflow/.local/lib/python3.7/site-packages/airflow/example_dags/example_trigger_target_dag.py
[2022-11-28T23:40:22.178+0000] {logging_mixin.py:137} INFO - [2022-11-28T23:40:22.178+0000] {dag.py:2585} INFO - Sync 1 DAGs
[2022-11-28T23:40:22.207+0000] {logging_mixin.py:137} INFO - [2022-11-28T23:40:22.207+0000] {dag.py:3340} INFO - Setting next_dagrun for example_trigger_target_dag to None, run_after=None
[2022-11-28T23:40:22.231+0000] {processor.py:176} INFO - Processing /home/airflow/.local/lib/python3.7/site-packages/airflow/example_dags/example_trigger_target_dag.py took 0.111 seconds
[2022-11-28T23:40:52.873+0000] {processor.py:154} INFO - Started process (PID=1770) to work on /home/airflow/.local/lib/python3.7/site-packages/airflow/example_dags/example_trigger_target_dag.py
[2022-11-28T23:40:52.874+0000] {processor.py:756} INFO - Processing file /home/airflow/.local/lib/python3.7/site-packages/airflow/example_dags/example_trigger_target_dag.py for tasks to queue
[2022-11-28T23:40:52.876+0000] {logging_mixin.py:137} INFO - [2022-11-28T23:40:52.876+0000] {dagbag.py:537} INFO - Filling up the DagBag from /home/airflow/.local/lib/python3.7/site-packages/airflow/example_dags/example_trigger_target_dag.py
[2022-11-28T23:40:52.897+0000] {processor.py:766} INFO - DAG(s) dict_keys(['example_trigger_target_dag']) retrieved from /home/airflow/.local/lib/python3.7/site-packages/airflow/example_dags/example_trigger_target_dag.py
[2022-11-28T23:40:52.934+0000] {logging_mixin.py:137} INFO - [2022-11-28T23:40:52.934+0000] {dag.py:2585} INFO - Sync 1 DAGs
[2022-11-28T23:40:52.963+0000] {logging_mixin.py:137} INFO - [2022-11-28T23:40:52.962+0000] {dag.py:3340} INFO - Setting next_dagrun for example_trigger_target_dag to None, run_after=None
[2022-11-28T23:40:52.988+0000] {processor.py:176} INFO - Processing /home/airflow/.local/lib/python3.7/site-packages/airflow/example_dags/example_trigger_target_dag.py took 0.118 seconds
[2022-11-28T23:41:23.897+0000] {processor.py:154} INFO - Started process (PID=1977) to work on /home/airflow/.local/lib/python3.7/site-packages/airflow/example_dags/example_trigger_target_dag.py
[2022-11-28T23:41:23.897+0000] {processor.py:756} INFO - Processing file /home/airflow/.local/lib/python3.7/site-packages/airflow/example_dags/example_trigger_target_dag.py for tasks to queue
[2022-11-28T23:41:23.898+0000] {logging_mixin.py:137} INFO - [2022-11-28T23:41:23.898+0000] {dagbag.py:537} INFO - Filling up the DagBag from /home/airflow/.local/lib/python3.7/site-packages/airflow/example_dags/example_trigger_target_dag.py
[2022-11-28T23:41:23.919+0000] {processor.py:766} INFO - DAG(s) dict_keys(['example_trigger_target_dag']) retrieved from /home/airflow/.local/lib/python3.7/site-packages/airflow/example_dags/example_trigger_target_dag.py
[2022-11-28T23:41:23.963+0000] {logging_mixin.py:137} INFO - [2022-11-28T23:41:23.963+0000] {dag.py:2585} INFO - Sync 1 DAGs
[2022-11-28T23:41:23.994+0000] {logging_mixin.py:137} INFO - [2022-11-28T23:41:23.994+0000] {dag.py:3340} INFO - Setting next_dagrun for example_trigger_target_dag to None, run_after=None
[2022-11-28T23:41:24.020+0000] {processor.py:176} INFO - Processing /home/airflow/.local/lib/python3.7/site-packages/airflow/example_dags/example_trigger_target_dag.py took 0.125 seconds
[2022-11-28T23:41:54.840+0000] {processor.py:154} INFO - Started process (PID=2184) to work on /home/airflow/.local/lib/python3.7/site-packages/airflow/example_dags/example_trigger_target_dag.py
[2022-11-28T23:41:54.841+0000] {processor.py:756} INFO - Processing file /home/airflow/.local/lib/python3.7/site-packages/airflow/example_dags/example_trigger_target_dag.py for tasks to queue
[2022-11-28T23:41:54.841+0000] {logging_mixin.py:137} INFO - [2022-11-28T23:41:54.841+0000] {dagbag.py:537} INFO - Filling up the DagBag from /home/airflow/.local/lib/python3.7/site-packages/airflow/example_dags/example_trigger_target_dag.py
[2022-11-28T23:41:54.861+0000] {processor.py:766} INFO - DAG(s) dict_keys(['example_trigger_target_dag']) retrieved from /home/airflow/.local/lib/python3.7/site-packages/airflow/example_dags/example_trigger_target_dag.py
[2022-11-28T23:41:54.898+0000] {logging_mixin.py:137} INFO - [2022-11-28T23:41:54.898+0000] {dag.py:2585} INFO - Sync 1 DAGs
[2022-11-28T23:41:54.927+0000] {logging_mixin.py:137} INFO - [2022-11-28T23:41:54.927+0000] {dag.py:3340} INFO - Setting next_dagrun for example_trigger_target_dag to None, run_after=None
[2022-11-28T23:41:54.951+0000] {processor.py:176} INFO - Processing /home/airflow/.local/lib/python3.7/site-packages/airflow/example_dags/example_trigger_target_dag.py took 0.112 seconds
[2022-11-28T23:42:27.137+0000] {processor.py:154} INFO - Started process (PID=2391) to work on /home/airflow/.local/lib/python3.7/site-packages/airflow/example_dags/example_trigger_target_dag.py
[2022-11-28T23:42:27.142+0000] {processor.py:756} INFO - Processing file /home/airflow/.local/lib/python3.7/site-packages/airflow/example_dags/example_trigger_target_dag.py for tasks to queue
[2022-11-28T23:42:27.144+0000] {logging_mixin.py:137} INFO - [2022-11-28T23:42:27.143+0000] {dagbag.py:537} INFO - Filling up the DagBag from /home/airflow/.local/lib/python3.7/site-packages/airflow/example_dags/example_trigger_target_dag.py
[2022-11-28T23:42:27.191+0000] {processor.py:766} INFO - DAG(s) dict_keys(['example_trigger_target_dag']) retrieved from /home/airflow/.local/lib/python3.7/site-packages/airflow/example_dags/example_trigger_target_dag.py
[2022-11-28T23:42:27.244+0000] {logging_mixin.py:137} INFO - [2022-11-28T23:42:27.244+0000] {dag.py:2585} INFO - Sync 1 DAGs
[2022-11-28T23:42:27.287+0000] {logging_mixin.py:137} INFO - [2022-11-28T23:42:27.286+0000] {dag.py:3340} INFO - Setting next_dagrun for example_trigger_target_dag to None, run_after=None
[2022-11-28T23:42:27.321+0000] {processor.py:176} INFO - Processing /home/airflow/.local/lib/python3.7/site-packages/airflow/example_dags/example_trigger_target_dag.py took 0.194 seconds
[2022-11-28T23:42:57.452+0000] {processor.py:154} INFO - Started process (PID=2589) to work on /home/airflow/.local/lib/python3.7/site-packages/airflow/example_dags/example_trigger_target_dag.py
[2022-11-28T23:42:57.452+0000] {processor.py:756} INFO - Processing file /home/airflow/.local/lib/python3.7/site-packages/airflow/example_dags/example_trigger_target_dag.py for tasks to queue
[2022-11-28T23:42:57.453+0000] {logging_mixin.py:137} INFO - [2022-11-28T23:42:57.453+0000] {dagbag.py:537} INFO - Filling up the DagBag from /home/airflow/.local/lib/python3.7/site-packages/airflow/example_dags/example_trigger_target_dag.py
[2022-11-28T23:42:57.474+0000] {processor.py:766} INFO - DAG(s) dict_keys(['example_trigger_target_dag']) retrieved from /home/airflow/.local/lib/python3.7/site-packages/airflow/example_dags/example_trigger_target_dag.py
[2022-11-28T23:42:57.529+0000] {logging_mixin.py:137} INFO - [2022-11-28T23:42:57.528+0000] {dag.py:2585} INFO - Sync 1 DAGs
[2022-11-28T23:42:57.562+0000] {logging_mixin.py:137} INFO - [2022-11-28T23:42:57.562+0000] {dag.py:3340} INFO - Setting next_dagrun for example_trigger_target_dag to None, run_after=None
[2022-11-28T23:42:57.589+0000] {processor.py:176} INFO - Processing /home/airflow/.local/lib/python3.7/site-packages/airflow/example_dags/example_trigger_target_dag.py took 0.140 seconds
[2022-11-28T23:43:28.229+0000] {processor.py:154} INFO - Started process (PID=2796) to work on /home/airflow/.local/lib/python3.7/site-packages/airflow/example_dags/example_trigger_target_dag.py
[2022-11-28T23:43:28.230+0000] {processor.py:756} INFO - Processing file /home/airflow/.local/lib/python3.7/site-packages/airflow/example_dags/example_trigger_target_dag.py for tasks to queue
[2022-11-28T23:43:28.231+0000] {logging_mixin.py:137} INFO - [2022-11-28T23:43:28.231+0000] {dagbag.py:537} INFO - Filling up the DagBag from /home/airflow/.local/lib/python3.7/site-packages/airflow/example_dags/example_trigger_target_dag.py
[2022-11-28T23:43:28.249+0000] {processor.py:766} INFO - DAG(s) dict_keys(['example_trigger_target_dag']) retrieved from /home/airflow/.local/lib/python3.7/site-packages/airflow/example_dags/example_trigger_target_dag.py
[2022-11-28T23:43:28.286+0000] {logging_mixin.py:137} INFO - [2022-11-28T23:43:28.286+0000] {dag.py:2585} INFO - Sync 1 DAGs
[2022-11-28T23:43:28.312+0000] {logging_mixin.py:137} INFO - [2022-11-28T23:43:28.312+0000] {dag.py:3340} INFO - Setting next_dagrun for example_trigger_target_dag to None, run_after=None
[2022-11-28T23:43:28.332+0000] {processor.py:176} INFO - Processing /home/airflow/.local/lib/python3.7/site-packages/airflow/example_dags/example_trigger_target_dag.py took 0.104 seconds
[2022-11-28T23:43:58.805+0000] {processor.py:154} INFO - Started process (PID=2994) to work on /home/airflow/.local/lib/python3.7/site-packages/airflow/example_dags/example_trigger_target_dag.py
[2022-11-28T23:43:58.805+0000] {processor.py:756} INFO - Processing file /home/airflow/.local/lib/python3.7/site-packages/airflow/example_dags/example_trigger_target_dag.py for tasks to queue
[2022-11-28T23:43:58.806+0000] {logging_mixin.py:137} INFO - [2022-11-28T23:43:58.806+0000] {dagbag.py:537} INFO - Filling up the DagBag from /home/airflow/.local/lib/python3.7/site-packages/airflow/example_dags/example_trigger_target_dag.py
[2022-11-28T23:43:58.824+0000] {processor.py:766} INFO - DAG(s) dict_keys(['example_trigger_target_dag']) retrieved from /home/airflow/.local/lib/python3.7/site-packages/airflow/example_dags/example_trigger_target_dag.py
[2022-11-28T23:43:58.859+0000] {logging_mixin.py:137} INFO - [2022-11-28T23:43:58.858+0000] {dag.py:2585} INFO - Sync 1 DAGs
[2022-11-28T23:43:58.885+0000] {logging_mixin.py:137} INFO - [2022-11-28T23:43:58.885+0000] {dag.py:3340} INFO - Setting next_dagrun for example_trigger_target_dag to None, run_after=None
[2022-11-28T23:43:58.907+0000] {processor.py:176} INFO - Processing /home/airflow/.local/lib/python3.7/site-packages/airflow/example_dags/example_trigger_target_dag.py took 0.104 seconds
[2022-11-28T23:44:29.437+0000] {processor.py:154} INFO - Started process (PID=3201) to work on /home/airflow/.local/lib/python3.7/site-packages/airflow/example_dags/example_trigger_target_dag.py
[2022-11-28T23:44:29.437+0000] {processor.py:756} INFO - Processing file /home/airflow/.local/lib/python3.7/site-packages/airflow/example_dags/example_trigger_target_dag.py for tasks to queue
[2022-11-28T23:44:29.438+0000] {logging_mixin.py:137} INFO - [2022-11-28T23:44:29.438+0000] {dagbag.py:537} INFO - Filling up the DagBag from /home/airflow/.local/lib/python3.7/site-packages/airflow/example_dags/example_trigger_target_dag.py
[2022-11-28T23:44:29.455+0000] {processor.py:766} INFO - DAG(s) dict_keys(['example_trigger_target_dag']) retrieved from /home/airflow/.local/lib/python3.7/site-packages/airflow/example_dags/example_trigger_target_dag.py
[2022-11-28T23:44:29.489+0000] {logging_mixin.py:137} INFO - [2022-11-28T23:44:29.489+0000] {dag.py:2585} INFO - Sync 1 DAGs
[2022-11-28T23:44:29.515+0000] {logging_mixin.py:137} INFO - [2022-11-28T23:44:29.515+0000] {dag.py:3340} INFO - Setting next_dagrun for example_trigger_target_dag to None, run_after=None
[2022-11-28T23:44:29.535+0000] {processor.py:176} INFO - Processing /home/airflow/.local/lib/python3.7/site-packages/airflow/example_dags/example_trigger_target_dag.py took 0.101 seconds
[2022-11-28T23:45:00.197+0000] {processor.py:154} INFO - Started process (PID=3408) to work on /home/airflow/.local/lib/python3.7/site-packages/airflow/example_dags/example_trigger_target_dag.py
[2022-11-28T23:45:00.198+0000] {processor.py:756} INFO - Processing file /home/airflow/.local/lib/python3.7/site-packages/airflow/example_dags/example_trigger_target_dag.py for tasks to queue
[2022-11-28T23:45:00.198+0000] {logging_mixin.py:137} INFO - [2022-11-28T23:45:00.198+0000] {dagbag.py:537} INFO - Filling up the DagBag from /home/airflow/.local/lib/python3.7/site-packages/airflow/example_dags/example_trigger_target_dag.py
[2022-11-28T23:45:00.217+0000] {processor.py:766} INFO - DAG(s) dict_keys(['example_trigger_target_dag']) retrieved from /home/airflow/.local/lib/python3.7/site-packages/airflow/example_dags/example_trigger_target_dag.py
[2022-11-28T23:45:00.254+0000] {logging_mixin.py:137} INFO - [2022-11-28T23:45:00.253+0000] {dag.py:2585} INFO - Sync 1 DAGs
[2022-11-28T23:45:00.279+0000] {logging_mixin.py:137} INFO - [2022-11-28T23:45:00.279+0000] {dag.py:3340} INFO - Setting next_dagrun for example_trigger_target_dag to None, run_after=None
[2022-11-28T23:45:00.299+0000] {processor.py:176} INFO - Processing /home/airflow/.local/lib/python3.7/site-packages/airflow/example_dags/example_trigger_target_dag.py took 0.104 seconds
