[2022-11-28T23:37:15.135+0000] {processor.py:154} INFO - Started process (PID=231) to work on /home/airflow/.local/lib/python3.7/site-packages/airflow/example_dags/example_dag_decorator.py
[2022-11-28T23:37:15.136+0000] {processor.py:756} INFO - Processing file /home/airflow/.local/lib/python3.7/site-packages/airflow/example_dags/example_dag_decorator.py for tasks to queue
[2022-11-28T23:37:15.136+0000] {logging_mixin.py:137} INFO - [2022-11-28T23:37:15.136+0000] {dagbag.py:537} INFO - Filling up the DagBag from /home/airflow/.local/lib/python3.7/site-packages/airflow/example_dags/example_dag_decorator.py
[2022-11-28T23:37:15.150+0000] {logging_mixin.py:137} INFO - [2022-11-28T23:37:15.150+0000] {taskmixin.py:205} WARNING - Dependency <Task(_PythonDecoratedOperator): prepare_email>, send_email already registered for DAG: example_dag_decorator
[2022-11-28T23:37:15.151+0000] {logging_mixin.py:137} INFO - [2022-11-28T23:37:15.150+0000] {taskmixin.py:205} WARNING - Dependency <Task(EmailOperator): send_email>, prepare_email already registered for DAG: example_dag_decorator
[2022-11-28T23:37:15.166+0000] {processor.py:766} INFO - DAG(s) dict_keys(['example_dag_decorator']) retrieved from /home/airflow/.local/lib/python3.7/site-packages/airflow/example_dags/example_dag_decorator.py
[2022-11-28T23:37:15.283+0000] {logging_mixin.py:137} INFO - [2022-11-28T23:37:15.283+0000] {dag.py:2585} INFO - Sync 1 DAGs
[2022-11-28T23:37:15.319+0000] {logging_mixin.py:137} INFO - [2022-11-28T23:37:15.319+0000] {dag.py:3340} INFO - Setting next_dagrun for example_dag_decorator to None, run_after=None
[2022-11-28T23:37:15.348+0000] {processor.py:176} INFO - Processing /home/airflow/.local/lib/python3.7/site-packages/airflow/example_dags/example_dag_decorator.py took 0.215 seconds
[2022-11-28T23:37:45.998+0000] {processor.py:154} INFO - Started process (PID=429) to work on /home/airflow/.local/lib/python3.7/site-packages/airflow/example_dags/example_dag_decorator.py
[2022-11-28T23:37:45.999+0000] {processor.py:756} INFO - Processing file /home/airflow/.local/lib/python3.7/site-packages/airflow/example_dags/example_dag_decorator.py for tasks to queue
[2022-11-28T23:37:45.999+0000] {logging_mixin.py:137} INFO - [2022-11-28T23:37:45.999+0000] {dagbag.py:537} INFO - Filling up the DagBag from /home/airflow/.local/lib/python3.7/site-packages/airflow/example_dags/example_dag_decorator.py
[2022-11-28T23:37:46.016+0000] {logging_mixin.py:137} INFO - [2022-11-28T23:37:46.015+0000] {taskmixin.py:205} WARNING - Dependency <Task(_PythonDecoratedOperator): prepare_email>, send_email already registered for DAG: example_dag_decorator
[2022-11-28T23:37:46.016+0000] {logging_mixin.py:137} INFO - [2022-11-28T23:37:46.016+0000] {taskmixin.py:205} WARNING - Dependency <Task(EmailOperator): send_email>, prepare_email already registered for DAG: example_dag_decorator
[2022-11-28T23:37:46.028+0000] {processor.py:766} INFO - DAG(s) dict_keys(['example_dag_decorator']) retrieved from /home/airflow/.local/lib/python3.7/site-packages/airflow/example_dags/example_dag_decorator.py
[2022-11-28T23:37:46.127+0000] {logging_mixin.py:137} INFO - [2022-11-28T23:37:46.127+0000] {dag.py:2585} INFO - Sync 1 DAGs
[2022-11-28T23:37:46.159+0000] {logging_mixin.py:137} INFO - [2022-11-28T23:37:46.159+0000] {dag.py:3340} INFO - Setting next_dagrun for example_dag_decorator to None, run_after=None
[2022-11-28T23:37:46.187+0000] {processor.py:176} INFO - Processing /home/airflow/.local/lib/python3.7/site-packages/airflow/example_dags/example_dag_decorator.py took 0.191 seconds
[2022-11-28T23:38:17.008+0000] {processor.py:154} INFO - Started process (PID=637) to work on /home/airflow/.local/lib/python3.7/site-packages/airflow/example_dags/example_dag_decorator.py
[2022-11-28T23:38:17.009+0000] {processor.py:756} INFO - Processing file /home/airflow/.local/lib/python3.7/site-packages/airflow/example_dags/example_dag_decorator.py for tasks to queue
[2022-11-28T23:38:17.009+0000] {logging_mixin.py:137} INFO - [2022-11-28T23:38:17.009+0000] {dagbag.py:537} INFO - Filling up the DagBag from /home/airflow/.local/lib/python3.7/site-packages/airflow/example_dags/example_dag_decorator.py
[2022-11-28T23:38:17.023+0000] {logging_mixin.py:137} INFO - [2022-11-28T23:38:17.023+0000] {taskmixin.py:205} WARNING - Dependency <Task(_PythonDecoratedOperator): prepare_email>, send_email already registered for DAG: example_dag_decorator
[2022-11-28T23:38:17.023+0000] {logging_mixin.py:137} INFO - [2022-11-28T23:38:17.023+0000] {taskmixin.py:205} WARNING - Dependency <Task(EmailOperator): send_email>, prepare_email already registered for DAG: example_dag_decorator
[2022-11-28T23:38:17.034+0000] {processor.py:766} INFO - DAG(s) dict_keys(['example_dag_decorator']) retrieved from /home/airflow/.local/lib/python3.7/site-packages/airflow/example_dags/example_dag_decorator.py
[2022-11-28T23:38:17.131+0000] {logging_mixin.py:137} INFO - [2022-11-28T23:38:17.130+0000] {dag.py:2585} INFO - Sync 1 DAGs
[2022-11-28T23:38:17.157+0000] {logging_mixin.py:137} INFO - [2022-11-28T23:38:17.157+0000] {dag.py:3340} INFO - Setting next_dagrun for example_dag_decorator to None, run_after=None
[2022-11-28T23:38:17.185+0000] {processor.py:176} INFO - Processing /home/airflow/.local/lib/python3.7/site-packages/airflow/example_dags/example_dag_decorator.py took 0.179 seconds
[2022-11-28T23:38:47.782+0000] {processor.py:154} INFO - Started process (PID=844) to work on /home/airflow/.local/lib/python3.7/site-packages/airflow/example_dags/example_dag_decorator.py
[2022-11-28T23:38:47.783+0000] {processor.py:756} INFO - Processing file /home/airflow/.local/lib/python3.7/site-packages/airflow/example_dags/example_dag_decorator.py for tasks to queue
[2022-11-28T23:38:47.784+0000] {logging_mixin.py:137} INFO - [2022-11-28T23:38:47.783+0000] {dagbag.py:537} INFO - Filling up the DagBag from /home/airflow/.local/lib/python3.7/site-packages/airflow/example_dags/example_dag_decorator.py
[2022-11-28T23:38:47.800+0000] {logging_mixin.py:137} INFO - [2022-11-28T23:38:47.799+0000] {taskmixin.py:205} WARNING - Dependency <Task(_PythonDecoratedOperator): prepare_email>, send_email already registered for DAG: example_dag_decorator
[2022-11-28T23:38:47.800+0000] {logging_mixin.py:137} INFO - [2022-11-28T23:38:47.800+0000] {taskmixin.py:205} WARNING - Dependency <Task(EmailOperator): send_email>, prepare_email already registered for DAG: example_dag_decorator
[2022-11-28T23:38:47.813+0000] {processor.py:766} INFO - DAG(s) dict_keys(['example_dag_decorator']) retrieved from /home/airflow/.local/lib/python3.7/site-packages/airflow/example_dags/example_dag_decorator.py
[2022-11-28T23:38:47.920+0000] {logging_mixin.py:137} INFO - [2022-11-28T23:38:47.920+0000] {dag.py:2585} INFO - Sync 1 DAGs
[2022-11-28T23:38:47.952+0000] {logging_mixin.py:137} INFO - [2022-11-28T23:38:47.952+0000] {dag.py:3340} INFO - Setting next_dagrun for example_dag_decorator to None, run_after=None
[2022-11-28T23:38:47.980+0000] {processor.py:176} INFO - Processing /home/airflow/.local/lib/python3.7/site-packages/airflow/example_dags/example_dag_decorator.py took 0.200 seconds
[2022-11-28T23:39:18.474+0000] {processor.py:154} INFO - Started process (PID=1042) to work on /home/airflow/.local/lib/python3.7/site-packages/airflow/example_dags/example_dag_decorator.py
[2022-11-28T23:39:18.475+0000] {processor.py:756} INFO - Processing file /home/airflow/.local/lib/python3.7/site-packages/airflow/example_dags/example_dag_decorator.py for tasks to queue
[2022-11-28T23:39:18.475+0000] {logging_mixin.py:137} INFO - [2022-11-28T23:39:18.475+0000] {dagbag.py:537} INFO - Filling up the DagBag from /home/airflow/.local/lib/python3.7/site-packages/airflow/example_dags/example_dag_decorator.py
[2022-11-28T23:39:18.489+0000] {logging_mixin.py:137} INFO - [2022-11-28T23:39:18.489+0000] {taskmixin.py:205} WARNING - Dependency <Task(_PythonDecoratedOperator): prepare_email>, send_email already registered for DAG: example_dag_decorator
[2022-11-28T23:39:18.489+0000] {logging_mixin.py:137} INFO - [2022-11-28T23:39:18.489+0000] {taskmixin.py:205} WARNING - Dependency <Task(EmailOperator): send_email>, prepare_email already registered for DAG: example_dag_decorator
[2022-11-28T23:39:18.501+0000] {processor.py:766} INFO - DAG(s) dict_keys(['example_dag_decorator']) retrieved from /home/airflow/.local/lib/python3.7/site-packages/airflow/example_dags/example_dag_decorator.py
[2022-11-28T23:39:18.597+0000] {logging_mixin.py:137} INFO - [2022-11-28T23:39:18.597+0000] {dag.py:2585} INFO - Sync 1 DAGs
[2022-11-28T23:39:18.628+0000] {logging_mixin.py:137} INFO - [2022-11-28T23:39:18.628+0000] {dag.py:3340} INFO - Setting next_dagrun for example_dag_decorator to None, run_after=None
[2022-11-28T23:39:18.653+0000] {processor.py:176} INFO - Processing /home/airflow/.local/lib/python3.7/site-packages/airflow/example_dags/example_dag_decorator.py took 0.181 seconds
[2022-11-28T23:39:49.561+0000] {processor.py:154} INFO - Started process (PID=1251) to work on /home/airflow/.local/lib/python3.7/site-packages/airflow/example_dags/example_dag_decorator.py
[2022-11-28T23:39:49.563+0000] {processor.py:756} INFO - Processing file /home/airflow/.local/lib/python3.7/site-packages/airflow/example_dags/example_dag_decorator.py for tasks to queue
[2022-11-28T23:39:49.563+0000] {logging_mixin.py:137} INFO - [2022-11-28T23:39:49.563+0000] {dagbag.py:537} INFO - Filling up the DagBag from /home/airflow/.local/lib/python3.7/site-packages/airflow/example_dags/example_dag_decorator.py
[2022-11-28T23:39:49.577+0000] {logging_mixin.py:137} INFO - [2022-11-28T23:39:49.577+0000] {taskmixin.py:205} WARNING - Dependency <Task(_PythonDecoratedOperator): prepare_email>, send_email already registered for DAG: example_dag_decorator
[2022-11-28T23:39:49.577+0000] {logging_mixin.py:137} INFO - [2022-11-28T23:39:49.577+0000] {taskmixin.py:205} WARNING - Dependency <Task(EmailOperator): send_email>, prepare_email already registered for DAG: example_dag_decorator
[2022-11-28T23:39:49.588+0000] {processor.py:766} INFO - DAG(s) dict_keys(['example_dag_decorator']) retrieved from /home/airflow/.local/lib/python3.7/site-packages/airflow/example_dags/example_dag_decorator.py
[2022-11-28T23:39:49.682+0000] {logging_mixin.py:137} INFO - [2022-11-28T23:39:49.682+0000] {dag.py:2585} INFO - Sync 1 DAGs
[2022-11-28T23:39:49.711+0000] {logging_mixin.py:137} INFO - [2022-11-28T23:39:49.711+0000] {dag.py:3340} INFO - Setting next_dagrun for example_dag_decorator to None, run_after=None
[2022-11-28T23:39:49.737+0000] {processor.py:176} INFO - Processing /home/airflow/.local/lib/python3.7/site-packages/airflow/example_dags/example_dag_decorator.py took 0.178 seconds
[2022-11-28T23:40:20.422+0000] {processor.py:154} INFO - Started process (PID=1457) to work on /home/airflow/.local/lib/python3.7/site-packages/airflow/example_dags/example_dag_decorator.py
[2022-11-28T23:40:20.423+0000] {processor.py:756} INFO - Processing file /home/airflow/.local/lib/python3.7/site-packages/airflow/example_dags/example_dag_decorator.py for tasks to queue
[2022-11-28T23:40:20.423+0000] {logging_mixin.py:137} INFO - [2022-11-28T23:40:20.423+0000] {dagbag.py:537} INFO - Filling up the DagBag from /home/airflow/.local/lib/python3.7/site-packages/airflow/example_dags/example_dag_decorator.py
[2022-11-28T23:40:20.437+0000] {logging_mixin.py:137} INFO - [2022-11-28T23:40:20.437+0000] {taskmixin.py:205} WARNING - Dependency <Task(_PythonDecoratedOperator): prepare_email>, send_email already registered for DAG: example_dag_decorator
[2022-11-28T23:40:20.437+0000] {logging_mixin.py:137} INFO - [2022-11-28T23:40:20.437+0000] {taskmixin.py:205} WARNING - Dependency <Task(EmailOperator): send_email>, prepare_email already registered for DAG: example_dag_decorator
[2022-11-28T23:40:20.448+0000] {processor.py:766} INFO - DAG(s) dict_keys(['example_dag_decorator']) retrieved from /home/airflow/.local/lib/python3.7/site-packages/airflow/example_dags/example_dag_decorator.py
[2022-11-28T23:40:20.535+0000] {logging_mixin.py:137} INFO - [2022-11-28T23:40:20.535+0000] {dag.py:2585} INFO - Sync 1 DAGs
[2022-11-28T23:40:20.563+0000] {logging_mixin.py:137} INFO - [2022-11-28T23:40:20.563+0000] {dag.py:3340} INFO - Setting next_dagrun for example_dag_decorator to None, run_after=None
[2022-11-28T23:40:20.588+0000] {processor.py:176} INFO - Processing /home/airflow/.local/lib/python3.7/site-packages/airflow/example_dags/example_dag_decorator.py took 0.168 seconds
[2022-11-28T23:40:51.172+0000] {processor.py:154} INFO - Started process (PID=1655) to work on /home/airflow/.local/lib/python3.7/site-packages/airflow/example_dags/example_dag_decorator.py
[2022-11-28T23:40:51.173+0000] {processor.py:756} INFO - Processing file /home/airflow/.local/lib/python3.7/site-packages/airflow/example_dags/example_dag_decorator.py for tasks to queue
[2022-11-28T23:40:51.173+0000] {logging_mixin.py:137} INFO - [2022-11-28T23:40:51.173+0000] {dagbag.py:537} INFO - Filling up the DagBag from /home/airflow/.local/lib/python3.7/site-packages/airflow/example_dags/example_dag_decorator.py
[2022-11-28T23:40:51.187+0000] {logging_mixin.py:137} INFO - [2022-11-28T23:40:51.186+0000] {taskmixin.py:205} WARNING - Dependency <Task(_PythonDecoratedOperator): prepare_email>, send_email already registered for DAG: example_dag_decorator
[2022-11-28T23:40:51.187+0000] {logging_mixin.py:137} INFO - [2022-11-28T23:40:51.187+0000] {taskmixin.py:205} WARNING - Dependency <Task(EmailOperator): send_email>, prepare_email already registered for DAG: example_dag_decorator
[2022-11-28T23:40:51.198+0000] {processor.py:766} INFO - DAG(s) dict_keys(['example_dag_decorator']) retrieved from /home/airflow/.local/lib/python3.7/site-packages/airflow/example_dags/example_dag_decorator.py
[2022-11-28T23:40:51.284+0000] {logging_mixin.py:137} INFO - [2022-11-28T23:40:51.284+0000] {dag.py:2585} INFO - Sync 1 DAGs
[2022-11-28T23:40:51.311+0000] {logging_mixin.py:137} INFO - [2022-11-28T23:40:51.311+0000] {dag.py:3340} INFO - Setting next_dagrun for example_dag_decorator to None, run_after=None
[2022-11-28T23:40:51.335+0000] {processor.py:176} INFO - Processing /home/airflow/.local/lib/python3.7/site-packages/airflow/example_dags/example_dag_decorator.py took 0.166 seconds
[2022-11-28T23:41:22.100+0000] {processor.py:154} INFO - Started process (PID=1862) to work on /home/airflow/.local/lib/python3.7/site-packages/airflow/example_dags/example_dag_decorator.py
[2022-11-28T23:41:22.100+0000] {processor.py:756} INFO - Processing file /home/airflow/.local/lib/python3.7/site-packages/airflow/example_dags/example_dag_decorator.py for tasks to queue
[2022-11-28T23:41:22.101+0000] {logging_mixin.py:137} INFO - [2022-11-28T23:41:22.101+0000] {dagbag.py:537} INFO - Filling up the DagBag from /home/airflow/.local/lib/python3.7/site-packages/airflow/example_dags/example_dag_decorator.py
[2022-11-28T23:41:22.116+0000] {logging_mixin.py:137} INFO - [2022-11-28T23:41:22.116+0000] {taskmixin.py:205} WARNING - Dependency <Task(_PythonDecoratedOperator): prepare_email>, send_email already registered for DAG: example_dag_decorator
[2022-11-28T23:41:22.116+0000] {logging_mixin.py:137} INFO - [2022-11-28T23:41:22.116+0000] {taskmixin.py:205} WARNING - Dependency <Task(EmailOperator): send_email>, prepare_email already registered for DAG: example_dag_decorator
[2022-11-28T23:41:22.129+0000] {processor.py:766} INFO - DAG(s) dict_keys(['example_dag_decorator']) retrieved from /home/airflow/.local/lib/python3.7/site-packages/airflow/example_dags/example_dag_decorator.py
[2022-11-28T23:41:22.219+0000] {logging_mixin.py:137} INFO - [2022-11-28T23:41:22.219+0000] {dag.py:2585} INFO - Sync 1 DAGs
[2022-11-28T23:41:22.251+0000] {logging_mixin.py:137} INFO - [2022-11-28T23:41:22.251+0000] {dag.py:3340} INFO - Setting next_dagrun for example_dag_decorator to None, run_after=None
[2022-11-28T23:41:22.277+0000] {processor.py:176} INFO - Processing /home/airflow/.local/lib/python3.7/site-packages/airflow/example_dags/example_dag_decorator.py took 0.179 seconds
[2022-11-28T23:41:53.115+0000] {processor.py:154} INFO - Started process (PID=2069) to work on /home/airflow/.local/lib/python3.7/site-packages/airflow/example_dags/example_dag_decorator.py
[2022-11-28T23:41:53.116+0000] {processor.py:756} INFO - Processing file /home/airflow/.local/lib/python3.7/site-packages/airflow/example_dags/example_dag_decorator.py for tasks to queue
[2022-11-28T23:41:53.117+0000] {logging_mixin.py:137} INFO - [2022-11-28T23:41:53.117+0000] {dagbag.py:537} INFO - Filling up the DagBag from /home/airflow/.local/lib/python3.7/site-packages/airflow/example_dags/example_dag_decorator.py
[2022-11-28T23:41:53.130+0000] {logging_mixin.py:137} INFO - [2022-11-28T23:41:53.130+0000] {taskmixin.py:205} WARNING - Dependency <Task(_PythonDecoratedOperator): prepare_email>, send_email already registered for DAG: example_dag_decorator
[2022-11-28T23:41:53.131+0000] {logging_mixin.py:137} INFO - [2022-11-28T23:41:53.131+0000] {taskmixin.py:205} WARNING - Dependency <Task(EmailOperator): send_email>, prepare_email already registered for DAG: example_dag_decorator
[2022-11-28T23:41:53.143+0000] {processor.py:766} INFO - DAG(s) dict_keys(['example_dag_decorator']) retrieved from /home/airflow/.local/lib/python3.7/site-packages/airflow/example_dags/example_dag_decorator.py
[2022-11-28T23:41:53.241+0000] {logging_mixin.py:137} INFO - [2022-11-28T23:41:53.241+0000] {dag.py:2585} INFO - Sync 1 DAGs
[2022-11-28T23:41:53.269+0000] {logging_mixin.py:137} INFO - [2022-11-28T23:41:53.269+0000] {dag.py:3340} INFO - Setting next_dagrun for example_dag_decorator to None, run_after=None
[2022-11-28T23:41:53.296+0000] {processor.py:176} INFO - Processing /home/airflow/.local/lib/python3.7/site-packages/airflow/example_dags/example_dag_decorator.py took 0.184 seconds
[2022-11-28T23:42:24.074+0000] {processor.py:154} INFO - Started process (PID=2267) to work on /home/airflow/.local/lib/python3.7/site-packages/airflow/example_dags/example_dag_decorator.py
[2022-11-28T23:42:24.074+0000] {processor.py:756} INFO - Processing file /home/airflow/.local/lib/python3.7/site-packages/airflow/example_dags/example_dag_decorator.py for tasks to queue
[2022-11-28T23:42:24.074+0000] {logging_mixin.py:137} INFO - [2022-11-28T23:42:24.074+0000] {dagbag.py:537} INFO - Filling up the DagBag from /home/airflow/.local/lib/python3.7/site-packages/airflow/example_dags/example_dag_decorator.py
[2022-11-28T23:42:24.089+0000] {logging_mixin.py:137} INFO - [2022-11-28T23:42:24.088+0000] {taskmixin.py:205} WARNING - Dependency <Task(_PythonDecoratedOperator): prepare_email>, send_email already registered for DAG: example_dag_decorator
[2022-11-28T23:42:24.089+0000] {logging_mixin.py:137} INFO - [2022-11-28T23:42:24.089+0000] {taskmixin.py:205} WARNING - Dependency <Task(EmailOperator): send_email>, prepare_email already registered for DAG: example_dag_decorator
[2022-11-28T23:42:24.103+0000] {processor.py:766} INFO - DAG(s) dict_keys(['example_dag_decorator']) retrieved from /home/airflow/.local/lib/python3.7/site-packages/airflow/example_dags/example_dag_decorator.py
[2022-11-28T23:42:24.191+0000] {logging_mixin.py:137} INFO - [2022-11-28T23:42:24.191+0000] {dag.py:2585} INFO - Sync 1 DAGs
[2022-11-28T23:42:24.220+0000] {logging_mixin.py:137} INFO - [2022-11-28T23:42:24.220+0000] {dag.py:3340} INFO - Setting next_dagrun for example_dag_decorator to None, run_after=None
[2022-11-28T23:42:24.249+0000] {processor.py:176} INFO - Processing /home/airflow/.local/lib/python3.7/site-packages/airflow/example_dags/example_dag_decorator.py took 0.179 seconds
[2022-11-28T23:42:54.572+0000] {processor.py:154} INFO - Started process (PID=2474) to work on /home/airflow/.local/lib/python3.7/site-packages/airflow/example_dags/example_dag_decorator.py
[2022-11-28T23:42:54.573+0000] {processor.py:756} INFO - Processing file /home/airflow/.local/lib/python3.7/site-packages/airflow/example_dags/example_dag_decorator.py for tasks to queue
[2022-11-28T23:42:54.574+0000] {logging_mixin.py:137} INFO - [2022-11-28T23:42:54.574+0000] {dagbag.py:537} INFO - Filling up the DagBag from /home/airflow/.local/lib/python3.7/site-packages/airflow/example_dags/example_dag_decorator.py
[2022-11-28T23:42:54.589+0000] {logging_mixin.py:137} INFO - [2022-11-28T23:42:54.589+0000] {taskmixin.py:205} WARNING - Dependency <Task(_PythonDecoratedOperator): prepare_email>, send_email already registered for DAG: example_dag_decorator
[2022-11-28T23:42:54.589+0000] {logging_mixin.py:137} INFO - [2022-11-28T23:42:54.589+0000] {taskmixin.py:205} WARNING - Dependency <Task(EmailOperator): send_email>, prepare_email already registered for DAG: example_dag_decorator
[2022-11-28T23:42:54.602+0000] {processor.py:766} INFO - DAG(s) dict_keys(['example_dag_decorator']) retrieved from /home/airflow/.local/lib/python3.7/site-packages/airflow/example_dags/example_dag_decorator.py
[2022-11-28T23:42:54.689+0000] {logging_mixin.py:137} INFO - [2022-11-28T23:42:54.689+0000] {dag.py:2585} INFO - Sync 1 DAGs
[2022-11-28T23:42:54.718+0000] {logging_mixin.py:137} INFO - [2022-11-28T23:42:54.718+0000] {dag.py:3340} INFO - Setting next_dagrun for example_dag_decorator to None, run_after=None
[2022-11-28T23:42:54.743+0000] {processor.py:176} INFO - Processing /home/airflow/.local/lib/python3.7/site-packages/airflow/example_dags/example_dag_decorator.py took 0.173 seconds
[2022-11-28T23:43:25.583+0000] {processor.py:154} INFO - Started process (PID=2681) to work on /home/airflow/.local/lib/python3.7/site-packages/airflow/example_dags/example_dag_decorator.py
[2022-11-28T23:43:25.584+0000] {processor.py:756} INFO - Processing file /home/airflow/.local/lib/python3.7/site-packages/airflow/example_dags/example_dag_decorator.py for tasks to queue
[2022-11-28T23:43:25.585+0000] {logging_mixin.py:137} INFO - [2022-11-28T23:43:25.584+0000] {dagbag.py:537} INFO - Filling up the DagBag from /home/airflow/.local/lib/python3.7/site-packages/airflow/example_dags/example_dag_decorator.py
[2022-11-28T23:43:25.597+0000] {logging_mixin.py:137} INFO - [2022-11-28T23:43:25.597+0000] {taskmixin.py:205} WARNING - Dependency <Task(_PythonDecoratedOperator): prepare_email>, send_email already registered for DAG: example_dag_decorator
[2022-11-28T23:43:25.598+0000] {logging_mixin.py:137} INFO - [2022-11-28T23:43:25.598+0000] {taskmixin.py:205} WARNING - Dependency <Task(EmailOperator): send_email>, prepare_email already registered for DAG: example_dag_decorator
[2022-11-28T23:43:25.609+0000] {processor.py:766} INFO - DAG(s) dict_keys(['example_dag_decorator']) retrieved from /home/airflow/.local/lib/python3.7/site-packages/airflow/example_dags/example_dag_decorator.py
[2022-11-28T23:43:25.694+0000] {logging_mixin.py:137} INFO - [2022-11-28T23:43:25.693+0000] {dag.py:2585} INFO - Sync 1 DAGs
[2022-11-28T23:43:25.720+0000] {logging_mixin.py:137} INFO - [2022-11-28T23:43:25.720+0000] {dag.py:3340} INFO - Setting next_dagrun for example_dag_decorator to None, run_after=None
[2022-11-28T23:43:25.743+0000] {processor.py:176} INFO - Processing /home/airflow/.local/lib/python3.7/site-packages/airflow/example_dags/example_dag_decorator.py took 0.161 seconds
[2022-11-28T23:43:56.191+0000] {processor.py:154} INFO - Started process (PID=2879) to work on /home/airflow/.local/lib/python3.7/site-packages/airflow/example_dags/example_dag_decorator.py
[2022-11-28T23:43:56.192+0000] {processor.py:756} INFO - Processing file /home/airflow/.local/lib/python3.7/site-packages/airflow/example_dags/example_dag_decorator.py for tasks to queue
[2022-11-28T23:43:56.193+0000] {logging_mixin.py:137} INFO - [2022-11-28T23:43:56.192+0000] {dagbag.py:537} INFO - Filling up the DagBag from /home/airflow/.local/lib/python3.7/site-packages/airflow/example_dags/example_dag_decorator.py
[2022-11-28T23:43:56.206+0000] {logging_mixin.py:137} INFO - [2022-11-28T23:43:56.206+0000] {taskmixin.py:205} WARNING - Dependency <Task(_PythonDecoratedOperator): prepare_email>, send_email already registered for DAG: example_dag_decorator
[2022-11-28T23:43:56.206+0000] {logging_mixin.py:137} INFO - [2022-11-28T23:43:56.206+0000] {taskmixin.py:205} WARNING - Dependency <Task(EmailOperator): send_email>, prepare_email already registered for DAG: example_dag_decorator
[2022-11-28T23:43:56.217+0000] {processor.py:766} INFO - DAG(s) dict_keys(['example_dag_decorator']) retrieved from /home/airflow/.local/lib/python3.7/site-packages/airflow/example_dags/example_dag_decorator.py
[2022-11-28T23:43:56.297+0000] {logging_mixin.py:137} INFO - [2022-11-28T23:43:56.297+0000] {dag.py:2585} INFO - Sync 1 DAGs
[2022-11-28T23:43:56.323+0000] {logging_mixin.py:137} INFO - [2022-11-28T23:43:56.322+0000] {dag.py:3340} INFO - Setting next_dagrun for example_dag_decorator to None, run_after=None
[2022-11-28T23:43:56.345+0000] {processor.py:176} INFO - Processing /home/airflow/.local/lib/python3.7/site-packages/airflow/example_dags/example_dag_decorator.py took 0.156 seconds
[2022-11-28T23:44:26.878+0000] {processor.py:154} INFO - Started process (PID=3086) to work on /home/airflow/.local/lib/python3.7/site-packages/airflow/example_dags/example_dag_decorator.py
[2022-11-28T23:44:26.879+0000] {processor.py:756} INFO - Processing file /home/airflow/.local/lib/python3.7/site-packages/airflow/example_dags/example_dag_decorator.py for tasks to queue
[2022-11-28T23:44:26.879+0000] {logging_mixin.py:137} INFO - [2022-11-28T23:44:26.879+0000] {dagbag.py:537} INFO - Filling up the DagBag from /home/airflow/.local/lib/python3.7/site-packages/airflow/example_dags/example_dag_decorator.py
[2022-11-28T23:44:26.891+0000] {logging_mixin.py:137} INFO - [2022-11-28T23:44:26.891+0000] {taskmixin.py:205} WARNING - Dependency <Task(_PythonDecoratedOperator): prepare_email>, send_email already registered for DAG: example_dag_decorator
[2022-11-28T23:44:26.892+0000] {logging_mixin.py:137} INFO - [2022-11-28T23:44:26.891+0000] {taskmixin.py:205} WARNING - Dependency <Task(EmailOperator): send_email>, prepare_email already registered for DAG: example_dag_decorator
[2022-11-28T23:44:26.902+0000] {processor.py:766} INFO - DAG(s) dict_keys(['example_dag_decorator']) retrieved from /home/airflow/.local/lib/python3.7/site-packages/airflow/example_dags/example_dag_decorator.py
[2022-11-28T23:44:26.983+0000] {logging_mixin.py:137} INFO - [2022-11-28T23:44:26.983+0000] {dag.py:2585} INFO - Sync 1 DAGs
[2022-11-28T23:44:27.009+0000] {logging_mixin.py:137} INFO - [2022-11-28T23:44:27.008+0000] {dag.py:3340} INFO - Setting next_dagrun for example_dag_decorator to None, run_after=None
[2022-11-28T23:44:27.034+0000] {processor.py:176} INFO - Processing /home/airflow/.local/lib/python3.7/site-packages/airflow/example_dags/example_dag_decorator.py took 0.159 seconds
[2022-11-28T23:44:57.526+0000] {processor.py:154} INFO - Started process (PID=3293) to work on /home/airflow/.local/lib/python3.7/site-packages/airflow/example_dags/example_dag_decorator.py
[2022-11-28T23:44:57.526+0000] {processor.py:756} INFO - Processing file /home/airflow/.local/lib/python3.7/site-packages/airflow/example_dags/example_dag_decorator.py for tasks to queue
[2022-11-28T23:44:57.527+0000] {logging_mixin.py:137} INFO - [2022-11-28T23:44:57.527+0000] {dagbag.py:537} INFO - Filling up the DagBag from /home/airflow/.local/lib/python3.7/site-packages/airflow/example_dags/example_dag_decorator.py
[2022-11-28T23:44:57.540+0000] {logging_mixin.py:137} INFO - [2022-11-28T23:44:57.539+0000] {taskmixin.py:205} WARNING - Dependency <Task(_PythonDecoratedOperator): prepare_email>, send_email already registered for DAG: example_dag_decorator
[2022-11-28T23:44:57.540+0000] {logging_mixin.py:137} INFO - [2022-11-28T23:44:57.540+0000] {taskmixin.py:205} WARNING - Dependency <Task(EmailOperator): send_email>, prepare_email already registered for DAG: example_dag_decorator
[2022-11-28T23:44:57.550+0000] {processor.py:766} INFO - DAG(s) dict_keys(['example_dag_decorator']) retrieved from /home/airflow/.local/lib/python3.7/site-packages/airflow/example_dags/example_dag_decorator.py
[2022-11-28T23:44:57.634+0000] {logging_mixin.py:137} INFO - [2022-11-28T23:44:57.634+0000] {dag.py:2585} INFO - Sync 1 DAGs
[2022-11-28T23:44:57.663+0000] {logging_mixin.py:137} INFO - [2022-11-28T23:44:57.663+0000] {dag.py:3340} INFO - Setting next_dagrun for example_dag_decorator to None, run_after=None
[2022-11-28T23:44:57.689+0000] {processor.py:176} INFO - Processing /home/airflow/.local/lib/python3.7/site-packages/airflow/example_dags/example_dag_decorator.py took 0.166 seconds
[2022-11-28T23:45:28.352+0000] {processor.py:154} INFO - Started process (PID=3491) to work on /home/airflow/.local/lib/python3.7/site-packages/airflow/example_dags/example_dag_decorator.py
[2022-11-28T23:45:28.352+0000] {processor.py:756} INFO - Processing file /home/airflow/.local/lib/python3.7/site-packages/airflow/example_dags/example_dag_decorator.py for tasks to queue
[2022-11-28T23:45:28.353+0000] {logging_mixin.py:137} INFO - [2022-11-28T23:45:28.353+0000] {dagbag.py:537} INFO - Filling up the DagBag from /home/airflow/.local/lib/python3.7/site-packages/airflow/example_dags/example_dag_decorator.py
[2022-11-28T23:45:28.367+0000] {logging_mixin.py:137} INFO - [2022-11-28T23:45:28.366+0000] {taskmixin.py:205} WARNING - Dependency <Task(_PythonDecoratedOperator): prepare_email>, send_email already registered for DAG: example_dag_decorator
[2022-11-28T23:45:28.367+0000] {logging_mixin.py:137} INFO - [2022-11-28T23:45:28.367+0000] {taskmixin.py:205} WARNING - Dependency <Task(EmailOperator): send_email>, prepare_email already registered for DAG: example_dag_decorator
[2022-11-28T23:45:28.378+0000] {processor.py:766} INFO - DAG(s) dict_keys(['example_dag_decorator']) retrieved from /home/airflow/.local/lib/python3.7/site-packages/airflow/example_dags/example_dag_decorator.py
[2022-11-28T23:45:28.465+0000] {logging_mixin.py:137} INFO - [2022-11-28T23:45:28.464+0000] {dag.py:2585} INFO - Sync 1 DAGs
[2022-11-28T23:45:28.493+0000] {logging_mixin.py:137} INFO - [2022-11-28T23:45:28.493+0000] {dag.py:3340} INFO - Setting next_dagrun for example_dag_decorator to None, run_after=None
[2022-11-28T23:45:28.517+0000] {processor.py:176} INFO - Processing /home/airflow/.local/lib/python3.7/site-packages/airflow/example_dags/example_dag_decorator.py took 0.167 seconds
