[2022-11-28T23:37:15.990+0000] {processor.py:154} INFO - Started process (PID=281) to work on /home/airflow/.local/lib/python3.7/site-packages/airflow/example_dags/example_latest_only.py
[2022-11-28T23:37:15.991+0000] {processor.py:756} INFO - Processing file /home/airflow/.local/lib/python3.7/site-packages/airflow/example_dags/example_latest_only.py for tasks to queue
[2022-11-28T23:37:15.992+0000] {logging_mixin.py:137} INFO - [2022-11-28T23:37:15.992+0000] {dagbag.py:537} INFO - Filling up the DagBag from /home/airflow/.local/lib/python3.7/site-packages/airflow/example_dags/example_latest_only.py
[2022-11-28T23:37:16.011+0000] {processor.py:766} INFO - DAG(s) dict_keys(['latest_only']) retrieved from /home/airflow/.local/lib/python3.7/site-packages/airflow/example_dags/example_latest_only.py
[2022-11-28T23:37:16.055+0000] {logging_mixin.py:137} INFO - [2022-11-28T23:37:16.055+0000] {dag.py:2585} INFO - Sync 1 DAGs
[2022-11-28T23:37:16.087+0000] {logging_mixin.py:137} INFO - [2022-11-28T23:37:16.087+0000] {dag.py:3340} INFO - Setting next_dagrun for latest_only to 2022-11-28T19:37:16.086845+00:00, run_after=2022-11-28T23:37:16.086845+00:00
[2022-11-28T23:37:16.109+0000] {processor.py:176} INFO - Processing /home/airflow/.local/lib/python3.7/site-packages/airflow/example_dags/example_latest_only.py took 0.122 seconds
[2022-11-28T23:37:46.832+0000] {processor.py:154} INFO - Started process (PID=479) to work on /home/airflow/.local/lib/python3.7/site-packages/airflow/example_dags/example_latest_only.py
[2022-11-28T23:37:46.833+0000] {processor.py:756} INFO - Processing file /home/airflow/.local/lib/python3.7/site-packages/airflow/example_dags/example_latest_only.py for tasks to queue
[2022-11-28T23:37:46.833+0000] {logging_mixin.py:137} INFO - [2022-11-28T23:37:46.833+0000] {dagbag.py:537} INFO - Filling up the DagBag from /home/airflow/.local/lib/python3.7/site-packages/airflow/example_dags/example_latest_only.py
[2022-11-28T23:37:46.846+0000] {processor.py:766} INFO - DAG(s) dict_keys(['latest_only']) retrieved from /home/airflow/.local/lib/python3.7/site-packages/airflow/example_dags/example_latest_only.py
[2022-11-28T23:37:46.884+0000] {logging_mixin.py:137} INFO - [2022-11-28T23:37:46.883+0000] {dag.py:2585} INFO - Sync 1 DAGs
[2022-11-28T23:37:46.911+0000] {logging_mixin.py:137} INFO - [2022-11-28T23:37:46.911+0000] {dag.py:3340} INFO - Setting next_dagrun for latest_only to 2022-11-28T19:37:46.910785+00:00, run_after=2022-11-28T23:37:46.910785+00:00
[2022-11-28T23:37:46.933+0000] {processor.py:176} INFO - Processing /home/airflow/.local/lib/python3.7/site-packages/airflow/example_dags/example_latest_only.py took 0.104 seconds
[2022-11-28T23:38:17.646+0000] {processor.py:154} INFO - Started process (PID=687) to work on /home/airflow/.local/lib/python3.7/site-packages/airflow/example_dags/example_latest_only.py
[2022-11-28T23:38:17.647+0000] {processor.py:756} INFO - Processing file /home/airflow/.local/lib/python3.7/site-packages/airflow/example_dags/example_latest_only.py for tasks to queue
[2022-11-28T23:38:17.647+0000] {logging_mixin.py:137} INFO - [2022-11-28T23:38:17.647+0000] {dagbag.py:537} INFO - Filling up the DagBag from /home/airflow/.local/lib/python3.7/site-packages/airflow/example_dags/example_latest_only.py
[2022-11-28T23:38:17.658+0000] {processor.py:766} INFO - DAG(s) dict_keys(['latest_only']) retrieved from /home/airflow/.local/lib/python3.7/site-packages/airflow/example_dags/example_latest_only.py
[2022-11-28T23:38:17.691+0000] {logging_mixin.py:137} INFO - [2022-11-28T23:38:17.691+0000] {dag.py:2585} INFO - Sync 1 DAGs
[2022-11-28T23:38:17.717+0000] {logging_mixin.py:137} INFO - [2022-11-28T23:38:17.717+0000] {dag.py:3340} INFO - Setting next_dagrun for latest_only to 2022-11-28T19:38:17.717085+00:00, run_after=2022-11-28T23:38:17.717085+00:00
[2022-11-28T23:38:17.744+0000] {processor.py:176} INFO - Processing /home/airflow/.local/lib/python3.7/site-packages/airflow/example_dags/example_latest_only.py took 0.100 seconds
[2022-11-28T23:38:48.475+0000] {processor.py:154} INFO - Started process (PID=894) to work on /home/airflow/.local/lib/python3.7/site-packages/airflow/example_dags/example_latest_only.py
[2022-11-28T23:38:48.476+0000] {processor.py:756} INFO - Processing file /home/airflow/.local/lib/python3.7/site-packages/airflow/example_dags/example_latest_only.py for tasks to queue
[2022-11-28T23:38:48.476+0000] {logging_mixin.py:137} INFO - [2022-11-28T23:38:48.476+0000] {dagbag.py:537} INFO - Filling up the DagBag from /home/airflow/.local/lib/python3.7/site-packages/airflow/example_dags/example_latest_only.py
[2022-11-28T23:38:48.488+0000] {processor.py:766} INFO - DAG(s) dict_keys(['latest_only']) retrieved from /home/airflow/.local/lib/python3.7/site-packages/airflow/example_dags/example_latest_only.py
[2022-11-28T23:38:48.522+0000] {logging_mixin.py:137} INFO - [2022-11-28T23:38:48.522+0000] {dag.py:2585} INFO - Sync 1 DAGs
[2022-11-28T23:38:48.548+0000] {logging_mixin.py:137} INFO - [2022-11-28T23:38:48.548+0000] {dag.py:3340} INFO - Setting next_dagrun for latest_only to 2022-11-28T19:38:48.547904+00:00, run_after=2022-11-28T23:38:48.547904+00:00
[2022-11-28T23:38:48.569+0000] {processor.py:176} INFO - Processing /home/airflow/.local/lib/python3.7/site-packages/airflow/example_dags/example_latest_only.py took 0.096 seconds
[2022-11-28T23:39:19.232+0000] {processor.py:154} INFO - Started process (PID=1092) to work on /home/airflow/.local/lib/python3.7/site-packages/airflow/example_dags/example_latest_only.py
[2022-11-28T23:39:19.233+0000] {processor.py:756} INFO - Processing file /home/airflow/.local/lib/python3.7/site-packages/airflow/example_dags/example_latest_only.py for tasks to queue
[2022-11-28T23:39:19.233+0000] {logging_mixin.py:137} INFO - [2022-11-28T23:39:19.233+0000] {dagbag.py:537} INFO - Filling up the DagBag from /home/airflow/.local/lib/python3.7/site-packages/airflow/example_dags/example_latest_only.py
[2022-11-28T23:39:19.244+0000] {processor.py:766} INFO - DAG(s) dict_keys(['latest_only']) retrieved from /home/airflow/.local/lib/python3.7/site-packages/airflow/example_dags/example_latest_only.py
[2022-11-28T23:39:19.283+0000] {logging_mixin.py:137} INFO - [2022-11-28T23:39:19.283+0000] {dag.py:2585} INFO - Sync 1 DAGs
[2022-11-28T23:39:19.317+0000] {logging_mixin.py:137} INFO - [2022-11-28T23:39:19.316+0000] {dag.py:3340} INFO - Setting next_dagrun for latest_only to 2022-11-28T19:39:19.316705+00:00, run_after=2022-11-28T23:39:19.316705+00:00
[2022-11-28T23:39:19.343+0000] {processor.py:176} INFO - Processing /home/airflow/.local/lib/python3.7/site-packages/airflow/example_dags/example_latest_only.py took 0.114 seconds
[2022-11-28T23:39:50.284+0000] {processor.py:154} INFO - Started process (PID=1299) to work on /home/airflow/.local/lib/python3.7/site-packages/airflow/example_dags/example_latest_only.py
[2022-11-28T23:39:50.285+0000] {processor.py:756} INFO - Processing file /home/airflow/.local/lib/python3.7/site-packages/airflow/example_dags/example_latest_only.py for tasks to queue
[2022-11-28T23:39:50.285+0000] {logging_mixin.py:137} INFO - [2022-11-28T23:39:50.285+0000] {dagbag.py:537} INFO - Filling up the DagBag from /home/airflow/.local/lib/python3.7/site-packages/airflow/example_dags/example_latest_only.py
[2022-11-28T23:39:50.299+0000] {processor.py:766} INFO - DAG(s) dict_keys(['latest_only']) retrieved from /home/airflow/.local/lib/python3.7/site-packages/airflow/example_dags/example_latest_only.py
[2022-11-28T23:39:50.342+0000] {logging_mixin.py:137} INFO - [2022-11-28T23:39:50.342+0000] {dag.py:2585} INFO - Sync 1 DAGs
[2022-11-28T23:39:50.372+0000] {logging_mixin.py:137} INFO - [2022-11-28T23:39:50.372+0000] {dag.py:3340} INFO - Setting next_dagrun for latest_only to 2022-11-28T19:39:50.372358+00:00, run_after=2022-11-28T23:39:50.372358+00:00
[2022-11-28T23:39:50.402+0000] {processor.py:176} INFO - Processing /home/airflow/.local/lib/python3.7/site-packages/airflow/example_dags/example_latest_only.py took 0.122 seconds
[2022-11-28T23:40:21.154+0000] {processor.py:154} INFO - Started process (PID=1507) to work on /home/airflow/.local/lib/python3.7/site-packages/airflow/example_dags/example_latest_only.py
[2022-11-28T23:40:21.155+0000] {processor.py:756} INFO - Processing file /home/airflow/.local/lib/python3.7/site-packages/airflow/example_dags/example_latest_only.py for tasks to queue
[2022-11-28T23:40:21.155+0000] {logging_mixin.py:137} INFO - [2022-11-28T23:40:21.155+0000] {dagbag.py:537} INFO - Filling up the DagBag from /home/airflow/.local/lib/python3.7/site-packages/airflow/example_dags/example_latest_only.py
[2022-11-28T23:40:21.167+0000] {processor.py:766} INFO - DAG(s) dict_keys(['latest_only']) retrieved from /home/airflow/.local/lib/python3.7/site-packages/airflow/example_dags/example_latest_only.py
[2022-11-28T23:40:21.204+0000] {logging_mixin.py:137} INFO - [2022-11-28T23:40:21.204+0000] {dag.py:2585} INFO - Sync 1 DAGs
[2022-11-28T23:40:21.233+0000] {logging_mixin.py:137} INFO - [2022-11-28T23:40:21.233+0000] {dag.py:3340} INFO - Setting next_dagrun for latest_only to 2022-11-28T19:40:21.232727+00:00, run_after=2022-11-28T23:40:21.232727+00:00
[2022-11-28T23:40:21.256+0000] {processor.py:176} INFO - Processing /home/airflow/.local/lib/python3.7/site-packages/airflow/example_dags/example_latest_only.py took 0.105 seconds
[2022-11-28T23:40:51.926+0000] {processor.py:154} INFO - Started process (PID=1705) to work on /home/airflow/.local/lib/python3.7/site-packages/airflow/example_dags/example_latest_only.py
[2022-11-28T23:40:51.926+0000] {processor.py:756} INFO - Processing file /home/airflow/.local/lib/python3.7/site-packages/airflow/example_dags/example_latest_only.py for tasks to queue
[2022-11-28T23:40:51.927+0000] {logging_mixin.py:137} INFO - [2022-11-28T23:40:51.927+0000] {dagbag.py:537} INFO - Filling up the DagBag from /home/airflow/.local/lib/python3.7/site-packages/airflow/example_dags/example_latest_only.py
[2022-11-28T23:40:51.938+0000] {processor.py:766} INFO - DAG(s) dict_keys(['latest_only']) retrieved from /home/airflow/.local/lib/python3.7/site-packages/airflow/example_dags/example_latest_only.py
[2022-11-28T23:40:51.976+0000] {logging_mixin.py:137} INFO - [2022-11-28T23:40:51.976+0000] {dag.py:2585} INFO - Sync 1 DAGs
[2022-11-28T23:40:52.004+0000] {logging_mixin.py:137} INFO - [2022-11-28T23:40:52.004+0000] {dag.py:3340} INFO - Setting next_dagrun for latest_only to 2022-11-28T19:40:52.004270+00:00, run_after=2022-11-28T23:40:52.004270+00:00
[2022-11-28T23:40:52.026+0000] {processor.py:176} INFO - Processing /home/airflow/.local/lib/python3.7/site-packages/airflow/example_dags/example_latest_only.py took 0.103 seconds
[2022-11-28T23:41:22.884+0000] {processor.py:154} INFO - Started process (PID=1912) to work on /home/airflow/.local/lib/python3.7/site-packages/airflow/example_dags/example_latest_only.py
[2022-11-28T23:41:22.885+0000] {processor.py:756} INFO - Processing file /home/airflow/.local/lib/python3.7/site-packages/airflow/example_dags/example_latest_only.py for tasks to queue
[2022-11-28T23:41:22.885+0000] {logging_mixin.py:137} INFO - [2022-11-28T23:41:22.885+0000] {dagbag.py:537} INFO - Filling up the DagBag from /home/airflow/.local/lib/python3.7/site-packages/airflow/example_dags/example_latest_only.py
[2022-11-28T23:41:22.899+0000] {processor.py:766} INFO - DAG(s) dict_keys(['latest_only']) retrieved from /home/airflow/.local/lib/python3.7/site-packages/airflow/example_dags/example_latest_only.py
[2022-11-28T23:41:22.946+0000] {logging_mixin.py:137} INFO - [2022-11-28T23:41:22.945+0000] {dag.py:2585} INFO - Sync 1 DAGs
[2022-11-28T23:41:22.975+0000] {logging_mixin.py:137} INFO - [2022-11-28T23:41:22.975+0000] {dag.py:3340} INFO - Setting next_dagrun for latest_only to 2022-11-28T19:41:22.975018+00:00, run_after=2022-11-28T23:41:22.975018+00:00
[2022-11-28T23:41:23.000+0000] {processor.py:176} INFO - Processing /home/airflow/.local/lib/python3.7/site-packages/airflow/example_dags/example_latest_only.py took 0.119 seconds
[2022-11-28T23:41:53.884+0000] {processor.py:154} INFO - Started process (PID=2119) to work on /home/airflow/.local/lib/python3.7/site-packages/airflow/example_dags/example_latest_only.py
[2022-11-28T23:41:53.885+0000] {processor.py:756} INFO - Processing file /home/airflow/.local/lib/python3.7/site-packages/airflow/example_dags/example_latest_only.py for tasks to queue
[2022-11-28T23:41:53.885+0000] {logging_mixin.py:137} INFO - [2022-11-28T23:41:53.885+0000] {dagbag.py:537} INFO - Filling up the DagBag from /home/airflow/.local/lib/python3.7/site-packages/airflow/example_dags/example_latest_only.py
[2022-11-28T23:41:53.896+0000] {processor.py:766} INFO - DAG(s) dict_keys(['latest_only']) retrieved from /home/airflow/.local/lib/python3.7/site-packages/airflow/example_dags/example_latest_only.py
[2022-11-28T23:41:53.936+0000] {logging_mixin.py:137} INFO - [2022-11-28T23:41:53.935+0000] {dag.py:2585} INFO - Sync 1 DAGs
[2022-11-28T23:41:53.965+0000] {logging_mixin.py:137} INFO - [2022-11-28T23:41:53.965+0000] {dag.py:3340} INFO - Setting next_dagrun for latest_only to 2022-11-28T19:41:53.965382+00:00, run_after=2022-11-28T23:41:53.965382+00:00
[2022-11-28T23:41:53.989+0000] {processor.py:176} INFO - Processing /home/airflow/.local/lib/python3.7/site-packages/airflow/example_dags/example_latest_only.py took 0.108 seconds
[2022-11-28T23:42:25.256+0000] {processor.py:154} INFO - Started process (PID=2318) to work on /home/airflow/.local/lib/python3.7/site-packages/airflow/example_dags/example_latest_only.py
[2022-11-28T23:42:25.257+0000] {processor.py:756} INFO - Processing file /home/airflow/.local/lib/python3.7/site-packages/airflow/example_dags/example_latest_only.py for tasks to queue
[2022-11-28T23:42:25.257+0000] {logging_mixin.py:137} INFO - [2022-11-28T23:42:25.257+0000] {dagbag.py:537} INFO - Filling up the DagBag from /home/airflow/.local/lib/python3.7/site-packages/airflow/example_dags/example_latest_only.py
[2022-11-28T23:42:25.273+0000] {processor.py:766} INFO - DAG(s) dict_keys(['latest_only']) retrieved from /home/airflow/.local/lib/python3.7/site-packages/airflow/example_dags/example_latest_only.py
[2022-11-28T23:42:25.386+0000] {logging_mixin.py:137} INFO - [2022-11-28T23:42:25.385+0000] {dag.py:2585} INFO - Sync 1 DAGs
[2022-11-28T23:42:25.470+0000] {logging_mixin.py:137} INFO - [2022-11-28T23:42:25.470+0000] {dag.py:3340} INFO - Setting next_dagrun for latest_only to 2022-11-28T19:42:25.469982+00:00, run_after=2022-11-28T23:42:25.469982+00:00
[2022-11-28T23:42:25.550+0000] {processor.py:176} INFO - Processing /home/airflow/.local/lib/python3.7/site-packages/airflow/example_dags/example_latest_only.py took 0.296 seconds
[2022-11-28T23:42:56.398+0000] {processor.py:154} INFO - Started process (PID=2526) to work on /home/airflow/.local/lib/python3.7/site-packages/airflow/example_dags/example_latest_only.py
[2022-11-28T23:42:56.399+0000] {processor.py:756} INFO - Processing file /home/airflow/.local/lib/python3.7/site-packages/airflow/example_dags/example_latest_only.py for tasks to queue
[2022-11-28T23:42:56.400+0000] {logging_mixin.py:137} INFO - [2022-11-28T23:42:56.400+0000] {dagbag.py:537} INFO - Filling up the DagBag from /home/airflow/.local/lib/python3.7/site-packages/airflow/example_dags/example_latest_only.py
[2022-11-28T23:42:56.414+0000] {processor.py:766} INFO - DAG(s) dict_keys(['latest_only']) retrieved from /home/airflow/.local/lib/python3.7/site-packages/airflow/example_dags/example_latest_only.py
[2022-11-28T23:42:56.456+0000] {logging_mixin.py:137} INFO - [2022-11-28T23:42:56.456+0000] {dag.py:2585} INFO - Sync 1 DAGs
[2022-11-28T23:42:56.483+0000] {logging_mixin.py:137} INFO - [2022-11-28T23:42:56.482+0000] {dag.py:3340} INFO - Setting next_dagrun for latest_only to 2022-11-28T19:42:56.482450+00:00, run_after=2022-11-28T23:42:56.482450+00:00
[2022-11-28T23:42:56.508+0000] {processor.py:176} INFO - Processing /home/airflow/.local/lib/python3.7/site-packages/airflow/example_dags/example_latest_only.py took 0.113 seconds
[2022-11-28T23:43:27.320+0000] {processor.py:154} INFO - Started process (PID=2733) to work on /home/airflow/.local/lib/python3.7/site-packages/airflow/example_dags/example_latest_only.py
[2022-11-28T23:43:27.322+0000] {processor.py:756} INFO - Processing file /home/airflow/.local/lib/python3.7/site-packages/airflow/example_dags/example_latest_only.py for tasks to queue
[2022-11-28T23:43:27.322+0000] {logging_mixin.py:137} INFO - [2022-11-28T23:43:27.322+0000] {dagbag.py:537} INFO - Filling up the DagBag from /home/airflow/.local/lib/python3.7/site-packages/airflow/example_dags/example_latest_only.py
[2022-11-28T23:43:27.334+0000] {processor.py:766} INFO - DAG(s) dict_keys(['latest_only']) retrieved from /home/airflow/.local/lib/python3.7/site-packages/airflow/example_dags/example_latest_only.py
[2022-11-28T23:43:27.375+0000] {logging_mixin.py:137} INFO - [2022-11-28T23:43:27.375+0000] {dag.py:2585} INFO - Sync 1 DAGs
[2022-11-28T23:43:27.402+0000] {logging_mixin.py:137} INFO - [2022-11-28T23:43:27.402+0000] {dag.py:3340} INFO - Setting next_dagrun for latest_only to 2022-11-28T19:43:27.401877+00:00, run_after=2022-11-28T23:43:27.401877+00:00
[2022-11-28T23:43:27.423+0000] {processor.py:176} INFO - Processing /home/airflow/.local/lib/python3.7/site-packages/airflow/example_dags/example_latest_only.py took 0.105 seconds
[2022-11-28T23:43:57.883+0000] {processor.py:154} INFO - Started process (PID=2931) to work on /home/airflow/.local/lib/python3.7/site-packages/airflow/example_dags/example_latest_only.py
[2022-11-28T23:43:57.883+0000] {processor.py:756} INFO - Processing file /home/airflow/.local/lib/python3.7/site-packages/airflow/example_dags/example_latest_only.py for tasks to queue
[2022-11-28T23:43:57.884+0000] {logging_mixin.py:137} INFO - [2022-11-28T23:43:57.884+0000] {dagbag.py:537} INFO - Filling up the DagBag from /home/airflow/.local/lib/python3.7/site-packages/airflow/example_dags/example_latest_only.py
[2022-11-28T23:43:57.896+0000] {processor.py:766} INFO - DAG(s) dict_keys(['latest_only']) retrieved from /home/airflow/.local/lib/python3.7/site-packages/airflow/example_dags/example_latest_only.py
[2022-11-28T23:43:57.930+0000] {logging_mixin.py:137} INFO - [2022-11-28T23:43:57.930+0000] {dag.py:2585} INFO - Sync 1 DAGs
[2022-11-28T23:43:57.956+0000] {logging_mixin.py:137} INFO - [2022-11-28T23:43:57.956+0000] {dag.py:3340} INFO - Setting next_dagrun for latest_only to 2022-11-28T19:43:57.955873+00:00, run_after=2022-11-28T23:43:57.955873+00:00
[2022-11-28T23:43:57.978+0000] {processor.py:176} INFO - Processing /home/airflow/.local/lib/python3.7/site-packages/airflow/example_dags/example_latest_only.py took 0.098 seconds
[2022-11-28T23:44:28.559+0000] {processor.py:154} INFO - Started process (PID=3138) to work on /home/airflow/.local/lib/python3.7/site-packages/airflow/example_dags/example_latest_only.py
[2022-11-28T23:44:28.560+0000] {processor.py:756} INFO - Processing file /home/airflow/.local/lib/python3.7/site-packages/airflow/example_dags/example_latest_only.py for tasks to queue
[2022-11-28T23:44:28.561+0000] {logging_mixin.py:137} INFO - [2022-11-28T23:44:28.561+0000] {dagbag.py:537} INFO - Filling up the DagBag from /home/airflow/.local/lib/python3.7/site-packages/airflow/example_dags/example_latest_only.py
[2022-11-28T23:44:28.571+0000] {processor.py:766} INFO - DAG(s) dict_keys(['latest_only']) retrieved from /home/airflow/.local/lib/python3.7/site-packages/airflow/example_dags/example_latest_only.py
[2022-11-28T23:44:28.604+0000] {logging_mixin.py:137} INFO - [2022-11-28T23:44:28.604+0000] {dag.py:2585} INFO - Sync 1 DAGs
[2022-11-28T23:44:28.631+0000] {logging_mixin.py:137} INFO - [2022-11-28T23:44:28.631+0000] {dag.py:3340} INFO - Setting next_dagrun for latest_only to 2022-11-28T19:44:28.630938+00:00, run_after=2022-11-28T23:44:28.630938+00:00
[2022-11-28T23:44:28.651+0000] {processor.py:176} INFO - Processing /home/airflow/.local/lib/python3.7/site-packages/airflow/example_dags/example_latest_only.py took 0.094 seconds
[2022-11-28T23:44:59.297+0000] {processor.py:154} INFO - Started process (PID=3345) to work on /home/airflow/.local/lib/python3.7/site-packages/airflow/example_dags/example_latest_only.py
[2022-11-28T23:44:59.298+0000] {processor.py:756} INFO - Processing file /home/airflow/.local/lib/python3.7/site-packages/airflow/example_dags/example_latest_only.py for tasks to queue
[2022-11-28T23:44:59.298+0000] {logging_mixin.py:137} INFO - [2022-11-28T23:44:59.298+0000] {dagbag.py:537} INFO - Filling up the DagBag from /home/airflow/.local/lib/python3.7/site-packages/airflow/example_dags/example_latest_only.py
[2022-11-28T23:44:59.309+0000] {processor.py:766} INFO - DAG(s) dict_keys(['latest_only']) retrieved from /home/airflow/.local/lib/python3.7/site-packages/airflow/example_dags/example_latest_only.py
[2022-11-28T23:44:59.345+0000] {logging_mixin.py:137} INFO - [2022-11-28T23:44:59.345+0000] {dag.py:2585} INFO - Sync 1 DAGs
[2022-11-28T23:44:59.372+0000] {logging_mixin.py:137} INFO - [2022-11-28T23:44:59.371+0000] {dag.py:3340} INFO - Setting next_dagrun for latest_only to 2022-11-28T19:44:59.371712+00:00, run_after=2022-11-28T23:44:59.371712+00:00
[2022-11-28T23:44:59.393+0000] {processor.py:176} INFO - Processing /home/airflow/.local/lib/python3.7/site-packages/airflow/example_dags/example_latest_only.py took 0.097 seconds
[2022-11-28T23:45:30.114+0000] {processor.py:154} INFO - Started process (PID=3607) to work on /home/airflow/.local/lib/python3.7/site-packages/airflow/example_dags/example_latest_only.py
[2022-11-28T23:45:30.115+0000] {processor.py:756} INFO - Processing file /home/airflow/.local/lib/python3.7/site-packages/airflow/example_dags/example_latest_only.py for tasks to queue
[2022-11-28T23:45:30.115+0000] {logging_mixin.py:137} INFO - [2022-11-28T23:45:30.115+0000] {dagbag.py:537} INFO - Filling up the DagBag from /home/airflow/.local/lib/python3.7/site-packages/airflow/example_dags/example_latest_only.py
[2022-11-28T23:45:30.127+0000] {processor.py:766} INFO - DAG(s) dict_keys(['latest_only']) retrieved from /home/airflow/.local/lib/python3.7/site-packages/airflow/example_dags/example_latest_only.py
[2022-11-28T23:45:30.165+0000] {logging_mixin.py:137} INFO - [2022-11-28T23:45:30.165+0000] {dag.py:2585} INFO - Sync 1 DAGs
[2022-11-28T23:45:30.196+0000] {logging_mixin.py:137} INFO - [2022-11-28T23:45:30.196+0000] {dag.py:3340} INFO - Setting next_dagrun for latest_only to 2022-11-28T19:45:30.195947+00:00, run_after=2022-11-28T23:45:30.195947+00:00
[2022-11-28T23:45:30.223+0000] {processor.py:176} INFO - Processing /home/airflow/.local/lib/python3.7/site-packages/airflow/example_dags/example_latest_only.py took 0.111 seconds
