[2022-11-28T23:37:16.898+0000] {processor.py:154} INFO - Started process (PID=341) to work on /home/airflow/.local/lib/python3.7/site-packages/airflow/example_dags/example_latest_only_with_trigger.py
[2022-11-28T23:37:16.898+0000] {processor.py:756} INFO - Processing file /home/airflow/.local/lib/python3.7/site-packages/airflow/example_dags/example_latest_only_with_trigger.py for tasks to queue
[2022-11-28T23:37:16.899+0000] {logging_mixin.py:137} INFO - [2022-11-28T23:37:16.899+0000] {dagbag.py:537} INFO - Filling up the DagBag from /home/airflow/.local/lib/python3.7/site-packages/airflow/example_dags/example_latest_only_with_trigger.py
[2022-11-28T23:37:16.911+0000] {processor.py:766} INFO - DAG(s) dict_keys(['latest_only_with_trigger']) retrieved from /home/airflow/.local/lib/python3.7/site-packages/airflow/example_dags/example_latest_only_with_trigger.py
[2022-11-28T23:37:16.949+0000] {logging_mixin.py:137} INFO - [2022-11-28T23:37:16.948+0000] {dag.py:2585} INFO - Sync 1 DAGs
[2022-11-28T23:37:16.986+0000] {logging_mixin.py:137} INFO - [2022-11-28T23:37:16.985+0000] {dag.py:3340} INFO - Setting next_dagrun for latest_only_with_trigger to 2022-11-28T19:37:16.985703+00:00, run_after=2022-11-28T23:37:16.985703+00:00
[2022-11-28T23:37:17.010+0000] {processor.py:176} INFO - Processing /home/airflow/.local/lib/python3.7/site-packages/airflow/example_dags/example_latest_only_with_trigger.py took 0.115 seconds
[2022-11-28T23:37:47.750+0000] {processor.py:154} INFO - Started process (PID=541) to work on /home/airflow/.local/lib/python3.7/site-packages/airflow/example_dags/example_latest_only_with_trigger.py
[2022-11-28T23:37:47.750+0000] {processor.py:756} INFO - Processing file /home/airflow/.local/lib/python3.7/site-packages/airflow/example_dags/example_latest_only_with_trigger.py for tasks to queue
[2022-11-28T23:37:47.751+0000] {logging_mixin.py:137} INFO - [2022-11-28T23:37:47.751+0000] {dagbag.py:537} INFO - Filling up the DagBag from /home/airflow/.local/lib/python3.7/site-packages/airflow/example_dags/example_latest_only_with_trigger.py
[2022-11-28T23:37:47.763+0000] {processor.py:766} INFO - DAG(s) dict_keys(['latest_only_with_trigger']) retrieved from /home/airflow/.local/lib/python3.7/site-packages/airflow/example_dags/example_latest_only_with_trigger.py
[2022-11-28T23:37:47.806+0000] {logging_mixin.py:137} INFO - [2022-11-28T23:37:47.806+0000] {dag.py:2585} INFO - Sync 1 DAGs
[2022-11-28T23:37:47.835+0000] {logging_mixin.py:137} INFO - [2022-11-28T23:37:47.835+0000] {dag.py:3340} INFO - Setting next_dagrun for latest_only_with_trigger to 2022-11-28T19:37:47.834964+00:00, run_after=2022-11-28T23:37:47.834964+00:00
[2022-11-28T23:37:47.859+0000] {processor.py:176} INFO - Processing /home/airflow/.local/lib/python3.7/site-packages/airflow/example_dags/example_latest_only_with_trigger.py took 0.111 seconds
[2022-11-28T23:38:18.660+0000] {processor.py:154} INFO - Started process (PID=749) to work on /home/airflow/.local/lib/python3.7/site-packages/airflow/example_dags/example_latest_only_with_trigger.py
[2022-11-28T23:38:18.661+0000] {processor.py:756} INFO - Processing file /home/airflow/.local/lib/python3.7/site-packages/airflow/example_dags/example_latest_only_with_trigger.py for tasks to queue
[2022-11-28T23:38:18.661+0000] {logging_mixin.py:137} INFO - [2022-11-28T23:38:18.661+0000] {dagbag.py:537} INFO - Filling up the DagBag from /home/airflow/.local/lib/python3.7/site-packages/airflow/example_dags/example_latest_only_with_trigger.py
[2022-11-28T23:38:18.673+0000] {processor.py:766} INFO - DAG(s) dict_keys(['latest_only_with_trigger']) retrieved from /home/airflow/.local/lib/python3.7/site-packages/airflow/example_dags/example_latest_only_with_trigger.py
[2022-11-28T23:38:18.707+0000] {logging_mixin.py:137} INFO - [2022-11-28T23:38:18.707+0000] {dag.py:2585} INFO - Sync 1 DAGs
[2022-11-28T23:38:18.734+0000] {logging_mixin.py:137} INFO - [2022-11-28T23:38:18.734+0000] {dag.py:3340} INFO - Setting next_dagrun for latest_only_with_trigger to 2022-11-28T19:38:18.733993+00:00, run_after=2022-11-28T23:38:18.733993+00:00
[2022-11-28T23:38:18.755+0000] {processor.py:176} INFO - Processing /home/airflow/.local/lib/python3.7/site-packages/airflow/example_dags/example_latest_only_with_trigger.py took 0.097 seconds
[2022-11-28T23:38:49.346+0000] {processor.py:154} INFO - Started process (PID=956) to work on /home/airflow/.local/lib/python3.7/site-packages/airflow/example_dags/example_latest_only_with_trigger.py
[2022-11-28T23:38:49.346+0000] {processor.py:756} INFO - Processing file /home/airflow/.local/lib/python3.7/site-packages/airflow/example_dags/example_latest_only_with_trigger.py for tasks to queue
[2022-11-28T23:38:49.346+0000] {logging_mixin.py:137} INFO - [2022-11-28T23:38:49.346+0000] {dagbag.py:537} INFO - Filling up the DagBag from /home/airflow/.local/lib/python3.7/site-packages/airflow/example_dags/example_latest_only_with_trigger.py
[2022-11-28T23:38:49.358+0000] {processor.py:766} INFO - DAG(s) dict_keys(['latest_only_with_trigger']) retrieved from /home/airflow/.local/lib/python3.7/site-packages/airflow/example_dags/example_latest_only_with_trigger.py
[2022-11-28T23:38:49.392+0000] {logging_mixin.py:137} INFO - [2022-11-28T23:38:49.392+0000] {dag.py:2585} INFO - Sync 1 DAGs
[2022-11-28T23:38:49.418+0000] {logging_mixin.py:137} INFO - [2022-11-28T23:38:49.418+0000] {dag.py:3340} INFO - Setting next_dagrun for latest_only_with_trigger to 2022-11-28T19:38:49.418129+00:00, run_after=2022-11-28T23:38:49.418129+00:00
[2022-11-28T23:38:49.441+0000] {processor.py:176} INFO - Processing /home/airflow/.local/lib/python3.7/site-packages/airflow/example_dags/example_latest_only_with_trigger.py took 0.097 seconds
[2022-11-28T23:39:20.152+0000] {processor.py:154} INFO - Started process (PID=1152) to work on /home/airflow/.local/lib/python3.7/site-packages/airflow/example_dags/example_latest_only_with_trigger.py
[2022-11-28T23:39:20.153+0000] {processor.py:756} INFO - Processing file /home/airflow/.local/lib/python3.7/site-packages/airflow/example_dags/example_latest_only_with_trigger.py for tasks to queue
[2022-11-28T23:39:20.154+0000] {logging_mixin.py:137} INFO - [2022-11-28T23:39:20.154+0000] {dagbag.py:537} INFO - Filling up the DagBag from /home/airflow/.local/lib/python3.7/site-packages/airflow/example_dags/example_latest_only_with_trigger.py
[2022-11-28T23:39:20.168+0000] {processor.py:766} INFO - DAG(s) dict_keys(['latest_only_with_trigger']) retrieved from /home/airflow/.local/lib/python3.7/site-packages/airflow/example_dags/example_latest_only_with_trigger.py
[2022-11-28T23:39:20.213+0000] {logging_mixin.py:137} INFO - [2022-11-28T23:39:20.213+0000] {dag.py:2585} INFO - Sync 1 DAGs
[2022-11-28T23:39:20.241+0000] {logging_mixin.py:137} INFO - [2022-11-28T23:39:20.241+0000] {dag.py:3340} INFO - Setting next_dagrun for latest_only_with_trigger to 2022-11-28T19:39:20.241106+00:00, run_after=2022-11-28T23:39:20.241106+00:00
[2022-11-28T23:39:20.274+0000] {processor.py:176} INFO - Processing /home/airflow/.local/lib/python3.7/site-packages/airflow/example_dags/example_latest_only_with_trigger.py took 0.125 seconds
[2022-11-28T23:39:51.210+0000] {processor.py:154} INFO - Started process (PID=1359) to work on /home/airflow/.local/lib/python3.7/site-packages/airflow/example_dags/example_latest_only_with_trigger.py
[2022-11-28T23:39:51.211+0000] {processor.py:756} INFO - Processing file /home/airflow/.local/lib/python3.7/site-packages/airflow/example_dags/example_latest_only_with_trigger.py for tasks to queue
[2022-11-28T23:39:51.211+0000] {logging_mixin.py:137} INFO - [2022-11-28T23:39:51.211+0000] {dagbag.py:537} INFO - Filling up the DagBag from /home/airflow/.local/lib/python3.7/site-packages/airflow/example_dags/example_latest_only_with_trigger.py
[2022-11-28T23:39:51.226+0000] {processor.py:766} INFO - DAG(s) dict_keys(['latest_only_with_trigger']) retrieved from /home/airflow/.local/lib/python3.7/site-packages/airflow/example_dags/example_latest_only_with_trigger.py
[2022-11-28T23:39:51.268+0000] {logging_mixin.py:137} INFO - [2022-11-28T23:39:51.268+0000] {dag.py:2585} INFO - Sync 1 DAGs
[2022-11-28T23:39:51.300+0000] {logging_mixin.py:137} INFO - [2022-11-28T23:39:51.299+0000] {dag.py:3340} INFO - Setting next_dagrun for latest_only_with_trigger to 2022-11-28T19:39:51.299589+00:00, run_after=2022-11-28T23:39:51.299589+00:00
[2022-11-28T23:39:51.327+0000] {processor.py:176} INFO - Processing /home/airflow/.local/lib/python3.7/site-packages/airflow/example_dags/example_latest_only_with_trigger.py took 0.120 seconds
[2022-11-28T23:40:22.079+0000] {processor.py:154} INFO - Started process (PID=1567) to work on /home/airflow/.local/lib/python3.7/site-packages/airflow/example_dags/example_latest_only_with_trigger.py
[2022-11-28T23:40:22.079+0000] {processor.py:756} INFO - Processing file /home/airflow/.local/lib/python3.7/site-packages/airflow/example_dags/example_latest_only_with_trigger.py for tasks to queue
[2022-11-28T23:40:22.080+0000] {logging_mixin.py:137} INFO - [2022-11-28T23:40:22.080+0000] {dagbag.py:537} INFO - Filling up the DagBag from /home/airflow/.local/lib/python3.7/site-packages/airflow/example_dags/example_latest_only_with_trigger.py
[2022-11-28T23:40:22.092+0000] {processor.py:766} INFO - DAG(s) dict_keys(['latest_only_with_trigger']) retrieved from /home/airflow/.local/lib/python3.7/site-packages/airflow/example_dags/example_latest_only_with_trigger.py
[2022-11-28T23:40:22.130+0000] {logging_mixin.py:137} INFO - [2022-11-28T23:40:22.130+0000] {dag.py:2585} INFO - Sync 1 DAGs
[2022-11-28T23:40:22.160+0000] {logging_mixin.py:137} INFO - [2022-11-28T23:40:22.160+0000] {dag.py:3340} INFO - Setting next_dagrun for latest_only_with_trigger to 2022-11-28T19:40:22.159882+00:00, run_after=2022-11-28T23:40:22.159882+00:00
[2022-11-28T23:40:22.185+0000] {processor.py:176} INFO - Processing /home/airflow/.local/lib/python3.7/site-packages/airflow/example_dags/example_latest_only_with_trigger.py took 0.108 seconds
[2022-11-28T23:40:52.826+0000] {processor.py:154} INFO - Started process (PID=1765) to work on /home/airflow/.local/lib/python3.7/site-packages/airflow/example_dags/example_latest_only_with_trigger.py
[2022-11-28T23:40:52.827+0000] {processor.py:756} INFO - Processing file /home/airflow/.local/lib/python3.7/site-packages/airflow/example_dags/example_latest_only_with_trigger.py for tasks to queue
[2022-11-28T23:40:52.828+0000] {logging_mixin.py:137} INFO - [2022-11-28T23:40:52.827+0000] {dagbag.py:537} INFO - Filling up the DagBag from /home/airflow/.local/lib/python3.7/site-packages/airflow/example_dags/example_latest_only_with_trigger.py
[2022-11-28T23:40:52.840+0000] {processor.py:766} INFO - DAG(s) dict_keys(['latest_only_with_trigger']) retrieved from /home/airflow/.local/lib/python3.7/site-packages/airflow/example_dags/example_latest_only_with_trigger.py
[2022-11-28T23:40:52.886+0000] {logging_mixin.py:137} INFO - [2022-11-28T23:40:52.886+0000] {dag.py:2585} INFO - Sync 1 DAGs
[2022-11-28T23:40:52.915+0000] {logging_mixin.py:137} INFO - [2022-11-28T23:40:52.914+0000] {dag.py:3340} INFO - Setting next_dagrun for latest_only_with_trigger to 2022-11-28T19:40:52.914658+00:00, run_after=2022-11-28T23:40:52.914658+00:00
[2022-11-28T23:40:52.937+0000] {processor.py:176} INFO - Processing /home/airflow/.local/lib/python3.7/site-packages/airflow/example_dags/example_latest_only_with_trigger.py took 0.114 seconds
[2022-11-28T23:41:23.781+0000] {processor.py:154} INFO - Started process (PID=1972) to work on /home/airflow/.local/lib/python3.7/site-packages/airflow/example_dags/example_latest_only_with_trigger.py
[2022-11-28T23:41:23.782+0000] {processor.py:756} INFO - Processing file /home/airflow/.local/lib/python3.7/site-packages/airflow/example_dags/example_latest_only_with_trigger.py for tasks to queue
[2022-11-28T23:41:23.782+0000] {logging_mixin.py:137} INFO - [2022-11-28T23:41:23.782+0000] {dagbag.py:537} INFO - Filling up the DagBag from /home/airflow/.local/lib/python3.7/site-packages/airflow/example_dags/example_latest_only_with_trigger.py
[2022-11-28T23:41:23.795+0000] {processor.py:766} INFO - DAG(s) dict_keys(['latest_only_with_trigger']) retrieved from /home/airflow/.local/lib/python3.7/site-packages/airflow/example_dags/example_latest_only_with_trigger.py
[2022-11-28T23:41:23.837+0000] {logging_mixin.py:137} INFO - [2022-11-28T23:41:23.837+0000] {dag.py:2585} INFO - Sync 1 DAGs
[2022-11-28T23:41:23.869+0000] {logging_mixin.py:137} INFO - [2022-11-28T23:41:23.868+0000] {dag.py:3340} INFO - Setting next_dagrun for latest_only_with_trigger to 2022-11-28T19:41:23.868755+00:00, run_after=2022-11-28T23:41:23.868755+00:00
[2022-11-28T23:41:23.894+0000] {processor.py:176} INFO - Processing /home/airflow/.local/lib/python3.7/site-packages/airflow/example_dags/example_latest_only_with_trigger.py took 0.114 seconds
[2022-11-28T23:41:54.758+0000] {processor.py:154} INFO - Started process (PID=2179) to work on /home/airflow/.local/lib/python3.7/site-packages/airflow/example_dags/example_latest_only_with_trigger.py
[2022-11-28T23:41:54.759+0000] {processor.py:756} INFO - Processing file /home/airflow/.local/lib/python3.7/site-packages/airflow/example_dags/example_latest_only_with_trigger.py for tasks to queue
[2022-11-28T23:41:54.760+0000] {logging_mixin.py:137} INFO - [2022-11-28T23:41:54.760+0000] {dagbag.py:537} INFO - Filling up the DagBag from /home/airflow/.local/lib/python3.7/site-packages/airflow/example_dags/example_latest_only_with_trigger.py
[2022-11-28T23:41:54.773+0000] {processor.py:766} INFO - DAG(s) dict_keys(['latest_only_with_trigger']) retrieved from /home/airflow/.local/lib/python3.7/site-packages/airflow/example_dags/example_latest_only_with_trigger.py
[2022-11-28T23:41:54.810+0000] {logging_mixin.py:137} INFO - [2022-11-28T23:41:54.810+0000] {dag.py:2585} INFO - Sync 1 DAGs
[2022-11-28T23:41:54.837+0000] {logging_mixin.py:137} INFO - [2022-11-28T23:41:54.837+0000] {dag.py:3340} INFO - Setting next_dagrun for latest_only_with_trigger to 2022-11-28T19:41:54.837141+00:00, run_after=2022-11-28T23:41:54.837141+00:00
[2022-11-28T23:41:54.861+0000] {processor.py:176} INFO - Processing /home/airflow/.local/lib/python3.7/site-packages/airflow/example_dags/example_latest_only_with_trigger.py took 0.106 seconds
[2022-11-28T23:42:26.946+0000] {processor.py:154} INFO - Started process (PID=2386) to work on /home/airflow/.local/lib/python3.7/site-packages/airflow/example_dags/example_latest_only_with_trigger.py
[2022-11-28T23:42:26.948+0000] {processor.py:756} INFO - Processing file /home/airflow/.local/lib/python3.7/site-packages/airflow/example_dags/example_latest_only_with_trigger.py for tasks to queue
[2022-11-28T23:42:26.949+0000] {logging_mixin.py:137} INFO - [2022-11-28T23:42:26.948+0000] {dagbag.py:537} INFO - Filling up the DagBag from /home/airflow/.local/lib/python3.7/site-packages/airflow/example_dags/example_latest_only_with_trigger.py
[2022-11-28T23:42:26.990+0000] {processor.py:766} INFO - DAG(s) dict_keys(['latest_only_with_trigger']) retrieved from /home/airflow/.local/lib/python3.7/site-packages/airflow/example_dags/example_latest_only_with_trigger.py
[2022-11-28T23:42:27.122+0000] {logging_mixin.py:137} INFO - [2022-11-28T23:42:27.121+0000] {dag.py:2585} INFO - Sync 1 DAGs
[2022-11-28T23:42:27.192+0000] {logging_mixin.py:137} INFO - [2022-11-28T23:42:27.192+0000] {dag.py:3340} INFO - Setting next_dagrun for latest_only_with_trigger to 2022-11-28T19:42:27.191851+00:00, run_after=2022-11-28T23:42:27.191851+00:00
[2022-11-28T23:42:27.228+0000] {processor.py:176} INFO - Processing /home/airflow/.local/lib/python3.7/site-packages/airflow/example_dags/example_latest_only_with_trigger.py took 0.285 seconds
[2022-11-28T23:42:57.447+0000] {processor.py:154} INFO - Started process (PID=2586) to work on /home/airflow/.local/lib/python3.7/site-packages/airflow/example_dags/example_latest_only_with_trigger.py
[2022-11-28T23:42:57.448+0000] {processor.py:756} INFO - Processing file /home/airflow/.local/lib/python3.7/site-packages/airflow/example_dags/example_latest_only_with_trigger.py for tasks to queue
[2022-11-28T23:42:57.449+0000] {logging_mixin.py:137} INFO - [2022-11-28T23:42:57.448+0000] {dagbag.py:537} INFO - Filling up the DagBag from /home/airflow/.local/lib/python3.7/site-packages/airflow/example_dags/example_latest_only_with_trigger.py
[2022-11-28T23:42:57.460+0000] {processor.py:766} INFO - DAG(s) dict_keys(['latest_only_with_trigger']) retrieved from /home/airflow/.local/lib/python3.7/site-packages/airflow/example_dags/example_latest_only_with_trigger.py
[2022-11-28T23:42:57.518+0000] {logging_mixin.py:137} INFO - [2022-11-28T23:42:57.518+0000] {dag.py:2585} INFO - Sync 1 DAGs
[2022-11-28T23:42:57.554+0000] {logging_mixin.py:137} INFO - [2022-11-28T23:42:57.554+0000] {dag.py:3340} INFO - Setting next_dagrun for latest_only_with_trigger to 2022-11-28T19:42:57.553975+00:00, run_after=2022-11-28T23:42:57.553975+00:00
[2022-11-28T23:42:57.581+0000] {processor.py:176} INFO - Processing /home/airflow/.local/lib/python3.7/site-packages/airflow/example_dags/example_latest_only_with_trigger.py took 0.136 seconds
[2022-11-28T23:43:28.197+0000] {processor.py:154} INFO - Started process (PID=2791) to work on /home/airflow/.local/lib/python3.7/site-packages/airflow/example_dags/example_latest_only_with_trigger.py
[2022-11-28T23:43:28.198+0000] {processor.py:756} INFO - Processing file /home/airflow/.local/lib/python3.7/site-packages/airflow/example_dags/example_latest_only_with_trigger.py for tasks to queue
[2022-11-28T23:43:28.198+0000] {logging_mixin.py:137} INFO - [2022-11-28T23:43:28.198+0000] {dagbag.py:537} INFO - Filling up the DagBag from /home/airflow/.local/lib/python3.7/site-packages/airflow/example_dags/example_latest_only_with_trigger.py
[2022-11-28T23:43:28.210+0000] {processor.py:766} INFO - DAG(s) dict_keys(['latest_only_with_trigger']) retrieved from /home/airflow/.local/lib/python3.7/site-packages/airflow/example_dags/example_latest_only_with_trigger.py
[2022-11-28T23:43:28.245+0000] {logging_mixin.py:137} INFO - [2022-11-28T23:43:28.245+0000] {dag.py:2585} INFO - Sync 1 DAGs
[2022-11-28T23:43:28.272+0000] {logging_mixin.py:137} INFO - [2022-11-28T23:43:28.271+0000] {dag.py:3340} INFO - Setting next_dagrun for latest_only_with_trigger to 2022-11-28T19:43:28.271708+00:00, run_after=2022-11-28T23:43:28.271708+00:00
[2022-11-28T23:43:28.295+0000] {processor.py:176} INFO - Processing /home/airflow/.local/lib/python3.7/site-packages/airflow/example_dags/example_latest_only_with_trigger.py took 0.100 seconds
[2022-11-28T23:43:58.801+0000] {processor.py:154} INFO - Started process (PID=2991) to work on /home/airflow/.local/lib/python3.7/site-packages/airflow/example_dags/example_latest_only_with_trigger.py
[2022-11-28T23:43:58.802+0000] {processor.py:756} INFO - Processing file /home/airflow/.local/lib/python3.7/site-packages/airflow/example_dags/example_latest_only_with_trigger.py for tasks to queue
[2022-11-28T23:43:58.802+0000] {logging_mixin.py:137} INFO - [2022-11-28T23:43:58.802+0000] {dagbag.py:537} INFO - Filling up the DagBag from /home/airflow/.local/lib/python3.7/site-packages/airflow/example_dags/example_latest_only_with_trigger.py
[2022-11-28T23:43:58.814+0000] {processor.py:766} INFO - DAG(s) dict_keys(['latest_only_with_trigger']) retrieved from /home/airflow/.local/lib/python3.7/site-packages/airflow/example_dags/example_latest_only_with_trigger.py
[2022-11-28T23:43:58.849+0000] {logging_mixin.py:137} INFO - [2022-11-28T23:43:58.849+0000] {dag.py:2585} INFO - Sync 1 DAGs
[2022-11-28T23:43:58.875+0000] {logging_mixin.py:137} INFO - [2022-11-28T23:43:58.875+0000] {dag.py:3340} INFO - Setting next_dagrun for latest_only_with_trigger to 2022-11-28T19:43:58.874896+00:00, run_after=2022-11-28T23:43:58.874896+00:00
[2022-11-28T23:43:58.897+0000] {processor.py:176} INFO - Processing /home/airflow/.local/lib/python3.7/site-packages/airflow/example_dags/example_latest_only_with_trigger.py took 0.098 seconds
[2022-11-28T23:44:29.357+0000] {processor.py:154} INFO - Started process (PID=3196) to work on /home/airflow/.local/lib/python3.7/site-packages/airflow/example_dags/example_latest_only_with_trigger.py
[2022-11-28T23:44:29.358+0000] {processor.py:756} INFO - Processing file /home/airflow/.local/lib/python3.7/site-packages/airflow/example_dags/example_latest_only_with_trigger.py for tasks to queue
[2022-11-28T23:44:29.359+0000] {logging_mixin.py:137} INFO - [2022-11-28T23:44:29.358+0000] {dagbag.py:537} INFO - Filling up the DagBag from /home/airflow/.local/lib/python3.7/site-packages/airflow/example_dags/example_latest_only_with_trigger.py
[2022-11-28T23:44:29.372+0000] {processor.py:766} INFO - DAG(s) dict_keys(['latest_only_with_trigger']) retrieved from /home/airflow/.local/lib/python3.7/site-packages/airflow/example_dags/example_latest_only_with_trigger.py
[2022-11-28T23:44:29.411+0000] {logging_mixin.py:137} INFO - [2022-11-28T23:44:29.411+0000] {dag.py:2585} INFO - Sync 1 DAGs
[2022-11-28T23:44:29.441+0000] {logging_mixin.py:137} INFO - [2022-11-28T23:44:29.440+0000] {dag.py:3340} INFO - Setting next_dagrun for latest_only_with_trigger to 2022-11-28T19:44:29.440732+00:00, run_after=2022-11-28T23:44:29.440732+00:00
[2022-11-28T23:44:29.464+0000] {processor.py:176} INFO - Processing /home/airflow/.local/lib/python3.7/site-packages/airflow/example_dags/example_latest_only_with_trigger.py took 0.109 seconds
[2022-11-28T23:45:00.174+0000] {processor.py:154} INFO - Started process (PID=3403) to work on /home/airflow/.local/lib/python3.7/site-packages/airflow/example_dags/example_latest_only_with_trigger.py
[2022-11-28T23:45:00.174+0000] {processor.py:756} INFO - Processing file /home/airflow/.local/lib/python3.7/site-packages/airflow/example_dags/example_latest_only_with_trigger.py for tasks to queue
[2022-11-28T23:45:00.175+0000] {logging_mixin.py:137} INFO - [2022-11-28T23:45:00.175+0000] {dagbag.py:537} INFO - Filling up the DagBag from /home/airflow/.local/lib/python3.7/site-packages/airflow/example_dags/example_latest_only_with_trigger.py
[2022-11-28T23:45:00.188+0000] {processor.py:766} INFO - DAG(s) dict_keys(['latest_only_with_trigger']) retrieved from /home/airflow/.local/lib/python3.7/site-packages/airflow/example_dags/example_latest_only_with_trigger.py
[2022-11-28T23:45:00.225+0000] {logging_mixin.py:137} INFO - [2022-11-28T23:45:00.225+0000] {dag.py:2585} INFO - Sync 1 DAGs
[2022-11-28T23:45:00.250+0000] {logging_mixin.py:137} INFO - [2022-11-28T23:45:00.250+0000] {dag.py:3340} INFO - Setting next_dagrun for latest_only_with_trigger to 2022-11-28T19:45:00.250355+00:00, run_after=2022-11-28T23:45:00.250355+00:00
[2022-11-28T23:45:00.270+0000] {processor.py:176} INFO - Processing /home/airflow/.local/lib/python3.7/site-packages/airflow/example_dags/example_latest_only_with_trigger.py took 0.099 seconds
