[2022-11-28T23:37:15.333+0000] {processor.py:154} INFO - Started process (PID=241) to work on /home/airflow/.local/lib/python3.7/site-packages/airflow/example_dags/example_datasets.py
[2022-11-28T23:37:15.334+0000] {processor.py:756} INFO - Processing file /home/airflow/.local/lib/python3.7/site-packages/airflow/example_dags/example_datasets.py for tasks to queue
[2022-11-28T23:37:15.334+0000] {logging_mixin.py:137} INFO - [2022-11-28T23:37:15.334+0000] {dagbag.py:537} INFO - Filling up the DagBag from /home/airflow/.local/lib/python3.7/site-packages/airflow/example_dags/example_datasets.py
[2022-11-28T23:37:15.351+0000] {processor.py:766} INFO - DAG(s) dict_keys(['dataset_consumes_1_never_scheduled', 'dataset_consumes_1_and_2', 'dataset_consumes_1', 'dataset_produces_2', 'dataset_consumes_unknown_never_scheduled', 'dataset_produces_1']) retrieved from /home/airflow/.local/lib/python3.7/site-packages/airflow/example_dags/example_datasets.py
[2022-11-28T23:37:15.500+0000] {logging_mixin.py:137} INFO - [2022-11-28T23:37:15.500+0000] {dag.py:2585} INFO - Sync 6 DAGs
[2022-11-28T23:37:15.534+0000] {logging_mixin.py:137} INFO - [2022-11-28T23:37:15.534+0000] {dag.py:3340} INFO - Setting next_dagrun for dataset_consumes_1 to None, run_after=None
[2022-11-28T23:37:15.538+0000] {logging_mixin.py:137} INFO - [2022-11-28T23:37:15.538+0000] {dag.py:3340} INFO - Setting next_dagrun for dataset_consumes_1_and_2 to None, run_after=None
[2022-11-28T23:37:15.540+0000] {logging_mixin.py:137} INFO - [2022-11-28T23:37:15.540+0000] {dag.py:3340} INFO - Setting next_dagrun for dataset_consumes_1_never_scheduled to None, run_after=None
[2022-11-28T23:37:15.542+0000] {logging_mixin.py:137} INFO - [2022-11-28T23:37:15.542+0000] {dag.py:3340} INFO - Setting next_dagrun for dataset_consumes_unknown_never_scheduled to None, run_after=None
[2022-11-28T23:37:15.546+0000] {logging_mixin.py:137} INFO - [2022-11-28T23:37:15.546+0000] {dag.py:3340} INFO - Setting next_dagrun for dataset_produces_1 to 2022-11-27T00:00:00+00:00, run_after=2022-11-28T00:00:00+00:00
[2022-11-28T23:37:15.548+0000] {logging_mixin.py:137} INFO - [2022-11-28T23:37:15.548+0000] {dag.py:3340} INFO - Setting next_dagrun for dataset_produces_2 to None, run_after=None
[2022-11-28T23:37:15.587+0000] {processor.py:176} INFO - Processing /home/airflow/.local/lib/python3.7/site-packages/airflow/example_dags/example_datasets.py took 0.256 seconds
[2022-11-28T23:37:46.289+0000] {processor.py:154} INFO - Started process (PID=444) to work on /home/airflow/.local/lib/python3.7/site-packages/airflow/example_dags/example_datasets.py
[2022-11-28T23:37:46.290+0000] {processor.py:756} INFO - Processing file /home/airflow/.local/lib/python3.7/site-packages/airflow/example_dags/example_datasets.py for tasks to queue
[2022-11-28T23:37:46.291+0000] {logging_mixin.py:137} INFO - [2022-11-28T23:37:46.290+0000] {dagbag.py:537} INFO - Filling up the DagBag from /home/airflow/.local/lib/python3.7/site-packages/airflow/example_dags/example_datasets.py
[2022-11-28T23:37:46.309+0000] {processor.py:766} INFO - DAG(s) dict_keys(['dataset_consumes_1', 'dataset_consumes_1_and_2', 'dataset_produces_1', 'dataset_consumes_unknown_never_scheduled', 'dataset_consumes_1_never_scheduled', 'dataset_produces_2']) retrieved from /home/airflow/.local/lib/python3.7/site-packages/airflow/example_dags/example_datasets.py
[2022-11-28T23:37:46.381+0000] {logging_mixin.py:137} INFO - [2022-11-28T23:37:46.381+0000] {dag.py:2585} INFO - Sync 6 DAGs
[2022-11-28T23:37:46.418+0000] {logging_mixin.py:137} INFO - [2022-11-28T23:37:46.418+0000] {dag.py:3340} INFO - Setting next_dagrun for dataset_consumes_1 to None, run_after=None
[2022-11-28T23:37:46.422+0000] {logging_mixin.py:137} INFO - [2022-11-28T23:37:46.422+0000] {dag.py:3340} INFO - Setting next_dagrun for dataset_consumes_1_and_2 to None, run_after=None
[2022-11-28T23:37:46.423+0000] {logging_mixin.py:137} INFO - [2022-11-28T23:37:46.423+0000] {dag.py:3340} INFO - Setting next_dagrun for dataset_consumes_1_never_scheduled to None, run_after=None
[2022-11-28T23:37:46.424+0000] {logging_mixin.py:137} INFO - [2022-11-28T23:37:46.424+0000] {dag.py:3340} INFO - Setting next_dagrun for dataset_consumes_unknown_never_scheduled to None, run_after=None
[2022-11-28T23:37:46.428+0000] {logging_mixin.py:137} INFO - [2022-11-28T23:37:46.428+0000] {dag.py:3340} INFO - Setting next_dagrun for dataset_produces_1 to 2022-11-27T00:00:00+00:00, run_after=2022-11-28T00:00:00+00:00
[2022-11-28T23:37:46.429+0000] {logging_mixin.py:137} INFO - [2022-11-28T23:37:46.429+0000] {dag.py:3340} INFO - Setting next_dagrun for dataset_produces_2 to None, run_after=None
[2022-11-28T23:37:46.465+0000] {processor.py:176} INFO - Processing /home/airflow/.local/lib/python3.7/site-packages/airflow/example_dags/example_datasets.py took 0.178 seconds
[2022-11-28T23:38:17.207+0000] {processor.py:154} INFO - Started process (PID=652) to work on /home/airflow/.local/lib/python3.7/site-packages/airflow/example_dags/example_datasets.py
[2022-11-28T23:38:17.208+0000] {processor.py:756} INFO - Processing file /home/airflow/.local/lib/python3.7/site-packages/airflow/example_dags/example_datasets.py for tasks to queue
[2022-11-28T23:38:17.208+0000] {logging_mixin.py:137} INFO - [2022-11-28T23:38:17.208+0000] {dagbag.py:537} INFO - Filling up the DagBag from /home/airflow/.local/lib/python3.7/site-packages/airflow/example_dags/example_datasets.py
[2022-11-28T23:38:17.224+0000] {processor.py:766} INFO - DAG(s) dict_keys(['dataset_produces_1', 'dataset_produces_2', 'dataset_consumes_1_and_2', 'dataset_consumes_1', 'dataset_consumes_1_never_scheduled', 'dataset_consumes_unknown_never_scheduled']) retrieved from /home/airflow/.local/lib/python3.7/site-packages/airflow/example_dags/example_datasets.py
[2022-11-28T23:38:17.282+0000] {logging_mixin.py:137} INFO - [2022-11-28T23:38:17.281+0000] {dag.py:2585} INFO - Sync 6 DAGs
[2022-11-28T23:38:17.313+0000] {logging_mixin.py:137} INFO - [2022-11-28T23:38:17.313+0000] {dag.py:3340} INFO - Setting next_dagrun for dataset_consumes_1 to None, run_after=None
[2022-11-28T23:38:17.318+0000] {logging_mixin.py:137} INFO - [2022-11-28T23:38:17.317+0000] {dag.py:3340} INFO - Setting next_dagrun for dataset_consumes_1_and_2 to None, run_after=None
[2022-11-28T23:38:17.319+0000] {logging_mixin.py:137} INFO - [2022-11-28T23:38:17.319+0000] {dag.py:3340} INFO - Setting next_dagrun for dataset_consumes_1_never_scheduled to None, run_after=None
[2022-11-28T23:38:17.321+0000] {logging_mixin.py:137} INFO - [2022-11-28T23:38:17.321+0000] {dag.py:3340} INFO - Setting next_dagrun for dataset_consumes_unknown_never_scheduled to None, run_after=None
[2022-11-28T23:38:17.325+0000] {logging_mixin.py:137} INFO - [2022-11-28T23:38:17.324+0000] {dag.py:3340} INFO - Setting next_dagrun for dataset_produces_1 to 2022-11-27T00:00:00+00:00, run_after=2022-11-28T00:00:00+00:00
[2022-11-28T23:38:17.327+0000] {logging_mixin.py:137} INFO - [2022-11-28T23:38:17.326+0000] {dag.py:3340} INFO - Setting next_dagrun for dataset_produces_2 to None, run_after=None
[2022-11-28T23:38:17.366+0000] {processor.py:176} INFO - Processing /home/airflow/.local/lib/python3.7/site-packages/airflow/example_dags/example_datasets.py took 0.162 seconds
[2022-11-28T23:38:48.052+0000] {processor.py:154} INFO - Started process (PID=859) to work on /home/airflow/.local/lib/python3.7/site-packages/airflow/example_dags/example_datasets.py
[2022-11-28T23:38:48.053+0000] {processor.py:756} INFO - Processing file /home/airflow/.local/lib/python3.7/site-packages/airflow/example_dags/example_datasets.py for tasks to queue
[2022-11-28T23:38:48.053+0000] {logging_mixin.py:137} INFO - [2022-11-28T23:38:48.053+0000] {dagbag.py:537} INFO - Filling up the DagBag from /home/airflow/.local/lib/python3.7/site-packages/airflow/example_dags/example_datasets.py
[2022-11-28T23:38:48.067+0000] {processor.py:766} INFO - DAG(s) dict_keys(['dataset_produces_1', 'dataset_produces_2', 'dataset_consumes_1_and_2', 'dataset_consumes_unknown_never_scheduled', 'dataset_consumes_1_never_scheduled', 'dataset_consumes_1']) retrieved from /home/airflow/.local/lib/python3.7/site-packages/airflow/example_dags/example_datasets.py
[2022-11-28T23:38:48.118+0000] {logging_mixin.py:137} INFO - [2022-11-28T23:38:48.118+0000] {dag.py:2585} INFO - Sync 6 DAGs
[2022-11-28T23:38:48.146+0000] {logging_mixin.py:137} INFO - [2022-11-28T23:38:48.146+0000] {dag.py:3340} INFO - Setting next_dagrun for dataset_consumes_1 to None, run_after=None
[2022-11-28T23:38:48.149+0000] {logging_mixin.py:137} INFO - [2022-11-28T23:38:48.149+0000] {dag.py:3340} INFO - Setting next_dagrun for dataset_consumes_1_and_2 to None, run_after=None
[2022-11-28T23:38:48.150+0000] {logging_mixin.py:137} INFO - [2022-11-28T23:38:48.150+0000] {dag.py:3340} INFO - Setting next_dagrun for dataset_consumes_1_never_scheduled to None, run_after=None
[2022-11-28T23:38:48.151+0000] {logging_mixin.py:137} INFO - [2022-11-28T23:38:48.151+0000] {dag.py:3340} INFO - Setting next_dagrun for dataset_consumes_unknown_never_scheduled to None, run_after=None
[2022-11-28T23:38:48.154+0000] {logging_mixin.py:137} INFO - [2022-11-28T23:38:48.154+0000] {dag.py:3340} INFO - Setting next_dagrun for dataset_produces_1 to 2022-11-27T00:00:00+00:00, run_after=2022-11-28T00:00:00+00:00
[2022-11-28T23:38:48.155+0000] {logging_mixin.py:137} INFO - [2022-11-28T23:38:48.155+0000] {dag.py:3340} INFO - Setting next_dagrun for dataset_produces_2 to None, run_after=None
[2022-11-28T23:38:48.185+0000] {processor.py:176} INFO - Processing /home/airflow/.local/lib/python3.7/site-packages/airflow/example_dags/example_datasets.py took 0.135 seconds
[2022-11-28T23:39:18.673+0000] {processor.py:154} INFO - Started process (PID=1052) to work on /home/airflow/.local/lib/python3.7/site-packages/airflow/example_dags/example_datasets.py
[2022-11-28T23:39:18.673+0000] {processor.py:756} INFO - Processing file /home/airflow/.local/lib/python3.7/site-packages/airflow/example_dags/example_datasets.py for tasks to queue
[2022-11-28T23:39:18.674+0000] {logging_mixin.py:137} INFO - [2022-11-28T23:39:18.673+0000] {dagbag.py:537} INFO - Filling up the DagBag from /home/airflow/.local/lib/python3.7/site-packages/airflow/example_dags/example_datasets.py
[2022-11-28T23:39:18.689+0000] {processor.py:766} INFO - DAG(s) dict_keys(['dataset_consumes_unknown_never_scheduled', 'dataset_consumes_1', 'dataset_produces_1', 'dataset_consumes_1_and_2', 'dataset_consumes_1_never_scheduled', 'dataset_produces_2']) retrieved from /home/airflow/.local/lib/python3.7/site-packages/airflow/example_dags/example_datasets.py
[2022-11-28T23:39:18.750+0000] {logging_mixin.py:137} INFO - [2022-11-28T23:39:18.750+0000] {dag.py:2585} INFO - Sync 6 DAGs
[2022-11-28T23:39:18.780+0000] {logging_mixin.py:137} INFO - [2022-11-28T23:39:18.780+0000] {dag.py:3340} INFO - Setting next_dagrun for dataset_consumes_1 to None, run_after=None
[2022-11-28T23:39:18.784+0000] {logging_mixin.py:137} INFO - [2022-11-28T23:39:18.784+0000] {dag.py:3340} INFO - Setting next_dagrun for dataset_consumes_1_and_2 to None, run_after=None
[2022-11-28T23:39:18.785+0000] {logging_mixin.py:137} INFO - [2022-11-28T23:39:18.785+0000] {dag.py:3340} INFO - Setting next_dagrun for dataset_consumes_1_never_scheduled to None, run_after=None
[2022-11-28T23:39:18.787+0000] {logging_mixin.py:137} INFO - [2022-11-28T23:39:18.787+0000] {dag.py:3340} INFO - Setting next_dagrun for dataset_consumes_unknown_never_scheduled to None, run_after=None
[2022-11-28T23:39:18.790+0000] {logging_mixin.py:137} INFO - [2022-11-28T23:39:18.790+0000] {dag.py:3340} INFO - Setting next_dagrun for dataset_produces_1 to 2022-11-27T00:00:00+00:00, run_after=2022-11-28T00:00:00+00:00
[2022-11-28T23:39:18.792+0000] {logging_mixin.py:137} INFO - [2022-11-28T23:39:18.791+0000] {dag.py:3340} INFO - Setting next_dagrun for dataset_produces_2 to None, run_after=None
[2022-11-28T23:39:18.825+0000] {processor.py:176} INFO - Processing /home/airflow/.local/lib/python3.7/site-packages/airflow/example_dags/example_datasets.py took 0.155 seconds
[2022-11-28T23:39:49.699+0000] {processor.py:154} INFO - Started process (PID=1259) to work on /home/airflow/.local/lib/python3.7/site-packages/airflow/example_dags/example_datasets.py
[2022-11-28T23:39:49.700+0000] {processor.py:756} INFO - Processing file /home/airflow/.local/lib/python3.7/site-packages/airflow/example_dags/example_datasets.py for tasks to queue
[2022-11-28T23:39:49.701+0000] {logging_mixin.py:137} INFO - [2022-11-28T23:39:49.701+0000] {dagbag.py:537} INFO - Filling up the DagBag from /home/airflow/.local/lib/python3.7/site-packages/airflow/example_dags/example_datasets.py
[2022-11-28T23:39:49.717+0000] {processor.py:766} INFO - DAG(s) dict_keys(['dataset_consumes_1_and_2', 'dataset_consumes_1_never_scheduled', 'dataset_produces_1', 'dataset_consumes_unknown_never_scheduled', 'dataset_produces_2', 'dataset_consumes_1']) retrieved from /home/airflow/.local/lib/python3.7/site-packages/airflow/example_dags/example_datasets.py
[2022-11-28T23:39:49.776+0000] {logging_mixin.py:137} INFO - [2022-11-28T23:39:49.776+0000] {dag.py:2585} INFO - Sync 6 DAGs
[2022-11-28T23:39:49.806+0000] {logging_mixin.py:137} INFO - [2022-11-28T23:39:49.806+0000] {dag.py:3340} INFO - Setting next_dagrun for dataset_consumes_1 to None, run_after=None
[2022-11-28T23:39:49.810+0000] {logging_mixin.py:137} INFO - [2022-11-28T23:39:49.810+0000] {dag.py:3340} INFO - Setting next_dagrun for dataset_consumes_1_and_2 to None, run_after=None
[2022-11-28T23:39:49.811+0000] {logging_mixin.py:137} INFO - [2022-11-28T23:39:49.811+0000] {dag.py:3340} INFO - Setting next_dagrun for dataset_consumes_1_never_scheduled to None, run_after=None
[2022-11-28T23:39:49.813+0000] {logging_mixin.py:137} INFO - [2022-11-28T23:39:49.813+0000] {dag.py:3340} INFO - Setting next_dagrun for dataset_consumes_unknown_never_scheduled to None, run_after=None
[2022-11-28T23:39:49.816+0000] {logging_mixin.py:137} INFO - [2022-11-28T23:39:49.816+0000] {dag.py:3340} INFO - Setting next_dagrun for dataset_produces_1 to 2022-11-27T00:00:00+00:00, run_after=2022-11-28T00:00:00+00:00
[2022-11-28T23:39:49.817+0000] {logging_mixin.py:137} INFO - [2022-11-28T23:39:49.817+0000] {dag.py:3340} INFO - Setting next_dagrun for dataset_produces_2 to None, run_after=None
[2022-11-28T23:39:49.854+0000] {processor.py:176} INFO - Processing /home/airflow/.local/lib/python3.7/site-packages/airflow/example_dags/example_datasets.py took 0.157 seconds
[2022-11-28T23:40:20.608+0000] {processor.py:154} INFO - Started process (PID=1467) to work on /home/airflow/.local/lib/python3.7/site-packages/airflow/example_dags/example_datasets.py
[2022-11-28T23:40:20.608+0000] {processor.py:756} INFO - Processing file /home/airflow/.local/lib/python3.7/site-packages/airflow/example_dags/example_datasets.py for tasks to queue
[2022-11-28T23:40:20.609+0000] {logging_mixin.py:137} INFO - [2022-11-28T23:40:20.609+0000] {dagbag.py:537} INFO - Filling up the DagBag from /home/airflow/.local/lib/python3.7/site-packages/airflow/example_dags/example_datasets.py
[2022-11-28T23:40:20.624+0000] {processor.py:766} INFO - DAG(s) dict_keys(['dataset_consumes_1_never_scheduled', 'dataset_consumes_unknown_never_scheduled', 'dataset_produces_1', 'dataset_consumes_1', 'dataset_produces_2', 'dataset_consumes_1_and_2']) retrieved from /home/airflow/.local/lib/python3.7/site-packages/airflow/example_dags/example_datasets.py
[2022-11-28T23:40:20.681+0000] {logging_mixin.py:137} INFO - [2022-11-28T23:40:20.681+0000] {dag.py:2585} INFO - Sync 6 DAGs
[2022-11-28T23:40:20.711+0000] {logging_mixin.py:137} INFO - [2022-11-28T23:40:20.711+0000] {dag.py:3340} INFO - Setting next_dagrun for dataset_consumes_1 to None, run_after=None
[2022-11-28T23:40:20.714+0000] {logging_mixin.py:137} INFO - [2022-11-28T23:40:20.714+0000] {dag.py:3340} INFO - Setting next_dagrun for dataset_consumes_1_and_2 to None, run_after=None
[2022-11-28T23:40:20.716+0000] {logging_mixin.py:137} INFO - [2022-11-28T23:40:20.716+0000] {dag.py:3340} INFO - Setting next_dagrun for dataset_consumes_1_never_scheduled to None, run_after=None
[2022-11-28T23:40:20.717+0000] {logging_mixin.py:137} INFO - [2022-11-28T23:40:20.717+0000] {dag.py:3340} INFO - Setting next_dagrun for dataset_consumes_unknown_never_scheduled to None, run_after=None
[2022-11-28T23:40:20.720+0000] {logging_mixin.py:137} INFO - [2022-11-28T23:40:20.720+0000] {dag.py:3340} INFO - Setting next_dagrun for dataset_produces_1 to 2022-11-27T00:00:00+00:00, run_after=2022-11-28T00:00:00+00:00
[2022-11-28T23:40:20.721+0000] {logging_mixin.py:137} INFO - [2022-11-28T23:40:20.721+0000] {dag.py:3340} INFO - Setting next_dagrun for dataset_produces_2 to None, run_after=None
[2022-11-28T23:40:20.754+0000] {processor.py:176} INFO - Processing /home/airflow/.local/lib/python3.7/site-packages/airflow/example_dags/example_datasets.py took 0.148 seconds
[2022-11-28T23:40:51.356+0000] {processor.py:154} INFO - Started process (PID=1665) to work on /home/airflow/.local/lib/python3.7/site-packages/airflow/example_dags/example_datasets.py
[2022-11-28T23:40:51.357+0000] {processor.py:756} INFO - Processing file /home/airflow/.local/lib/python3.7/site-packages/airflow/example_dags/example_datasets.py for tasks to queue
[2022-11-28T23:40:51.357+0000] {logging_mixin.py:137} INFO - [2022-11-28T23:40:51.357+0000] {dagbag.py:537} INFO - Filling up the DagBag from /home/airflow/.local/lib/python3.7/site-packages/airflow/example_dags/example_datasets.py
[2022-11-28T23:40:51.374+0000] {processor.py:766} INFO - DAG(s) dict_keys(['dataset_consumes_1', 'dataset_consumes_1_never_scheduled', 'dataset_consumes_unknown_never_scheduled', 'dataset_produces_1', 'dataset_consumes_1_and_2', 'dataset_produces_2']) retrieved from /home/airflow/.local/lib/python3.7/site-packages/airflow/example_dags/example_datasets.py
[2022-11-28T23:40:51.434+0000] {logging_mixin.py:137} INFO - [2022-11-28T23:40:51.434+0000] {dag.py:2585} INFO - Sync 6 DAGs
[2022-11-28T23:40:51.466+0000] {logging_mixin.py:137} INFO - [2022-11-28T23:40:51.466+0000] {dag.py:3340} INFO - Setting next_dagrun for dataset_consumes_1 to None, run_after=None
[2022-11-28T23:40:51.470+0000] {logging_mixin.py:137} INFO - [2022-11-28T23:40:51.470+0000] {dag.py:3340} INFO - Setting next_dagrun for dataset_consumes_1_and_2 to None, run_after=None
[2022-11-28T23:40:51.471+0000] {logging_mixin.py:137} INFO - [2022-11-28T23:40:51.471+0000] {dag.py:3340} INFO - Setting next_dagrun for dataset_consumes_1_never_scheduled to None, run_after=None
[2022-11-28T23:40:51.472+0000] {logging_mixin.py:137} INFO - [2022-11-28T23:40:51.472+0000] {dag.py:3340} INFO - Setting next_dagrun for dataset_consumes_unknown_never_scheduled to None, run_after=None
[2022-11-28T23:40:51.476+0000] {logging_mixin.py:137} INFO - [2022-11-28T23:40:51.476+0000] {dag.py:3340} INFO - Setting next_dagrun for dataset_produces_1 to 2022-11-27T00:00:00+00:00, run_after=2022-11-28T00:00:00+00:00
[2022-11-28T23:40:51.477+0000] {logging_mixin.py:137} INFO - [2022-11-28T23:40:51.477+0000] {dag.py:3340} INFO - Setting next_dagrun for dataset_produces_2 to None, run_after=None
[2022-11-28T23:40:51.511+0000] {processor.py:176} INFO - Processing /home/airflow/.local/lib/python3.7/site-packages/airflow/example_dags/example_datasets.py took 0.158 seconds
[2022-11-28T23:41:22.298+0000] {processor.py:154} INFO - Started process (PID=1872) to work on /home/airflow/.local/lib/python3.7/site-packages/airflow/example_dags/example_datasets.py
[2022-11-28T23:41:22.298+0000] {processor.py:756} INFO - Processing file /home/airflow/.local/lib/python3.7/site-packages/airflow/example_dags/example_datasets.py for tasks to queue
[2022-11-28T23:41:22.299+0000] {logging_mixin.py:137} INFO - [2022-11-28T23:41:22.299+0000] {dagbag.py:537} INFO - Filling up the DagBag from /home/airflow/.local/lib/python3.7/site-packages/airflow/example_dags/example_datasets.py
[2022-11-28T23:41:22.314+0000] {processor.py:766} INFO - DAG(s) dict_keys(['dataset_consumes_1_and_2', 'dataset_produces_1', 'dataset_consumes_unknown_never_scheduled', 'dataset_produces_2', 'dataset_consumes_1', 'dataset_consumes_1_never_scheduled']) retrieved from /home/airflow/.local/lib/python3.7/site-packages/airflow/example_dags/example_datasets.py
[2022-11-28T23:41:22.378+0000] {logging_mixin.py:137} INFO - [2022-11-28T23:41:22.378+0000] {dag.py:2585} INFO - Sync 6 DAGs
[2022-11-28T23:41:22.409+0000] {logging_mixin.py:137} INFO - [2022-11-28T23:41:22.409+0000] {dag.py:3340} INFO - Setting next_dagrun for dataset_consumes_1 to None, run_after=None
[2022-11-28T23:41:22.414+0000] {logging_mixin.py:137} INFO - [2022-11-28T23:41:22.414+0000] {dag.py:3340} INFO - Setting next_dagrun for dataset_consumes_1_and_2 to None, run_after=None
[2022-11-28T23:41:22.416+0000] {logging_mixin.py:137} INFO - [2022-11-28T23:41:22.416+0000] {dag.py:3340} INFO - Setting next_dagrun for dataset_consumes_1_never_scheduled to None, run_after=None
[2022-11-28T23:41:22.417+0000] {logging_mixin.py:137} INFO - [2022-11-28T23:41:22.417+0000] {dag.py:3340} INFO - Setting next_dagrun for dataset_consumes_unknown_never_scheduled to None, run_after=None
[2022-11-28T23:41:22.420+0000] {logging_mixin.py:137} INFO - [2022-11-28T23:41:22.420+0000] {dag.py:3340} INFO - Setting next_dagrun for dataset_produces_1 to 2022-11-27T00:00:00+00:00, run_after=2022-11-28T00:00:00+00:00
[2022-11-28T23:41:22.421+0000] {logging_mixin.py:137} INFO - [2022-11-28T23:41:22.421+0000] {dag.py:3340} INFO - Setting next_dagrun for dataset_produces_2 to None, run_after=None
[2022-11-28T23:41:22.458+0000] {processor.py:176} INFO - Processing /home/airflow/.local/lib/python3.7/site-packages/airflow/example_dags/example_datasets.py took 0.163 seconds
[2022-11-28T23:41:53.317+0000] {processor.py:154} INFO - Started process (PID=2079) to work on /home/airflow/.local/lib/python3.7/site-packages/airflow/example_dags/example_datasets.py
[2022-11-28T23:41:53.318+0000] {processor.py:756} INFO - Processing file /home/airflow/.local/lib/python3.7/site-packages/airflow/example_dags/example_datasets.py for tasks to queue
[2022-11-28T23:41:53.318+0000] {logging_mixin.py:137} INFO - [2022-11-28T23:41:53.318+0000] {dagbag.py:537} INFO - Filling up the DagBag from /home/airflow/.local/lib/python3.7/site-packages/airflow/example_dags/example_datasets.py
[2022-11-28T23:41:53.335+0000] {processor.py:766} INFO - DAG(s) dict_keys(['dataset_produces_1', 'dataset_consumes_1_and_2', 'dataset_produces_2', 'dataset_consumes_1', 'dataset_consumes_unknown_never_scheduled', 'dataset_consumes_1_never_scheduled']) retrieved from /home/airflow/.local/lib/python3.7/site-packages/airflow/example_dags/example_datasets.py
[2022-11-28T23:41:53.396+0000] {logging_mixin.py:137} INFO - [2022-11-28T23:41:53.396+0000] {dag.py:2585} INFO - Sync 6 DAGs
[2022-11-28T23:41:53.428+0000] {logging_mixin.py:137} INFO - [2022-11-28T23:41:53.428+0000] {dag.py:3340} INFO - Setting next_dagrun for dataset_consumes_1 to None, run_after=None
[2022-11-28T23:41:53.432+0000] {logging_mixin.py:137} INFO - [2022-11-28T23:41:53.431+0000] {dag.py:3340} INFO - Setting next_dagrun for dataset_consumes_1_and_2 to None, run_after=None
[2022-11-28T23:41:53.433+0000] {logging_mixin.py:137} INFO - [2022-11-28T23:41:53.433+0000] {dag.py:3340} INFO - Setting next_dagrun for dataset_consumes_1_never_scheduled to None, run_after=None
[2022-11-28T23:41:53.434+0000] {logging_mixin.py:137} INFO - [2022-11-28T23:41:53.434+0000] {dag.py:3340} INFO - Setting next_dagrun for dataset_consumes_unknown_never_scheduled to None, run_after=None
[2022-11-28T23:41:53.437+0000] {logging_mixin.py:137} INFO - [2022-11-28T23:41:53.437+0000] {dag.py:3340} INFO - Setting next_dagrun for dataset_produces_1 to 2022-11-27T00:00:00+00:00, run_after=2022-11-28T00:00:00+00:00
[2022-11-28T23:41:53.439+0000] {logging_mixin.py:137} INFO - [2022-11-28T23:41:53.439+0000] {dag.py:3340} INFO - Setting next_dagrun for dataset_produces_2 to None, run_after=None
[2022-11-28T23:41:53.476+0000] {processor.py:176} INFO - Processing /home/airflow/.local/lib/python3.7/site-packages/airflow/example_dags/example_datasets.py took 0.162 seconds
[2022-11-28T23:42:24.235+0000] {processor.py:154} INFO - Started process (PID=2277) to work on /home/airflow/.local/lib/python3.7/site-packages/airflow/example_dags/example_datasets.py
[2022-11-28T23:42:24.236+0000] {processor.py:756} INFO - Processing file /home/airflow/.local/lib/python3.7/site-packages/airflow/example_dags/example_datasets.py for tasks to queue
[2022-11-28T23:42:24.236+0000] {logging_mixin.py:137} INFO - [2022-11-28T23:42:24.236+0000] {dagbag.py:537} INFO - Filling up the DagBag from /home/airflow/.local/lib/python3.7/site-packages/airflow/example_dags/example_datasets.py
[2022-11-28T23:42:24.253+0000] {processor.py:766} INFO - DAG(s) dict_keys(['dataset_produces_2', 'dataset_consumes_1_never_scheduled', 'dataset_consumes_1', 'dataset_consumes_unknown_never_scheduled', 'dataset_consumes_1_and_2', 'dataset_produces_1']) retrieved from /home/airflow/.local/lib/python3.7/site-packages/airflow/example_dags/example_datasets.py
[2022-11-28T23:42:24.314+0000] {logging_mixin.py:137} INFO - [2022-11-28T23:42:24.314+0000] {dag.py:2585} INFO - Sync 6 DAGs
[2022-11-28T23:42:24.347+0000] {logging_mixin.py:137} INFO - [2022-11-28T23:42:24.347+0000] {dag.py:3340} INFO - Setting next_dagrun for dataset_consumes_1 to None, run_after=None
[2022-11-28T23:42:24.352+0000] {logging_mixin.py:137} INFO - [2022-11-28T23:42:24.352+0000] {dag.py:3340} INFO - Setting next_dagrun for dataset_consumes_1_and_2 to None, run_after=None
[2022-11-28T23:42:24.354+0000] {logging_mixin.py:137} INFO - [2022-11-28T23:42:24.353+0000] {dag.py:3340} INFO - Setting next_dagrun for dataset_consumes_1_never_scheduled to None, run_after=None
[2022-11-28T23:42:24.355+0000] {logging_mixin.py:137} INFO - [2022-11-28T23:42:24.355+0000] {dag.py:3340} INFO - Setting next_dagrun for dataset_consumes_unknown_never_scheduled to None, run_after=None
[2022-11-28T23:42:24.358+0000] {logging_mixin.py:137} INFO - [2022-11-28T23:42:24.357+0000] {dag.py:3340} INFO - Setting next_dagrun for dataset_produces_1 to 2022-11-27T00:00:00+00:00, run_after=2022-11-28T00:00:00+00:00
[2022-11-28T23:42:24.359+0000] {logging_mixin.py:137} INFO - [2022-11-28T23:42:24.359+0000] {dag.py:3340} INFO - Setting next_dagrun for dataset_produces_2 to None, run_after=None
[2022-11-28T23:42:24.395+0000] {processor.py:176} INFO - Processing /home/airflow/.local/lib/python3.7/site-packages/airflow/example_dags/example_datasets.py took 0.166 seconds
[2022-11-28T23:42:54.765+0000] {processor.py:154} INFO - Started process (PID=2484) to work on /home/airflow/.local/lib/python3.7/site-packages/airflow/example_dags/example_datasets.py
[2022-11-28T23:42:54.766+0000] {processor.py:756} INFO - Processing file /home/airflow/.local/lib/python3.7/site-packages/airflow/example_dags/example_datasets.py for tasks to queue
[2022-11-28T23:42:54.766+0000] {logging_mixin.py:137} INFO - [2022-11-28T23:42:54.766+0000] {dagbag.py:537} INFO - Filling up the DagBag from /home/airflow/.local/lib/python3.7/site-packages/airflow/example_dags/example_datasets.py
[2022-11-28T23:42:54.781+0000] {processor.py:766} INFO - DAG(s) dict_keys(['dataset_produces_1', 'dataset_consumes_1', 'dataset_consumes_1_and_2', 'dataset_produces_2', 'dataset_consumes_1_never_scheduled', 'dataset_consumes_unknown_never_scheduled']) retrieved from /home/airflow/.local/lib/python3.7/site-packages/airflow/example_dags/example_datasets.py
[2022-11-28T23:42:54.841+0000] {logging_mixin.py:137} INFO - [2022-11-28T23:42:54.841+0000] {dag.py:2585} INFO - Sync 6 DAGs
[2022-11-28T23:42:54.870+0000] {logging_mixin.py:137} INFO - [2022-11-28T23:42:54.870+0000] {dag.py:3340} INFO - Setting next_dagrun for dataset_consumes_1 to None, run_after=None
[2022-11-28T23:42:54.874+0000] {logging_mixin.py:137} INFO - [2022-11-28T23:42:54.873+0000] {dag.py:3340} INFO - Setting next_dagrun for dataset_consumes_1_and_2 to None, run_after=None
[2022-11-28T23:42:54.875+0000] {logging_mixin.py:137} INFO - [2022-11-28T23:42:54.875+0000] {dag.py:3340} INFO - Setting next_dagrun for dataset_consumes_1_never_scheduled to None, run_after=None
[2022-11-28T23:42:54.876+0000] {logging_mixin.py:137} INFO - [2022-11-28T23:42:54.876+0000] {dag.py:3340} INFO - Setting next_dagrun for dataset_consumes_unknown_never_scheduled to None, run_after=None
[2022-11-28T23:42:54.880+0000] {logging_mixin.py:137} INFO - [2022-11-28T23:42:54.880+0000] {dag.py:3340} INFO - Setting next_dagrun for dataset_produces_1 to 2022-11-27T00:00:00+00:00, run_after=2022-11-28T00:00:00+00:00
[2022-11-28T23:42:54.882+0000] {logging_mixin.py:137} INFO - [2022-11-28T23:42:54.882+0000] {dag.py:3340} INFO - Setting next_dagrun for dataset_produces_2 to None, run_after=None
[2022-11-28T23:42:54.918+0000] {processor.py:176} INFO - Processing /home/airflow/.local/lib/python3.7/site-packages/airflow/example_dags/example_datasets.py took 0.155 seconds
[2022-11-28T23:43:25.762+0000] {processor.py:154} INFO - Started process (PID=2691) to work on /home/airflow/.local/lib/python3.7/site-packages/airflow/example_dags/example_datasets.py
[2022-11-28T23:43:25.763+0000] {processor.py:756} INFO - Processing file /home/airflow/.local/lib/python3.7/site-packages/airflow/example_dags/example_datasets.py for tasks to queue
[2022-11-28T23:43:25.763+0000] {logging_mixin.py:137} INFO - [2022-11-28T23:43:25.763+0000] {dagbag.py:537} INFO - Filling up the DagBag from /home/airflow/.local/lib/python3.7/site-packages/airflow/example_dags/example_datasets.py
[2022-11-28T23:43:25.780+0000] {processor.py:766} INFO - DAG(s) dict_keys(['dataset_produces_1', 'dataset_produces_2', 'dataset_consumes_1_and_2', 'dataset_consumes_1_never_scheduled', 'dataset_consumes_unknown_never_scheduled', 'dataset_consumes_1']) retrieved from /home/airflow/.local/lib/python3.7/site-packages/airflow/example_dags/example_datasets.py
[2022-11-28T23:43:25.840+0000] {logging_mixin.py:137} INFO - [2022-11-28T23:43:25.840+0000] {dag.py:2585} INFO - Sync 6 DAGs
[2022-11-28T23:43:25.871+0000] {logging_mixin.py:137} INFO - [2022-11-28T23:43:25.870+0000] {dag.py:3340} INFO - Setting next_dagrun for dataset_consumes_1 to None, run_after=None
[2022-11-28T23:43:25.874+0000] {logging_mixin.py:137} INFO - [2022-11-28T23:43:25.874+0000] {dag.py:3340} INFO - Setting next_dagrun for dataset_consumes_1_and_2 to None, run_after=None
[2022-11-28T23:43:25.875+0000] {logging_mixin.py:137} INFO - [2022-11-28T23:43:25.875+0000] {dag.py:3340} INFO - Setting next_dagrun for dataset_consumes_1_never_scheduled to None, run_after=None
[2022-11-28T23:43:25.877+0000] {logging_mixin.py:137} INFO - [2022-11-28T23:43:25.876+0000] {dag.py:3340} INFO - Setting next_dagrun for dataset_consumes_unknown_never_scheduled to None, run_after=None
[2022-11-28T23:43:25.879+0000] {logging_mixin.py:137} INFO - [2022-11-28T23:43:25.879+0000] {dag.py:3340} INFO - Setting next_dagrun for dataset_produces_1 to 2022-11-27T00:00:00+00:00, run_after=2022-11-28T00:00:00+00:00
[2022-11-28T23:43:25.881+0000] {logging_mixin.py:137} INFO - [2022-11-28T23:43:25.881+0000] {dag.py:3340} INFO - Setting next_dagrun for dataset_produces_2 to None, run_after=None
[2022-11-28T23:43:25.912+0000] {processor.py:176} INFO - Processing /home/airflow/.local/lib/python3.7/site-packages/airflow/example_dags/example_datasets.py took 0.152 seconds
[2022-11-28T23:43:56.364+0000] {processor.py:154} INFO - Started process (PID=2889) to work on /home/airflow/.local/lib/python3.7/site-packages/airflow/example_dags/example_datasets.py
[2022-11-28T23:43:56.365+0000] {processor.py:756} INFO - Processing file /home/airflow/.local/lib/python3.7/site-packages/airflow/example_dags/example_datasets.py for tasks to queue
[2022-11-28T23:43:56.365+0000] {logging_mixin.py:137} INFO - [2022-11-28T23:43:56.365+0000] {dagbag.py:537} INFO - Filling up the DagBag from /home/airflow/.local/lib/python3.7/site-packages/airflow/example_dags/example_datasets.py
[2022-11-28T23:43:56.379+0000] {processor.py:766} INFO - DAG(s) dict_keys(['dataset_consumes_1_and_2', 'dataset_consumes_1_never_scheduled', 'dataset_produces_1', 'dataset_produces_2', 'dataset_consumes_unknown_never_scheduled', 'dataset_consumes_1']) retrieved from /home/airflow/.local/lib/python3.7/site-packages/airflow/example_dags/example_datasets.py
[2022-11-28T23:43:56.429+0000] {logging_mixin.py:137} INFO - [2022-11-28T23:43:56.428+0000] {dag.py:2585} INFO - Sync 6 DAGs
[2022-11-28T23:43:56.456+0000] {logging_mixin.py:137} INFO - [2022-11-28T23:43:56.456+0000] {dag.py:3340} INFO - Setting next_dagrun for dataset_consumes_1 to None, run_after=None
[2022-11-28T23:43:56.459+0000] {logging_mixin.py:137} INFO - [2022-11-28T23:43:56.459+0000] {dag.py:3340} INFO - Setting next_dagrun for dataset_consumes_1_and_2 to None, run_after=None
[2022-11-28T23:43:56.460+0000] {logging_mixin.py:137} INFO - [2022-11-28T23:43:56.460+0000] {dag.py:3340} INFO - Setting next_dagrun for dataset_consumes_1_never_scheduled to None, run_after=None
[2022-11-28T23:43:56.461+0000] {logging_mixin.py:137} INFO - [2022-11-28T23:43:56.461+0000] {dag.py:3340} INFO - Setting next_dagrun for dataset_consumes_unknown_never_scheduled to None, run_after=None
[2022-11-28T23:43:56.464+0000] {logging_mixin.py:137} INFO - [2022-11-28T23:43:56.464+0000] {dag.py:3340} INFO - Setting next_dagrun for dataset_produces_1 to 2022-11-27T00:00:00+00:00, run_after=2022-11-28T00:00:00+00:00
[2022-11-28T23:43:56.465+0000] {logging_mixin.py:137} INFO - [2022-11-28T23:43:56.465+0000] {dag.py:3340} INFO - Setting next_dagrun for dataset_produces_2 to None, run_after=None
[2022-11-28T23:43:56.497+0000] {processor.py:176} INFO - Processing /home/airflow/.local/lib/python3.7/site-packages/airflow/example_dags/example_datasets.py took 0.135 seconds
[2022-11-28T23:44:27.053+0000] {processor.py:154} INFO - Started process (PID=3096) to work on /home/airflow/.local/lib/python3.7/site-packages/airflow/example_dags/example_datasets.py
[2022-11-28T23:44:27.054+0000] {processor.py:756} INFO - Processing file /home/airflow/.local/lib/python3.7/site-packages/airflow/example_dags/example_datasets.py for tasks to queue
[2022-11-28T23:44:27.054+0000] {logging_mixin.py:137} INFO - [2022-11-28T23:44:27.054+0000] {dagbag.py:537} INFO - Filling up the DagBag from /home/airflow/.local/lib/python3.7/site-packages/airflow/example_dags/example_datasets.py
[2022-11-28T23:44:27.068+0000] {processor.py:766} INFO - DAG(s) dict_keys(['dataset_consumes_1', 'dataset_produces_2', 'dataset_consumes_1_never_scheduled', 'dataset_consumes_1_and_2', 'dataset_produces_1', 'dataset_consumes_unknown_never_scheduled']) retrieved from /home/airflow/.local/lib/python3.7/site-packages/airflow/example_dags/example_datasets.py
[2022-11-28T23:44:27.118+0000] {logging_mixin.py:137} INFO - [2022-11-28T23:44:27.118+0000] {dag.py:2585} INFO - Sync 6 DAGs
[2022-11-28T23:44:27.147+0000] {logging_mixin.py:137} INFO - [2022-11-28T23:44:27.147+0000] {dag.py:3340} INFO - Setting next_dagrun for dataset_consumes_1 to None, run_after=None
[2022-11-28T23:44:27.151+0000] {logging_mixin.py:137} INFO - [2022-11-28T23:44:27.151+0000] {dag.py:3340} INFO - Setting next_dagrun for dataset_consumes_1_and_2 to None, run_after=None
[2022-11-28T23:44:27.152+0000] {logging_mixin.py:137} INFO - [2022-11-28T23:44:27.152+0000] {dag.py:3340} INFO - Setting next_dagrun for dataset_consumes_1_never_scheduled to None, run_after=None
[2022-11-28T23:44:27.153+0000] {logging_mixin.py:137} INFO - [2022-11-28T23:44:27.153+0000] {dag.py:3340} INFO - Setting next_dagrun for dataset_consumes_unknown_never_scheduled to None, run_after=None
[2022-11-28T23:44:27.156+0000] {logging_mixin.py:137} INFO - [2022-11-28T23:44:27.156+0000] {dag.py:3340} INFO - Setting next_dagrun for dataset_produces_1 to 2022-11-27T00:00:00+00:00, run_after=2022-11-28T00:00:00+00:00
[2022-11-28T23:44:27.157+0000] {logging_mixin.py:137} INFO - [2022-11-28T23:44:27.157+0000] {dag.py:3340} INFO - Setting next_dagrun for dataset_produces_2 to None, run_after=None
[2022-11-28T23:44:27.193+0000] {processor.py:176} INFO - Processing /home/airflow/.local/lib/python3.7/site-packages/airflow/example_dags/example_datasets.py took 0.142 seconds
[2022-11-28T23:44:57.709+0000] {processor.py:154} INFO - Started process (PID=3303) to work on /home/airflow/.local/lib/python3.7/site-packages/airflow/example_dags/example_datasets.py
[2022-11-28T23:44:57.709+0000] {processor.py:756} INFO - Processing file /home/airflow/.local/lib/python3.7/site-packages/airflow/example_dags/example_datasets.py for tasks to queue
[2022-11-28T23:44:57.710+0000] {logging_mixin.py:137} INFO - [2022-11-28T23:44:57.709+0000] {dagbag.py:537} INFO - Filling up the DagBag from /home/airflow/.local/lib/python3.7/site-packages/airflow/example_dags/example_datasets.py
[2022-11-28T23:44:57.724+0000] {processor.py:766} INFO - DAG(s) dict_keys(['dataset_consumes_1_and_2', 'dataset_consumes_1', 'dataset_produces_2', 'dataset_consumes_unknown_never_scheduled', 'dataset_produces_1', 'dataset_consumes_1_never_scheduled']) retrieved from /home/airflow/.local/lib/python3.7/site-packages/airflow/example_dags/example_datasets.py
[2022-11-28T23:44:57.788+0000] {logging_mixin.py:137} INFO - [2022-11-28T23:44:57.788+0000] {dag.py:2585} INFO - Sync 6 DAGs
[2022-11-28T23:44:57.823+0000] {logging_mixin.py:137} INFO - [2022-11-28T23:44:57.823+0000] {dag.py:3340} INFO - Setting next_dagrun for dataset_consumes_1 to None, run_after=None
[2022-11-28T23:44:57.829+0000] {logging_mixin.py:137} INFO - [2022-11-28T23:44:57.829+0000] {dag.py:3340} INFO - Setting next_dagrun for dataset_consumes_1_and_2 to None, run_after=None
[2022-11-28T23:44:57.831+0000] {logging_mixin.py:137} INFO - [2022-11-28T23:44:57.831+0000] {dag.py:3340} INFO - Setting next_dagrun for dataset_consumes_1_never_scheduled to None, run_after=None
[2022-11-28T23:44:57.833+0000] {logging_mixin.py:137} INFO - [2022-11-28T23:44:57.832+0000] {dag.py:3340} INFO - Setting next_dagrun for dataset_consumes_unknown_never_scheduled to None, run_after=None
[2022-11-28T23:44:57.837+0000] {logging_mixin.py:137} INFO - [2022-11-28T23:44:57.837+0000] {dag.py:3340} INFO - Setting next_dagrun for dataset_produces_1 to 2022-11-27T00:00:00+00:00, run_after=2022-11-28T00:00:00+00:00
[2022-11-28T23:44:57.839+0000] {logging_mixin.py:137} INFO - [2022-11-28T23:44:57.839+0000] {dag.py:3340} INFO - Setting next_dagrun for dataset_produces_2 to None, run_after=None
[2022-11-28T23:44:57.874+0000] {processor.py:176} INFO - Processing /home/airflow/.local/lib/python3.7/site-packages/airflow/example_dags/example_datasets.py took 0.168 seconds
[2022-11-28T23:45:28.536+0000] {processor.py:154} INFO - Started process (PID=3501) to work on /home/airflow/.local/lib/python3.7/site-packages/airflow/example_dags/example_datasets.py
[2022-11-28T23:45:28.536+0000] {processor.py:756} INFO - Processing file /home/airflow/.local/lib/python3.7/site-packages/airflow/example_dags/example_datasets.py for tasks to queue
[2022-11-28T23:45:28.537+0000] {logging_mixin.py:137} INFO - [2022-11-28T23:45:28.537+0000] {dagbag.py:537} INFO - Filling up the DagBag from /home/airflow/.local/lib/python3.7/site-packages/airflow/example_dags/example_datasets.py
[2022-11-28T23:45:28.550+0000] {processor.py:766} INFO - DAG(s) dict_keys(['dataset_produces_1', 'dataset_consumes_1', 'dataset_consumes_1_never_scheduled', 'dataset_consumes_unknown_never_scheduled', 'dataset_consumes_1_and_2', 'dataset_produces_2']) retrieved from /home/airflow/.local/lib/python3.7/site-packages/airflow/example_dags/example_datasets.py
[2022-11-28T23:45:28.603+0000] {logging_mixin.py:137} INFO - [2022-11-28T23:45:28.603+0000] {dag.py:2585} INFO - Sync 6 DAGs
[2022-11-28T23:45:28.631+0000] {logging_mixin.py:137} INFO - [2022-11-28T23:45:28.631+0000] {dag.py:3340} INFO - Setting next_dagrun for dataset_consumes_1 to None, run_after=None
[2022-11-28T23:45:28.635+0000] {logging_mixin.py:137} INFO - [2022-11-28T23:45:28.635+0000] {dag.py:3340} INFO - Setting next_dagrun for dataset_consumes_1_and_2 to None, run_after=None
[2022-11-28T23:45:28.636+0000] {logging_mixin.py:137} INFO - [2022-11-28T23:45:28.636+0000] {dag.py:3340} INFO - Setting next_dagrun for dataset_consumes_1_never_scheduled to None, run_after=None
[2022-11-28T23:45:28.637+0000] {logging_mixin.py:137} INFO - [2022-11-28T23:45:28.637+0000] {dag.py:3340} INFO - Setting next_dagrun for dataset_consumes_unknown_never_scheduled to None, run_after=None
[2022-11-28T23:45:28.639+0000] {logging_mixin.py:137} INFO - [2022-11-28T23:45:28.639+0000] {dag.py:3340} INFO - Setting next_dagrun for dataset_produces_1 to 2022-11-27T00:00:00+00:00, run_after=2022-11-28T00:00:00+00:00
[2022-11-28T23:45:28.640+0000] {logging_mixin.py:137} INFO - [2022-11-28T23:45:28.640+0000] {dag.py:3340} INFO - Setting next_dagrun for dataset_produces_2 to None, run_after=None
[2022-11-28T23:45:28.669+0000] {processor.py:176} INFO - Processing /home/airflow/.local/lib/python3.7/site-packages/airflow/example_dags/example_datasets.py took 0.135 seconds
