[2022-11-28T23:37:16.390+0000] {processor.py:154} INFO - Started process (PID=311) to work on /home/airflow/.local/lib/python3.7/site-packages/airflow/example_dags/example_bash_operator.py
[2022-11-28T23:37:16.391+0000] {processor.py:756} INFO - Processing file /home/airflow/.local/lib/python3.7/site-packages/airflow/example_dags/example_bash_operator.py for tasks to queue
[2022-11-28T23:37:16.391+0000] {logging_mixin.py:137} INFO - [2022-11-28T23:37:16.391+0000] {dagbag.py:537} INFO - Filling up the DagBag from /home/airflow/.local/lib/python3.7/site-packages/airflow/example_dags/example_bash_operator.py
[2022-11-28T23:37:16.410+0000] {processor.py:766} INFO - DAG(s) dict_keys(['example_bash_operator']) retrieved from /home/airflow/.local/lib/python3.7/site-packages/airflow/example_dags/example_bash_operator.py
[2022-11-28T23:37:16.457+0000] {logging_mixin.py:137} INFO - [2022-11-28T23:37:16.456+0000] {dag.py:2585} INFO - Sync 1 DAGs
[2022-11-28T23:37:16.485+0000] {logging_mixin.py:137} INFO - [2022-11-28T23:37:16.485+0000] {dag.py:3340} INFO - Setting next_dagrun for example_bash_operator to 2022-11-27T00:00:00+00:00, run_after=2022-11-28T00:00:00+00:00
[2022-11-28T23:37:16.507+0000] {processor.py:176} INFO - Processing /home/airflow/.local/lib/python3.7/site-packages/airflow/example_dags/example_bash_operator.py took 0.118 seconds
[2022-11-28T23:37:47.228+0000] {processor.py:154} INFO - Started process (PID=509) to work on /home/airflow/.local/lib/python3.7/site-packages/airflow/example_dags/example_bash_operator.py
[2022-11-28T23:37:47.228+0000] {processor.py:756} INFO - Processing file /home/airflow/.local/lib/python3.7/site-packages/airflow/example_dags/example_bash_operator.py for tasks to queue
[2022-11-28T23:37:47.229+0000] {logging_mixin.py:137} INFO - [2022-11-28T23:37:47.229+0000] {dagbag.py:537} INFO - Filling up the DagBag from /home/airflow/.local/lib/python3.7/site-packages/airflow/example_dags/example_bash_operator.py
[2022-11-28T23:37:47.247+0000] {processor.py:766} INFO - DAG(s) dict_keys(['example_bash_operator']) retrieved from /home/airflow/.local/lib/python3.7/site-packages/airflow/example_dags/example_bash_operator.py
[2022-11-28T23:37:47.295+0000] {logging_mixin.py:137} INFO - [2022-11-28T23:37:47.294+0000] {dag.py:2585} INFO - Sync 1 DAGs
[2022-11-28T23:37:47.324+0000] {logging_mixin.py:137} INFO - [2022-11-28T23:37:47.324+0000] {dag.py:3340} INFO - Setting next_dagrun for example_bash_operator to 2022-11-27T00:00:00+00:00, run_after=2022-11-28T00:00:00+00:00
[2022-11-28T23:37:47.347+0000] {processor.py:176} INFO - Processing /home/airflow/.local/lib/python3.7/site-packages/airflow/example_dags/example_bash_operator.py took 0.121 seconds
[2022-11-28T23:38:18.146+0000] {processor.py:154} INFO - Started process (PID=717) to work on /home/airflow/.local/lib/python3.7/site-packages/airflow/example_dags/example_bash_operator.py
[2022-11-28T23:38:18.147+0000] {processor.py:756} INFO - Processing file /home/airflow/.local/lib/python3.7/site-packages/airflow/example_dags/example_bash_operator.py for tasks to queue
[2022-11-28T23:38:18.147+0000] {logging_mixin.py:137} INFO - [2022-11-28T23:38:18.147+0000] {dagbag.py:537} INFO - Filling up the DagBag from /home/airflow/.local/lib/python3.7/site-packages/airflow/example_dags/example_bash_operator.py
[2022-11-28T23:38:18.166+0000] {processor.py:766} INFO - DAG(s) dict_keys(['example_bash_operator']) retrieved from /home/airflow/.local/lib/python3.7/site-packages/airflow/example_dags/example_bash_operator.py
[2022-11-28T23:38:18.209+0000] {logging_mixin.py:137} INFO - [2022-11-28T23:38:18.209+0000] {dag.py:2585} INFO - Sync 1 DAGs
[2022-11-28T23:38:18.238+0000] {logging_mixin.py:137} INFO - [2022-11-28T23:38:18.238+0000] {dag.py:3340} INFO - Setting next_dagrun for example_bash_operator to 2022-11-27T00:00:00+00:00, run_after=2022-11-28T00:00:00+00:00
[2022-11-28T23:38:18.258+0000] {processor.py:176} INFO - Processing /home/airflow/.local/lib/python3.7/site-packages/airflow/example_dags/example_bash_operator.py took 0.114 seconds
[2022-11-28T23:38:48.837+0000] {processor.py:154} INFO - Started process (PID=924) to work on /home/airflow/.local/lib/python3.7/site-packages/airflow/example_dags/example_bash_operator.py
[2022-11-28T23:38:48.837+0000] {processor.py:756} INFO - Processing file /home/airflow/.local/lib/python3.7/site-packages/airflow/example_dags/example_bash_operator.py for tasks to queue
[2022-11-28T23:38:48.838+0000] {logging_mixin.py:137} INFO - [2022-11-28T23:38:48.838+0000] {dagbag.py:537} INFO - Filling up the DagBag from /home/airflow/.local/lib/python3.7/site-packages/airflow/example_dags/example_bash_operator.py
[2022-11-28T23:38:48.857+0000] {processor.py:766} INFO - DAG(s) dict_keys(['example_bash_operator']) retrieved from /home/airflow/.local/lib/python3.7/site-packages/airflow/example_dags/example_bash_operator.py
[2022-11-28T23:38:48.901+0000] {logging_mixin.py:137} INFO - [2022-11-28T23:38:48.900+0000] {dag.py:2585} INFO - Sync 1 DAGs
[2022-11-28T23:38:48.927+0000] {logging_mixin.py:137} INFO - [2022-11-28T23:38:48.927+0000] {dag.py:3340} INFO - Setting next_dagrun for example_bash_operator to 2022-11-27T00:00:00+00:00, run_after=2022-11-28T00:00:00+00:00
[2022-11-28T23:38:48.947+0000] {processor.py:176} INFO - Processing /home/airflow/.local/lib/python3.7/site-packages/airflow/example_dags/example_bash_operator.py took 0.112 seconds
[2022-11-28T23:39:19.648+0000] {processor.py:154} INFO - Started process (PID=1122) to work on /home/airflow/.local/lib/python3.7/site-packages/airflow/example_dags/example_bash_operator.py
[2022-11-28T23:39:19.649+0000] {processor.py:756} INFO - Processing file /home/airflow/.local/lib/python3.7/site-packages/airflow/example_dags/example_bash_operator.py for tasks to queue
[2022-11-28T23:39:19.650+0000] {logging_mixin.py:137} INFO - [2022-11-28T23:39:19.650+0000] {dagbag.py:537} INFO - Filling up the DagBag from /home/airflow/.local/lib/python3.7/site-packages/airflow/example_dags/example_bash_operator.py
[2022-11-28T23:39:19.670+0000] {processor.py:766} INFO - DAG(s) dict_keys(['example_bash_operator']) retrieved from /home/airflow/.local/lib/python3.7/site-packages/airflow/example_dags/example_bash_operator.py
[2022-11-28T23:39:19.722+0000] {logging_mixin.py:137} INFO - [2022-11-28T23:39:19.722+0000] {dag.py:2585} INFO - Sync 1 DAGs
[2022-11-28T23:39:19.752+0000] {logging_mixin.py:137} INFO - [2022-11-28T23:39:19.752+0000] {dag.py:3340} INFO - Setting next_dagrun for example_bash_operator to 2022-11-27T00:00:00+00:00, run_after=2022-11-28T00:00:00+00:00
[2022-11-28T23:39:19.776+0000] {processor.py:176} INFO - Processing /home/airflow/.local/lib/python3.7/site-packages/airflow/example_dags/example_bash_operator.py took 0.130 seconds
[2022-11-28T23:39:50.715+0000] {processor.py:154} INFO - Started process (PID=1329) to work on /home/airflow/.local/lib/python3.7/site-packages/airflow/example_dags/example_bash_operator.py
[2022-11-28T23:39:50.716+0000] {processor.py:756} INFO - Processing file /home/airflow/.local/lib/python3.7/site-packages/airflow/example_dags/example_bash_operator.py for tasks to queue
[2022-11-28T23:39:50.716+0000] {logging_mixin.py:137} INFO - [2022-11-28T23:39:50.716+0000] {dagbag.py:537} INFO - Filling up the DagBag from /home/airflow/.local/lib/python3.7/site-packages/airflow/example_dags/example_bash_operator.py
[2022-11-28T23:39:50.736+0000] {processor.py:766} INFO - DAG(s) dict_keys(['example_bash_operator']) retrieved from /home/airflow/.local/lib/python3.7/site-packages/airflow/example_dags/example_bash_operator.py
[2022-11-28T23:39:50.786+0000] {logging_mixin.py:137} INFO - [2022-11-28T23:39:50.786+0000] {dag.py:2585} INFO - Sync 1 DAGs
[2022-11-28T23:39:50.819+0000] {logging_mixin.py:137} INFO - [2022-11-28T23:39:50.819+0000] {dag.py:3340} INFO - Setting next_dagrun for example_bash_operator to 2022-11-27T00:00:00+00:00, run_after=2022-11-28T00:00:00+00:00
[2022-11-28T23:39:50.845+0000] {processor.py:176} INFO - Processing /home/airflow/.local/lib/python3.7/site-packages/airflow/example_dags/example_bash_operator.py took 0.132 seconds
[2022-11-28T23:40:21.548+0000] {processor.py:154} INFO - Started process (PID=1537) to work on /home/airflow/.local/lib/python3.7/site-packages/airflow/example_dags/example_bash_operator.py
[2022-11-28T23:40:21.549+0000] {processor.py:756} INFO - Processing file /home/airflow/.local/lib/python3.7/site-packages/airflow/example_dags/example_bash_operator.py for tasks to queue
[2022-11-28T23:40:21.551+0000] {logging_mixin.py:137} INFO - [2022-11-28T23:40:21.550+0000] {dagbag.py:537} INFO - Filling up the DagBag from /home/airflow/.local/lib/python3.7/site-packages/airflow/example_dags/example_bash_operator.py
[2022-11-28T23:40:21.573+0000] {processor.py:766} INFO - DAG(s) dict_keys(['example_bash_operator']) retrieved from /home/airflow/.local/lib/python3.7/site-packages/airflow/example_dags/example_bash_operator.py
[2022-11-28T23:40:21.626+0000] {logging_mixin.py:137} INFO - [2022-11-28T23:40:21.626+0000] {dag.py:2585} INFO - Sync 1 DAGs
[2022-11-28T23:40:21.664+0000] {logging_mixin.py:137} INFO - [2022-11-28T23:40:21.664+0000] {dag.py:3340} INFO - Setting next_dagrun for example_bash_operator to 2022-11-27T00:00:00+00:00, run_after=2022-11-28T00:00:00+00:00
[2022-11-28T23:40:21.690+0000] {processor.py:176} INFO - Processing /home/airflow/.local/lib/python3.7/site-packages/airflow/example_dags/example_bash_operator.py took 0.145 seconds
[2022-11-28T23:40:52.321+0000] {processor.py:154} INFO - Started process (PID=1735) to work on /home/airflow/.local/lib/python3.7/site-packages/airflow/example_dags/example_bash_operator.py
[2022-11-28T23:40:52.322+0000] {processor.py:756} INFO - Processing file /home/airflow/.local/lib/python3.7/site-packages/airflow/example_dags/example_bash_operator.py for tasks to queue
[2022-11-28T23:40:52.322+0000] {logging_mixin.py:137} INFO - [2022-11-28T23:40:52.322+0000] {dagbag.py:537} INFO - Filling up the DagBag from /home/airflow/.local/lib/python3.7/site-packages/airflow/example_dags/example_bash_operator.py
[2022-11-28T23:40:52.341+0000] {processor.py:766} INFO - DAG(s) dict_keys(['example_bash_operator']) retrieved from /home/airflow/.local/lib/python3.7/site-packages/airflow/example_dags/example_bash_operator.py
[2022-11-28T23:40:52.388+0000] {logging_mixin.py:137} INFO - [2022-11-28T23:40:52.388+0000] {dag.py:2585} INFO - Sync 1 DAGs
[2022-11-28T23:40:52.417+0000] {logging_mixin.py:137} INFO - [2022-11-28T23:40:52.417+0000] {dag.py:3340} INFO - Setting next_dagrun for example_bash_operator to 2022-11-27T00:00:00+00:00, run_after=2022-11-28T00:00:00+00:00
[2022-11-28T23:40:52.440+0000] {processor.py:176} INFO - Processing /home/airflow/.local/lib/python3.7/site-packages/airflow/example_dags/example_bash_operator.py took 0.121 seconds
[2022-11-28T23:41:23.212+0000] {processor.py:154} INFO - Started process (PID=1937) to work on /home/airflow/.local/lib/python3.7/site-packages/airflow/example_dags/example_bash_operator.py
[2022-11-28T23:41:23.213+0000] {processor.py:756} INFO - Processing file /home/airflow/.local/lib/python3.7/site-packages/airflow/example_dags/example_bash_operator.py for tasks to queue
[2022-11-28T23:41:23.214+0000] {logging_mixin.py:137} INFO - [2022-11-28T23:41:23.214+0000] {dagbag.py:537} INFO - Filling up the DagBag from /home/airflow/.local/lib/python3.7/site-packages/airflow/example_dags/example_bash_operator.py
[2022-11-28T23:41:23.234+0000] {processor.py:766} INFO - DAG(s) dict_keys(['example_bash_operator']) retrieved from /home/airflow/.local/lib/python3.7/site-packages/airflow/example_dags/example_bash_operator.py
[2022-11-28T23:41:23.281+0000] {logging_mixin.py:137} INFO - [2022-11-28T23:41:23.281+0000] {dag.py:2585} INFO - Sync 1 DAGs
[2022-11-28T23:41:23.315+0000] {logging_mixin.py:137} INFO - [2022-11-28T23:41:23.315+0000] {dag.py:3340} INFO - Setting next_dagrun for example_bash_operator to 2022-11-27T00:00:00+00:00, run_after=2022-11-28T00:00:00+00:00
[2022-11-28T23:41:23.339+0000] {processor.py:176} INFO - Processing /home/airflow/.local/lib/python3.7/site-packages/airflow/example_dags/example_bash_operator.py took 0.129 seconds
[2022-11-28T23:41:54.189+0000] {processor.py:154} INFO - Started process (PID=2144) to work on /home/airflow/.local/lib/python3.7/site-packages/airflow/example_dags/example_bash_operator.py
[2022-11-28T23:41:54.190+0000] {processor.py:756} INFO - Processing file /home/airflow/.local/lib/python3.7/site-packages/airflow/example_dags/example_bash_operator.py for tasks to queue
[2022-11-28T23:41:54.191+0000] {logging_mixin.py:137} INFO - [2022-11-28T23:41:54.191+0000] {dagbag.py:537} INFO - Filling up the DagBag from /home/airflow/.local/lib/python3.7/site-packages/airflow/example_dags/example_bash_operator.py
[2022-11-28T23:41:54.210+0000] {processor.py:766} INFO - DAG(s) dict_keys(['example_bash_operator']) retrieved from /home/airflow/.local/lib/python3.7/site-packages/airflow/example_dags/example_bash_operator.py
[2022-11-28T23:41:54.255+0000] {logging_mixin.py:137} INFO - [2022-11-28T23:41:54.255+0000] {dag.py:2585} INFO - Sync 1 DAGs
[2022-11-28T23:41:54.284+0000] {logging_mixin.py:137} INFO - [2022-11-28T23:41:54.284+0000] {dag.py:3340} INFO - Setting next_dagrun for example_bash_operator to 2022-11-27T00:00:00+00:00, run_after=2022-11-28T00:00:00+00:00
[2022-11-28T23:41:54.309+0000] {processor.py:176} INFO - Processing /home/airflow/.local/lib/python3.7/site-packages/airflow/example_dags/example_bash_operator.py took 0.122 seconds
[2022-11-28T23:42:25.931+0000] {processor.py:154} INFO - Started process (PID=2342) to work on /home/airflow/.local/lib/python3.7/site-packages/airflow/example_dags/example_bash_operator.py
[2022-11-28T23:42:25.932+0000] {processor.py:756} INFO - Processing file /home/airflow/.local/lib/python3.7/site-packages/airflow/example_dags/example_bash_operator.py for tasks to queue
[2022-11-28T23:42:25.933+0000] {logging_mixin.py:137} INFO - [2022-11-28T23:42:25.933+0000] {dagbag.py:537} INFO - Filling up the DagBag from /home/airflow/.local/lib/python3.7/site-packages/airflow/example_dags/example_bash_operator.py
[2022-11-28T23:42:25.964+0000] {processor.py:766} INFO - DAG(s) dict_keys(['example_bash_operator']) retrieved from /home/airflow/.local/lib/python3.7/site-packages/airflow/example_dags/example_bash_operator.py
[2022-11-28T23:42:26.021+0000] {logging_mixin.py:137} INFO - [2022-11-28T23:42:26.021+0000] {dag.py:2585} INFO - Sync 1 DAGs
[2022-11-28T23:42:26.059+0000] {logging_mixin.py:137} INFO - [2022-11-28T23:42:26.059+0000] {dag.py:3340} INFO - Setting next_dagrun for example_bash_operator to 2022-11-27T00:00:00+00:00, run_after=2022-11-28T00:00:00+00:00
[2022-11-28T23:42:26.092+0000] {processor.py:176} INFO - Processing /home/airflow/.local/lib/python3.7/site-packages/airflow/example_dags/example_bash_operator.py took 0.163 seconds
[2022-11-28T23:42:56.705+0000] {processor.py:154} INFO - Started process (PID=2549) to work on /home/airflow/.local/lib/python3.7/site-packages/airflow/example_dags/example_bash_operator.py
[2022-11-28T23:42:56.705+0000] {processor.py:756} INFO - Processing file /home/airflow/.local/lib/python3.7/site-packages/airflow/example_dags/example_bash_operator.py for tasks to queue
[2022-11-28T23:42:56.706+0000] {logging_mixin.py:137} INFO - [2022-11-28T23:42:56.706+0000] {dagbag.py:537} INFO - Filling up the DagBag from /home/airflow/.local/lib/python3.7/site-packages/airflow/example_dags/example_bash_operator.py
[2022-11-28T23:42:56.727+0000] {processor.py:766} INFO - DAG(s) dict_keys(['example_bash_operator']) retrieved from /home/airflow/.local/lib/python3.7/site-packages/airflow/example_dags/example_bash_operator.py
[2022-11-28T23:42:56.779+0000] {logging_mixin.py:137} INFO - [2022-11-28T23:42:56.779+0000] {dag.py:2585} INFO - Sync 1 DAGs
[2022-11-28T23:42:56.810+0000] {logging_mixin.py:137} INFO - [2022-11-28T23:42:56.810+0000] {dag.py:3340} INFO - Setting next_dagrun for example_bash_operator to 2022-11-27T00:00:00+00:00, run_after=2022-11-28T00:00:00+00:00
[2022-11-28T23:42:56.836+0000] {processor.py:176} INFO - Processing /home/airflow/.local/lib/python3.7/site-packages/airflow/example_dags/example_bash_operator.py took 0.134 seconds
[2022-11-28T23:43:27.710+0000] {processor.py:154} INFO - Started process (PID=2761) to work on /home/airflow/.local/lib/python3.7/site-packages/airflow/example_dags/example_bash_operator.py
[2022-11-28T23:43:27.711+0000] {processor.py:756} INFO - Processing file /home/airflow/.local/lib/python3.7/site-packages/airflow/example_dags/example_bash_operator.py for tasks to queue
[2022-11-28T23:43:27.712+0000] {logging_mixin.py:137} INFO - [2022-11-28T23:43:27.712+0000] {dagbag.py:537} INFO - Filling up the DagBag from /home/airflow/.local/lib/python3.7/site-packages/airflow/example_dags/example_bash_operator.py
[2022-11-28T23:43:27.731+0000] {processor.py:766} INFO - DAG(s) dict_keys(['example_bash_operator']) retrieved from /home/airflow/.local/lib/python3.7/site-packages/airflow/example_dags/example_bash_operator.py
[2022-11-28T23:43:27.778+0000] {logging_mixin.py:137} INFO - [2022-11-28T23:43:27.778+0000] {dag.py:2585} INFO - Sync 1 DAGs
[2022-11-28T23:43:27.809+0000] {logging_mixin.py:137} INFO - [2022-11-28T23:43:27.809+0000] {dag.py:3340} INFO - Setting next_dagrun for example_bash_operator to 2022-11-27T00:00:00+00:00, run_after=2022-11-28T00:00:00+00:00
[2022-11-28T23:43:27.832+0000] {processor.py:176} INFO - Processing /home/airflow/.local/lib/python3.7/site-packages/airflow/example_dags/example_bash_operator.py took 0.124 seconds
[2022-11-28T23:43:58.144+0000] {processor.py:154} INFO - Started process (PID=2954) to work on /home/airflow/.local/lib/python3.7/site-packages/airflow/example_dags/example_bash_operator.py
[2022-11-28T23:43:58.144+0000] {processor.py:756} INFO - Processing file /home/airflow/.local/lib/python3.7/site-packages/airflow/example_dags/example_bash_operator.py for tasks to queue
[2022-11-28T23:43:58.145+0000] {logging_mixin.py:137} INFO - [2022-11-28T23:43:58.144+0000] {dagbag.py:537} INFO - Filling up the DagBag from /home/airflow/.local/lib/python3.7/site-packages/airflow/example_dags/example_bash_operator.py
[2022-11-28T23:43:58.164+0000] {processor.py:766} INFO - DAG(s) dict_keys(['example_bash_operator']) retrieved from /home/airflow/.local/lib/python3.7/site-packages/airflow/example_dags/example_bash_operator.py
[2022-11-28T23:43:58.210+0000] {logging_mixin.py:137} INFO - [2022-11-28T23:43:58.210+0000] {dag.py:2585} INFO - Sync 1 DAGs
[2022-11-28T23:43:58.239+0000] {logging_mixin.py:137} INFO - [2022-11-28T23:43:58.239+0000] {dag.py:3340} INFO - Setting next_dagrun for example_bash_operator to 2022-11-27T00:00:00+00:00, run_after=2022-11-28T00:00:00+00:00
[2022-11-28T23:43:58.260+0000] {processor.py:176} INFO - Processing /home/airflow/.local/lib/python3.7/site-packages/airflow/example_dags/example_bash_operator.py took 0.119 seconds
[2022-11-28T23:44:28.918+0000] {processor.py:154} INFO - Started process (PID=3166) to work on /home/airflow/.local/lib/python3.7/site-packages/airflow/example_dags/example_bash_operator.py
[2022-11-28T23:44:28.919+0000] {processor.py:756} INFO - Processing file /home/airflow/.local/lib/python3.7/site-packages/airflow/example_dags/example_bash_operator.py for tasks to queue
[2022-11-28T23:44:28.920+0000] {logging_mixin.py:137} INFO - [2022-11-28T23:44:28.919+0000] {dagbag.py:537} INFO - Filling up the DagBag from /home/airflow/.local/lib/python3.7/site-packages/airflow/example_dags/example_bash_operator.py
[2022-11-28T23:44:28.938+0000] {processor.py:766} INFO - DAG(s) dict_keys(['example_bash_operator']) retrieved from /home/airflow/.local/lib/python3.7/site-packages/airflow/example_dags/example_bash_operator.py
[2022-11-28T23:44:28.980+0000] {logging_mixin.py:137} INFO - [2022-11-28T23:44:28.980+0000] {dag.py:2585} INFO - Sync 1 DAGs
[2022-11-28T23:44:29.008+0000] {logging_mixin.py:137} INFO - [2022-11-28T23:44:29.008+0000] {dag.py:3340} INFO - Setting next_dagrun for example_bash_operator to 2022-11-27T00:00:00+00:00, run_after=2022-11-28T00:00:00+00:00
[2022-11-28T23:44:29.029+0000] {processor.py:176} INFO - Processing /home/airflow/.local/lib/python3.7/site-packages/airflow/example_dags/example_bash_operator.py took 0.112 seconds
[2022-11-28T23:44:59.665+0000] {processor.py:154} INFO - Started process (PID=3373) to work on /home/airflow/.local/lib/python3.7/site-packages/airflow/example_dags/example_bash_operator.py
[2022-11-28T23:44:59.665+0000] {processor.py:756} INFO - Processing file /home/airflow/.local/lib/python3.7/site-packages/airflow/example_dags/example_bash_operator.py for tasks to queue
[2022-11-28T23:44:59.666+0000] {logging_mixin.py:137} INFO - [2022-11-28T23:44:59.666+0000] {dagbag.py:537} INFO - Filling up the DagBag from /home/airflow/.local/lib/python3.7/site-packages/airflow/example_dags/example_bash_operator.py
[2022-11-28T23:44:59.684+0000] {processor.py:766} INFO - DAG(s) dict_keys(['example_bash_operator']) retrieved from /home/airflow/.local/lib/python3.7/site-packages/airflow/example_dags/example_bash_operator.py
[2022-11-28T23:44:59.727+0000] {logging_mixin.py:137} INFO - [2022-11-28T23:44:59.727+0000] {dag.py:2585} INFO - Sync 1 DAGs
[2022-11-28T23:44:59.753+0000] {logging_mixin.py:137} INFO - [2022-11-28T23:44:59.753+0000] {dag.py:3340} INFO - Setting next_dagrun for example_bash_operator to 2022-11-27T00:00:00+00:00, run_after=2022-11-28T00:00:00+00:00
[2022-11-28T23:44:59.773+0000] {processor.py:176} INFO - Processing /home/airflow/.local/lib/python3.7/site-packages/airflow/example_dags/example_bash_operator.py took 0.110 seconds
