[2022-11-28T23:37:16.774+0000] {processor.py:154} INFO - Started process (PID=331) to work on /home/airflow/.local/lib/python3.7/site-packages/airflow/example_dags/example_local_kubernetes_executor.py
[2022-11-28T23:37:16.774+0000] {processor.py:756} INFO - Processing file /home/airflow/.local/lib/python3.7/site-packages/airflow/example_dags/example_local_kubernetes_executor.py for tasks to queue
[2022-11-28T23:37:16.775+0000] {logging_mixin.py:137} INFO - [2022-11-28T23:37:16.775+0000] {dagbag.py:537} INFO - Filling up the DagBag from /home/airflow/.local/lib/python3.7/site-packages/airflow/example_dags/example_local_kubernetes_executor.py
[2022-11-28T23:37:16.799+0000] {processor.py:766} INFO - DAG(s) dict_keys(['example_local_kubernetes_executor']) retrieved from /home/airflow/.local/lib/python3.7/site-packages/airflow/example_dags/example_local_kubernetes_executor.py
[2022-11-28T23:37:16.835+0000] {logging_mixin.py:137} INFO - [2022-11-28T23:37:16.834+0000] {dag.py:2585} INFO - Sync 1 DAGs
[2022-11-28T23:37:16.860+0000] {logging_mixin.py:137} INFO - [2022-11-28T23:37:16.860+0000] {dag.py:3340} INFO - Setting next_dagrun for example_local_kubernetes_executor to None, run_after=None
[2022-11-28T23:37:16.880+0000] {processor.py:176} INFO - Processing /home/airflow/.local/lib/python3.7/site-packages/airflow/example_dags/example_local_kubernetes_executor.py took 0.108 seconds
[2022-11-28T23:37:47.630+0000] {processor.py:154} INFO - Started process (PID=529) to work on /home/airflow/.local/lib/python3.7/site-packages/airflow/example_dags/example_local_kubernetes_executor.py
[2022-11-28T23:37:47.630+0000] {processor.py:756} INFO - Processing file /home/airflow/.local/lib/python3.7/site-packages/airflow/example_dags/example_local_kubernetes_executor.py for tasks to queue
[2022-11-28T23:37:47.631+0000] {logging_mixin.py:137} INFO - [2022-11-28T23:37:47.630+0000] {dagbag.py:537} INFO - Filling up the DagBag from /home/airflow/.local/lib/python3.7/site-packages/airflow/example_dags/example_local_kubernetes_executor.py
[2022-11-28T23:37:47.650+0000] {processor.py:766} INFO - DAG(s) dict_keys(['example_local_kubernetes_executor']) retrieved from /home/airflow/.local/lib/python3.7/site-packages/airflow/example_dags/example_local_kubernetes_executor.py
[2022-11-28T23:37:47.685+0000] {logging_mixin.py:137} INFO - [2022-11-28T23:37:47.685+0000] {dag.py:2585} INFO - Sync 1 DAGs
[2022-11-28T23:37:47.712+0000] {logging_mixin.py:137} INFO - [2022-11-28T23:37:47.711+0000] {dag.py:3340} INFO - Setting next_dagrun for example_local_kubernetes_executor to None, run_after=None
[2022-11-28T23:37:47.731+0000] {processor.py:176} INFO - Processing /home/airflow/.local/lib/python3.7/site-packages/airflow/example_dags/example_local_kubernetes_executor.py took 0.104 seconds
[2022-11-28T23:38:18.539+0000] {processor.py:154} INFO - Started process (PID=737) to work on /home/airflow/.local/lib/python3.7/site-packages/airflow/example_dags/example_local_kubernetes_executor.py
[2022-11-28T23:38:18.539+0000] {processor.py:756} INFO - Processing file /home/airflow/.local/lib/python3.7/site-packages/airflow/example_dags/example_local_kubernetes_executor.py for tasks to queue
[2022-11-28T23:38:18.540+0000] {logging_mixin.py:137} INFO - [2022-11-28T23:38:18.540+0000] {dagbag.py:537} INFO - Filling up the DagBag from /home/airflow/.local/lib/python3.7/site-packages/airflow/example_dags/example_local_kubernetes_executor.py
[2022-11-28T23:38:18.559+0000] {processor.py:766} INFO - DAG(s) dict_keys(['example_local_kubernetes_executor']) retrieved from /home/airflow/.local/lib/python3.7/site-packages/airflow/example_dags/example_local_kubernetes_executor.py
[2022-11-28T23:38:18.592+0000] {logging_mixin.py:137} INFO - [2022-11-28T23:38:18.592+0000] {dag.py:2585} INFO - Sync 1 DAGs
[2022-11-28T23:38:18.620+0000] {logging_mixin.py:137} INFO - [2022-11-28T23:38:18.620+0000] {dag.py:3340} INFO - Setting next_dagrun for example_local_kubernetes_executor to None, run_after=None
[2022-11-28T23:38:18.643+0000] {processor.py:176} INFO - Processing /home/airflow/.local/lib/python3.7/site-packages/airflow/example_dags/example_local_kubernetes_executor.py took 0.106 seconds
[2022-11-28T23:38:49.226+0000] {processor.py:154} INFO - Started process (PID=945) to work on /home/airflow/.local/lib/python3.7/site-packages/airflow/example_dags/example_local_kubernetes_executor.py
[2022-11-28T23:38:49.227+0000] {processor.py:756} INFO - Processing file /home/airflow/.local/lib/python3.7/site-packages/airflow/example_dags/example_local_kubernetes_executor.py for tasks to queue
[2022-11-28T23:38:49.227+0000] {logging_mixin.py:137} INFO - [2022-11-28T23:38:49.227+0000] {dagbag.py:537} INFO - Filling up the DagBag from /home/airflow/.local/lib/python3.7/site-packages/airflow/example_dags/example_local_kubernetes_executor.py
[2022-11-28T23:38:49.247+0000] {processor.py:766} INFO - DAG(s) dict_keys(['example_local_kubernetes_executor']) retrieved from /home/airflow/.local/lib/python3.7/site-packages/airflow/example_dags/example_local_kubernetes_executor.py
[2022-11-28T23:38:49.281+0000] {logging_mixin.py:137} INFO - [2022-11-28T23:38:49.281+0000] {dag.py:2585} INFO - Sync 1 DAGs
[2022-11-28T23:38:49.305+0000] {logging_mixin.py:137} INFO - [2022-11-28T23:38:49.305+0000] {dag.py:3340} INFO - Setting next_dagrun for example_local_kubernetes_executor to None, run_after=None
[2022-11-28T23:38:49.326+0000] {processor.py:176} INFO - Processing /home/airflow/.local/lib/python3.7/site-packages/airflow/example_dags/example_local_kubernetes_executor.py took 0.102 seconds
[2022-11-28T23:39:20.017+0000] {processor.py:154} INFO - Started process (PID=1142) to work on /home/airflow/.local/lib/python3.7/site-packages/airflow/example_dags/example_local_kubernetes_executor.py
[2022-11-28T23:39:20.019+0000] {processor.py:756} INFO - Processing file /home/airflow/.local/lib/python3.7/site-packages/airflow/example_dags/example_local_kubernetes_executor.py for tasks to queue
[2022-11-28T23:39:20.019+0000] {logging_mixin.py:137} INFO - [2022-11-28T23:39:20.019+0000] {dagbag.py:537} INFO - Filling up the DagBag from /home/airflow/.local/lib/python3.7/site-packages/airflow/example_dags/example_local_kubernetes_executor.py
[2022-11-28T23:39:20.041+0000] {processor.py:766} INFO - DAG(s) dict_keys(['example_local_kubernetes_executor']) retrieved from /home/airflow/.local/lib/python3.7/site-packages/airflow/example_dags/example_local_kubernetes_executor.py
[2022-11-28T23:39:20.079+0000] {logging_mixin.py:137} INFO - [2022-11-28T23:39:20.078+0000] {dag.py:2585} INFO - Sync 1 DAGs
[2022-11-28T23:39:20.107+0000] {logging_mixin.py:137} INFO - [2022-11-28T23:39:20.106+0000] {dag.py:3340} INFO - Setting next_dagrun for example_local_kubernetes_executor to None, run_after=None
[2022-11-28T23:39:20.131+0000] {processor.py:176} INFO - Processing /home/airflow/.local/lib/python3.7/site-packages/airflow/example_dags/example_local_kubernetes_executor.py took 0.116 seconds
[2022-11-28T23:39:51.078+0000] {processor.py:154} INFO - Started process (PID=1349) to work on /home/airflow/.local/lib/python3.7/site-packages/airflow/example_dags/example_local_kubernetes_executor.py
[2022-11-28T23:39:51.079+0000] {processor.py:756} INFO - Processing file /home/airflow/.local/lib/python3.7/site-packages/airflow/example_dags/example_local_kubernetes_executor.py for tasks to queue
[2022-11-28T23:39:51.079+0000] {logging_mixin.py:137} INFO - [2022-11-28T23:39:51.079+0000] {dagbag.py:537} INFO - Filling up the DagBag from /home/airflow/.local/lib/python3.7/site-packages/airflow/example_dags/example_local_kubernetes_executor.py
[2022-11-28T23:39:51.099+0000] {processor.py:766} INFO - DAG(s) dict_keys(['example_local_kubernetes_executor']) retrieved from /home/airflow/.local/lib/python3.7/site-packages/airflow/example_dags/example_local_kubernetes_executor.py
[2022-11-28T23:39:51.135+0000] {logging_mixin.py:137} INFO - [2022-11-28T23:39:51.135+0000] {dag.py:2585} INFO - Sync 1 DAGs
[2022-11-28T23:39:51.163+0000] {logging_mixin.py:137} INFO - [2022-11-28T23:39:51.163+0000] {dag.py:3340} INFO - Setting next_dagrun for example_local_kubernetes_executor to None, run_after=None
[2022-11-28T23:39:51.188+0000] {processor.py:176} INFO - Processing /home/airflow/.local/lib/python3.7/site-packages/airflow/example_dags/example_local_kubernetes_executor.py took 0.112 seconds
[2022-11-28T23:40:21.945+0000] {processor.py:154} INFO - Started process (PID=1557) to work on /home/airflow/.local/lib/python3.7/site-packages/airflow/example_dags/example_local_kubernetes_executor.py
[2022-11-28T23:40:21.946+0000] {processor.py:756} INFO - Processing file /home/airflow/.local/lib/python3.7/site-packages/airflow/example_dags/example_local_kubernetes_executor.py for tasks to queue
[2022-11-28T23:40:21.947+0000] {logging_mixin.py:137} INFO - [2022-11-28T23:40:21.947+0000] {dagbag.py:537} INFO - Filling up the DagBag from /home/airflow/.local/lib/python3.7/site-packages/airflow/example_dags/example_local_kubernetes_executor.py
[2022-11-28T23:40:21.968+0000] {processor.py:766} INFO - DAG(s) dict_keys(['example_local_kubernetes_executor']) retrieved from /home/airflow/.local/lib/python3.7/site-packages/airflow/example_dags/example_local_kubernetes_executor.py
[2022-11-28T23:40:22.010+0000] {logging_mixin.py:137} INFO - [2022-11-28T23:40:22.010+0000] {dag.py:2585} INFO - Sync 1 DAGs
[2022-11-28T23:40:22.037+0000] {logging_mixin.py:137} INFO - [2022-11-28T23:40:22.037+0000] {dag.py:3340} INFO - Setting next_dagrun for example_local_kubernetes_executor to None, run_after=None
[2022-11-28T23:40:22.059+0000] {processor.py:176} INFO - Processing /home/airflow/.local/lib/python3.7/site-packages/airflow/example_dags/example_local_kubernetes_executor.py took 0.116 seconds
[2022-11-28T23:40:52.684+0000] {processor.py:154} INFO - Started process (PID=1755) to work on /home/airflow/.local/lib/python3.7/site-packages/airflow/example_dags/example_local_kubernetes_executor.py
[2022-11-28T23:40:52.685+0000] {processor.py:756} INFO - Processing file /home/airflow/.local/lib/python3.7/site-packages/airflow/example_dags/example_local_kubernetes_executor.py for tasks to queue
[2022-11-28T23:40:52.685+0000] {logging_mixin.py:137} INFO - [2022-11-28T23:40:52.685+0000] {dagbag.py:537} INFO - Filling up the DagBag from /home/airflow/.local/lib/python3.7/site-packages/airflow/example_dags/example_local_kubernetes_executor.py
[2022-11-28T23:40:52.704+0000] {processor.py:766} INFO - DAG(s) dict_keys(['example_local_kubernetes_executor']) retrieved from /home/airflow/.local/lib/python3.7/site-packages/airflow/example_dags/example_local_kubernetes_executor.py
[2022-11-28T23:40:52.748+0000] {logging_mixin.py:137} INFO - [2022-11-28T23:40:52.747+0000] {dag.py:2585} INFO - Sync 1 DAGs
[2022-11-28T23:40:52.777+0000] {logging_mixin.py:137} INFO - [2022-11-28T23:40:52.777+0000] {dag.py:3340} INFO - Setting next_dagrun for example_local_kubernetes_executor to None, run_after=None
[2022-11-28T23:40:52.804+0000] {processor.py:176} INFO - Processing /home/airflow/.local/lib/python3.7/site-packages/airflow/example_dags/example_local_kubernetes_executor.py took 0.123 seconds
[2022-11-28T23:41:23.648+0000] {processor.py:154} INFO - Started process (PID=1962) to work on /home/airflow/.local/lib/python3.7/site-packages/airflow/example_dags/example_local_kubernetes_executor.py
[2022-11-28T23:41:23.649+0000] {processor.py:756} INFO - Processing file /home/airflow/.local/lib/python3.7/site-packages/airflow/example_dags/example_local_kubernetes_executor.py for tasks to queue
[2022-11-28T23:41:23.649+0000] {logging_mixin.py:137} INFO - [2022-11-28T23:41:23.649+0000] {dagbag.py:537} INFO - Filling up the DagBag from /home/airflow/.local/lib/python3.7/site-packages/airflow/example_dags/example_local_kubernetes_executor.py
[2022-11-28T23:41:23.670+0000] {processor.py:766} INFO - DAG(s) dict_keys(['example_local_kubernetes_executor']) retrieved from /home/airflow/.local/lib/python3.7/site-packages/airflow/example_dags/example_local_kubernetes_executor.py
[2022-11-28T23:41:23.706+0000] {logging_mixin.py:137} INFO - [2022-11-28T23:41:23.706+0000] {dag.py:2585} INFO - Sync 1 DAGs
[2022-11-28T23:41:23.736+0000] {logging_mixin.py:137} INFO - [2022-11-28T23:41:23.735+0000] {dag.py:3340} INFO - Setting next_dagrun for example_local_kubernetes_executor to None, run_after=None
[2022-11-28T23:41:23.760+0000] {processor.py:176} INFO - Processing /home/airflow/.local/lib/python3.7/site-packages/airflow/example_dags/example_local_kubernetes_executor.py took 0.114 seconds
[2022-11-28T23:41:54.623+0000] {processor.py:154} INFO - Started process (PID=2169) to work on /home/airflow/.local/lib/python3.7/site-packages/airflow/example_dags/example_local_kubernetes_executor.py
[2022-11-28T23:41:54.624+0000] {processor.py:756} INFO - Processing file /home/airflow/.local/lib/python3.7/site-packages/airflow/example_dags/example_local_kubernetes_executor.py for tasks to queue
[2022-11-28T23:41:54.624+0000] {logging_mixin.py:137} INFO - [2022-11-28T23:41:54.624+0000] {dagbag.py:537} INFO - Filling up the DagBag from /home/airflow/.local/lib/python3.7/site-packages/airflow/example_dags/example_local_kubernetes_executor.py
[2022-11-28T23:41:54.645+0000] {processor.py:766} INFO - DAG(s) dict_keys(['example_local_kubernetes_executor']) retrieved from /home/airflow/.local/lib/python3.7/site-packages/airflow/example_dags/example_local_kubernetes_executor.py
[2022-11-28T23:41:54.683+0000] {logging_mixin.py:137} INFO - [2022-11-28T23:41:54.683+0000] {dag.py:2585} INFO - Sync 1 DAGs
[2022-11-28T23:41:54.714+0000] {logging_mixin.py:137} INFO - [2022-11-28T23:41:54.714+0000] {dag.py:3340} INFO - Setting next_dagrun for example_local_kubernetes_executor to None, run_after=None
[2022-11-28T23:41:54.737+0000] {processor.py:176} INFO - Processing /home/airflow/.local/lib/python3.7/site-packages/airflow/example_dags/example_local_kubernetes_executor.py took 0.116 seconds
[2022-11-28T23:42:26.754+0000] {processor.py:154} INFO - Started process (PID=2374) to work on /home/airflow/.local/lib/python3.7/site-packages/airflow/example_dags/example_local_kubernetes_executor.py
[2022-11-28T23:42:26.756+0000] {processor.py:756} INFO - Processing file /home/airflow/.local/lib/python3.7/site-packages/airflow/example_dags/example_local_kubernetes_executor.py for tasks to queue
[2022-11-28T23:42:26.756+0000] {logging_mixin.py:137} INFO - [2022-11-28T23:42:26.756+0000] {dagbag.py:537} INFO - Filling up the DagBag from /home/airflow/.local/lib/python3.7/site-packages/airflow/example_dags/example_local_kubernetes_executor.py
[2022-11-28T23:42:26.785+0000] {processor.py:766} INFO - DAG(s) dict_keys(['example_local_kubernetes_executor']) retrieved from /home/airflow/.local/lib/python3.7/site-packages/airflow/example_dags/example_local_kubernetes_executor.py
[2022-11-28T23:42:26.840+0000] {logging_mixin.py:137} INFO - [2022-11-28T23:42:26.840+0000] {dag.py:2585} INFO - Sync 1 DAGs
[2022-11-28T23:42:26.882+0000] {logging_mixin.py:137} INFO - [2022-11-28T23:42:26.882+0000] {dag.py:3340} INFO - Setting next_dagrun for example_local_kubernetes_executor to None, run_after=None
[2022-11-28T23:42:26.918+0000] {processor.py:176} INFO - Processing /home/airflow/.local/lib/python3.7/site-packages/airflow/example_dags/example_local_kubernetes_executor.py took 0.167 seconds
[2022-11-28T23:42:57.189+0000] {processor.py:154} INFO - Started process (PID=2574) to work on /home/airflow/.local/lib/python3.7/site-packages/airflow/example_dags/example_local_kubernetes_executor.py
[2022-11-28T23:42:57.190+0000] {processor.py:756} INFO - Processing file /home/airflow/.local/lib/python3.7/site-packages/airflow/example_dags/example_local_kubernetes_executor.py for tasks to queue
[2022-11-28T23:42:57.190+0000] {logging_mixin.py:137} INFO - [2022-11-28T23:42:57.190+0000] {dagbag.py:537} INFO - Filling up the DagBag from /home/airflow/.local/lib/python3.7/site-packages/airflow/example_dags/example_local_kubernetes_executor.py
[2022-11-28T23:42:57.211+0000] {processor.py:766} INFO - DAG(s) dict_keys(['example_local_kubernetes_executor']) retrieved from /home/airflow/.local/lib/python3.7/site-packages/airflow/example_dags/example_local_kubernetes_executor.py
[2022-11-28T23:42:57.255+0000] {logging_mixin.py:137} INFO - [2022-11-28T23:42:57.255+0000] {dag.py:2585} INFO - Sync 1 DAGs
[2022-11-28T23:42:57.284+0000] {logging_mixin.py:137} INFO - [2022-11-28T23:42:57.284+0000] {dag.py:3340} INFO - Setting next_dagrun for example_local_kubernetes_executor to None, run_after=None
[2022-11-28T23:42:57.309+0000] {processor.py:176} INFO - Processing /home/airflow/.local/lib/python3.7/site-packages/airflow/example_dags/example_local_kubernetes_executor.py took 0.121 seconds
[2022-11-28T23:43:28.075+0000] {processor.py:154} INFO - Started process (PID=2781) to work on /home/airflow/.local/lib/python3.7/site-packages/airflow/example_dags/example_local_kubernetes_executor.py
[2022-11-28T23:43:28.076+0000] {processor.py:756} INFO - Processing file /home/airflow/.local/lib/python3.7/site-packages/airflow/example_dags/example_local_kubernetes_executor.py for tasks to queue
[2022-11-28T23:43:28.076+0000] {logging_mixin.py:137} INFO - [2022-11-28T23:43:28.076+0000] {dagbag.py:537} INFO - Filling up the DagBag from /home/airflow/.local/lib/python3.7/site-packages/airflow/example_dags/example_local_kubernetes_executor.py
[2022-11-28T23:43:28.097+0000] {processor.py:766} INFO - DAG(s) dict_keys(['example_local_kubernetes_executor']) retrieved from /home/airflow/.local/lib/python3.7/site-packages/airflow/example_dags/example_local_kubernetes_executor.py
[2022-11-28T23:43:28.133+0000] {logging_mixin.py:137} INFO - [2022-11-28T23:43:28.133+0000] {dag.py:2585} INFO - Sync 1 DAGs
[2022-11-28T23:43:28.159+0000] {logging_mixin.py:137} INFO - [2022-11-28T23:43:28.159+0000] {dag.py:3340} INFO - Setting next_dagrun for example_local_kubernetes_executor to None, run_after=None
[2022-11-28T23:43:28.179+0000] {processor.py:176} INFO - Processing /home/airflow/.local/lib/python3.7/site-packages/airflow/example_dags/example_local_kubernetes_executor.py took 0.106 seconds
[2022-11-28T23:43:58.568+0000] {processor.py:154} INFO - Started process (PID=2979) to work on /home/airflow/.local/lib/python3.7/site-packages/airflow/example_dags/example_local_kubernetes_executor.py
[2022-11-28T23:43:58.568+0000] {processor.py:756} INFO - Processing file /home/airflow/.local/lib/python3.7/site-packages/airflow/example_dags/example_local_kubernetes_executor.py for tasks to queue
[2022-11-28T23:43:58.569+0000] {logging_mixin.py:137} INFO - [2022-11-28T23:43:58.569+0000] {dagbag.py:537} INFO - Filling up the DagBag from /home/airflow/.local/lib/python3.7/site-packages/airflow/example_dags/example_local_kubernetes_executor.py
[2022-11-28T23:43:58.588+0000] {processor.py:766} INFO - DAG(s) dict_keys(['example_local_kubernetes_executor']) retrieved from /home/airflow/.local/lib/python3.7/site-packages/airflow/example_dags/example_local_kubernetes_executor.py
[2022-11-28T23:43:58.623+0000] {logging_mixin.py:137} INFO - [2022-11-28T23:43:58.623+0000] {dag.py:2585} INFO - Sync 1 DAGs
[2022-11-28T23:43:58.651+0000] {logging_mixin.py:137} INFO - [2022-11-28T23:43:58.651+0000] {dag.py:3340} INFO - Setting next_dagrun for example_local_kubernetes_executor to None, run_after=None
[2022-11-28T23:43:58.671+0000] {processor.py:176} INFO - Processing /home/airflow/.local/lib/python3.7/site-packages/airflow/example_dags/example_local_kubernetes_executor.py took 0.105 seconds
[2022-11-28T23:44:29.235+0000] {processor.py:154} INFO - Started process (PID=3186) to work on /home/airflow/.local/lib/python3.7/site-packages/airflow/example_dags/example_local_kubernetes_executor.py
[2022-11-28T23:44:29.236+0000] {processor.py:756} INFO - Processing file /home/airflow/.local/lib/python3.7/site-packages/airflow/example_dags/example_local_kubernetes_executor.py for tasks to queue
[2022-11-28T23:44:29.236+0000] {logging_mixin.py:137} INFO - [2022-11-28T23:44:29.236+0000] {dagbag.py:537} INFO - Filling up the DagBag from /home/airflow/.local/lib/python3.7/site-packages/airflow/example_dags/example_local_kubernetes_executor.py
[2022-11-28T23:44:29.254+0000] {processor.py:766} INFO - DAG(s) dict_keys(['example_local_kubernetes_executor']) retrieved from /home/airflow/.local/lib/python3.7/site-packages/airflow/example_dags/example_local_kubernetes_executor.py
[2022-11-28T23:44:29.287+0000] {logging_mixin.py:137} INFO - [2022-11-28T23:44:29.287+0000] {dag.py:2585} INFO - Sync 1 DAGs
[2022-11-28T23:44:29.316+0000] {logging_mixin.py:137} INFO - [2022-11-28T23:44:29.316+0000] {dag.py:3340} INFO - Setting next_dagrun for example_local_kubernetes_executor to None, run_after=None
[2022-11-28T23:44:29.338+0000] {processor.py:176} INFO - Processing /home/airflow/.local/lib/python3.7/site-packages/airflow/example_dags/example_local_kubernetes_executor.py took 0.105 seconds
[2022-11-28T23:45:00.053+0000] {processor.py:154} INFO - Started process (PID=3393) to work on /home/airflow/.local/lib/python3.7/site-packages/airflow/example_dags/example_local_kubernetes_executor.py
[2022-11-28T23:45:00.054+0000] {processor.py:756} INFO - Processing file /home/airflow/.local/lib/python3.7/site-packages/airflow/example_dags/example_local_kubernetes_executor.py for tasks to queue
[2022-11-28T23:45:00.054+0000] {logging_mixin.py:137} INFO - [2022-11-28T23:45:00.054+0000] {dagbag.py:537} INFO - Filling up the DagBag from /home/airflow/.local/lib/python3.7/site-packages/airflow/example_dags/example_local_kubernetes_executor.py
[2022-11-28T23:45:00.073+0000] {processor.py:766} INFO - DAG(s) dict_keys(['example_local_kubernetes_executor']) retrieved from /home/airflow/.local/lib/python3.7/site-packages/airflow/example_dags/example_local_kubernetes_executor.py
[2022-11-28T23:45:00.107+0000] {logging_mixin.py:137} INFO - [2022-11-28T23:45:00.107+0000] {dag.py:2585} INFO - Sync 1 DAGs
[2022-11-28T23:45:00.132+0000] {logging_mixin.py:137} INFO - [2022-11-28T23:45:00.132+0000] {dag.py:3340} INFO - Setting next_dagrun for example_local_kubernetes_executor to None, run_after=None
[2022-11-28T23:45:00.154+0000] {processor.py:176} INFO - Processing /home/airflow/.local/lib/python3.7/site-packages/airflow/example_dags/example_local_kubernetes_executor.py took 0.103 seconds
