[2022-11-28T23:37:15.607+0000] {processor.py:154} INFO - Started process (PID=256) to work on /home/airflow/.local/lib/python3.7/site-packages/airflow/example_dags/tutorial.py
[2022-11-28T23:37:15.607+0000] {processor.py:756} INFO - Processing file /home/airflow/.local/lib/python3.7/site-packages/airflow/example_dags/tutorial.py for tasks to queue
[2022-11-28T23:37:15.608+0000] {logging_mixin.py:137} INFO - [2022-11-28T23:37:15.608+0000] {dagbag.py:537} INFO - Filling up the DagBag from /home/airflow/.local/lib/python3.7/site-packages/airflow/example_dags/tutorial.py
[2022-11-28T23:37:15.623+0000] {processor.py:766} INFO - DAG(s) dict_keys(['tutorial']) retrieved from /home/airflow/.local/lib/python3.7/site-packages/airflow/example_dags/tutorial.py
[2022-11-28T23:37:15.666+0000] {logging_mixin.py:137} INFO - [2022-11-28T23:37:15.666+0000] {dag.py:2585} INFO - Sync 1 DAGs
[2022-11-28T23:37:15.698+0000] {logging_mixin.py:137} INFO - [2022-11-28T23:37:15.698+0000] {dag.py:3340} INFO - Setting next_dagrun for tutorial to 2022-11-27T23:37:15.697784+00:00, run_after=2022-11-28T23:37:15.697784+00:00
[2022-11-28T23:37:15.722+0000] {processor.py:176} INFO - Processing /home/airflow/.local/lib/python3.7/site-packages/airflow/example_dags/tutorial.py took 0.118 seconds
[2022-11-28T23:37:46.486+0000] {processor.py:154} INFO - Started process (PID=454) to work on /home/airflow/.local/lib/python3.7/site-packages/airflow/example_dags/tutorial.py
[2022-11-28T23:37:46.487+0000] {processor.py:756} INFO - Processing file /home/airflow/.local/lib/python3.7/site-packages/airflow/example_dags/tutorial.py for tasks to queue
[2022-11-28T23:37:46.487+0000] {logging_mixin.py:137} INFO - [2022-11-28T23:37:46.487+0000] {dagbag.py:537} INFO - Filling up the DagBag from /home/airflow/.local/lib/python3.7/site-packages/airflow/example_dags/tutorial.py
[2022-11-28T23:37:46.501+0000] {processor.py:766} INFO - DAG(s) dict_keys(['tutorial']) retrieved from /home/airflow/.local/lib/python3.7/site-packages/airflow/example_dags/tutorial.py
[2022-11-28T23:37:46.540+0000] {logging_mixin.py:137} INFO - [2022-11-28T23:37:46.540+0000] {dag.py:2585} INFO - Sync 1 DAGs
[2022-11-28T23:37:46.580+0000] {logging_mixin.py:137} INFO - [2022-11-28T23:37:46.580+0000] {dag.py:3340} INFO - Setting next_dagrun for tutorial to 2022-11-27T23:37:46.580304+00:00, run_after=2022-11-28T23:37:46.580304+00:00
[2022-11-28T23:37:46.613+0000] {processor.py:176} INFO - Processing /home/airflow/.local/lib/python3.7/site-packages/airflow/example_dags/tutorial.py took 0.129 seconds
[2022-11-28T23:38:17.390+0000] {processor.py:154} INFO - Started process (PID=662) to work on /home/airflow/.local/lib/python3.7/site-packages/airflow/example_dags/tutorial.py
[2022-11-28T23:38:17.390+0000] {processor.py:756} INFO - Processing file /home/airflow/.local/lib/python3.7/site-packages/airflow/example_dags/tutorial.py for tasks to queue
[2022-11-28T23:38:17.390+0000] {logging_mixin.py:137} INFO - [2022-11-28T23:38:17.390+0000] {dagbag.py:537} INFO - Filling up the DagBag from /home/airflow/.local/lib/python3.7/site-packages/airflow/example_dags/tutorial.py
[2022-11-28T23:38:17.402+0000] {processor.py:766} INFO - DAG(s) dict_keys(['tutorial']) retrieved from /home/airflow/.local/lib/python3.7/site-packages/airflow/example_dags/tutorial.py
[2022-11-28T23:38:17.439+0000] {logging_mixin.py:137} INFO - [2022-11-28T23:38:17.439+0000] {dag.py:2585} INFO - Sync 1 DAGs
[2022-11-28T23:38:17.467+0000] {logging_mixin.py:137} INFO - [2022-11-28T23:38:17.467+0000] {dag.py:3340} INFO - Setting next_dagrun for tutorial to 2022-11-27T23:38:17.467508+00:00, run_after=2022-11-28T23:38:17.467508+00:00
[2022-11-28T23:38:17.489+0000] {processor.py:176} INFO - Processing /home/airflow/.local/lib/python3.7/site-packages/airflow/example_dags/tutorial.py took 0.102 seconds
[2022-11-28T23:38:48.203+0000] {processor.py:154} INFO - Started process (PID=869) to work on /home/airflow/.local/lib/python3.7/site-packages/airflow/example_dags/tutorial.py
[2022-11-28T23:38:48.203+0000] {processor.py:756} INFO - Processing file /home/airflow/.local/lib/python3.7/site-packages/airflow/example_dags/tutorial.py for tasks to queue
[2022-11-28T23:38:48.204+0000] {logging_mixin.py:137} INFO - [2022-11-28T23:38:48.204+0000] {dagbag.py:537} INFO - Filling up the DagBag from /home/airflow/.local/lib/python3.7/site-packages/airflow/example_dags/tutorial.py
[2022-11-28T23:38:48.216+0000] {processor.py:766} INFO - DAG(s) dict_keys(['tutorial']) retrieved from /home/airflow/.local/lib/python3.7/site-packages/airflow/example_dags/tutorial.py
[2022-11-28T23:38:48.250+0000] {logging_mixin.py:137} INFO - [2022-11-28T23:38:48.250+0000] {dag.py:2585} INFO - Sync 1 DAGs
[2022-11-28T23:38:48.277+0000] {logging_mixin.py:137} INFO - [2022-11-28T23:38:48.277+0000] {dag.py:3340} INFO - Setting next_dagrun for tutorial to 2022-11-27T23:38:48.277462+00:00, run_after=2022-11-28T23:38:48.277462+00:00
[2022-11-28T23:38:48.299+0000] {processor.py:176} INFO - Processing /home/airflow/.local/lib/python3.7/site-packages/airflow/example_dags/tutorial.py took 0.098 seconds
[2022-11-28T23:39:18.855+0000] {processor.py:154} INFO - Started process (PID=1067) to work on /home/airflow/.local/lib/python3.7/site-packages/airflow/example_dags/tutorial.py
[2022-11-28T23:39:18.856+0000] {processor.py:756} INFO - Processing file /home/airflow/.local/lib/python3.7/site-packages/airflow/example_dags/tutorial.py for tasks to queue
[2022-11-28T23:39:18.856+0000] {logging_mixin.py:137} INFO - [2022-11-28T23:39:18.856+0000] {dagbag.py:537} INFO - Filling up the DagBag from /home/airflow/.local/lib/python3.7/site-packages/airflow/example_dags/tutorial.py
[2022-11-28T23:39:18.871+0000] {processor.py:766} INFO - DAG(s) dict_keys(['tutorial']) retrieved from /home/airflow/.local/lib/python3.7/site-packages/airflow/example_dags/tutorial.py
[2022-11-28T23:39:18.912+0000] {logging_mixin.py:137} INFO - [2022-11-28T23:39:18.911+0000] {dag.py:2585} INFO - Sync 1 DAGs
[2022-11-28T23:39:18.939+0000] {logging_mixin.py:137} INFO - [2022-11-28T23:39:18.939+0000] {dag.py:3340} INFO - Setting next_dagrun for tutorial to 2022-11-27T23:39:18.939407+00:00, run_after=2022-11-28T23:39:18.939407+00:00
[2022-11-28T23:39:18.966+0000] {processor.py:176} INFO - Processing /home/airflow/.local/lib/python3.7/site-packages/airflow/example_dags/tutorial.py took 0.113 seconds
[2022-11-28T23:39:49.903+0000] {processor.py:154} INFO - Started process (PID=1274) to work on /home/airflow/.local/lib/python3.7/site-packages/airflow/example_dags/tutorial.py
[2022-11-28T23:39:49.904+0000] {processor.py:756} INFO - Processing file /home/airflow/.local/lib/python3.7/site-packages/airflow/example_dags/tutorial.py for tasks to queue
[2022-11-28T23:39:49.904+0000] {logging_mixin.py:137} INFO - [2022-11-28T23:39:49.904+0000] {dagbag.py:537} INFO - Filling up the DagBag from /home/airflow/.local/lib/python3.7/site-packages/airflow/example_dags/tutorial.py
[2022-11-28T23:39:49.917+0000] {processor.py:766} INFO - DAG(s) dict_keys(['tutorial']) retrieved from /home/airflow/.local/lib/python3.7/site-packages/airflow/example_dags/tutorial.py
[2022-11-28T23:39:49.961+0000] {logging_mixin.py:137} INFO - [2022-11-28T23:39:49.961+0000] {dag.py:2585} INFO - Sync 1 DAGs
[2022-11-28T23:39:49.990+0000] {logging_mixin.py:137} INFO - [2022-11-28T23:39:49.990+0000] {dag.py:3340} INFO - Setting next_dagrun for tutorial to 2022-11-27T23:39:49.990174+00:00, run_after=2022-11-28T23:39:49.990174+00:00
[2022-11-28T23:39:50.017+0000] {processor.py:176} INFO - Processing /home/airflow/.local/lib/python3.7/site-packages/airflow/example_dags/tutorial.py took 0.117 seconds
[2022-11-28T23:40:20.814+0000] {processor.py:154} INFO - Started process (PID=1482) to work on /home/airflow/.local/lib/python3.7/site-packages/airflow/example_dags/tutorial.py
[2022-11-28T23:40:20.815+0000] {processor.py:756} INFO - Processing file /home/airflow/.local/lib/python3.7/site-packages/airflow/example_dags/tutorial.py for tasks to queue
[2022-11-28T23:40:20.815+0000] {logging_mixin.py:137} INFO - [2022-11-28T23:40:20.815+0000] {dagbag.py:537} INFO - Filling up the DagBag from /home/airflow/.local/lib/python3.7/site-packages/airflow/example_dags/tutorial.py
[2022-11-28T23:40:20.827+0000] {processor.py:766} INFO - DAG(s) dict_keys(['tutorial']) retrieved from /home/airflow/.local/lib/python3.7/site-packages/airflow/example_dags/tutorial.py
[2022-11-28T23:40:20.864+0000] {logging_mixin.py:137} INFO - [2022-11-28T23:40:20.864+0000] {dag.py:2585} INFO - Sync 1 DAGs
[2022-11-28T23:40:20.892+0000] {logging_mixin.py:137} INFO - [2022-11-28T23:40:20.892+0000] {dag.py:3340} INFO - Setting next_dagrun for tutorial to 2022-11-27T23:40:20.891857+00:00, run_after=2022-11-28T23:40:20.891857+00:00
[2022-11-28T23:40:20.920+0000] {processor.py:176} INFO - Processing /home/airflow/.local/lib/python3.7/site-packages/airflow/example_dags/tutorial.py took 0.108 seconds
[2022-11-28T23:40:51.560+0000] {processor.py:154} INFO - Started process (PID=1680) to work on /home/airflow/.local/lib/python3.7/site-packages/airflow/example_dags/tutorial.py
[2022-11-28T23:40:51.561+0000] {processor.py:756} INFO - Processing file /home/airflow/.local/lib/python3.7/site-packages/airflow/example_dags/tutorial.py for tasks to queue
[2022-11-28T23:40:51.561+0000] {logging_mixin.py:137} INFO - [2022-11-28T23:40:51.561+0000] {dagbag.py:537} INFO - Filling up the DagBag from /home/airflow/.local/lib/python3.7/site-packages/airflow/example_dags/tutorial.py
[2022-11-28T23:40:51.577+0000] {processor.py:766} INFO - DAG(s) dict_keys(['tutorial']) retrieved from /home/airflow/.local/lib/python3.7/site-packages/airflow/example_dags/tutorial.py
[2022-11-28T23:40:51.617+0000] {logging_mixin.py:137} INFO - [2022-11-28T23:40:51.617+0000] {dag.py:2585} INFO - Sync 1 DAGs
[2022-11-28T23:40:51.651+0000] {logging_mixin.py:137} INFO - [2022-11-28T23:40:51.651+0000] {dag.py:3340} INFO - Setting next_dagrun for tutorial to 2022-11-27T23:40:51.651362+00:00, run_after=2022-11-28T23:40:51.651362+00:00
[2022-11-28T23:40:51.679+0000] {processor.py:176} INFO - Processing /home/airflow/.local/lib/python3.7/site-packages/airflow/example_dags/tutorial.py took 0.123 seconds
[2022-11-28T23:41:22.503+0000] {processor.py:154} INFO - Started process (PID=1887) to work on /home/airflow/.local/lib/python3.7/site-packages/airflow/example_dags/tutorial.py
[2022-11-28T23:41:22.504+0000] {processor.py:756} INFO - Processing file /home/airflow/.local/lib/python3.7/site-packages/airflow/example_dags/tutorial.py for tasks to queue
[2022-11-28T23:41:22.505+0000] {logging_mixin.py:137} INFO - [2022-11-28T23:41:22.505+0000] {dagbag.py:537} INFO - Filling up the DagBag from /home/airflow/.local/lib/python3.7/site-packages/airflow/example_dags/tutorial.py
[2022-11-28T23:41:22.517+0000] {processor.py:766} INFO - DAG(s) dict_keys(['tutorial']) retrieved from /home/airflow/.local/lib/python3.7/site-packages/airflow/example_dags/tutorial.py
[2022-11-28T23:41:22.554+0000] {logging_mixin.py:137} INFO - [2022-11-28T23:41:22.554+0000] {dag.py:2585} INFO - Sync 1 DAGs
[2022-11-28T23:41:22.583+0000] {logging_mixin.py:137} INFO - [2022-11-28T23:41:22.583+0000] {dag.py:3340} INFO - Setting next_dagrun for tutorial to 2022-11-27T23:41:22.583062+00:00, run_after=2022-11-28T23:41:22.583062+00:00
[2022-11-28T23:41:22.609+0000] {processor.py:176} INFO - Processing /home/airflow/.local/lib/python3.7/site-packages/airflow/example_dags/tutorial.py took 0.109 seconds
[2022-11-28T23:41:53.507+0000] {processor.py:154} INFO - Started process (PID=2094) to work on /home/airflow/.local/lib/python3.7/site-packages/airflow/example_dags/tutorial.py
[2022-11-28T23:41:53.508+0000] {processor.py:756} INFO - Processing file /home/airflow/.local/lib/python3.7/site-packages/airflow/example_dags/tutorial.py for tasks to queue
[2022-11-28T23:41:53.509+0000] {logging_mixin.py:137} INFO - [2022-11-28T23:41:53.508+0000] {dagbag.py:537} INFO - Filling up the DagBag from /home/airflow/.local/lib/python3.7/site-packages/airflow/example_dags/tutorial.py
[2022-11-28T23:41:53.521+0000] {processor.py:766} INFO - DAG(s) dict_keys(['tutorial']) retrieved from /home/airflow/.local/lib/python3.7/site-packages/airflow/example_dags/tutorial.py
[2022-11-28T23:41:53.561+0000] {logging_mixin.py:137} INFO - [2022-11-28T23:41:53.561+0000] {dag.py:2585} INFO - Sync 1 DAGs
[2022-11-28T23:41:53.592+0000] {logging_mixin.py:137} INFO - [2022-11-28T23:41:53.591+0000] {dag.py:3340} INFO - Setting next_dagrun for tutorial to 2022-11-27T23:41:53.591662+00:00, run_after=2022-11-28T23:41:53.591662+00:00
[2022-11-28T23:41:53.619+0000] {processor.py:176} INFO - Processing /home/airflow/.local/lib/python3.7/site-packages/airflow/example_dags/tutorial.py took 0.114 seconds
[2022-11-28T23:42:24.676+0000] {processor.py:154} INFO - Started process (PID=2294) to work on /home/airflow/.local/lib/python3.7/site-packages/airflow/example_dags/tutorial.py
[2022-11-28T23:42:24.677+0000] {processor.py:756} INFO - Processing file /home/airflow/.local/lib/python3.7/site-packages/airflow/example_dags/tutorial.py for tasks to queue
[2022-11-28T23:42:24.678+0000] {logging_mixin.py:137} INFO - [2022-11-28T23:42:24.678+0000] {dagbag.py:537} INFO - Filling up the DagBag from /home/airflow/.local/lib/python3.7/site-packages/airflow/example_dags/tutorial.py
[2022-11-28T23:42:24.705+0000] {processor.py:766} INFO - DAG(s) dict_keys(['tutorial']) retrieved from /home/airflow/.local/lib/python3.7/site-packages/airflow/example_dags/tutorial.py
[2022-11-28T23:42:24.805+0000] {logging_mixin.py:137} INFO - [2022-11-28T23:42:24.805+0000] {dag.py:2585} INFO - Sync 1 DAGs
[2022-11-28T23:42:24.867+0000] {logging_mixin.py:137} INFO - [2022-11-28T23:42:24.867+0000] {dag.py:3340} INFO - Setting next_dagrun for tutorial to 2022-11-27T23:42:24.866852+00:00, run_after=2022-11-28T23:42:24.866852+00:00
[2022-11-28T23:42:24.896+0000] {processor.py:176} INFO - Processing /home/airflow/.local/lib/python3.7/site-packages/airflow/example_dags/tutorial.py took 0.230 seconds
[2022-11-28T23:42:54.985+0000] {processor.py:154} INFO - Started process (PID=2499) to work on /home/airflow/.local/lib/python3.7/site-packages/airflow/example_dags/tutorial.py
[2022-11-28T23:42:54.986+0000] {processor.py:756} INFO - Processing file /home/airflow/.local/lib/python3.7/site-packages/airflow/example_dags/tutorial.py for tasks to queue
[2022-11-28T23:42:54.987+0000] {logging_mixin.py:137} INFO - [2022-11-28T23:42:54.987+0000] {dagbag.py:537} INFO - Filling up the DagBag from /home/airflow/.local/lib/python3.7/site-packages/airflow/example_dags/tutorial.py
[2022-11-28T23:42:54.999+0000] {processor.py:766} INFO - DAG(s) dict_keys(['tutorial']) retrieved from /home/airflow/.local/lib/python3.7/site-packages/airflow/example_dags/tutorial.py
[2022-11-28T23:42:55.040+0000] {logging_mixin.py:137} INFO - [2022-11-28T23:42:55.040+0000] {dag.py:2585} INFO - Sync 1 DAGs
[2022-11-28T23:42:55.068+0000] {logging_mixin.py:137} INFO - [2022-11-28T23:42:55.068+0000] {dag.py:3340} INFO - Setting next_dagrun for tutorial to 2022-11-27T23:42:55.068349+00:00, run_after=2022-11-28T23:42:55.068349+00:00
[2022-11-28T23:42:55.092+0000] {processor.py:176} INFO - Processing /home/airflow/.local/lib/python3.7/site-packages/airflow/example_dags/tutorial.py took 0.109 seconds
[2022-11-28T23:43:25.967+0000] {processor.py:154} INFO - Started process (PID=2706) to work on /home/airflow/.local/lib/python3.7/site-packages/airflow/example_dags/tutorial.py
[2022-11-28T23:43:25.968+0000] {processor.py:756} INFO - Processing file /home/airflow/.local/lib/python3.7/site-packages/airflow/example_dags/tutorial.py for tasks to queue
[2022-11-28T23:43:25.968+0000] {logging_mixin.py:137} INFO - [2022-11-28T23:43:25.968+0000] {dagbag.py:537} INFO - Filling up the DagBag from /home/airflow/.local/lib/python3.7/site-packages/airflow/example_dags/tutorial.py
[2022-11-28T23:43:25.983+0000] {processor.py:766} INFO - DAG(s) dict_keys(['tutorial']) retrieved from /home/airflow/.local/lib/python3.7/site-packages/airflow/example_dags/tutorial.py
[2022-11-28T23:43:26.022+0000] {logging_mixin.py:137} INFO - [2022-11-28T23:43:26.022+0000] {dag.py:2585} INFO - Sync 1 DAGs
[2022-11-28T23:43:26.053+0000] {logging_mixin.py:137} INFO - [2022-11-28T23:43:26.053+0000] {dag.py:3340} INFO - Setting next_dagrun for tutorial to 2022-11-27T23:43:26.053203+00:00, run_after=2022-11-28T23:43:26.053203+00:00
[2022-11-28T23:43:26.077+0000] {processor.py:176} INFO - Processing /home/airflow/.local/lib/python3.7/site-packages/airflow/example_dags/tutorial.py took 0.112 seconds
[2022-11-28T23:43:56.553+0000] {processor.py:154} INFO - Started process (PID=2904) to work on /home/airflow/.local/lib/python3.7/site-packages/airflow/example_dags/tutorial.py
[2022-11-28T23:43:56.554+0000] {processor.py:756} INFO - Processing file /home/airflow/.local/lib/python3.7/site-packages/airflow/example_dags/tutorial.py for tasks to queue
[2022-11-28T23:43:56.555+0000] {logging_mixin.py:137} INFO - [2022-11-28T23:43:56.554+0000] {dagbag.py:537} INFO - Filling up the DagBag from /home/airflow/.local/lib/python3.7/site-packages/airflow/example_dags/tutorial.py
[2022-11-28T23:43:56.568+0000] {processor.py:766} INFO - DAG(s) dict_keys(['tutorial']) retrieved from /home/airflow/.local/lib/python3.7/site-packages/airflow/example_dags/tutorial.py
[2022-11-28T23:43:56.605+0000] {logging_mixin.py:137} INFO - [2022-11-28T23:43:56.604+0000] {dag.py:2585} INFO - Sync 1 DAGs
[2022-11-28T23:43:56.637+0000] {logging_mixin.py:137} INFO - [2022-11-28T23:43:56.637+0000] {dag.py:3340} INFO - Setting next_dagrun for tutorial to 2022-11-27T23:43:56.636849+00:00, run_after=2022-11-28T23:43:56.636849+00:00
[2022-11-28T23:43:56.662+0000] {processor.py:176} INFO - Processing /home/airflow/.local/lib/python3.7/site-packages/airflow/example_dags/tutorial.py took 0.112 seconds
[2022-11-28T23:44:27.243+0000] {processor.py:154} INFO - Started process (PID=3111) to work on /home/airflow/.local/lib/python3.7/site-packages/airflow/example_dags/tutorial.py
[2022-11-28T23:44:27.244+0000] {processor.py:756} INFO - Processing file /home/airflow/.local/lib/python3.7/site-packages/airflow/example_dags/tutorial.py for tasks to queue
[2022-11-28T23:44:27.244+0000] {logging_mixin.py:137} INFO - [2022-11-28T23:44:27.244+0000] {dagbag.py:537} INFO - Filling up the DagBag from /home/airflow/.local/lib/python3.7/site-packages/airflow/example_dags/tutorial.py
[2022-11-28T23:44:27.255+0000] {processor.py:766} INFO - DAG(s) dict_keys(['tutorial']) retrieved from /home/airflow/.local/lib/python3.7/site-packages/airflow/example_dags/tutorial.py
[2022-11-28T23:44:27.289+0000] {logging_mixin.py:137} INFO - [2022-11-28T23:44:27.289+0000] {dag.py:2585} INFO - Sync 1 DAGs
[2022-11-28T23:44:27.317+0000] {logging_mixin.py:137} INFO - [2022-11-28T23:44:27.317+0000] {dag.py:3340} INFO - Setting next_dagrun for tutorial to 2022-11-27T23:44:27.317051+00:00, run_after=2022-11-28T23:44:27.317051+00:00
[2022-11-28T23:44:27.340+0000] {processor.py:176} INFO - Processing /home/airflow/.local/lib/python3.7/site-packages/airflow/example_dags/tutorial.py took 0.099 seconds
[2022-11-28T23:44:57.956+0000] {processor.py:154} INFO - Started process (PID=3318) to work on /home/airflow/.local/lib/python3.7/site-packages/airflow/example_dags/tutorial.py
[2022-11-28T23:44:57.957+0000] {processor.py:756} INFO - Processing file /home/airflow/.local/lib/python3.7/site-packages/airflow/example_dags/tutorial.py for tasks to queue
[2022-11-28T23:44:57.957+0000] {logging_mixin.py:137} INFO - [2022-11-28T23:44:57.957+0000] {dagbag.py:537} INFO - Filling up the DagBag from /home/airflow/.local/lib/python3.7/site-packages/airflow/example_dags/tutorial.py
[2022-11-28T23:44:57.971+0000] {processor.py:766} INFO - DAG(s) dict_keys(['tutorial']) retrieved from /home/airflow/.local/lib/python3.7/site-packages/airflow/example_dags/tutorial.py
[2022-11-28T23:44:58.019+0000] {logging_mixin.py:137} INFO - [2022-11-28T23:44:58.019+0000] {dag.py:2585} INFO - Sync 1 DAGs
[2022-11-28T23:44:58.064+0000] {logging_mixin.py:137} INFO - [2022-11-28T23:44:58.063+0000] {dag.py:3340} INFO - Setting next_dagrun for tutorial to 2022-11-27T23:44:58.063761+00:00, run_after=2022-11-28T23:44:58.063761+00:00
[2022-11-28T23:44:58.088+0000] {processor.py:176} INFO - Processing /home/airflow/.local/lib/python3.7/site-packages/airflow/example_dags/tutorial.py took 0.133 seconds
[2022-11-28T23:45:28.724+0000] {processor.py:154} INFO - Started process (PID=3516) to work on /home/airflow/.local/lib/python3.7/site-packages/airflow/example_dags/tutorial.py
[2022-11-28T23:45:28.725+0000] {processor.py:756} INFO - Processing file /home/airflow/.local/lib/python3.7/site-packages/airflow/example_dags/tutorial.py for tasks to queue
[2022-11-28T23:45:28.725+0000] {logging_mixin.py:137} INFO - [2022-11-28T23:45:28.725+0000] {dagbag.py:537} INFO - Filling up the DagBag from /home/airflow/.local/lib/python3.7/site-packages/airflow/example_dags/tutorial.py
[2022-11-28T23:45:28.736+0000] {processor.py:766} INFO - DAG(s) dict_keys(['tutorial']) retrieved from /home/airflow/.local/lib/python3.7/site-packages/airflow/example_dags/tutorial.py
[2022-11-28T23:45:28.777+0000] {logging_mixin.py:137} INFO - [2022-11-28T23:45:28.777+0000] {dag.py:2585} INFO - Sync 1 DAGs
[2022-11-28T23:45:28.803+0000] {logging_mixin.py:137} INFO - [2022-11-28T23:45:28.803+0000] {dag.py:3340} INFO - Setting next_dagrun for tutorial to 2022-11-27T23:45:28.803283+00:00, run_after=2022-11-28T23:45:28.803283+00:00
[2022-11-28T23:45:28.829+0000] {processor.py:176} INFO - Processing /home/airflow/.local/lib/python3.7/site-packages/airflow/example_dags/tutorial.py took 0.107 seconds
