[2022-11-28T23:37:15.698+0000] {processor.py:154} INFO - Started process (PID=261) to work on /home/airflow/.local/lib/python3.7/site-packages/airflow/example_dags/tutorial_dag.py
[2022-11-28T23:37:15.698+0000] {processor.py:756} INFO - Processing file /home/airflow/.local/lib/python3.7/site-packages/airflow/example_dags/tutorial_dag.py for tasks to queue
[2022-11-28T23:37:15.699+0000] {logging_mixin.py:137} INFO - [2022-11-28T23:37:15.699+0000] {dagbag.py:537} INFO - Filling up the DagBag from /home/airflow/.local/lib/python3.7/site-packages/airflow/example_dags/tutorial_dag.py
[2022-11-28T23:37:15.713+0000] {processor.py:766} INFO - DAG(s) dict_keys(['tutorial_dag']) retrieved from /home/airflow/.local/lib/python3.7/site-packages/airflow/example_dags/tutorial_dag.py
[2022-11-28T23:37:15.761+0000] {logging_mixin.py:137} INFO - [2022-11-28T23:37:15.761+0000] {dag.py:2585} INFO - Sync 1 DAGs
[2022-11-28T23:37:15.794+0000] {logging_mixin.py:137} INFO - [2022-11-28T23:37:15.794+0000] {dag.py:3340} INFO - Setting next_dagrun for tutorial_dag to None, run_after=None
[2022-11-28T23:37:15.820+0000] {processor.py:176} INFO - Processing /home/airflow/.local/lib/python3.7/site-packages/airflow/example_dags/tutorial_dag.py took 0.125 seconds
[2022-11-28T23:37:46.518+0000] {processor.py:154} INFO - Started process (PID=459) to work on /home/airflow/.local/lib/python3.7/site-packages/airflow/example_dags/tutorial_dag.py
[2022-11-28T23:37:46.519+0000] {processor.py:756} INFO - Processing file /home/airflow/.local/lib/python3.7/site-packages/airflow/example_dags/tutorial_dag.py for tasks to queue
[2022-11-28T23:37:46.519+0000] {logging_mixin.py:137} INFO - [2022-11-28T23:37:46.519+0000] {dagbag.py:537} INFO - Filling up the DagBag from /home/airflow/.local/lib/python3.7/site-packages/airflow/example_dags/tutorial_dag.py
[2022-11-28T23:37:46.530+0000] {processor.py:766} INFO - DAG(s) dict_keys(['tutorial_dag']) retrieved from /home/airflow/.local/lib/python3.7/site-packages/airflow/example_dags/tutorial_dag.py
[2022-11-28T23:37:46.577+0000] {logging_mixin.py:137} INFO - [2022-11-28T23:37:46.577+0000] {dag.py:2585} INFO - Sync 1 DAGs
[2022-11-28T23:37:46.610+0000] {logging_mixin.py:137} INFO - [2022-11-28T23:37:46.610+0000] {dag.py:3340} INFO - Setting next_dagrun for tutorial_dag to None, run_after=None
[2022-11-28T23:37:46.638+0000] {processor.py:176} INFO - Processing /home/airflow/.local/lib/python3.7/site-packages/airflow/example_dags/tutorial_dag.py took 0.122 seconds
[2022-11-28T23:38:17.412+0000] {processor.py:154} INFO - Started process (PID=667) to work on /home/airflow/.local/lib/python3.7/site-packages/airflow/example_dags/tutorial_dag.py
[2022-11-28T23:38:17.412+0000] {processor.py:756} INFO - Processing file /home/airflow/.local/lib/python3.7/site-packages/airflow/example_dags/tutorial_dag.py for tasks to queue
[2022-11-28T23:38:17.413+0000] {logging_mixin.py:137} INFO - [2022-11-28T23:38:17.413+0000] {dagbag.py:537} INFO - Filling up the DagBag from /home/airflow/.local/lib/python3.7/site-packages/airflow/example_dags/tutorial_dag.py
[2022-11-28T23:38:17.424+0000] {processor.py:766} INFO - DAG(s) dict_keys(['tutorial_dag']) retrieved from /home/airflow/.local/lib/python3.7/site-packages/airflow/example_dags/tutorial_dag.py
[2022-11-28T23:38:17.458+0000] {logging_mixin.py:137} INFO - [2022-11-28T23:38:17.458+0000] {dag.py:2585} INFO - Sync 1 DAGs
[2022-11-28T23:38:17.486+0000] {logging_mixin.py:137} INFO - [2022-11-28T23:38:17.486+0000] {dag.py:3340} INFO - Setting next_dagrun for tutorial_dag to None, run_after=None
[2022-11-28T23:38:17.508+0000] {processor.py:176} INFO - Processing /home/airflow/.local/lib/python3.7/site-packages/airflow/example_dags/tutorial_dag.py took 0.098 seconds
[2022-11-28T23:38:48.239+0000] {processor.py:154} INFO - Started process (PID=874) to work on /home/airflow/.local/lib/python3.7/site-packages/airflow/example_dags/tutorial_dag.py
[2022-11-28T23:38:48.240+0000] {processor.py:756} INFO - Processing file /home/airflow/.local/lib/python3.7/site-packages/airflow/example_dags/tutorial_dag.py for tasks to queue
[2022-11-28T23:38:48.241+0000] {logging_mixin.py:137} INFO - [2022-11-28T23:38:48.240+0000] {dagbag.py:537} INFO - Filling up the DagBag from /home/airflow/.local/lib/python3.7/site-packages/airflow/example_dags/tutorial_dag.py
[2022-11-28T23:38:48.251+0000] {processor.py:766} INFO - DAG(s) dict_keys(['tutorial_dag']) retrieved from /home/airflow/.local/lib/python3.7/site-packages/airflow/example_dags/tutorial_dag.py
[2022-11-28T23:38:48.286+0000] {logging_mixin.py:137} INFO - [2022-11-28T23:38:48.285+0000] {dag.py:2585} INFO - Sync 1 DAGs
[2022-11-28T23:38:48.312+0000] {logging_mixin.py:137} INFO - [2022-11-28T23:38:48.312+0000] {dag.py:3340} INFO - Setting next_dagrun for tutorial_dag to None, run_after=None
[2022-11-28T23:38:48.333+0000] {processor.py:176} INFO - Processing /home/airflow/.local/lib/python3.7/site-packages/airflow/example_dags/tutorial_dag.py took 0.096 seconds
[2022-11-28T23:39:18.980+0000] {processor.py:154} INFO - Started process (PID=1074) to work on /home/airflow/.local/lib/python3.7/site-packages/airflow/example_dags/tutorial_dag.py
[2022-11-28T23:39:18.980+0000] {processor.py:756} INFO - Processing file /home/airflow/.local/lib/python3.7/site-packages/airflow/example_dags/tutorial_dag.py for tasks to queue
[2022-11-28T23:39:18.981+0000] {logging_mixin.py:137} INFO - [2022-11-28T23:39:18.980+0000] {dagbag.py:537} INFO - Filling up the DagBag from /home/airflow/.local/lib/python3.7/site-packages/airflow/example_dags/tutorial_dag.py
[2022-11-28T23:39:18.993+0000] {processor.py:766} INFO - DAG(s) dict_keys(['tutorial_dag']) retrieved from /home/airflow/.local/lib/python3.7/site-packages/airflow/example_dags/tutorial_dag.py
[2022-11-28T23:39:19.029+0000] {logging_mixin.py:137} INFO - [2022-11-28T23:39:19.029+0000] {dag.py:2585} INFO - Sync 1 DAGs
[2022-11-28T23:39:19.057+0000] {logging_mixin.py:137} INFO - [2022-11-28T23:39:19.057+0000] {dag.py:3340} INFO - Setting next_dagrun for tutorial_dag to None, run_after=None
[2022-11-28T23:39:19.082+0000] {processor.py:176} INFO - Processing /home/airflow/.local/lib/python3.7/site-packages/airflow/example_dags/tutorial_dag.py took 0.105 seconds
[2022-11-28T23:39:50.009+0000] {processor.py:154} INFO - Started process (PID=1279) to work on /home/airflow/.local/lib/python3.7/site-packages/airflow/example_dags/tutorial_dag.py
[2022-11-28T23:39:50.010+0000] {processor.py:756} INFO - Processing file /home/airflow/.local/lib/python3.7/site-packages/airflow/example_dags/tutorial_dag.py for tasks to queue
[2022-11-28T23:39:50.010+0000] {logging_mixin.py:137} INFO - [2022-11-28T23:39:50.010+0000] {dagbag.py:537} INFO - Filling up the DagBag from /home/airflow/.local/lib/python3.7/site-packages/airflow/example_dags/tutorial_dag.py
[2022-11-28T23:39:50.022+0000] {processor.py:766} INFO - DAG(s) dict_keys(['tutorial_dag']) retrieved from /home/airflow/.local/lib/python3.7/site-packages/airflow/example_dags/tutorial_dag.py
[2022-11-28T23:39:50.065+0000] {logging_mixin.py:137} INFO - [2022-11-28T23:39:50.065+0000] {dag.py:2585} INFO - Sync 1 DAGs
[2022-11-28T23:39:50.095+0000] {logging_mixin.py:137} INFO - [2022-11-28T23:39:50.094+0000] {dag.py:3340} INFO - Setting next_dagrun for tutorial_dag to None, run_after=None
[2022-11-28T23:39:50.121+0000] {processor.py:176} INFO - Processing /home/airflow/.local/lib/python3.7/site-packages/airflow/example_dags/tutorial_dag.py took 0.114 seconds
[2022-11-28T23:40:20.907+0000] {processor.py:154} INFO - Started process (PID=1487) to work on /home/airflow/.local/lib/python3.7/site-packages/airflow/example_dags/tutorial_dag.py
[2022-11-28T23:40:20.907+0000] {processor.py:756} INFO - Processing file /home/airflow/.local/lib/python3.7/site-packages/airflow/example_dags/tutorial_dag.py for tasks to queue
[2022-11-28T23:40:20.908+0000] {logging_mixin.py:137} INFO - [2022-11-28T23:40:20.908+0000] {dagbag.py:537} INFO - Filling up the DagBag from /home/airflow/.local/lib/python3.7/site-packages/airflow/example_dags/tutorial_dag.py
[2022-11-28T23:40:20.919+0000] {processor.py:766} INFO - DAG(s) dict_keys(['tutorial_dag']) retrieved from /home/airflow/.local/lib/python3.7/site-packages/airflow/example_dags/tutorial_dag.py
[2022-11-28T23:40:20.956+0000] {logging_mixin.py:137} INFO - [2022-11-28T23:40:20.956+0000] {dag.py:2585} INFO - Sync 1 DAGs
[2022-11-28T23:40:20.984+0000] {logging_mixin.py:137} INFO - [2022-11-28T23:40:20.984+0000] {dag.py:3340} INFO - Setting next_dagrun for tutorial_dag to None, run_after=None
[2022-11-28T23:40:21.009+0000] {processor.py:176} INFO - Processing /home/airflow/.local/lib/python3.7/site-packages/airflow/example_dags/tutorial_dag.py took 0.104 seconds
[2022-11-28T23:40:51.669+0000] {processor.py:154} INFO - Started process (PID=1685) to work on /home/airflow/.local/lib/python3.7/site-packages/airflow/example_dags/tutorial_dag.py
[2022-11-28T23:40:51.670+0000] {processor.py:756} INFO - Processing file /home/airflow/.local/lib/python3.7/site-packages/airflow/example_dags/tutorial_dag.py for tasks to queue
[2022-11-28T23:40:51.670+0000] {logging_mixin.py:137} INFO - [2022-11-28T23:40:51.670+0000] {dagbag.py:537} INFO - Filling up the DagBag from /home/airflow/.local/lib/python3.7/site-packages/airflow/example_dags/tutorial_dag.py
[2022-11-28T23:40:51.681+0000] {processor.py:766} INFO - DAG(s) dict_keys(['tutorial_dag']) retrieved from /home/airflow/.local/lib/python3.7/site-packages/airflow/example_dags/tutorial_dag.py
[2022-11-28T23:40:51.724+0000] {logging_mixin.py:137} INFO - [2022-11-28T23:40:51.724+0000] {dag.py:2585} INFO - Sync 1 DAGs
[2022-11-28T23:40:51.753+0000] {logging_mixin.py:137} INFO - [2022-11-28T23:40:51.753+0000] {dag.py:3340} INFO - Setting next_dagrun for tutorial_dag to None, run_after=None
[2022-11-28T23:40:51.776+0000] {processor.py:176} INFO - Processing /home/airflow/.local/lib/python3.7/site-packages/airflow/example_dags/tutorial_dag.py took 0.110 seconds
[2022-11-28T23:41:22.610+0000] {processor.py:154} INFO - Started process (PID=1892) to work on /home/airflow/.local/lib/python3.7/site-packages/airflow/example_dags/tutorial_dag.py
[2022-11-28T23:41:22.611+0000] {processor.py:756} INFO - Processing file /home/airflow/.local/lib/python3.7/site-packages/airflow/example_dags/tutorial_dag.py for tasks to queue
[2022-11-28T23:41:22.611+0000] {logging_mixin.py:137} INFO - [2022-11-28T23:41:22.611+0000] {dagbag.py:537} INFO - Filling up the DagBag from /home/airflow/.local/lib/python3.7/site-packages/airflow/example_dags/tutorial_dag.py
[2022-11-28T23:41:22.624+0000] {processor.py:766} INFO - DAG(s) dict_keys(['tutorial_dag']) retrieved from /home/airflow/.local/lib/python3.7/site-packages/airflow/example_dags/tutorial_dag.py
[2022-11-28T23:41:22.663+0000] {logging_mixin.py:137} INFO - [2022-11-28T23:41:22.663+0000] {dag.py:2585} INFO - Sync 1 DAGs
[2022-11-28T23:41:22.690+0000] {logging_mixin.py:137} INFO - [2022-11-28T23:41:22.690+0000] {dag.py:3340} INFO - Setting next_dagrun for tutorial_dag to None, run_after=None
[2022-11-28T23:41:22.713+0000] {processor.py:176} INFO - Processing /home/airflow/.local/lib/python3.7/site-packages/airflow/example_dags/tutorial_dag.py took 0.105 seconds
[2022-11-28T23:41:53.622+0000] {processor.py:154} INFO - Started process (PID=2099) to work on /home/airflow/.local/lib/python3.7/site-packages/airflow/example_dags/tutorial_dag.py
[2022-11-28T23:41:53.623+0000] {processor.py:756} INFO - Processing file /home/airflow/.local/lib/python3.7/site-packages/airflow/example_dags/tutorial_dag.py for tasks to queue
[2022-11-28T23:41:53.623+0000] {logging_mixin.py:137} INFO - [2022-11-28T23:41:53.623+0000] {dagbag.py:537} INFO - Filling up the DagBag from /home/airflow/.local/lib/python3.7/site-packages/airflow/example_dags/tutorial_dag.py
[2022-11-28T23:41:53.635+0000] {processor.py:766} INFO - DAG(s) dict_keys(['tutorial_dag']) retrieved from /home/airflow/.local/lib/python3.7/site-packages/airflow/example_dags/tutorial_dag.py
[2022-11-28T23:41:53.676+0000] {logging_mixin.py:137} INFO - [2022-11-28T23:41:53.676+0000] {dag.py:2585} INFO - Sync 1 DAGs
[2022-11-28T23:41:53.705+0000] {logging_mixin.py:137} INFO - [2022-11-28T23:41:53.705+0000] {dag.py:3340} INFO - Setting next_dagrun for tutorial_dag to None, run_after=None
[2022-11-28T23:41:53.729+0000] {processor.py:176} INFO - Processing /home/airflow/.local/lib/python3.7/site-packages/airflow/example_dags/tutorial_dag.py took 0.109 seconds
[2022-11-28T23:42:24.684+0000] {processor.py:154} INFO - Started process (PID=2297) to work on /home/airflow/.local/lib/python3.7/site-packages/airflow/example_dags/tutorial_dag.py
[2022-11-28T23:42:24.685+0000] {processor.py:756} INFO - Processing file /home/airflow/.local/lib/python3.7/site-packages/airflow/example_dags/tutorial_dag.py for tasks to queue
[2022-11-28T23:42:24.687+0000] {logging_mixin.py:137} INFO - [2022-11-28T23:42:24.686+0000] {dagbag.py:537} INFO - Filling up the DagBag from /home/airflow/.local/lib/python3.7/site-packages/airflow/example_dags/tutorial_dag.py
[2022-11-28T23:42:24.714+0000] {processor.py:766} INFO - DAG(s) dict_keys(['tutorial_dag']) retrieved from /home/airflow/.local/lib/python3.7/site-packages/airflow/example_dags/tutorial_dag.py
[2022-11-28T23:42:24.810+0000] {logging_mixin.py:137} INFO - [2022-11-28T23:42:24.810+0000] {dag.py:2585} INFO - Sync 1 DAGs
[2022-11-28T23:42:24.867+0000] {logging_mixin.py:137} INFO - [2022-11-28T23:42:24.866+0000] {dag.py:3340} INFO - Setting next_dagrun for tutorial_dag to None, run_after=None
[2022-11-28T23:42:24.892+0000] {processor.py:176} INFO - Processing /home/airflow/.local/lib/python3.7/site-packages/airflow/example_dags/tutorial_dag.py took 0.215 seconds
[2022-11-28T23:42:55.068+0000] {processor.py:154} INFO - Started process (PID=2504) to work on /home/airflow/.local/lib/python3.7/site-packages/airflow/example_dags/tutorial_dag.py
[2022-11-28T23:42:55.069+0000] {processor.py:756} INFO - Processing file /home/airflow/.local/lib/python3.7/site-packages/airflow/example_dags/tutorial_dag.py for tasks to queue
[2022-11-28T23:42:55.069+0000] {logging_mixin.py:137} INFO - [2022-11-28T23:42:55.069+0000] {dagbag.py:537} INFO - Filling up the DagBag from /home/airflow/.local/lib/python3.7/site-packages/airflow/example_dags/tutorial_dag.py
[2022-11-28T23:42:55.082+0000] {processor.py:766} INFO - DAG(s) dict_keys(['tutorial_dag']) retrieved from /home/airflow/.local/lib/python3.7/site-packages/airflow/example_dags/tutorial_dag.py
[2022-11-28T23:42:55.122+0000] {logging_mixin.py:137} INFO - [2022-11-28T23:42:55.122+0000] {dag.py:2585} INFO - Sync 1 DAGs
[2022-11-28T23:42:55.150+0000] {logging_mixin.py:137} INFO - [2022-11-28T23:42:55.149+0000] {dag.py:3340} INFO - Setting next_dagrun for tutorial_dag to None, run_after=None
[2022-11-28T23:42:55.174+0000] {processor.py:176} INFO - Processing /home/airflow/.local/lib/python3.7/site-packages/airflow/example_dags/tutorial_dag.py took 0.109 seconds
[2022-11-28T23:43:26.065+0000] {processor.py:154} INFO - Started process (PID=2711) to work on /home/airflow/.local/lib/python3.7/site-packages/airflow/example_dags/tutorial_dag.py
[2022-11-28T23:43:26.068+0000] {processor.py:756} INFO - Processing file /home/airflow/.local/lib/python3.7/site-packages/airflow/example_dags/tutorial_dag.py for tasks to queue
[2022-11-28T23:43:26.068+0000] {logging_mixin.py:137} INFO - [2022-11-28T23:43:26.068+0000] {dagbag.py:537} INFO - Filling up the DagBag from /home/airflow/.local/lib/python3.7/site-packages/airflow/example_dags/tutorial_dag.py
[2022-11-28T23:43:26.080+0000] {processor.py:766} INFO - DAG(s) dict_keys(['tutorial_dag']) retrieved from /home/airflow/.local/lib/python3.7/site-packages/airflow/example_dags/tutorial_dag.py
[2022-11-28T23:43:26.121+0000] {logging_mixin.py:137} INFO - [2022-11-28T23:43:26.121+0000] {dag.py:2585} INFO - Sync 1 DAGs
[2022-11-28T23:43:26.147+0000] {logging_mixin.py:137} INFO - [2022-11-28T23:43:26.147+0000] {dag.py:3340} INFO - Setting next_dagrun for tutorial_dag to None, run_after=None
[2022-11-28T23:43:26.170+0000] {processor.py:176} INFO - Processing /home/airflow/.local/lib/python3.7/site-packages/airflow/example_dags/tutorial_dag.py took 0.107 seconds
[2022-11-28T23:43:56.640+0000] {processor.py:154} INFO - Started process (PID=2909) to work on /home/airflow/.local/lib/python3.7/site-packages/airflow/example_dags/tutorial_dag.py
[2022-11-28T23:43:56.641+0000] {processor.py:756} INFO - Processing file /home/airflow/.local/lib/python3.7/site-packages/airflow/example_dags/tutorial_dag.py for tasks to queue
[2022-11-28T23:43:56.641+0000] {logging_mixin.py:137} INFO - [2022-11-28T23:43:56.641+0000] {dagbag.py:537} INFO - Filling up the DagBag from /home/airflow/.local/lib/python3.7/site-packages/airflow/example_dags/tutorial_dag.py
[2022-11-28T23:43:56.653+0000] {processor.py:766} INFO - DAG(s) dict_keys(['tutorial_dag']) retrieved from /home/airflow/.local/lib/python3.7/site-packages/airflow/example_dags/tutorial_dag.py
[2022-11-28T23:43:56.692+0000] {logging_mixin.py:137} INFO - [2022-11-28T23:43:56.691+0000] {dag.py:2585} INFO - Sync 1 DAGs
[2022-11-28T23:43:56.719+0000] {logging_mixin.py:137} INFO - [2022-11-28T23:43:56.719+0000] {dag.py:3340} INFO - Setting next_dagrun for tutorial_dag to None, run_after=None
[2022-11-28T23:43:56.743+0000] {processor.py:176} INFO - Processing /home/airflow/.local/lib/python3.7/site-packages/airflow/example_dags/tutorial_dag.py took 0.105 seconds
[2022-11-28T23:44:27.323+0000] {processor.py:154} INFO - Started process (PID=3116) to work on /home/airflow/.local/lib/python3.7/site-packages/airflow/example_dags/tutorial_dag.py
[2022-11-28T23:44:27.324+0000] {processor.py:756} INFO - Processing file /home/airflow/.local/lib/python3.7/site-packages/airflow/example_dags/tutorial_dag.py for tasks to queue
[2022-11-28T23:44:27.324+0000] {logging_mixin.py:137} INFO - [2022-11-28T23:44:27.324+0000] {dagbag.py:537} INFO - Filling up the DagBag from /home/airflow/.local/lib/python3.7/site-packages/airflow/example_dags/tutorial_dag.py
[2022-11-28T23:44:27.335+0000] {processor.py:766} INFO - DAG(s) dict_keys(['tutorial_dag']) retrieved from /home/airflow/.local/lib/python3.7/site-packages/airflow/example_dags/tutorial_dag.py
[2022-11-28T23:44:27.370+0000] {logging_mixin.py:137} INFO - [2022-11-28T23:44:27.369+0000] {dag.py:2585} INFO - Sync 1 DAGs
[2022-11-28T23:44:27.399+0000] {logging_mixin.py:137} INFO - [2022-11-28T23:44:27.399+0000] {dag.py:3340} INFO - Setting next_dagrun for tutorial_dag to None, run_after=None
[2022-11-28T23:44:27.422+0000] {processor.py:176} INFO - Processing /home/airflow/.local/lib/python3.7/site-packages/airflow/example_dags/tutorial_dag.py took 0.101 seconds
[2022-11-28T23:44:58.034+0000] {processor.py:154} INFO - Started process (PID=3323) to work on /home/airflow/.local/lib/python3.7/site-packages/airflow/example_dags/tutorial_dag.py
[2022-11-28T23:44:58.034+0000] {processor.py:756} INFO - Processing file /home/airflow/.local/lib/python3.7/site-packages/airflow/example_dags/tutorial_dag.py for tasks to queue
[2022-11-28T23:44:58.035+0000] {logging_mixin.py:137} INFO - [2022-11-28T23:44:58.035+0000] {dagbag.py:537} INFO - Filling up the DagBag from /home/airflow/.local/lib/python3.7/site-packages/airflow/example_dags/tutorial_dag.py
[2022-11-28T23:44:58.046+0000] {processor.py:766} INFO - DAG(s) dict_keys(['tutorial_dag']) retrieved from /home/airflow/.local/lib/python3.7/site-packages/airflow/example_dags/tutorial_dag.py
[2022-11-28T23:44:58.088+0000] {logging_mixin.py:137} INFO - [2022-11-28T23:44:58.088+0000] {dag.py:2585} INFO - Sync 1 DAGs
[2022-11-28T23:44:58.117+0000] {logging_mixin.py:137} INFO - [2022-11-28T23:44:58.117+0000] {dag.py:3340} INFO - Setting next_dagrun for tutorial_dag to None, run_after=None
[2022-11-28T23:44:58.144+0000] {processor.py:176} INFO - Processing /home/airflow/.local/lib/python3.7/site-packages/airflow/example_dags/tutorial_dag.py took 0.112 seconds
[2022-11-28T23:45:28.864+0000] {processor.py:154} INFO - Started process (PID=3523) to work on /home/airflow/.local/lib/python3.7/site-packages/airflow/example_dags/tutorial_dag.py
[2022-11-28T23:45:28.867+0000] {processor.py:756} INFO - Processing file /home/airflow/.local/lib/python3.7/site-packages/airflow/example_dags/tutorial_dag.py for tasks to queue
[2022-11-28T23:45:28.868+0000] {logging_mixin.py:137} INFO - [2022-11-28T23:45:28.868+0000] {dagbag.py:537} INFO - Filling up the DagBag from /home/airflow/.local/lib/python3.7/site-packages/airflow/example_dags/tutorial_dag.py
[2022-11-28T23:45:28.883+0000] {processor.py:766} INFO - DAG(s) dict_keys(['tutorial_dag']) retrieved from /home/airflow/.local/lib/python3.7/site-packages/airflow/example_dags/tutorial_dag.py
[2022-11-28T23:45:28.920+0000] {logging_mixin.py:137} INFO - [2022-11-28T23:45:28.920+0000] {dag.py:2585} INFO - Sync 1 DAGs
[2022-11-28T23:45:28.946+0000] {logging_mixin.py:137} INFO - [2022-11-28T23:45:28.946+0000] {dag.py:3340} INFO - Setting next_dagrun for tutorial_dag to None, run_after=None
[2022-11-28T23:45:28.966+0000] {processor.py:176} INFO - Processing /home/airflow/.local/lib/python3.7/site-packages/airflow/example_dags/tutorial_dag.py took 0.105 seconds
